[0.063s] Invoking command in '/home/asureshkumar/catkin_ws/build/rrbot_description': CMAKE_PREFIX_PATH=${CMAKE_PREFIX_PATH}:/opt/ros/humble:/home/asureshkumar/catkin_ws/install/py_srvcli:/home/asureshkumar/catkin_ws/install/FK /usr/bin/cmake --build /home/asureshkumar/catkin_ws/build/rrbot_description -- -j8 -l8
[0.485s] Invoked command in '/home/asureshkumar/catkin_ws/build/rrbot_description' returned '0': CMAKE_PREFIX_PATH=${CMAKE_PREFIX_PATH}:/opt/ros/humble:/home/asureshkumar/catkin_ws/install/py_srvcli:/home/asureshkumar/catkin_ws/install/FK /usr/bin/cmake --build /home/asureshkumar/catkin_ws/build/rrbot_description -- -j8 -l8
[0.986s] Invoking command in '/home/asureshkumar/catkin_ws/build/rrbot_description': CMAKE_PREFIX_PATH=${CMAKE_PREFIX_PATH}:/opt/ros/humble:/home/asureshkumar/catkin_ws/install/py_srvcli:/home/asureshkumar/catkin_ws/install/FK /usr/bin/cmake --install /home/asureshkumar/catkin_ws/build/rrbot_description
[0.999s] -- Install configuration: ""
[0.999s] -- Up-to-date: /home/asureshkumar/catkin_ws/install/rrbot_description/share/rrbot_description/config
[1.000s] -- Up-to-date: /home/asureshkumar/catkin_ws/install/rrbot_description/share/rrbot_description/config/rrbot.rviz
[1.000s] -- Up-to-date: /home/asureshkumar/catkin_ws/install/rrbot_description/share/rrbot_description/gazebo
[1.000s] -- Up-to-date: /home/asureshkumar/catkin_ws/install/rrbot_description/share/rrbot_description/gazebo/rrbot.materials.xacro
[1.000s] -- Up-to-date: /home/asureshkumar/catkin_ws/install/rrbot_description/share/rrbot_description/gazebo/rrbot.gazebo.xacro
[1.000s] -- Up-to-date: /home/asureshkumar/catkin_ws/install/rrbot_description/share/rrbot_description/meshes
[1.001s] -- Up-to-date: /home/asureshkumar/catkin_ws/install/rrbot_description/share/rrbot_description/meshes/hokuyo.dae
[1.001s] -- Up-to-date: /home/asureshkumar/catkin_ws/install/rrbot_description/share/rrbot_description/launch
[1.001s] -- Up-to-date: /home/asureshkumar/catkin_ws/install/rrbot_description/share/rrbot_description/launch/view_robot.launch.py
[1.001s] -- Up-to-date: /home/asureshkumar/catkin_ws/install/rrbot_description/share/rrbot_description/ros2_control
[1.001s] -- Up-to-date: /home/asureshkumar/catkin_ws/install/rrbot_description/share/rrbot_description/ros2_control/rrbot.ros2_control.xacro
[1.001s] -- Up-to-date: /home/asureshkumar/catkin_ws/install/rrbot_description/share/rrbot_description/urdf
[1.002s] -- Up-to-date: /home/asureshkumar/catkin_ws/install/rrbot_description/share/rrbot_description/urdf/rrbot_description.urdf.xacro
[1.002s] -- Up-to-date: /home/asureshkumar/catkin_ws/install/rrbot_description/share/rrbot_description/urdf/rrbot.urdf.xacro
[1.002s] -- Up-to-date: /home/asureshkumar/catkin_ws/install/rrbot_description/share/rrbot_description/environment/rrbot_description.dsv
[1.002s] -- Up-to-date: /home/asureshkumar/catkin_ws/install/rrbot_description/share/ament_index/resource_index/package_run_dependencies/rrbot_description
[1.002s] -- Up-to-date: /home/asureshkumar/catkin_ws/install/rrbot_description/share/ament_index/resource_index/parent_prefix_path/rrbot_description
[1.003s] -- Up-to-date: /home/asureshkumar/catkin_ws/install/rrbot_description/share/rrbot_description/environment/ament_prefix_path.sh
[1.003s] -- Up-to-date: /home/asureshkumar/catkin_ws/install/rrbot_description/share/rrbot_description/environment/ament_prefix_path.dsv
[1.004s] -- Up-to-date: /home/asureshkumar/catkin_ws/install/rrbot_description/share/rrbot_description/environment/path.sh
[1.004s] -- Up-to-date: /home/asureshkumar/catkin_ws/install/rrbot_description/share/rrbot_description/environment/path.dsv
[1.006s] -- Up-to-date: /home/asureshkumar/catkin_ws/install/rrbot_description/share/rrbot_description/local_setup.bash
[1.006s] -- Up-to-date: /home/asureshkumar/catkin_ws/install/rrbot_description/share/rrbot_description/local_setup.sh
[1.007s] -- Up-to-date: /home/asureshkumar/catkin_ws/install/rrbot_description/share/rrbot_description/local_setup.zsh
[1.012s] -- Up-to-date: /home/asureshkumar/catkin_ws/install/rrbot_description/share/rrbot_description/local_setup.dsv
[1.012s] -- Installing: /home/asureshkumar/catkin_ws/install/rrbot_description/share/rrbot_description/package.dsv
[1.013s] -- Up-to-date: /home/asureshkumar/catkin_ws/install/rrbot_description/share/ament_index/resource_index/packages/rrbot_description
[1.013s] -- Up-to-date: /home/asureshkumar/catkin_ws/install/rrbot_description/share/rrbot_description/cmake/rrbot_descriptionConfig.cmake
[1.014s] -- Up-to-date: /home/asureshkumar/catkin_ws/install/rrbot_description/share/rrbot_description/cmake/rrbot_descriptionConfig-version.cmake
[1.014s] -- Up-to-date: /home/asureshkumar/catkin_ws/install/rrbot_description/share/rrbot_description/package.xml
[1.015s] Invoked command in '/home/asureshkumar/catkin_ws/build/rrbot_description' returned '0': CMAKE_PREFIX_PATH=${CMAKE_PREFIX_PATH}:/opt/ros/humble:/home/asureshkumar/catkin_ws/install/py_srvcli:/home/asureshkumar/catkin_ws/install/FK /usr/bin/cmake --install /home/asureshkumar/catkin_ws/build/rrbot_description
