[1.620s] Invoking command in '/home/asureshkumar/catkin_ws/src/Foundation_Project/py_srvcli': PYTHONPATH=/home/asureshkumar/catkin_ws/build/py_srvcli/prefix_override:/home/asureshkumar/catkin_ws/install/py_srvcli/lib/python3.10/site-packages:${PYTHONPATH} /usr/bin/python3 setup.py egg_info --egg-base ../../../build/py_srvcli build --build-base /home/asureshkumar/catkin_ws/build/py_srvcli/build install --record /home/asureshkumar/catkin_ws/build/py_srvcli/install.log --single-version-externally-managed
[2.011s] running egg_info
[2.013s] writing ../../../build/py_srvcli/py_srvcli.egg-info/PKG-INFO
[2.013s] writing dependency_links to ../../../build/py_srvcli/py_srvcli.egg-info/dependency_links.txt
[2.014s] writing entry points to ../../../build/py_srvcli/py_srvcli.egg-info/entry_points.txt
[2.014s] writing requirements to ../../../build/py_srvcli/py_srvcli.egg-info/requires.txt
[2.014s] writing top-level names to ../../../build/py_srvcli/py_srvcli.egg-info/top_level.txt
[2.017s] reading manifest file '../../../build/py_srvcli/py_srvcli.egg-info/SOURCES.txt'
[2.019s] writing manifest file '../../../build/py_srvcli/py_srvcli.egg-info/SOURCES.txt'
[2.019s] running build
[2.019s] running build_py
[2.019s] copying py_srvcli/control_bitch.py -> /home/asureshkumar/catkin_ws/build/py_srvcli/build/lib/py_srvcli
[2.020s] running install
[2.020s] /usr/lib/python3/dist-packages/setuptools/command/install.py:34: SetuptoolsDeprecationWarning: setup.py install is deprecated. Use build and pip and other standards-based tools.
[2.021s]   warnings.warn(
[2.021s] running install_lib
[2.022s] copying /home/asureshkumar/catkin_ws/build/py_srvcli/build/lib/py_srvcli/control_bitch.py -> /home/asureshkumar/catkin_ws/install/py_srvcli/lib/python3.10/site-packages/py_srvcli
[2.024s] byte-compiling /home/asureshkumar/catkin_ws/install/py_srvcli/lib/python3.10/site-packages/py_srvcli/control_bitch.py to control_bitch.cpython-310.pyc
[2.026s] byte-compiling /home/asureshkumar/catkin_ws/install/py_srvcli/lib/python3.10/site-packages/py_srvcli/velocity_controller copy.py to velocity_controller copy.cpython-310.pyc
[2.027s] Sorry: TabError: inconsistent use of tabs and spaces in indentation (velocity_controller copy.py, line 50)
[2.027s] running install_data
[2.028s] running install_egg_info
[2.030s] removing '/home/asureshkumar/catkin_ws/install/py_srvcli/lib/python3.10/site-packages/py_srvcli-0.0.0-py3.10.egg-info' (and everything under it)
[2.031s] Copying ../../../build/py_srvcli/py_srvcli.egg-info to /home/asureshkumar/catkin_ws/install/py_srvcli/lib/python3.10/site-packages/py_srvcli-0.0.0-py3.10.egg-info
[2.032s] running install_scripts
[2.066s] Installing control script to /home/asureshkumar/catkin_ws/install/py_srvcli/lib/py_srvcli
[2.066s] Installing listener script to /home/asureshkumar/catkin_ws/install/py_srvcli/lib/py_srvcli
[2.066s] Installing service script to /home/asureshkumar/catkin_ws/install/py_srvcli/lib/py_srvcli
[2.066s] Installing vel script to /home/asureshkumar/catkin_ws/install/py_srvcli/lib/py_srvcli
[2.067s] writing list of installed files to '/home/asureshkumar/catkin_ws/build/py_srvcli/install.log'
[2.130s] Invoked command in '/home/asureshkumar/catkin_ws/src/Foundation_Project/py_srvcli' returned '0': PYTHONPATH=/home/asureshkumar/catkin_ws/build/py_srvcli/prefix_override:/home/asureshkumar/catkin_ws/install/py_srvcli/lib/python3.10/site-packages:${PYTHONPATH} /usr/bin/python3 setup.py egg_info --egg-base ../../../build/py_srvcli build --build-base /home/asureshkumar/catkin_ws/build/py_srvcli/build install --record /home/asureshkumar/catkin_ws/build/py_srvcli/install.log --single-version-externally-managed
