[0.626s] Invoking command in '/home/aadesh/catkin_ws/src/Foundation_Project/py_srvcli': PYTHONPATH=/home/aadesh/catkin_ws/install/py_srvcli/lib/python3.10/site-packages:${PYTHONPATH} /usr/bin/python3 setup.py egg_info --egg-base ../../../build/py_srvcli build --build-base /home/aadesh/catkin_ws/build/py_srvcli/build install --prefix /home/aadesh/catkin_ws/install/py_srvcli --record /home/aadesh/catkin_ws/build/py_srvcli/install.log --single-version-externally-managed
[0.867s] running egg_info
[0.868s] writing ../../../build/py_srvcli/py_srvcli.egg-info/PKG-INFO
[0.868s] writing dependency_links to ../../../build/py_srvcli/py_srvcli.egg-info/dependency_links.txt
[0.868s] writing entry points to ../../../build/py_srvcli/py_srvcli.egg-info/entry_points.txt
[0.868s] writing requirements to ../../../build/py_srvcli/py_srvcli.egg-info/requires.txt
[0.868s] writing top-level names to ../../../build/py_srvcli/py_srvcli.egg-info/top_level.txt
[0.870s] reading manifest file '../../../build/py_srvcli/py_srvcli.egg-info/SOURCES.txt'
[0.871s] writing manifest file '../../../build/py_srvcli/py_srvcli.egg-info/SOURCES.txt'
[0.871s] running build
[0.871s] running build_py
[0.871s] running install
[0.871s] /usr/lib/python3/dist-packages/setuptools/command/install.py:34: SetuptoolsDeprecationWarning: setup.py install is deprecated. Use build and pip and other standards-based tools.
[0.872s]   warnings.warn(
[0.872s] running install_lib
[0.873s] byte-compiling /home/aadesh/catkin_ws/install/py_srvcli/lib/python3.10/site-packages/py_srvcli/velocity_controller copy.py to velocity_controller copy.cpython-310.pyc
[0.873s] Sorry: TabError: inconsistent use of tabs and spaces in indentation (velocity_controller copy.py, line 50)
[0.873s] running install_data
[0.874s] running install_egg_info
[0.875s] removing '/home/aadesh/catkin_ws/install/py_srvcli/lib/python3.10/site-packages/py_srvcli-0.0.0-py3.10.egg-info' (and everything under it)
[0.875s] Copying ../../../build/py_srvcli/py_srvcli.egg-info to /home/aadesh/catkin_ws/install/py_srvcli/lib/python3.10/site-packages/py_srvcli-0.0.0-py3.10.egg-info
[0.876s] running install_scripts
[0.897s] Installing control script to /home/aadesh/catkin_ws/install/py_srvcli/lib/py_srvcli
[0.897s] Installing listener script to /home/aadesh/catkin_ws/install/py_srvcli/lib/py_srvcli
[0.897s] Installing service script to /home/aadesh/catkin_ws/install/py_srvcli/lib/py_srvcli
[0.897s] Installing vel script to /home/aadesh/catkin_ws/install/py_srvcli/lib/py_srvcli
[0.897s] writing list of installed files to '/home/aadesh/catkin_ws/build/py_srvcli/install.log'
[0.923s] Invoked command in '/home/aadesh/catkin_ws/src/Foundation_Project/py_srvcli' returned '0': PYTHONPATH=/home/aadesh/catkin_ws/install/py_srvcli/lib/python3.10/site-packages:${PYTHONPATH} /usr/bin/python3 setup.py egg_info --egg-base ../../../build/py_srvcli build --build-base /home/aadesh/catkin_ws/build/py_srvcli/build install --prefix /home/aadesh/catkin_ws/install/py_srvcli --record /home/aadesh/catkin_ws/build/py_srvcli/install.log --single-version-externally-managed
