[0.314s] Invoking command in '/home/asureshkumar/catkin_ws/build/ikinterface': CMAKE_PREFIX_PATH=/opt/ros/humble /usr/bin/cmake /home/asureshkumar/catkin_ws/src/Foundation_Project/ikinterface -DCMAKE_INSTALL_PREFIX=/home/asureshkumar/catkin_ws/install/ikinterface
[0.336s] -- Found ament_cmake: 1.3.3 (/opt/ros/humble/share/ament_cmake/cmake)
[0.530s] -- Found Python3: /usr/bin/python3.10 (found version "3.10.6") found components: Interpreter 
[0.630s] -- Found rosidl_default_generators: 1.2.0 (/opt/ros/humble/share/rosidl_default_generators/cmake)
[0.635s] -- Using all available rosidl_typesupport_c: rosidl_typesupport_fastrtps_c;rosidl_typesupport_introspection_c
[0.644s] -- Found rosidl_adapter: 3.1.4 (/opt/ros/humble/share/rosidl_adapter/cmake)
[0.732s] -- Using all available rosidl_typesupport_cpp: rosidl_typesupport_fastrtps_cpp;rosidl_typesupport_introspection_cpp
[1.097s] -- Found ament_cmake_ros: 0.10.0 (/opt/ros/humble/share/ament_cmake_ros/cmake)
[1.330s] -- Using all available rosidl_typesupport_c: rosidl_typesupport_fastrtps_c;rosidl_typesupport_introspection_c
[1.635s] -- Using all available rosidl_typesupport_cpp: rosidl_typesupport_fastrtps_cpp;rosidl_typesupport_introspection_cpp
[1.662s] -- Found PythonInterp: /usr/bin/python3 (found suitable version "3.10.6", minimum required is "3.6") 
[1.663s] -- Found python_cmake_module: 0.10.0 (/opt/ros/humble/share/python_cmake_module/cmake)
[1.694s] -- Found PythonLibs: /usr/lib/x86_64-linux-gnu/libpython3.10.so (found suitable version "3.10.6", minimum required is "3.5") 
[1.694s] -- Using PYTHON_EXECUTABLE: /usr/bin/python3
[1.694s] -- Using PYTHON_INCLUDE_DIRS: /usr/include/python3.10
[1.694s] -- Using PYTHON_LIBRARIES: /usr/lib/x86_64-linux-gnu/libpython3.10.so
[1.718s] -- Found PythonExtra: .so  
[1.756s] -- Found ament_lint_auto: 0.12.4 (/opt/ros/humble/share/ament_lint_auto/cmake)
[1.782s] -- Added test 'lint_cmake' to check CMake code style
[1.783s] -- Added test 'xmllint' to check XML markup files
[1.786s] -- Configuring done
[1.821s] -- Generating done
[1.823s] -- Build files have been written to: /home/asureshkumar/catkin_ws/build/ikinterface
[1.830s] Invoked command in '/home/asureshkumar/catkin_ws/build/ikinterface' returned '0': CMAKE_PREFIX_PATH=/opt/ros/humble /usr/bin/cmake /home/asureshkumar/catkin_ws/src/Foundation_Project/ikinterface -DCMAKE_INSTALL_PREFIX=/home/asureshkumar/catkin_ws/install/ikinterface
[1.831s] Invoking command in '/home/asureshkumar/catkin_ws/build/ikinterface': CMAKE_PREFIX_PATH=/opt/ros/humble /usr/bin/cmake --build /home/asureshkumar/catkin_ws/build/ikinterface -- -j8 -l8
[1.877s] [  3%] [34m[1mGenerating C code for ROS interfaces[0m
[1.888s] [  6%] [34m[1mGenerating C++ code for ROS interfaces[0m
[1.898s] [  6%] Built target ament_cmake_python_copy_ikinterface
[2.202s] running egg_info
[2.203s] creating ikinterface.egg-info
[2.204s] writing ikinterface.egg-info/PKG-INFO
[2.204s] writing dependency_links to ikinterface.egg-info/dependency_links.txt
[2.204s] writing top-level names to ikinterface.egg-info/top_level.txt
[2.205s] writing manifest file 'ikinterface.egg-info/SOURCES.txt'
[2.209s] reading manifest file 'ikinterface.egg-info/SOURCES.txt'
[2.210s] writing manifest file 'ikinterface.egg-info/SOURCES.txt'
[2.240s] [  9%] [32mBuilding C object CMakeFiles/ikinterface__rosidl_generator_c.dir/rosidl_generator_c/ikinterface/srv/detail/ref__functions.c.o[0m
[2.248s] [  9%] Built target ament_cmake_python_build_ikinterface_egg
[2.271s] [  9%] Built target ikinterface__cpp
[2.283s] [ 16%] [34m[1mGenerating C++ introspection for ROS interfaces[0m
[2.283s] [ 16%] [34m[1mGenerating C++ type support dispatch for ROS interfaces[0m
[2.286s] [ 19%] [34m[1mGenerating C++ type support for eProsima Fast-RTPS[0m
[2.320s] [ 22%] [32m[1mLinking C shared library libikinterface__rosidl_generator_c.so[0m
[2.363s] [ 22%] Built target ikinterface__rosidl_generator_c
[2.376s] [ 25%] [34m[1mGenerating C type support dispatch for ROS interfaces[0m
[2.378s] [ 32%] [34m[1mGenerating C introspection for ROS interfaces[0m
[2.378s] [ 32%] [34m[1mGenerating C type support for eProsima Fast-RTPS[0m
[2.655s] [ 35%] [32mBuilding CXX object CMakeFiles/ikinterface__rosidl_typesupport_c.dir/rosidl_typesupport_c/ikinterface/srv/ref__type_support.cpp.o[0m
[2.701s] [ 38%] [32m[1mLinking CXX shared library libikinterface__rosidl_typesupport_c.so[0m
[2.706s] [ 41%] [32mBuilding CXX object CMakeFiles/ikinterface__rosidl_typesupport_cpp.dir/rosidl_typesupport_cpp/ikinterface/srv/ref__type_support.cpp.o[0m
[2.751s] [ 45%] [32mBuilding CXX object CMakeFiles/ikinterface__rosidl_typesupport_introspection_cpp.dir/rosidl_typesupport_introspection_cpp/ikinterface/srv/detail/ref__type_support.cpp.o[0m
[2.771s] [ 45%] Built target ikinterface__rosidl_typesupport_c
[2.791s] [ 48%] [32mBuilding CXX object CMakeFiles/ikinterface__rosidl_typesupport_fastrtps_cpp.dir/rosidl_typesupport_fastrtps_cpp/ikinterface/srv/detail/dds_fastrtps/ref__type_support.cpp.o[0m
[2.887s] [ 51%] [32mBuilding C object CMakeFiles/ikinterface__rosidl_typesupport_introspection_c.dir/rosidl_typesupport_introspection_c/ikinterface/srv/detail/ref__type_support.c.o[0m
[2.923s] [ 54%] [32mBuilding CXX object CMakeFiles/ikinterface__rosidl_typesupport_fastrtps_c.dir/rosidl_typesupport_fastrtps_c/ikinterface/srv/detail/ref__type_support_c.cpp.o[0m
[2.950s] [ 58%] [32m[1mLinking C shared library libikinterface__rosidl_typesupport_introspection_c.so[0m
[3.000s] [ 58%] Built target ikinterface__rosidl_typesupport_introspection_c
[3.243s] [ 61%] [32m[1mLinking CXX shared library libikinterface__rosidl_typesupport_cpp.so[0m
[3.311s] [ 61%] Built target ikinterface__rosidl_typesupport_cpp
[3.331s] [ 64%] [32m[1mLinking CXX shared library libikinterface__rosidl_typesupport_fastrtps_cpp.so[0m
[3.354s] [ 67%] [32m[1mLinking CXX shared library libikinterface__rosidl_typesupport_fastrtps_c.so[0m
[3.436s] [ 67%] Built target ikinterface__rosidl_typesupport_fastrtps_cpp
[3.462s] [ 67%] Built target ikinterface__rosidl_typesupport_fastrtps_c
[3.499s] [ 70%] [32m[1mLinking CXX shared library libikinterface__rosidl_typesupport_introspection_cpp.so[0m
[3.550s] [ 70%] Built target ikinterface__rosidl_typesupport_introspection_cpp
[3.574s] [ 70%] Built target ikinterface
[3.597s] [ 74%] [34m[1mGenerating Python code for ROS interfaces[0m
[4.057s] [ 74%] Built target ikinterface__py
[4.081s] [ 77%] [32mBuilding C object CMakeFiles/ikinterface__rosidl_generator_py.dir/rosidl_generator_py/ikinterface/srv/_ref_s.c.o[0m
[4.229s] [ 80%] [32m[1mLinking C shared library rosidl_generator_py/ikinterface/libikinterface__rosidl_generator_py.so[0m
[4.277s] [ 80%] Built target ikinterface__rosidl_generator_py
[4.300s] [ 83%] [32mBuilding C object CMakeFiles/ikinterface__rosidl_typesupport_c__pyext.dir/rosidl_generator_py/ikinterface/_ikinterface_s.ep.rosidl_typesupport_c.c.o[0m
[4.301s] [ 87%] [32mBuilding C object CMakeFiles/ikinterface__rosidl_typesupport_introspection_c__pyext.dir/rosidl_generator_py/ikinterface/_ikinterface_s.ep.rosidl_typesupport_introspection_c.c.o[0m
[4.309s] [ 90%] [32mBuilding C object CMakeFiles/ikinterface__rosidl_typesupport_fastrtps_c__pyext.dir/rosidl_generator_py/ikinterface/_ikinterface_s.ep.rosidl_typesupport_fastrtps_c.c.o[0m
[4.420s] [ 93%] [32m[1mLinking C shared library rosidl_generator_py/ikinterface/ikinterface_s__rosidl_typesupport_c.cpython-310-x86_64-linux-gnu.so[0m
[4.421s] [ 96%] [32m[1mLinking C shared library rosidl_generator_py/ikinterface/ikinterface_s__rosidl_typesupport_introspection_c.cpython-310-x86_64-linux-gnu.so[0m
[4.462s] [ 96%] Built target ikinterface__rosidl_typesupport_c__pyext
[4.465s] [ 96%] Built target ikinterface__rosidl_typesupport_introspection_c__pyext
[4.500s] [100%] [32m[1mLinking C shared library rosidl_generator_py/ikinterface/ikinterface_s__rosidl_typesupport_fastrtps_c.cpython-310-x86_64-linux-gnu.so[0m
[4.541s] [100%] Built target ikinterface__rosidl_typesupport_fastrtps_c__pyext
[4.555s] Invoked command in '/home/asureshkumar/catkin_ws/build/ikinterface' returned '0': CMAKE_PREFIX_PATH=/opt/ros/humble /usr/bin/cmake --build /home/asureshkumar/catkin_ws/build/ikinterface -- -j8 -l8
[4.629s] Invoking command in '/home/asureshkumar/catkin_ws/build/ikinterface': CMAKE_PREFIX_PATH=/opt/ros/humble /usr/bin/cmake --install /home/asureshkumar/catkin_ws/build/ikinterface
[4.639s] -- Install configuration: ""
[4.639s] -- Installing: /home/asureshkumar/catkin_ws/install/ikinterface/share/ament_index/resource_index/rosidl_interfaces/ikinterface
[4.639s] -- Installing: /home/asureshkumar/catkin_ws/install/ikinterface/include/ikinterface/ikinterface
[4.639s] -- Installing: /home/asureshkumar/catkin_ws/install/ikinterface/include/ikinterface/ikinterface/srv
[4.640s] -- Installing: /home/asureshkumar/catkin_ws/install/ikinterface/include/ikinterface/ikinterface/srv/detail
[4.640s] -- Installing: /home/asureshkumar/catkin_ws/install/ikinterface/include/ikinterface/ikinterface/srv/detail/ref__struct.h
[4.640s] -- Installing: /home/asureshkumar/catkin_ws/install/ikinterface/include/ikinterface/ikinterface/srv/detail/ref__functions.h
[4.640s] -- Installing: /home/asureshkumar/catkin_ws/install/ikinterface/include/ikinterface/ikinterface/srv/detail/ref__type_support.h
[4.640s] -- Installing: /home/asureshkumar/catkin_ws/install/ikinterface/include/ikinterface/ikinterface/srv/detail/ref__functions.c
[4.641s] -- Installing: /home/asureshkumar/catkin_ws/install/ikinterface/include/ikinterface/ikinterface/srv/ref.h
[4.641s] -- Installing: /home/asureshkumar/catkin_ws/install/ikinterface/include/ikinterface/ikinterface/msg
[4.641s] -- Installing: /home/asureshkumar/catkin_ws/install/ikinterface/include/ikinterface/ikinterface/msg/rosidl_generator_c__visibility_control.h
[4.641s] -- Installing: /home/asureshkumar/catkin_ws/install/ikinterface/share/ikinterface/environment/library_path.sh
[4.641s] -- Installing: /home/asureshkumar/catkin_ws/install/ikinterface/share/ikinterface/environment/library_path.dsv
[4.641s] -- Installing: /home/asureshkumar/catkin_ws/install/ikinterface/lib/libikinterface__rosidl_generator_c.so
[4.642s] -- Set runtime path of "/home/asureshkumar/catkin_ws/install/ikinterface/lib/libikinterface__rosidl_generator_c.so" to ""
[4.642s] -- Up-to-date: /home/asureshkumar/catkin_ws/install/ikinterface/include/ikinterface/ikinterface
[4.642s] -- Up-to-date: /home/asureshkumar/catkin_ws/install/ikinterface/include/ikinterface/ikinterface/srv
[4.642s] -- Up-to-date: /home/asureshkumar/catkin_ws/install/ikinterface/include/ikinterface/ikinterface/srv/detail
[4.642s] -- Installing: /home/asureshkumar/catkin_ws/install/ikinterface/include/ikinterface/ikinterface/srv/detail/ref__rosidl_typesupport_fastrtps_c.h
[4.642s] -- Up-to-date: /home/asureshkumar/catkin_ws/install/ikinterface/include/ikinterface/ikinterface/msg
[4.642s] -- Installing: /home/asureshkumar/catkin_ws/install/ikinterface/include/ikinterface/ikinterface/msg/rosidl_typesupport_fastrtps_c__visibility_control.h
[4.643s] -- Installing: /home/asureshkumar/catkin_ws/install/ikinterface/lib/libikinterface__rosidl_typesupport_fastrtps_c.so
[4.643s] -- Set runtime path of "/home/asureshkumar/catkin_ws/install/ikinterface/lib/libikinterface__rosidl_typesupport_fastrtps_c.so" to ""
[4.643s] -- Up-to-date: /home/asureshkumar/catkin_ws/install/ikinterface/include/ikinterface/ikinterface
[4.643s] -- Up-to-date: /home/asureshkumar/catkin_ws/install/ikinterface/include/ikinterface/ikinterface/srv
[4.643s] -- Up-to-date: /home/asureshkumar/catkin_ws/install/ikinterface/include/ikinterface/ikinterface/srv/detail
[4.643s] -- Installing: /home/asureshkumar/catkin_ws/install/ikinterface/include/ikinterface/ikinterface/srv/detail/ref__type_support.c
[4.644s] -- Installing: /home/asureshkumar/catkin_ws/install/ikinterface/include/ikinterface/ikinterface/srv/detail/ref__rosidl_typesupport_introspection_c.h
[4.644s] -- Up-to-date: /home/asureshkumar/catkin_ws/install/ikinterface/include/ikinterface/ikinterface/msg
[4.644s] -- Installing: /home/asureshkumar/catkin_ws/install/ikinterface/include/ikinterface/ikinterface/msg/rosidl_typesupport_introspection_c__visibility_control.h
[4.644s] -- Installing: /home/asureshkumar/catkin_ws/install/ikinterface/lib/libikinterface__rosidl_typesupport_introspection_c.so
[4.644s] -- Set runtime path of "/home/asureshkumar/catkin_ws/install/ikinterface/lib/libikinterface__rosidl_typesupport_introspection_c.so" to ""
[4.645s] -- Installing: /home/asureshkumar/catkin_ws/install/ikinterface/lib/libikinterface__rosidl_typesupport_c.so
[4.645s] -- Set runtime path of "/home/asureshkumar/catkin_ws/install/ikinterface/lib/libikinterface__rosidl_typesupport_c.so" to ""
[4.645s] -- Up-to-date: /home/asureshkumar/catkin_ws/install/ikinterface/include/ikinterface/ikinterface
[4.645s] -- Up-to-date: /home/asureshkumar/catkin_ws/install/ikinterface/include/ikinterface/ikinterface/srv
[4.645s] -- Up-to-date: /home/asureshkumar/catkin_ws/install/ikinterface/include/ikinterface/ikinterface/srv/detail
[4.645s] -- Installing: /home/asureshkumar/catkin_ws/install/ikinterface/include/ikinterface/ikinterface/srv/detail/ref__traits.hpp
[4.646s] -- Installing: /home/asureshkumar/catkin_ws/install/ikinterface/include/ikinterface/ikinterface/srv/detail/ref__struct.hpp
[4.646s] -- Installing: /home/asureshkumar/catkin_ws/install/ikinterface/include/ikinterface/ikinterface/srv/detail/ref__builder.hpp
[4.646s] -- Installing: /home/asureshkumar/catkin_ws/install/ikinterface/include/ikinterface/ikinterface/srv/ref.hpp
[4.646s] -- Up-to-date: /home/asureshkumar/catkin_ws/install/ikinterface/include/ikinterface/ikinterface
[4.646s] -- Up-to-date: /home/asureshkumar/catkin_ws/install/ikinterface/include/ikinterface/ikinterface/srv
[4.646s] -- Up-to-date: /home/asureshkumar/catkin_ws/install/ikinterface/include/ikinterface/ikinterface/srv/detail
[4.647s] -- Installing: /home/asureshkumar/catkin_ws/install/ikinterface/include/ikinterface/ikinterface/srv/detail/ref__rosidl_typesupport_fastrtps_cpp.hpp
[4.647s] -- Installing: /home/asureshkumar/catkin_ws/install/ikinterface/include/ikinterface/ikinterface/srv/detail/dds_fastrtps
[4.647s] -- Up-to-date: /home/asureshkumar/catkin_ws/install/ikinterface/include/ikinterface/ikinterface/msg
[4.647s] -- Installing: /home/asureshkumar/catkin_ws/install/ikinterface/include/ikinterface/ikinterface/msg/rosidl_typesupport_fastrtps_cpp__visibility_control.h
[4.647s] -- Installing: /home/asureshkumar/catkin_ws/install/ikinterface/lib/libikinterface__rosidl_typesupport_fastrtps_cpp.so
[4.647s] -- Set runtime path of "/home/asureshkumar/catkin_ws/install/ikinterface/lib/libikinterface__rosidl_typesupport_fastrtps_cpp.so" to ""
[4.647s] -- Up-to-date: /home/asureshkumar/catkin_ws/install/ikinterface/include/ikinterface/ikinterface
[4.648s] -- Up-to-date: /home/asureshkumar/catkin_ws/install/ikinterface/include/ikinterface/ikinterface/srv
[4.648s] -- Up-to-date: /home/asureshkumar/catkin_ws/install/ikinterface/include/ikinterface/ikinterface/srv/detail
[4.648s] -- Installing: /home/asureshkumar/catkin_ws/install/ikinterface/include/ikinterface/ikinterface/srv/detail/ref__type_support.cpp
[4.648s] -- Installing: /home/asureshkumar/catkin_ws/install/ikinterface/include/ikinterface/ikinterface/srv/detail/ref__rosidl_typesupport_introspection_cpp.hpp
[4.648s] -- Installing: /home/asureshkumar/catkin_ws/install/ikinterface/lib/libikinterface__rosidl_typesupport_introspection_cpp.so
[4.649s] -- Set runtime path of "/home/asureshkumar/catkin_ws/install/ikinterface/lib/libikinterface__rosidl_typesupport_introspection_cpp.so" to ""
[4.649s] -- Installing: /home/asureshkumar/catkin_ws/install/ikinterface/lib/libikinterface__rosidl_typesupport_cpp.so
[4.649s] -- Set runtime path of "/home/asureshkumar/catkin_ws/install/ikinterface/lib/libikinterface__rosidl_typesupport_cpp.so" to ""
[4.649s] -- Installing: /home/asureshkumar/catkin_ws/install/ikinterface/share/ikinterface/environment/pythonpath.sh
[4.649s] -- Installing: /home/asureshkumar/catkin_ws/install/ikinterface/share/ikinterface/environment/pythonpath.dsv
[4.649s] -- Installing: /home/asureshkumar/catkin_ws/install/ikinterface/local/lib/python3.10/dist-packages/ikinterface-0.0.0-py3.10.egg-info
[4.650s] -- Installing: /home/asureshkumar/catkin_ws/install/ikinterface/local/lib/python3.10/dist-packages/ikinterface-0.0.0-py3.10.egg-info/top_level.txt
[4.650s] -- Installing: /home/asureshkumar/catkin_ws/install/ikinterface/local/lib/python3.10/dist-packages/ikinterface-0.0.0-py3.10.egg-info/SOURCES.txt
[4.650s] -- Installing: /home/asureshkumar/catkin_ws/install/ikinterface/local/lib/python3.10/dist-packages/ikinterface-0.0.0-py3.10.egg-info/PKG-INFO
[4.650s] -- Installing: /home/asureshkumar/catkin_ws/install/ikinterface/local/lib/python3.10/dist-packages/ikinterface-0.0.0-py3.10.egg-info/dependency_links.txt
[4.650s] -- Installing: /home/asureshkumar/catkin_ws/install/ikinterface/local/lib/python3.10/dist-packages/ikinterface
[4.650s] -- Installing: /home/asureshkumar/catkin_ws/install/ikinterface/local/lib/python3.10/dist-packages/ikinterface/__init__.py
[4.651s] -- Installing: /home/asureshkumar/catkin_ws/install/ikinterface/local/lib/python3.10/dist-packages/ikinterface/_ikinterface_s.ep.rosidl_typesupport_c.c
[4.651s] -- Installing: /home/asureshkumar/catkin_ws/install/ikinterface/local/lib/python3.10/dist-packages/ikinterface/_ikinterface_s.ep.rosidl_typesupport_introspection_c.c
[4.651s] -- Installing: /home/asureshkumar/catkin_ws/install/ikinterface/local/lib/python3.10/dist-packages/ikinterface/srv
[4.651s] -- Installing: /home/asureshkumar/catkin_ws/install/ikinterface/local/lib/python3.10/dist-packages/ikinterface/srv/__init__.py
[4.651s] -- Installing: /home/asureshkumar/catkin_ws/install/ikinterface/local/lib/python3.10/dist-packages/ikinterface/srv/_ref_s.c
[4.651s] -- Installing: /home/asureshkumar/catkin_ws/install/ikinterface/local/lib/python3.10/dist-packages/ikinterface/srv/_ref.py
[4.651s] -- Installing: /home/asureshkumar/catkin_ws/install/ikinterface/local/lib/python3.10/dist-packages/ikinterface/ikinterface_s__rosidl_typesupport_c.cpython-310-x86_64-linux-gnu.so
[4.652s] -- Installing: /home/asureshkumar/catkin_ws/install/ikinterface/local/lib/python3.10/dist-packages/ikinterface/ikinterface_s__rosidl_typesupport_fastrtps_c.cpython-310-x86_64-linux-gnu.so
[4.652s] -- Installing: /home/asureshkumar/catkin_ws/install/ikinterface/local/lib/python3.10/dist-packages/ikinterface/_ikinterface_s.ep.rosidl_typesupport_fastrtps_c.c
[4.652s] -- Installing: /home/asureshkumar/catkin_ws/install/ikinterface/local/lib/python3.10/dist-packages/ikinterface/libikinterface__rosidl_generator_py.so
[4.652s] -- Installing: /home/asureshkumar/catkin_ws/install/ikinterface/local/lib/python3.10/dist-packages/ikinterface/ikinterface_s__rosidl_typesupport_introspection_c.cpython-310-x86_64-linux-gnu.so
[4.698s] Listing '/home/asureshkumar/catkin_ws/install/ikinterface/local/lib/python3.10/dist-packages/ikinterface'...
[4.698s] Compiling '/home/asureshkumar/catkin_ws/install/ikinterface/local/lib/python3.10/dist-packages/ikinterface/__init__.py'...
[4.698s] Listing '/home/asureshkumar/catkin_ws/install/ikinterface/local/lib/python3.10/dist-packages/ikinterface/srv'...
[4.699s] Compiling '/home/asureshkumar/catkin_ws/install/ikinterface/local/lib/python3.10/dist-packages/ikinterface/srv/__init__.py'...
[4.699s] Compiling '/home/asureshkumar/catkin_ws/install/ikinterface/local/lib/python3.10/dist-packages/ikinterface/srv/_ref.py'...
[4.705s] -- Installing: /home/asureshkumar/catkin_ws/install/ikinterface/local/lib/python3.10/dist-packages/ikinterface/ikinterface_s__rosidl_typesupport_fastrtps_c.cpython-310-x86_64-linux-gnu.so
[4.705s] -- Set runtime path of "/home/asureshkumar/catkin_ws/install/ikinterface/local/lib/python3.10/dist-packages/ikinterface/ikinterface_s__rosidl_typesupport_fastrtps_c.cpython-310-x86_64-linux-gnu.so" to ""
[4.705s] -- Installing: /home/asureshkumar/catkin_ws/install/ikinterface/local/lib/python3.10/dist-packages/ikinterface/ikinterface_s__rosidl_typesupport_introspection_c.cpython-310-x86_64-linux-gnu.so
[4.706s] -- Set runtime path of "/home/asureshkumar/catkin_ws/install/ikinterface/local/lib/python3.10/dist-packages/ikinterface/ikinterface_s__rosidl_typesupport_introspection_c.cpython-310-x86_64-linux-gnu.so" to ""
[4.706s] -- Installing: /home/asureshkumar/catkin_ws/install/ikinterface/local/lib/python3.10/dist-packages/ikinterface/ikinterface_s__rosidl_typesupport_c.cpython-310-x86_64-linux-gnu.so
[4.707s] -- Set runtime path of "/home/asureshkumar/catkin_ws/install/ikinterface/local/lib/python3.10/dist-packages/ikinterface/ikinterface_s__rosidl_typesupport_c.cpython-310-x86_64-linux-gnu.so" to ""
[4.707s] -- Installing: /home/asureshkumar/catkin_ws/install/ikinterface/lib/libikinterface__rosidl_generator_py.so
[4.707s] -- Set runtime path of "/home/asureshkumar/catkin_ws/install/ikinterface/lib/libikinterface__rosidl_generator_py.so" to ""
[4.708s] -- Installing: /home/asureshkumar/catkin_ws/install/ikinterface/share/ikinterface/srv/Ref.idl
[4.708s] -- Installing: /home/asureshkumar/catkin_ws/install/ikinterface/share/ikinterface/srv/Ref.srv
[4.708s] -- Installing: /home/asureshkumar/catkin_ws/install/ikinterface/share/ikinterface/srv/Ref_Request.msg
[4.708s] -- Installing: /home/asureshkumar/catkin_ws/install/ikinterface/share/ikinterface/srv/Ref_Response.msg
[4.708s] -- Installing: /home/asureshkumar/catkin_ws/install/ikinterface/share/ament_index/resource_index/package_run_dependencies/ikinterface
[4.709s] -- Installing: /home/asureshkumar/catkin_ws/install/ikinterface/share/ament_index/resource_index/parent_prefix_path/ikinterface
[4.709s] -- Installing: /home/asureshkumar/catkin_ws/install/ikinterface/share/ikinterface/environment/ament_prefix_path.sh
[4.709s] -- Installing: /home/asureshkumar/catkin_ws/install/ikinterface/share/ikinterface/environment/ament_prefix_path.dsv
[4.709s] -- Installing: /home/asureshkumar/catkin_ws/install/ikinterface/share/ikinterface/environment/path.sh
[4.709s] -- Installing: /home/asureshkumar/catkin_ws/install/ikinterface/share/ikinterface/environment/path.dsv
[4.710s] -- Installing: /home/asureshkumar/catkin_ws/install/ikinterface/share/ikinterface/local_setup.bash
[4.710s] -- Installing: /home/asureshkumar/catkin_ws/install/ikinterface/share/ikinterface/local_setup.sh
[4.710s] -- Installing: /home/asureshkumar/catkin_ws/install/ikinterface/share/ikinterface/local_setup.zsh
[4.710s] -- Installing: /home/asureshkumar/catkin_ws/install/ikinterface/share/ikinterface/local_setup.dsv
[4.710s] -- Installing: /home/asureshkumar/catkin_ws/install/ikinterface/share/ikinterface/package.dsv
[4.711s] -- Installing: /home/asureshkumar/catkin_ws/install/ikinterface/share/ament_index/resource_index/packages/ikinterface
[4.711s] -- Installing: /home/asureshkumar/catkin_ws/install/ikinterface/share/ikinterface/cmake/export_ikinterface__rosidl_generator_cExport.cmake
[4.711s] -- Installing: /home/asureshkumar/catkin_ws/install/ikinterface/share/ikinterface/cmake/export_ikinterface__rosidl_generator_cExport-noconfig.cmake
[4.711s] -- Installing: /home/asureshkumar/catkin_ws/install/ikinterface/share/ikinterface/cmake/export_ikinterface__rosidl_typesupport_fastrtps_cExport.cmake
[4.711s] -- Installing: /home/asureshkumar/catkin_ws/install/ikinterface/share/ikinterface/cmake/export_ikinterface__rosidl_typesupport_fastrtps_cExport-noconfig.cmake
[4.712s] -- Installing: /home/asureshkumar/catkin_ws/install/ikinterface/share/ikinterface/cmake/ikinterface__rosidl_typesupport_introspection_cExport.cmake
[4.712s] -- Installing: /home/asureshkumar/catkin_ws/install/ikinterface/share/ikinterface/cmake/ikinterface__rosidl_typesupport_introspection_cExport-noconfig.cmake
[4.712s] -- Installing: /home/asureshkumar/catkin_ws/install/ikinterface/share/ikinterface/cmake/ikinterface__rosidl_typesupport_cExport.cmake
[4.712s] -- Installing: /home/asureshkumar/catkin_ws/install/ikinterface/share/ikinterface/cmake/ikinterface__rosidl_typesupport_cExport-noconfig.cmake
[4.712s] -- Installing: /home/asureshkumar/catkin_ws/install/ikinterface/share/ikinterface/cmake/export_ikinterface__rosidl_generator_cppExport.cmake
[4.713s] -- Installing: /home/asureshkumar/catkin_ws/install/ikinterface/share/ikinterface/cmake/export_ikinterface__rosidl_typesupport_fastrtps_cppExport.cmake
[4.713s] -- Installing: /home/asureshkumar/catkin_ws/install/ikinterface/share/ikinterface/cmake/export_ikinterface__rosidl_typesupport_fastrtps_cppExport-noconfig.cmake
[4.713s] -- Installing: /home/asureshkumar/catkin_ws/install/ikinterface/share/ikinterface/cmake/ikinterface__rosidl_typesupport_introspection_cppExport.cmake
[4.713s] -- Installing: /home/asureshkumar/catkin_ws/install/ikinterface/share/ikinterface/cmake/ikinterface__rosidl_typesupport_introspection_cppExport-noconfig.cmake
[4.713s] -- Installing: /home/asureshkumar/catkin_ws/install/ikinterface/share/ikinterface/cmake/ikinterface__rosidl_typesupport_cppExport.cmake
[4.713s] -- Installing: /home/asureshkumar/catkin_ws/install/ikinterface/share/ikinterface/cmake/ikinterface__rosidl_typesupport_cppExport-noconfig.cmake
[4.714s] -- Installing: /home/asureshkumar/catkin_ws/install/ikinterface/share/ikinterface/cmake/export_ikinterface__rosidl_generator_pyExport.cmake
[4.714s] -- Installing: /home/asureshkumar/catkin_ws/install/ikinterface/share/ikinterface/cmake/export_ikinterface__rosidl_generator_pyExport-noconfig.cmake
[4.714s] -- Installing: /home/asureshkumar/catkin_ws/install/ikinterface/share/ikinterface/cmake/rosidl_cmake-extras.cmake
[4.714s] -- Installing: /home/asureshkumar/catkin_ws/install/ikinterface/share/ikinterface/cmake/ament_cmake_export_include_directories-extras.cmake
[4.714s] -- Installing: /home/asureshkumar/catkin_ws/install/ikinterface/share/ikinterface/cmake/ament_cmake_export_libraries-extras.cmake
[4.715s] -- Installing: /home/asureshkumar/catkin_ws/install/ikinterface/share/ikinterface/cmake/ament_cmake_export_targets-extras.cmake
[4.715s] -- Installing: /home/asureshkumar/catkin_ws/install/ikinterface/share/ikinterface/cmake/rosidl_cmake_export_typesupport_targets-extras.cmake
[4.715s] -- Installing: /home/asureshkumar/catkin_ws/install/ikinterface/share/ikinterface/cmake/ament_cmake_export_dependencies-extras.cmake
[4.715s] -- Installing: /home/asureshkumar/catkin_ws/install/ikinterface/share/ikinterface/cmake/rosidl_cmake_export_typesupport_libraries-extras.cmake
[4.715s] -- Installing: /home/asureshkumar/catkin_ws/install/ikinterface/share/ikinterface/cmake/ikinterfaceConfig.cmake
[4.715s] -- Installing: /home/asureshkumar/catkin_ws/install/ikinterface/share/ikinterface/cmake/ikinterfaceConfig-version.cmake
[4.716s] -- Installing: /home/asureshkumar/catkin_ws/install/ikinterface/share/ikinterface/package.xml
[4.718s] Invoked command in '/home/asureshkumar/catkin_ws/build/ikinterface' returned '0': CMAKE_PREFIX_PATH=/opt/ros/humble /usr/bin/cmake --install /home/asureshkumar/catkin_ws/build/ikinterface
