[0.358s] Invoking command in '/home/asureshkumar/catkin_ws/build/ikinterface': CMAKE_PREFIX_PATH=${CMAKE_PREFIX_PATH}:/home/asureshkumar/catkin_ws/install/py_srvcli:/home/asureshkumar/catkin_ws/install/FK:/opt/ros/humble /usr/bin/cmake --build /home/asureshkumar/catkin_ws/build/ikinterface -- -j8 -l8
[0.398s] -- Found ament_cmake: 1.3.3 (/opt/ros/humble/share/ament_cmake/cmake)
[0.612s] -- Found rosidl_default_generators: 1.2.0 (/opt/ros/humble/share/rosidl_default_generators/cmake)
[0.616s] -- Using all available rosidl_typesupport_c: rosidl_typesupport_fastrtps_c;rosidl_typesupport_introspection_c
[0.621s] -- Found rosidl_adapter: 3.1.4 (/opt/ros/humble/share/rosidl_adapter/cmake)
[0.678s] -- Using all available rosidl_typesupport_cpp: rosidl_typesupport_fastrtps_cpp;rosidl_typesupport_introspection_cpp
[1.155s] -- Found ament_cmake_ros: 0.10.0 (/opt/ros/humble/share/ament_cmake_ros/cmake)
[1.461s] -- Using all available rosidl_typesupport_c: rosidl_typesupport_fastrtps_c;rosidl_typesupport_introspection_c
[1.820s] -- Using all available rosidl_typesupport_cpp: rosidl_typesupport_fastrtps_cpp;rosidl_typesupport_introspection_cpp
[1.847s] -- Found python_cmake_module: 0.10.0 (/opt/ros/humble/share/python_cmake_module/cmake)
[1.873s] -- Using PYTHON_EXECUTABLE: /usr/bin/python3
[1.873s] -- Using PYTHON_INCLUDE_DIRS: /usr/include/python3.10
[1.873s] -- Using PYTHON_LIBRARIES: /usr/lib/x86_64-linux-gnu/libpython3.10.so
[1.890s] -- Found ament_lint_auto: 0.12.4 (/opt/ros/humble/share/ament_lint_auto/cmake)
[1.903s] -- Added test 'lint_cmake' to check CMake code style
[1.904s] -- Added test 'xmllint' to check XML markup files
[1.907s] -- Configuring done
[1.949s] -- Generating done
[1.954s] -- Build files have been written to: /home/asureshkumar/catkin_ws/build/ikinterface
[1.983s] [  2%] [34m[1mGenerating C code for ROS interfaces[0m
[1.995s] [  5%] [34m[1mGenerating C++ code for ROS interfaces[0m
[2.007s] [  5%] Built target ament_cmake_python_copy_ikinterface
[2.304s] running egg_info
[2.304s] writing ikinterface.egg-info/PKG-INFO
[2.304s] writing dependency_links to ikinterface.egg-info/dependency_links.txt
[2.305s] writing top-level names to ikinterface.egg-info/top_level.txt
[2.307s] reading manifest file 'ikinterface.egg-info/SOURCES.txt'
[2.308s] writing manifest file 'ikinterface.egg-info/SOURCES.txt'
[2.343s] [  5%] Built target ament_cmake_python_build_ikinterface_egg
[2.433s] [  5%] Built target ikinterface__cpp
[2.445s] [  7%] [34m[1mGenerating C++ type support dispatch for ROS interfaces[0m
[2.445s] [ 12%] [34m[1mGenerating C++ introspection for ROS interfaces[0m
[2.445s] [ 12%] [34m[1mGenerating C++ type support for eProsima Fast-RTPS[0m
[2.723s] [35m[1mConsolidate compiler generated dependencies of target ikinterface__rosidl_generator_c[0m
[2.742s] [ 15%] [32mBuilding C object CMakeFiles/ikinterface__rosidl_generator_c.dir/rosidl_generator_c/ikinterface/srv/detail/fvel__functions.c.o[0m
[2.743s] [ 17%] [32mBuilding C object CMakeFiles/ikinterface__rosidl_generator_c.dir/rosidl_generator_c/ikinterface/srv/detail/ivel__functions.c.o[0m
[2.808s] [35m[1mConsolidate compiler generated dependencies of target ikinterface__rosidl_typesupport_cpp[0m
[2.829s] [ 23%] [32mBuilding CXX object CMakeFiles/ikinterface__rosidl_typesupport_cpp.dir/rosidl_typesupport_cpp/ikinterface/srv/ivel__type_support.cpp.o[0m
[2.829s] [ 23%] [32mBuilding CXX object CMakeFiles/ikinterface__rosidl_typesupport_cpp.dir/rosidl_typesupport_cpp/ikinterface/srv/fvel__type_support.cpp.o[0m
[2.843s] [ 25%] [32m[1mLinking C shared library libikinterface__rosidl_generator_c.so[0m
[2.854s] [35m[1mConsolidate compiler generated dependencies of target ikinterface__rosidl_typesupport_introspection_cpp[0m
[2.876s] [ 28%] [32mBuilding CXX object CMakeFiles/ikinterface__rosidl_typesupport_introspection_cpp.dir/rosidl_typesupport_introspection_cpp/ikinterface/srv/detail/fvel__type_support.cpp.o[0m
[2.878s] [ 30%] [32mBuilding CXX object CMakeFiles/ikinterface__rosidl_typesupport_introspection_cpp.dir/rosidl_typesupport_introspection_cpp/ikinterface/srv/detail/ivel__type_support.cpp.o[0m
[2.889s] [ 30%] Built target ikinterface__rosidl_generator_c
[2.907s] [ 33%] [34m[1mGenerating C introspection for ROS interfaces[0m
[2.910s] [ 35%] [34m[1mGenerating C type support dispatch for ROS interfaces[0m
[2.926s] [ 38%] [34m[1mGenerating C type support for eProsima Fast-RTPS[0m
[3.054s] [35m[1mConsolidate compiler generated dependencies of target ikinterface__rosidl_typesupport_fastrtps_cpp[0m
[3.080s] [ 41%] [32mBuilding CXX object CMakeFiles/ikinterface__rosidl_typesupport_fastrtps_cpp.dir/rosidl_typesupport_fastrtps_cpp/ikinterface/srv/detail/dds_fastrtps/fvel__type_support.cpp.o[0m
[3.383s] [ 43%] [32mBuilding CXX object CMakeFiles/ikinterface__rosidl_typesupport_fastrtps_cpp.dir/rosidl_typesupport_fastrtps_cpp/ikinterface/srv/detail/dds_fastrtps/ivel__type_support.cpp.o[0m
[3.389s] [ 46%] [32m[1mLinking CXX shared library libikinterface__rosidl_typesupport_cpp.so[0m
[3.475s] [ 46%] Built target ikinterface__rosidl_typesupport_cpp
[3.502s] [35m[1mConsolidate compiler generated dependencies of target ikinterface__rosidl_typesupport_c[0m
[3.522s] [ 48%] [32mBuilding CXX object CMakeFiles/ikinterface__rosidl_typesupport_c.dir/rosidl_typesupport_c/ikinterface/srv/ivel__type_support.cpp.o[0m
[3.536s] [ 51%] [32mBuilding CXX object CMakeFiles/ikinterface__rosidl_typesupport_c.dir/rosidl_typesupport_c/ikinterface/srv/fvel__type_support.cpp.o[0m
[3.614s] [ 53%] [32m[1mLinking CXX shared library libikinterface__rosidl_typesupport_c.so[0m
[3.644s] [35m[1mConsolidate compiler generated dependencies of target ikinterface__rosidl_typesupport_introspection_c[0m
[3.650s] [ 56%] [32m[1mLinking CXX shared library libikinterface__rosidl_typesupport_introspection_cpp.so[0m
[3.662s] [ 61%] [32mBuilding C object CMakeFiles/ikinterface__rosidl_typesupport_introspection_c.dir/rosidl_typesupport_introspection_c/ikinterface/srv/detail/ivel__type_support.c.o[0m
[3.663s] [ 61%] [32mBuilding C object CMakeFiles/ikinterface__rosidl_typesupport_introspection_c.dir/rosidl_typesupport_introspection_c/ikinterface/srv/detail/fvel__type_support.c.o[0m
[3.686s] [ 61%] Built target ikinterface__rosidl_typesupport_c
[3.724s] [ 64%] [32m[1mLinking C shared library libikinterface__rosidl_typesupport_introspection_c.so[0m
[3.725s] [ 64%] Built target ikinterface__rosidl_typesupport_introspection_cpp
[3.762s] [ 64%] Built target ikinterface__rosidl_typesupport_introspection_c
[3.909s] [35m[1mConsolidate compiler generated dependencies of target ikinterface__rosidl_typesupport_fastrtps_c[0m
[3.928s] [ 66%] [32mBuilding CXX object CMakeFiles/ikinterface__rosidl_typesupport_fastrtps_c.dir/rosidl_typesupport_fastrtps_c/ikinterface/srv/detail/fvel__type_support_c.cpp.o[0m
[3.931s] [ 69%] [32mBuilding CXX object CMakeFiles/ikinterface__rosidl_typesupport_fastrtps_c.dir/rosidl_typesupport_fastrtps_c/ikinterface/srv/detail/ivel__type_support_c.cpp.o[0m
[4.034s] [ 71%] [32m[1mLinking CXX shared library libikinterface__rosidl_typesupport_fastrtps_cpp.so[0m
[4.133s] [ 71%] Built target ikinterface__rosidl_typesupport_fastrtps_cpp
[4.522s] [ 74%] [32m[1mLinking CXX shared library libikinterface__rosidl_typesupport_fastrtps_c.so[0m
[4.622s] [ 74%] Built target ikinterface__rosidl_typesupport_fastrtps_c
[4.650s] [ 74%] Built target ikinterface
[4.681s] [ 76%] [34m[1mGenerating Python code for ROS interfaces[0m
[5.306s] [ 76%] Built target ikinterface__py
[5.323s] [35m[1mConsolidate compiler generated dependencies of target ikinterface__rosidl_generator_py[0m
[5.344s] [ 79%] [32mBuilding C object CMakeFiles/ikinterface__rosidl_generator_py.dir/rosidl_generator_py/ikinterface/srv/_ivel_s.c.o[0m
[5.348s] [ 82%] [32mBuilding C object CMakeFiles/ikinterface__rosidl_generator_py.dir/rosidl_generator_py/ikinterface/srv/_fvel_s.c.o[0m
[5.519s] [ 84%] [32m[1mLinking C shared library rosidl_generator_py/ikinterface/libikinterface__rosidl_generator_py.so[0m
[5.579s] [ 84%] Built target ikinterface__rosidl_generator_py
[5.592s] [35m[1mConsolidate compiler generated dependencies of target ikinterface__rosidl_typesupport_fastrtps_c__pyext[0m
[5.592s] [35m[1mConsolidate compiler generated dependencies of target ikinterface__rosidl_typesupport_c__pyext[0m
[5.595s] [35m[1mConsolidate compiler generated dependencies of target ikinterface__rosidl_typesupport_introspection_c__pyext[0m
[5.608s] [ 87%] [32mBuilding C object CMakeFiles/ikinterface__rosidl_typesupport_fastrtps_c__pyext.dir/rosidl_generator_py/ikinterface/_ikinterface_s.ep.rosidl_typesupport_fastrtps_c.c.o[0m
[5.609s] [ 89%] [32mBuilding C object CMakeFiles/ikinterface__rosidl_typesupport_c__pyext.dir/rosidl_generator_py/ikinterface/_ikinterface_s.ep.rosidl_typesupport_c.c.o[0m
[5.618s] [ 92%] [32mBuilding C object CMakeFiles/ikinterface__rosidl_typesupport_introspection_c__pyext.dir/rosidl_generator_py/ikinterface/_ikinterface_s.ep.rosidl_typesupport_introspection_c.c.o[0m
[5.733s] [ 94%] [32m[1mLinking C shared library rosidl_generator_py/ikinterface/ikinterface_s__rosidl_typesupport_c.cpython-310-x86_64-linux-gnu.so[0m
[5.743s] [ 97%] [32m[1mLinking C shared library rosidl_generator_py/ikinterface/ikinterface_s__rosidl_typesupport_fastrtps_c.cpython-310-x86_64-linux-gnu.so[0m
[5.743s] [100%] [32m[1mLinking C shared library rosidl_generator_py/ikinterface/ikinterface_s__rosidl_typesupport_introspection_c.cpython-310-x86_64-linux-gnu.so[0m
[5.776s] [100%] Built target ikinterface__rosidl_typesupport_c__pyext
[5.785s] [100%] Built target ikinterface__rosidl_typesupport_introspection_c__pyext
[5.791s] [100%] Built target ikinterface__rosidl_typesupport_fastrtps_c__pyext
[5.806s] Invoked command in '/home/asureshkumar/catkin_ws/build/ikinterface' returned '0': CMAKE_PREFIX_PATH=${CMAKE_PREFIX_PATH}:/home/asureshkumar/catkin_ws/install/py_srvcli:/home/asureshkumar/catkin_ws/install/FK:/opt/ros/humble /usr/bin/cmake --build /home/asureshkumar/catkin_ws/build/ikinterface -- -j8 -l8
[5.905s] Invoking command in '/home/asureshkumar/catkin_ws/build/ikinterface': CMAKE_PREFIX_PATH=${CMAKE_PREFIX_PATH}:/home/asureshkumar/catkin_ws/install/py_srvcli:/home/asureshkumar/catkin_ws/install/FK:/opt/ros/humble /usr/bin/cmake --install /home/asureshkumar/catkin_ws/build/ikinterface
[5.919s] -- Install configuration: ""
[5.919s] -- Installing: /home/asureshkumar/catkin_ws/install/ikinterface/share/ament_index/resource_index/rosidl_interfaces/ikinterface
[5.919s] -- Up-to-date: /home/asureshkumar/catkin_ws/install/ikinterface/include/ikinterface/ikinterface
[5.920s] -- Up-to-date: /home/asureshkumar/catkin_ws/install/ikinterface/include/ikinterface/ikinterface/srv
[5.920s] -- Installing: /home/asureshkumar/catkin_ws/install/ikinterface/include/ikinterface/ikinterface/srv/fvel.h
[5.920s] -- Up-to-date: /home/asureshkumar/catkin_ws/install/ikinterface/include/ikinterface/ikinterface/srv/detail
[5.920s] -- Installing: /home/asureshkumar/catkin_ws/install/ikinterface/include/ikinterface/ikinterface/srv/detail/fvel__functions.h
[5.920s] -- Up-to-date: /home/asureshkumar/catkin_ws/install/ikinterface/include/ikinterface/ikinterface/srv/detail/ref__struct.h
[5.921s] -- Up-to-date: /home/asureshkumar/catkin_ws/install/ikinterface/include/ikinterface/ikinterface/srv/detail/ref__functions.h
[5.921s] -- Installing: /home/asureshkumar/catkin_ws/install/ikinterface/include/ikinterface/ikinterface/srv/detail/fvel__functions.c
[5.921s] -- Installing: /home/asureshkumar/catkin_ws/install/ikinterface/include/ikinterface/ikinterface/srv/detail/ivel__functions.h
[5.921s] -- Installing: /home/asureshkumar/catkin_ws/install/ikinterface/include/ikinterface/ikinterface/srv/detail/ivel__type_support.h
[5.921s] -- Installing: /home/asureshkumar/catkin_ws/install/ikinterface/include/ikinterface/ikinterface/srv/detail/ivel__struct.h
[5.922s] -- Installing: /home/asureshkumar/catkin_ws/install/ikinterface/include/ikinterface/ikinterface/srv/detail/ivel__functions.c
[5.922s] -- Up-to-date: /home/asureshkumar/catkin_ws/install/ikinterface/include/ikinterface/ikinterface/srv/detail/ref__type_support.h
[5.922s] -- Up-to-date: /home/asureshkumar/catkin_ws/install/ikinterface/include/ikinterface/ikinterface/srv/detail/ref__functions.c
[5.922s] -- Installing: /home/asureshkumar/catkin_ws/install/ikinterface/include/ikinterface/ikinterface/srv/detail/fvel__struct.h
[5.922s] -- Installing: /home/asureshkumar/catkin_ws/install/ikinterface/include/ikinterface/ikinterface/srv/detail/fvel__type_support.h
[5.923s] -- Installing: /home/asureshkumar/catkin_ws/install/ikinterface/include/ikinterface/ikinterface/srv/ivel.h
[5.923s] -- Up-to-date: /home/asureshkumar/catkin_ws/install/ikinterface/include/ikinterface/ikinterface/srv/ref.h
[5.923s] -- Up-to-date: /home/asureshkumar/catkin_ws/install/ikinterface/include/ikinterface/ikinterface/msg
[5.923s] -- Up-to-date: /home/asureshkumar/catkin_ws/install/ikinterface/include/ikinterface/ikinterface/msg/rosidl_generator_c__visibility_control.h
[5.923s] -- Up-to-date: /home/asureshkumar/catkin_ws/install/ikinterface/share/ikinterface/environment/library_path.sh
[5.923s] -- Installing: /home/asureshkumar/catkin_ws/install/ikinterface/share/ikinterface/environment/library_path.dsv
[5.923s] -- Installing: /home/asureshkumar/catkin_ws/install/ikinterface/lib/libikinterface__rosidl_generator_c.so
[5.924s] -- Set runtime path of "/home/asureshkumar/catkin_ws/install/ikinterface/lib/libikinterface__rosidl_generator_c.so" to ""
[5.925s] -- Up-to-date: /home/asureshkumar/catkin_ws/install/ikinterface/include/ikinterface/ikinterface
[5.925s] -- Up-to-date: /home/asureshkumar/catkin_ws/install/ikinterface/include/ikinterface/ikinterface/srv
[5.925s] -- Up-to-date: /home/asureshkumar/catkin_ws/install/ikinterface/include/ikinterface/ikinterface/srv/detail
[5.925s] -- Up-to-date: /home/asureshkumar/catkin_ws/install/ikinterface/include/ikinterface/ikinterface/srv/detail/ref__rosidl_typesupport_fastrtps_c.h
[5.925s] -- Installing: /home/asureshkumar/catkin_ws/install/ikinterface/include/ikinterface/ikinterface/srv/detail/fvel__rosidl_typesupport_fastrtps_c.h
[5.925s] -- Installing: /home/asureshkumar/catkin_ws/install/ikinterface/include/ikinterface/ikinterface/srv/detail/ivel__rosidl_typesupport_fastrtps_c.h
[5.926s] -- Up-to-date: /home/asureshkumar/catkin_ws/install/ikinterface/include/ikinterface/ikinterface/msg
[5.926s] -- Up-to-date: /home/asureshkumar/catkin_ws/install/ikinterface/include/ikinterface/ikinterface/msg/rosidl_typesupport_fastrtps_c__visibility_control.h
[5.926s] -- Installing: /home/asureshkumar/catkin_ws/install/ikinterface/lib/libikinterface__rosidl_typesupport_fastrtps_c.so
[5.927s] -- Set runtime path of "/home/asureshkumar/catkin_ws/install/ikinterface/lib/libikinterface__rosidl_typesupport_fastrtps_c.so" to ""
[5.927s] -- Up-to-date: /home/asureshkumar/catkin_ws/install/ikinterface/include/ikinterface/ikinterface
[5.927s] -- Up-to-date: /home/asureshkumar/catkin_ws/install/ikinterface/include/ikinterface/ikinterface/srv
[5.927s] -- Up-to-date: /home/asureshkumar/catkin_ws/install/ikinterface/include/ikinterface/ikinterface/srv/detail
[5.927s] -- Up-to-date: /home/asureshkumar/catkin_ws/install/ikinterface/include/ikinterface/ikinterface/srv/detail/ref__type_support.c
[5.928s] -- Installing: /home/asureshkumar/catkin_ws/install/ikinterface/include/ikinterface/ikinterface/srv/detail/fvel__rosidl_typesupport_introspection_c.h
[5.928s] -- Up-to-date: /home/asureshkumar/catkin_ws/install/ikinterface/include/ikinterface/ikinterface/srv/detail/ref__rosidl_typesupport_introspection_c.h
[5.928s] -- Installing: /home/asureshkumar/catkin_ws/install/ikinterface/include/ikinterface/ikinterface/srv/detail/fvel__type_support.c
[5.928s] -- Installing: /home/asureshkumar/catkin_ws/install/ikinterface/include/ikinterface/ikinterface/srv/detail/ivel__rosidl_typesupport_introspection_c.h
[5.928s] -- Installing: /home/asureshkumar/catkin_ws/install/ikinterface/include/ikinterface/ikinterface/srv/detail/ivel__type_support.c
[5.928s] -- Up-to-date: /home/asureshkumar/catkin_ws/install/ikinterface/include/ikinterface/ikinterface/msg
[5.928s] -- Up-to-date: /home/asureshkumar/catkin_ws/install/ikinterface/include/ikinterface/ikinterface/msg/rosidl_typesupport_introspection_c__visibility_control.h
[5.929s] -- Installing: /home/asureshkumar/catkin_ws/install/ikinterface/lib/libikinterface__rosidl_typesupport_introspection_c.so
[5.930s] -- Set runtime path of "/home/asureshkumar/catkin_ws/install/ikinterface/lib/libikinterface__rosidl_typesupport_introspection_c.so" to ""
[5.930s] -- Installing: /home/asureshkumar/catkin_ws/install/ikinterface/lib/libikinterface__rosidl_typesupport_c.so
[5.931s] -- Set runtime path of "/home/asureshkumar/catkin_ws/install/ikinterface/lib/libikinterface__rosidl_typesupport_c.so" to ""
[5.931s] -- Up-to-date: /home/asureshkumar/catkin_ws/install/ikinterface/include/ikinterface/ikinterface
[5.931s] -- Up-to-date: /home/asureshkumar/catkin_ws/install/ikinterface/include/ikinterface/ikinterface/srv
[5.932s] -- Installing: /home/asureshkumar/catkin_ws/install/ikinterface/include/ikinterface/ikinterface/srv/ivel.hpp
[5.932s] -- Up-to-date: /home/asureshkumar/catkin_ws/install/ikinterface/include/ikinterface/ikinterface/srv/detail
[5.932s] -- Installing: /home/asureshkumar/catkin_ws/install/ikinterface/include/ikinterface/ikinterface/srv/detail/fvel__traits.hpp
[5.932s] -- Up-to-date: /home/asureshkumar/catkin_ws/install/ikinterface/include/ikinterface/ikinterface/srv/detail/ref__traits.hpp
[5.932s] -- Up-to-date: /home/asureshkumar/catkin_ws/install/ikinterface/include/ikinterface/ikinterface/srv/detail/ref__struct.hpp
[5.932s] -- Installing: /home/asureshkumar/catkin_ws/install/ikinterface/include/ikinterface/ikinterface/srv/detail/ivel__builder.hpp
[5.932s] -- Installing: /home/asureshkumar/catkin_ws/install/ikinterface/include/ikinterface/ikinterface/srv/detail/fvel__struct.hpp
[5.933s] -- Installing: /home/asureshkumar/catkin_ws/install/ikinterface/include/ikinterface/ikinterface/srv/detail/fvel__builder.hpp
[5.933s] -- Installing: /home/asureshkumar/catkin_ws/install/ikinterface/include/ikinterface/ikinterface/srv/detail/ivel__struct.hpp
[5.933s] -- Installing: /home/asureshkumar/catkin_ws/install/ikinterface/include/ikinterface/ikinterface/srv/detail/ivel__traits.hpp
[5.933s] -- Up-to-date: /home/asureshkumar/catkin_ws/install/ikinterface/include/ikinterface/ikinterface/srv/detail/ref__builder.hpp
[5.933s] -- Up-to-date: /home/asureshkumar/catkin_ws/install/ikinterface/include/ikinterface/ikinterface/srv/ref.hpp
[5.933s] -- Installing: /home/asureshkumar/catkin_ws/install/ikinterface/include/ikinterface/ikinterface/srv/fvel.hpp
[5.934s] -- Up-to-date: /home/asureshkumar/catkin_ws/install/ikinterface/include/ikinterface/ikinterface
[5.934s] -- Up-to-date: /home/asureshkumar/catkin_ws/install/ikinterface/include/ikinterface/ikinterface/srv
[5.934s] -- Up-to-date: /home/asureshkumar/catkin_ws/install/ikinterface/include/ikinterface/ikinterface/srv/detail
[5.934s] -- Up-to-date: /home/asureshkumar/catkin_ws/install/ikinterface/include/ikinterface/ikinterface/srv/detail/ref__rosidl_typesupport_fastrtps_cpp.hpp
[5.934s] -- Installing: /home/asureshkumar/catkin_ws/install/ikinterface/include/ikinterface/ikinterface/srv/detail/fvel__rosidl_typesupport_fastrtps_cpp.hpp
[5.936s] -- Up-to-date: /home/asureshkumar/catkin_ws/install/ikinterface/include/ikinterface/ikinterface/srv/detail/dds_fastrtps
[5.936s] -- Installing: /home/asureshkumar/catkin_ws/install/ikinterface/include/ikinterface/ikinterface/srv/detail/ivel__rosidl_typesupport_fastrtps_cpp.hpp
[5.936s] -- Up-to-date: /home/asureshkumar/catkin_ws/install/ikinterface/include/ikinterface/ikinterface/msg
[5.936s] -- Up-to-date: /home/asureshkumar/catkin_ws/install/ikinterface/include/ikinterface/ikinterface/msg/rosidl_typesupport_fastrtps_cpp__visibility_control.h
[5.936s] -- Installing: /home/asureshkumar/catkin_ws/install/ikinterface/lib/libikinterface__rosidl_typesupport_fastrtps_cpp.so
[5.936s] -- Set runtime path of "/home/asureshkumar/catkin_ws/install/ikinterface/lib/libikinterface__rosidl_typesupport_fastrtps_cpp.so" to ""
[5.936s] -- Up-to-date: /home/asureshkumar/catkin_ws/install/ikinterface/include/ikinterface/ikinterface
[5.937s] -- Up-to-date: /home/asureshkumar/catkin_ws/install/ikinterface/include/ikinterface/ikinterface/srv
[5.937s] -- Up-to-date: /home/asureshkumar/catkin_ws/install/ikinterface/include/ikinterface/ikinterface/srv/detail
[5.937s] -- Installing: /home/asureshkumar/catkin_ws/install/ikinterface/include/ikinterface/ikinterface/srv/detail/ivel__rosidl_typesupport_introspection_cpp.hpp
[5.937s] -- Installing: /home/asureshkumar/catkin_ws/install/ikinterface/include/ikinterface/ikinterface/srv/detail/ivel__type_support.cpp
[5.937s] -- Installing: /home/asureshkumar/catkin_ws/install/ikinterface/include/ikinterface/ikinterface/srv/detail/fvel__rosidl_typesupport_introspection_cpp.hpp
[5.938s] -- Up-to-date: /home/asureshkumar/catkin_ws/install/ikinterface/include/ikinterface/ikinterface/srv/detail/ref__type_support.cpp
[5.938s] -- Installing: /home/asureshkumar/catkin_ws/install/ikinterface/include/ikinterface/ikinterface/srv/detail/fvel__type_support.cpp
[5.938s] -- Up-to-date: /home/asureshkumar/catkin_ws/install/ikinterface/include/ikinterface/ikinterface/srv/detail/ref__rosidl_typesupport_introspection_cpp.hpp
[5.939s] -- Installing: /home/asureshkumar/catkin_ws/install/ikinterface/lib/libikinterface__rosidl_typesupport_introspection_cpp.so
[5.939s] -- Set runtime path of "/home/asureshkumar/catkin_ws/install/ikinterface/lib/libikinterface__rosidl_typesupport_introspection_cpp.so" to ""
[5.940s] -- Installing: /home/asureshkumar/catkin_ws/install/ikinterface/lib/libikinterface__rosidl_typesupport_cpp.so
[5.941s] -- Set runtime path of "/home/asureshkumar/catkin_ws/install/ikinterface/lib/libikinterface__rosidl_typesupport_cpp.so" to ""
[5.941s] -- Up-to-date: /home/asureshkumar/catkin_ws/install/ikinterface/share/ikinterface/environment/pythonpath.sh
[5.941s] -- Installing: /home/asureshkumar/catkin_ws/install/ikinterface/share/ikinterface/environment/pythonpath.dsv
[5.941s] -- Up-to-date: /home/asureshkumar/catkin_ws/install/ikinterface/local/lib/python3.10/dist-packages/ikinterface-0.0.0-py3.10.egg-info
[5.941s] -- Installing: /home/asureshkumar/catkin_ws/install/ikinterface/local/lib/python3.10/dist-packages/ikinterface-0.0.0-py3.10.egg-info/top_level.txt
[5.942s] -- Installing: /home/asureshkumar/catkin_ws/install/ikinterface/local/lib/python3.10/dist-packages/ikinterface-0.0.0-py3.10.egg-info/SOURCES.txt
[5.942s] -- Installing: /home/asureshkumar/catkin_ws/install/ikinterface/local/lib/python3.10/dist-packages/ikinterface-0.0.0-py3.10.egg-info/PKG-INFO
[5.942s] -- Installing: /home/asureshkumar/catkin_ws/install/ikinterface/local/lib/python3.10/dist-packages/ikinterface-0.0.0-py3.10.egg-info/dependency_links.txt
[5.942s] -- Up-to-date: /home/asureshkumar/catkin_ws/install/ikinterface/local/lib/python3.10/dist-packages/ikinterface
[5.942s] -- Installing: /home/asureshkumar/catkin_ws/install/ikinterface/local/lib/python3.10/dist-packages/ikinterface/__init__.py
[5.943s] -- Installing: /home/asureshkumar/catkin_ws/install/ikinterface/local/lib/python3.10/dist-packages/ikinterface/_ikinterface_s.ep.rosidl_typesupport_c.c
[5.943s] -- Installing: /home/asureshkumar/catkin_ws/install/ikinterface/local/lib/python3.10/dist-packages/ikinterface/_ikinterface_s.ep.rosidl_typesupport_introspection_c.c
[5.943s] -- Up-to-date: /home/asureshkumar/catkin_ws/install/ikinterface/local/lib/python3.10/dist-packages/ikinterface/srv
[5.943s] -- Installing: /home/asureshkumar/catkin_ws/install/ikinterface/local/lib/python3.10/dist-packages/ikinterface/srv/_ivel.py
[5.943s] -- Installing: /home/asureshkumar/catkin_ws/install/ikinterface/local/lib/python3.10/dist-packages/ikinterface/srv/__init__.py
[5.944s] -- Up-to-date: /home/asureshkumar/catkin_ws/install/ikinterface/local/lib/python3.10/dist-packages/ikinterface/srv/_ref_s.c
[5.944s] -- Installing: /home/asureshkumar/catkin_ws/install/ikinterface/local/lib/python3.10/dist-packages/ikinterface/srv/_fvel_s.c
[5.944s] -- Installing: /home/asureshkumar/catkin_ws/install/ikinterface/local/lib/python3.10/dist-packages/ikinterface/srv/_fvel.py
[5.944s] -- Up-to-date: /home/asureshkumar/catkin_ws/install/ikinterface/local/lib/python3.10/dist-packages/ikinterface/srv/_ref.py
[5.944s] -- Installing: /home/asureshkumar/catkin_ws/install/ikinterface/local/lib/python3.10/dist-packages/ikinterface/srv/_ivel_s.c
[5.945s] -- Installing: /home/asureshkumar/catkin_ws/install/ikinterface/local/lib/python3.10/dist-packages/ikinterface/ikinterface_s__rosidl_typesupport_c.cpython-310-x86_64-linux-gnu.so
[5.945s] -- Installing: /home/asureshkumar/catkin_ws/install/ikinterface/local/lib/python3.10/dist-packages/ikinterface/ikinterface_s__rosidl_typesupport_fastrtps_c.cpython-310-x86_64-linux-gnu.so
[5.945s] -- Installing: /home/asureshkumar/catkin_ws/install/ikinterface/local/lib/python3.10/dist-packages/ikinterface/_ikinterface_s.ep.rosidl_typesupport_fastrtps_c.c
[5.945s] -- Installing: /home/asureshkumar/catkin_ws/install/ikinterface/local/lib/python3.10/dist-packages/ikinterface/libikinterface__rosidl_generator_py.so
[5.946s] -- Installing: /home/asureshkumar/catkin_ws/install/ikinterface/local/lib/python3.10/dist-packages/ikinterface/ikinterface_s__rosidl_typesupport_introspection_c.cpython-310-x86_64-linux-gnu.so
[5.991s] Listing '/home/asureshkumar/catkin_ws/install/ikinterface/local/lib/python3.10/dist-packages/ikinterface'...
[5.991s] Compiling '/home/asureshkumar/catkin_ws/install/ikinterface/local/lib/python3.10/dist-packages/ikinterface/__init__.py'...
[5.991s] Listing '/home/asureshkumar/catkin_ws/install/ikinterface/local/lib/python3.10/dist-packages/ikinterface/srv'...
[5.991s] Compiling '/home/asureshkumar/catkin_ws/install/ikinterface/local/lib/python3.10/dist-packages/ikinterface/srv/__init__.py'...
[5.991s] Compiling '/home/asureshkumar/catkin_ws/install/ikinterface/local/lib/python3.10/dist-packages/ikinterface/srv/_fvel.py'...
[5.992s] Compiling '/home/asureshkumar/catkin_ws/install/ikinterface/local/lib/python3.10/dist-packages/ikinterface/srv/_ivel.py'...
[5.998s] -- Installing: /home/asureshkumar/catkin_ws/install/ikinterface/local/lib/python3.10/dist-packages/ikinterface/ikinterface_s__rosidl_typesupport_fastrtps_c.cpython-310-x86_64-linux-gnu.so
[5.999s] -- Set runtime path of "/home/asureshkumar/catkin_ws/install/ikinterface/local/lib/python3.10/dist-packages/ikinterface/ikinterface_s__rosidl_typesupport_fastrtps_c.cpython-310-x86_64-linux-gnu.so" to ""
[5.999s] -- Installing: /home/asureshkumar/catkin_ws/install/ikinterface/local/lib/python3.10/dist-packages/ikinterface/ikinterface_s__rosidl_typesupport_introspection_c.cpython-310-x86_64-linux-gnu.so
[6.000s] -- Set runtime path of "/home/asureshkumar/catkin_ws/install/ikinterface/local/lib/python3.10/dist-packages/ikinterface/ikinterface_s__rosidl_typesupport_introspection_c.cpython-310-x86_64-linux-gnu.so" to ""
[6.000s] -- Installing: /home/asureshkumar/catkin_ws/install/ikinterface/local/lib/python3.10/dist-packages/ikinterface/ikinterface_s__rosidl_typesupport_c.cpython-310-x86_64-linux-gnu.so
[6.001s] -- Set runtime path of "/home/asureshkumar/catkin_ws/install/ikinterface/local/lib/python3.10/dist-packages/ikinterface/ikinterface_s__rosidl_typesupport_c.cpython-310-x86_64-linux-gnu.so" to ""
[6.001s] -- Installing: /home/asureshkumar/catkin_ws/install/ikinterface/lib/libikinterface__rosidl_generator_py.so
[6.002s] -- Set runtime path of "/home/asureshkumar/catkin_ws/install/ikinterface/lib/libikinterface__rosidl_generator_py.so" to ""
[6.003s] -- Up-to-date: /home/asureshkumar/catkin_ws/install/ikinterface/share/ikinterface/srv/Fvel.idl
[6.003s] -- Installing: /home/asureshkumar/catkin_ws/install/ikinterface/share/ikinterface/srv/Ivel.idl
[6.003s] -- Up-to-date: /home/asureshkumar/catkin_ws/install/ikinterface/share/ikinterface/srv/Fvel.srv
[6.003s] -- Up-to-date: /home/asureshkumar/catkin_ws/install/ikinterface/share/ikinterface/srv/Fvel_Request.msg
[6.003s] -- Up-to-date: /home/asureshkumar/catkin_ws/install/ikinterface/share/ikinterface/srv/Fvel_Response.msg
[6.003s] -- Installing: /home/asureshkumar/catkin_ws/install/ikinterface/share/ikinterface/srv/Ivel.srv
[6.003s] -- Installing: /home/asureshkumar/catkin_ws/install/ikinterface/share/ikinterface/srv/Ivel_Request.msg
[6.004s] -- Installing: /home/asureshkumar/catkin_ws/install/ikinterface/share/ikinterface/srv/Ivel_Response.msg
[6.004s] -- Up-to-date: /home/asureshkumar/catkin_ws/install/ikinterface/share/ament_index/resource_index/package_run_dependencies/ikinterface
[6.004s] -- Up-to-date: /home/asureshkumar/catkin_ws/install/ikinterface/share/ament_index/resource_index/parent_prefix_path/ikinterface
[6.004s] -- Up-to-date: /home/asureshkumar/catkin_ws/install/ikinterface/share/ikinterface/environment/ament_prefix_path.sh
[6.004s] -- Installing: /home/asureshkumar/catkin_ws/install/ikinterface/share/ikinterface/environment/ament_prefix_path.dsv
[6.004s] -- Up-to-date: /home/asureshkumar/catkin_ws/install/ikinterface/share/ikinterface/environment/path.sh
[6.004s] -- Installing: /home/asureshkumar/catkin_ws/install/ikinterface/share/ikinterface/environment/path.dsv
[6.005s] -- Up-to-date: /home/asureshkumar/catkin_ws/install/ikinterface/share/ikinterface/local_setup.bash
[6.005s] -- Up-to-date: /home/asureshkumar/catkin_ws/install/ikinterface/share/ikinterface/local_setup.sh
[6.005s] -- Up-to-date: /home/asureshkumar/catkin_ws/install/ikinterface/share/ikinterface/local_setup.zsh
[6.005s] -- Installing: /home/asureshkumar/catkin_ws/install/ikinterface/share/ikinterface/local_setup.dsv
[6.005s] -- Installing: /home/asureshkumar/catkin_ws/install/ikinterface/share/ikinterface/package.dsv
[6.005s] -- Up-to-date: /home/asureshkumar/catkin_ws/install/ikinterface/share/ament_index/resource_index/packages/ikinterface
[6.005s] -- Up-to-date: /home/asureshkumar/catkin_ws/install/ikinterface/share/ikinterface/cmake/export_ikinterface__rosidl_generator_cExport.cmake
[6.005s] -- Up-to-date: /home/asureshkumar/catkin_ws/install/ikinterface/share/ikinterface/cmake/export_ikinterface__rosidl_generator_cExport-noconfig.cmake
[6.006s] -- Up-to-date: /home/asureshkumar/catkin_ws/install/ikinterface/share/ikinterface/cmake/export_ikinterface__rosidl_typesupport_fastrtps_cExport.cmake
[6.006s] -- Up-to-date: /home/asureshkumar/catkin_ws/install/ikinterface/share/ikinterface/cmake/export_ikinterface__rosidl_typesupport_fastrtps_cExport-noconfig.cmake
[6.006s] -- Up-to-date: /home/asureshkumar/catkin_ws/install/ikinterface/share/ikinterface/cmake/ikinterface__rosidl_typesupport_introspection_cExport.cmake
[6.006s] -- Up-to-date: /home/asureshkumar/catkin_ws/install/ikinterface/share/ikinterface/cmake/ikinterface__rosidl_typesupport_introspection_cExport-noconfig.cmake
[6.006s] -- Up-to-date: /home/asureshkumar/catkin_ws/install/ikinterface/share/ikinterface/cmake/ikinterface__rosidl_typesupport_cExport.cmake
[6.006s] -- Up-to-date: /home/asureshkumar/catkin_ws/install/ikinterface/share/ikinterface/cmake/ikinterface__rosidl_typesupport_cExport-noconfig.cmake
[6.007s] -- Up-to-date: /home/asureshkumar/catkin_ws/install/ikinterface/share/ikinterface/cmake/export_ikinterface__rosidl_generator_cppExport.cmake
[6.007s] -- Up-to-date: /home/asureshkumar/catkin_ws/install/ikinterface/share/ikinterface/cmake/export_ikinterface__rosidl_typesupport_fastrtps_cppExport.cmake
[6.007s] -- Up-to-date: /home/asureshkumar/catkin_ws/install/ikinterface/share/ikinterface/cmake/export_ikinterface__rosidl_typesupport_fastrtps_cppExport-noconfig.cmake
[6.007s] -- Up-to-date: /home/asureshkumar/catkin_ws/install/ikinterface/share/ikinterface/cmake/ikinterface__rosidl_typesupport_introspection_cppExport.cmake
[6.007s] -- Up-to-date: /home/asureshkumar/catkin_ws/install/ikinterface/share/ikinterface/cmake/ikinterface__rosidl_typesupport_introspection_cppExport-noconfig.cmake
[6.007s] -- Up-to-date: /home/asureshkumar/catkin_ws/install/ikinterface/share/ikinterface/cmake/ikinterface__rosidl_typesupport_cppExport.cmake
[6.008s] -- Up-to-date: /home/asureshkumar/catkin_ws/install/ikinterface/share/ikinterface/cmake/ikinterface__rosidl_typesupport_cppExport-noconfig.cmake
[6.008s] -- Up-to-date: /home/asureshkumar/catkin_ws/install/ikinterface/share/ikinterface/cmake/export_ikinterface__rosidl_generator_pyExport.cmake
[6.008s] -- Up-to-date: /home/asureshkumar/catkin_ws/install/ikinterface/share/ikinterface/cmake/export_ikinterface__rosidl_generator_pyExport-noconfig.cmake
[6.008s] -- Installing: /home/asureshkumar/catkin_ws/install/ikinterface/share/ikinterface/cmake/rosidl_cmake-extras.cmake
[6.008s] -- Up-to-date: /home/asureshkumar/catkin_ws/install/ikinterface/share/ikinterface/cmake/ament_cmake_export_include_directories-extras.cmake
[6.008s] -- Up-to-date: /home/asureshkumar/catkin_ws/install/ikinterface/share/ikinterface/cmake/ament_cmake_export_libraries-extras.cmake
[6.008s] -- Up-to-date: /home/asureshkumar/catkin_ws/install/ikinterface/share/ikinterface/cmake/ament_cmake_export_targets-extras.cmake
[6.009s] -- Up-to-date: /home/asureshkumar/catkin_ws/install/ikinterface/share/ikinterface/cmake/rosidl_cmake_export_typesupport_targets-extras.cmake
[6.009s] -- Up-to-date: /home/asureshkumar/catkin_ws/install/ikinterface/share/ikinterface/cmake/ament_cmake_export_dependencies-extras.cmake
[6.009s] -- Up-to-date: /home/asureshkumar/catkin_ws/install/ikinterface/share/ikinterface/cmake/rosidl_cmake_export_typesupport_libraries-extras.cmake
[6.009s] -- Up-to-date: /home/asureshkumar/catkin_ws/install/ikinterface/share/ikinterface/cmake/ikinterfaceConfig.cmake
[6.009s] -- Up-to-date: /home/asureshkumar/catkin_ws/install/ikinterface/share/ikinterface/cmake/ikinterfaceConfig-version.cmake
[6.009s] -- Up-to-date: /home/asureshkumar/catkin_ws/install/ikinterface/share/ikinterface/package.xml
[6.014s] Invoked command in '/home/asureshkumar/catkin_ws/build/ikinterface' returned '0': CMAKE_PREFIX_PATH=${CMAKE_PREFIX_PATH}:/home/asureshkumar/catkin_ws/install/py_srvcli:/home/asureshkumar/catkin_ws/install/FK:/opt/ros/humble /usr/bin/cmake --install /home/asureshkumar/catkin_ws/build/ikinterface
