[0.019s] Invoking command in '/home/asureshkumar/catkin_ws/build/rrbot_gazebo': CMAKE_PREFIX_PATH=/home/asureshkumar/catkin_ws/install/rrbot_description:/home/asureshkumar/catkin_ws/install/rrbot_gazebo:/home/asureshkumar/catkin_ws/install/ikinterface:/opt/ros/humble:/home/asureshkumar/catkin_ws/install/py_srvcli:/home/asureshkumar/catkin_ws/install/FK /usr/bin/cmake --build /home/asureshkumar/catkin_ws/build/rrbot_gazebo -- -j8 -l8
[0.113s] [ 50%] Built target publisher
[0.118s] [100%] Built target switch
[0.138s] Invoked command in '/home/asureshkumar/catkin_ws/build/rrbot_gazebo' returned '0': CMAKE_PREFIX_PATH=/home/asureshkumar/catkin_ws/install/rrbot_description:/home/asureshkumar/catkin_ws/install/rrbot_gazebo:/home/asureshkumar/catkin_ws/install/ikinterface:/opt/ros/humble:/home/asureshkumar/catkin_ws/install/py_srvcli:/home/asureshkumar/catkin_ws/install/FK /usr/bin/cmake --build /home/asureshkumar/catkin_ws/build/rrbot_gazebo -- -j8 -l8
[0.207s] Invoking command in '/home/asureshkumar/catkin_ws/build/rrbot_gazebo': CMAKE_PREFIX_PATH=/home/asureshkumar/catkin_ws/install/rrbot_description:/home/asureshkumar/catkin_ws/install/rrbot_gazebo:/home/asureshkumar/catkin_ws/install/ikinterface:/opt/ros/humble:/home/asureshkumar/catkin_ws/install/py_srvcli:/home/asureshkumar/catkin_ws/install/FK /usr/bin/cmake --install /home/asureshkumar/catkin_ws/build/rrbot_gazebo
[0.208s] -- Install configuration: ""
[0.208s] -- Up-to-date: /home/asureshkumar/catkin_ws/install/rrbot_gazebo/lib/rrbot_gazebo/publisher
[0.209s] -- Up-to-date: /home/asureshkumar/catkin_ws/install/rrbot_gazebo/lib/rrbot_gazebo/switch
[0.210s] -- Up-to-date: /home/asureshkumar/catkin_ws/install/rrbot_gazebo/share/rrbot_gazebo/launch
[0.210s] -- Up-to-date: /home/asureshkumar/catkin_ws/install/rrbot_gazebo/share/rrbot_gazebo/launch/rrbot_world.launch.py
[0.211s] -- Up-to-date: /home/asureshkumar/catkin_ws/install/rrbot_gazebo/share/rrbot_gazebo/worlds
[0.211s] -- Up-to-date: /home/asureshkumar/catkin_ws/install/rrbot_gazebo/share/rrbot_gazebo/worlds/rrbot.world
[0.211s] -- Up-to-date: /home/asureshkumar/catkin_ws/install/rrbot_gazebo/share/rrbot_gazebo/config
[0.211s] -- Up-to-date: /home/asureshkumar/catkin_ws/install/rrbot_gazebo/share/rrbot_gazebo/config/controllers.yaml
[0.212s] -- Up-to-date: /home/asureshkumar/catkin_ws/install/rrbot_gazebo/share/rrbot_gazebo/config/gazebo_controllers.yaml
[0.212s] -- Up-to-date: /home/asureshkumar/catkin_ws/install/rrbot_gazebo/share/ament_index/resource_index/package_run_dependencies/rrbot_gazebo
[0.212s] -- Up-to-date: /home/asureshkumar/catkin_ws/install/rrbot_gazebo/share/ament_index/resource_index/parent_prefix_path/rrbot_gazebo
[0.212s] -- Up-to-date: /home/asureshkumar/catkin_ws/install/rrbot_gazebo/share/rrbot_gazebo/environment/ament_prefix_path.sh
[0.212s] -- Up-to-date: /home/asureshkumar/catkin_ws/install/rrbot_gazebo/share/rrbot_gazebo/environment/ament_prefix_path.dsv
[0.213s] -- Up-to-date: /home/asureshkumar/catkin_ws/install/rrbot_gazebo/share/rrbot_gazebo/environment/path.sh
[0.213s] -- Up-to-date: /home/asureshkumar/catkin_ws/install/rrbot_gazebo/share/rrbot_gazebo/environment/path.dsv
[0.213s] -- Up-to-date: /home/asureshkumar/catkin_ws/install/rrbot_gazebo/share/rrbot_gazebo/local_setup.bash
[0.213s] -- Up-to-date: /home/asureshkumar/catkin_ws/install/rrbot_gazebo/share/rrbot_gazebo/local_setup.sh
[0.214s] -- Up-to-date: /home/asureshkumar/catkin_ws/install/rrbot_gazebo/share/rrbot_gazebo/local_setup.zsh
[0.214s] -- Up-to-date: /home/asureshkumar/catkin_ws/install/rrbot_gazebo/share/rrbot_gazebo/local_setup.dsv
[0.214s] -- Installing: /home/asureshkumar/catkin_ws/install/rrbot_gazebo/share/rrbot_gazebo/package.dsv
[0.214s] -- Up-to-date: /home/asureshkumar/catkin_ws/install/rrbot_gazebo/share/ament_index/resource_index/packages/rrbot_gazebo
[0.214s] -- Up-to-date: /home/asureshkumar/catkin_ws/install/rrbot_gazebo/share/rrbot_gazebo/cmake/rrbot_gazeboConfig.cmake
[0.214s] -- Up-to-date: /home/asureshkumar/catkin_ws/install/rrbot_gazebo/share/rrbot_gazebo/cmake/rrbot_gazeboConfig-version.cmake
[0.215s] -- Up-to-date: /home/asureshkumar/catkin_ws/install/rrbot_gazebo/share/rrbot_gazebo/package.xml
[0.215s] Invoked command in '/home/asureshkumar/catkin_ws/build/rrbot_gazebo' returned '0': CMAKE_PREFIX_PATH=/home/asureshkumar/catkin_ws/install/rrbot_description:/home/asureshkumar/catkin_ws/install/rrbot_gazebo:/home/asureshkumar/catkin_ws/install/ikinterface:/opt/ros/humble:/home/asureshkumar/catkin_ws/install/py_srvcli:/home/asureshkumar/catkin_ws/install/FK /usr/bin/cmake --install /home/asureshkumar/catkin_ws/build/rrbot_gazebo
