[1.753s] Invoking command in '/home/asureshkumar/catkin_ws/src/FK': PYTHONPATH=/home/asureshkumar/catkin_ws/build/FK/prefix_override:/home/asureshkumar/catkin_ws/install/FK/lib/python3.10/site-packages:${PYTHONPATH} /usr/bin/python3 setup.py egg_info --egg-base ../../build/FK build --build-base /home/asureshkumar/catkin_ws/build/FK/build install --record /home/asureshkumar/catkin_ws/build/FK/install.log --single-version-externally-managed
[2.143s] running egg_info
[2.144s] writing ../../build/FK/FK.egg-info/PKG-INFO
[2.144s] writing dependency_links to ../../build/FK/FK.egg-info/dependency_links.txt
[2.145s] writing entry points to ../../build/FK/FK.egg-info/entry_points.txt
[2.145s] writing requirements to ../../build/FK/FK.egg-info/requires.txt
[2.145s] writing top-level names to ../../build/FK/FK.egg-info/top_level.txt
[2.148s] reading manifest file '../../build/FK/FK.egg-info/SOURCES.txt'
[2.149s] writing manifest file '../../build/FK/FK.egg-info/SOURCES.txt'
[2.150s] running build
[2.150s] running build_py
[2.150s] running install
[2.150s] /usr/lib/python3/dist-packages/setuptools/command/install.py:34: SetuptoolsDeprecationWarning: setup.py install is deprecated. Use build and pip and other standards-based tools.
[2.150s]   warnings.warn(
[2.151s] running install_lib
[2.152s] running install_data
[2.153s] running install_egg_info
[2.156s] removing '/home/asureshkumar/catkin_ws/install/FK/lib/python3.10/site-packages/FK-0.0.0-py3.10.egg-info' (and everything under it)
[2.156s] Copying ../../build/FK/FK.egg-info to /home/asureshkumar/catkin_ws/install/FK/lib/python3.10/site-packages/FK-0.0.0-py3.10.egg-info
[2.157s] running install_scripts
[2.190s] Installing listener script to /home/asureshkumar/catkin_ws/install/FK/lib/FK
[2.190s] writing list of installed files to '/home/asureshkumar/catkin_ws/build/FK/install.log'
[2.240s] Invoked command in '/home/asureshkumar/catkin_ws/src/FK' returned '0': PYTHONPATH=/home/asureshkumar/catkin_ws/build/FK/prefix_override:/home/asureshkumar/catkin_ws/install/FK/lib/python3.10/site-packages:${PYTHONPATH} /usr/bin/python3 setup.py egg_info --egg-base ../../build/FK build --build-base /home/asureshkumar/catkin_ws/build/FK/build install --record /home/asureshkumar/catkin_ws/build/FK/install.log --single-version-externally-managed
