[0.039s] Invoking command in '/home/asureshkumar/catkin_ws/build/rrbot_description': CMAKE_PREFIX_PATH=${CMAKE_PREFIX_PATH}:/opt/ros/humble:/home/asureshkumar/catkin_ws/install/py_srvcli:/home/asureshkumar/catkin_ws/install/FK /usr/bin/cmake --build /home/asureshkumar/catkin_ws/build/rrbot_description -- -j8 -l8
[0.329s] Invoked command in '/home/asureshkumar/catkin_ws/build/rrbot_description' returned '0': CMAKE_PREFIX_PATH=${CMAKE_PREFIX_PATH}:/opt/ros/humble:/home/asureshkumar/catkin_ws/install/py_srvcli:/home/asureshkumar/catkin_ws/install/FK /usr/bin/cmake --build /home/asureshkumar/catkin_ws/build/rrbot_description -- -j8 -l8
[0.667s] Invoking command in '/home/asureshkumar/catkin_ws/build/rrbot_description': CMAKE_PREFIX_PATH=${CMAKE_PREFIX_PATH}:/opt/ros/humble:/home/asureshkumar/catkin_ws/install/py_srvcli:/home/asureshkumar/catkin_ws/install/FK /usr/bin/cmake --install /home/asureshkumar/catkin_ws/build/rrbot_description
[0.676s] -- Install configuration: ""
[0.676s] -- Up-to-date: /home/asureshkumar/catkin_ws/install/rrbot_description/share/rrbot_description/config
[0.677s] -- Up-to-date: /home/asureshkumar/catkin_ws/install/rrbot_description/share/rrbot_description/config/rrbot.rviz
[0.677s] -- Up-to-date: /home/asureshkumar/catkin_ws/install/rrbot_description/share/rrbot_description/gazebo
[0.677s] -- Up-to-date: /home/asureshkumar/catkin_ws/install/rrbot_description/share/rrbot_description/gazebo/rrbot.materials.xacro
[0.677s] -- Up-to-date: /home/asureshkumar/catkin_ws/install/rrbot_description/share/rrbot_description/gazebo/rrbot.gazebo.xacro
[0.678s] -- Up-to-date: /home/asureshkumar/catkin_ws/install/rrbot_description/share/rrbot_description/meshes
[0.678s] -- Up-to-date: /home/asureshkumar/catkin_ws/install/rrbot_description/share/rrbot_description/meshes/hokuyo.dae
[0.678s] -- Up-to-date: /home/asureshkumar/catkin_ws/install/rrbot_description/share/rrbot_description/launch
[0.678s] -- Up-to-date: /home/asureshkumar/catkin_ws/install/rrbot_description/share/rrbot_description/launch/view_robot.launch.py
[0.678s] -- Up-to-date: /home/asureshkumar/catkin_ws/install/rrbot_description/share/rrbot_description/ros2_control
[0.678s] -- Up-to-date: /home/asureshkumar/catkin_ws/install/rrbot_description/share/rrbot_description/ros2_control/rrbot.ros2_control.xacro
[0.678s] -- Up-to-date: /home/asureshkumar/catkin_ws/install/rrbot_description/share/rrbot_description/urdf
[0.679s] -- Up-to-date: /home/asureshkumar/catkin_ws/install/rrbot_description/share/rrbot_description/urdf/rrbot_description.urdf.xacro
[0.679s] -- Up-to-date: /home/asureshkumar/catkin_ws/install/rrbot_description/share/rrbot_description/urdf/rrbot.urdf.xacro
[0.679s] -- Up-to-date: /home/asureshkumar/catkin_ws/install/rrbot_description/share/rrbot_description/environment/rrbot_description.dsv
[0.679s] -- Up-to-date: /home/asureshkumar/catkin_ws/install/rrbot_description/share/ament_index/resource_index/package_run_dependencies/rrbot_description
[0.679s] -- Up-to-date: /home/asureshkumar/catkin_ws/install/rrbot_description/share/ament_index/resource_index/parent_prefix_path/rrbot_description
[0.680s] -- Up-to-date: /home/asureshkumar/catkin_ws/install/rrbot_description/share/rrbot_description/environment/ament_prefix_path.sh
[0.680s] -- Up-to-date: /home/asureshkumar/catkin_ws/install/rrbot_description/share/rrbot_description/environment/ament_prefix_path.dsv
[0.681s] -- Up-to-date: /home/asureshkumar/catkin_ws/install/rrbot_description/share/rrbot_description/environment/path.sh
[0.681s] -- Up-to-date: /home/asureshkumar/catkin_ws/install/rrbot_description/share/rrbot_description/environment/path.dsv
[0.682s] -- Up-to-date: /home/asureshkumar/catkin_ws/install/rrbot_description/share/rrbot_description/local_setup.bash
[0.683s] -- Up-to-date: /home/asureshkumar/catkin_ws/install/rrbot_description/share/rrbot_description/local_setup.sh
[0.683s] -- Up-to-date: /home/asureshkumar/catkin_ws/install/rrbot_description/share/rrbot_description/local_setup.zsh
[0.683s] -- Up-to-date: /home/asureshkumar/catkin_ws/install/rrbot_description/share/rrbot_description/local_setup.dsv
[0.684s] -- Installing: /home/asureshkumar/catkin_ws/install/rrbot_description/share/rrbot_description/package.dsv
[0.684s] -- Up-to-date: /home/asureshkumar/catkin_ws/install/rrbot_description/share/ament_index/resource_index/packages/rrbot_description
[0.685s] -- Up-to-date: /home/asureshkumar/catkin_ws/install/rrbot_description/share/rrbot_description/cmake/rrbot_descriptionConfig.cmake
[0.685s] -- Up-to-date: /home/asureshkumar/catkin_ws/install/rrbot_description/share/rrbot_description/cmake/rrbot_descriptionConfig-version.cmake
[0.685s] -- Up-to-date: /home/asureshkumar/catkin_ws/install/rrbot_description/share/rrbot_description/package.xml
[0.686s] Invoked command in '/home/asureshkumar/catkin_ws/build/rrbot_description' returned '0': CMAKE_PREFIX_PATH=${CMAKE_PREFIX_PATH}:/opt/ros/humble:/home/asureshkumar/catkin_ws/install/py_srvcli:/home/asureshkumar/catkin_ws/install/FK /usr/bin/cmake --install /home/asureshkumar/catkin_ws/build/rrbot_description
