[0.018s] Invoking command in '/home/asureshkumar/catkin_ws/build/rrbot_gazebo': CMAKE_PREFIX_PATH=/home/asureshkumar/catkin_ws/install/rrbot_description:/home/asureshkumar/catkin_ws/install/rrbot_gazebo:/home/asureshkumar/catkin_ws/install/ikinterface:/opt/ros/humble:/home/asureshkumar/catkin_ws/install/py_srvcli:/home/asureshkumar/catkin_ws/install/FK /usr/bin/cmake --build /home/asureshkumar/catkin_ws/build/rrbot_gazebo -- -j8 -l8
[0.121s] [ 50%] Built target publisher
[0.122s] [100%] Built target switch
[0.142s] Invoked command in '/home/asureshkumar/catkin_ws/build/rrbot_gazebo' returned '0': CMAKE_PREFIX_PATH=/home/asureshkumar/catkin_ws/install/rrbot_description:/home/asureshkumar/catkin_ws/install/rrbot_gazebo:/home/asureshkumar/catkin_ws/install/ikinterface:/opt/ros/humble:/home/asureshkumar/catkin_ws/install/py_srvcli:/home/asureshkumar/catkin_ws/install/FK /usr/bin/cmake --build /home/asureshkumar/catkin_ws/build/rrbot_gazebo -- -j8 -l8
[0.210s] Invoking command in '/home/asureshkumar/catkin_ws/build/rrbot_gazebo': CMAKE_PREFIX_PATH=/home/asureshkumar/catkin_ws/install/rrbot_description:/home/asureshkumar/catkin_ws/install/rrbot_gazebo:/home/asureshkumar/catkin_ws/install/ikinterface:/opt/ros/humble:/home/asureshkumar/catkin_ws/install/py_srvcli:/home/asureshkumar/catkin_ws/install/FK /usr/bin/cmake --install /home/asureshkumar/catkin_ws/build/rrbot_gazebo
[0.225s] -- Install configuration: ""
[0.226s] -- Up-to-date: /home/asureshkumar/catkin_ws/install/rrbot_gazebo/lib/rrbot_gazebo/publisher
[0.226s] -- Up-to-date: /home/asureshkumar/catkin_ws/install/rrbot_gazebo/lib/rrbot_gazebo/switch
[0.226s] -- Up-to-date: /home/asureshkumar/catkin_ws/install/rrbot_gazebo/share/rrbot_gazebo/launch
[0.226s] -- Up-to-date: /home/asureshkumar/catkin_ws/install/rrbot_gazebo/share/rrbot_gazebo/launch/rrbot_world.launch.py
[0.226s] -- Up-to-date: /home/asureshkumar/catkin_ws/install/rrbot_gazebo/share/rrbot_gazebo/worlds
[0.227s] -- Up-to-date: /home/asureshkumar/catkin_ws/install/rrbot_gazebo/share/rrbot_gazebo/worlds/rrbot.world
[0.227s] -- Up-to-date: /home/asureshkumar/catkin_ws/install/rrbot_gazebo/share/rrbot_gazebo/config
[0.227s] -- Up-to-date: /home/asureshkumar/catkin_ws/install/rrbot_gazebo/share/rrbot_gazebo/config/controllers.yaml
[0.231s] -- Up-to-date: /home/asureshkumar/catkin_ws/install/rrbot_gazebo/share/rrbot_gazebo/config/gazebo_controllers.yaml
[0.232s] -- Up-to-date: /home/asureshkumar/catkin_ws/install/rrbot_gazebo/share/ament_index/resource_index/package_run_dependencies/rrbot_gazebo
[0.232s] -- Up-to-date: /home/asureshkumar/catkin_ws/install/rrbot_gazebo/share/ament_index/resource_index/parent_prefix_path/rrbot_gazebo
[0.233s] -- Up-to-date: /home/asureshkumar/catkin_ws/install/rrbot_gazebo/share/rrbot_gazebo/environment/ament_prefix_path.sh
[0.233s] -- Up-to-date: /home/asureshkumar/catkin_ws/install/rrbot_gazebo/share/rrbot_gazebo/environment/ament_prefix_path.dsv
[0.234s] -- Up-to-date: /home/asureshkumar/catkin_ws/install/rrbot_gazebo/share/rrbot_gazebo/environment/path.sh
[0.234s] -- Up-to-date: /home/asureshkumar/catkin_ws/install/rrbot_gazebo/share/rrbot_gazebo/environment/path.dsv
[0.235s] -- Up-to-date: /home/asureshkumar/catkin_ws/install/rrbot_gazebo/share/rrbot_gazebo/local_setup.bash
[0.235s] -- Up-to-date: /home/asureshkumar/catkin_ws/install/rrbot_gazebo/share/rrbot_gazebo/local_setup.sh
[0.235s] -- Up-to-date: /home/asureshkumar/catkin_ws/install/rrbot_gazebo/share/rrbot_gazebo/local_setup.zsh
[0.236s] -- Up-to-date: /home/asureshkumar/catkin_ws/install/rrbot_gazebo/share/rrbot_gazebo/local_setup.dsv
[0.237s] -- Installing: /home/asureshkumar/catkin_ws/install/rrbot_gazebo/share/rrbot_gazebo/package.dsv
[0.241s] -- Up-to-date: /home/asureshkumar/catkin_ws/install/rrbot_gazebo/share/ament_index/resource_index/packages/rrbot_gazebo
[0.241s] -- Up-to-date: /home/asureshkumar/catkin_ws/install/rrbot_gazebo/share/rrbot_gazebo/cmake/rrbot_gazeboConfig.cmake
[0.242s] -- Up-to-date: /home/asureshkumar/catkin_ws/install/rrbot_gazebo/share/rrbot_gazebo/cmake/rrbot_gazeboConfig-version.cmake
[0.242s] -- Up-to-date: /home/asureshkumar/catkin_ws/install/rrbot_gazebo/share/rrbot_gazebo/package.xml
[0.243s] Invoked command in '/home/asureshkumar/catkin_ws/build/rrbot_gazebo' returned '0': CMAKE_PREFIX_PATH=/home/asureshkumar/catkin_ws/install/rrbot_description:/home/asureshkumar/catkin_ws/install/rrbot_gazebo:/home/asureshkumar/catkin_ws/install/ikinterface:/opt/ros/humble:/home/asureshkumar/catkin_ws/install/py_srvcli:/home/asureshkumar/catkin_ws/install/FK /usr/bin/cmake --install /home/asureshkumar/catkin_ws/build/rrbot_gazebo
