[0.007s] Invoking command in '/home/asureshkumar/catkin_ws/build/rrbot_gazebo': AMENT_PREFIX_PATH=/home/asureshkumar/catkin_ws/install/rrbot_description CMAKE_PREFIX_PATH=/home/asureshkumar/catkin_ws/install/rrbot_description /usr/bin/cmake --build /home/asureshkumar/catkin_ws/build/rrbot_gazebo -- -j8 -l8
[0.073s] [ 50%] Built target publisher
[0.084s] [100%] Built target switch
[0.089s] Invoked command in '/home/asureshkumar/catkin_ws/build/rrbot_gazebo' returned '0': AMENT_PREFIX_PATH=/home/asureshkumar/catkin_ws/install/rrbot_description CMAKE_PREFIX_PATH=/home/asureshkumar/catkin_ws/install/rrbot_description /usr/bin/cmake --build /home/asureshkumar/catkin_ws/build/rrbot_gazebo -- -j8 -l8
[0.139s] Invoking command in '/home/asureshkumar/catkin_ws/build/rrbot_gazebo': AMENT_PREFIX_PATH=/home/asureshkumar/catkin_ws/install/rrbot_description CMAKE_PREFIX_PATH=/home/asureshkumar/catkin_ws/install/rrbot_description /usr/bin/cmake --install /home/asureshkumar/catkin_ws/build/rrbot_gazebo
[0.141s] -- Install configuration: ""
[0.141s] -- Up-to-date: /home/asureshkumar/catkin_ws/install/rrbot_gazebo/lib/rrbot_gazebo/publisher
[0.141s] -- Up-to-date: /home/asureshkumar/catkin_ws/install/rrbot_gazebo/lib/rrbot_gazebo/switch
[0.141s] -- Up-to-date: /home/asureshkumar/catkin_ws/install/rrbot_gazebo/share/rrbot_gazebo/launch
[0.142s] -- Up-to-date: /home/asureshkumar/catkin_ws/install/rrbot_gazebo/share/rrbot_gazebo/launch/rrbot_world.launch.py
[0.142s] -- Up-to-date: /home/asureshkumar/catkin_ws/install/rrbot_gazebo/share/rrbot_gazebo/worlds
[0.144s] -- Up-to-date: /home/asureshkumar/catkin_ws/install/rrbot_gazebo/share/rrbot_gazebo/worlds/rrbot.world
[0.144s] -- Up-to-date: /home/asureshkumar/catkin_ws/install/rrbot_gazebo/share/rrbot_gazebo/config
[0.144s] -- Up-to-date: /home/asureshkumar/catkin_ws/install/rrbot_gazebo/share/rrbot_gazebo/config/controllers.yaml
[0.145s] -- Up-to-date: /home/asureshkumar/catkin_ws/install/rrbot_gazebo/share/rrbot_gazebo/config/gazebo_controllers.yaml
[0.145s] -- Up-to-date: /home/asureshkumar/catkin_ws/install/rrbot_gazebo/share/ament_index/resource_index/package_run_dependencies/rrbot_gazebo
[0.145s] -- Up-to-date: /home/asureshkumar/catkin_ws/install/rrbot_gazebo/share/ament_index/resource_index/parent_prefix_path/rrbot_gazebo
[0.145s] -- Up-to-date: /home/asureshkumar/catkin_ws/install/rrbot_gazebo/share/rrbot_gazebo/environment/ament_prefix_path.sh
[0.146s] -- Up-to-date: /home/asureshkumar/catkin_ws/install/rrbot_gazebo/share/rrbot_gazebo/environment/ament_prefix_path.dsv
[0.148s] -- Up-to-date: /home/asureshkumar/catkin_ws/install/rrbot_gazebo/share/rrbot_gazebo/environment/path.sh
[0.149s] -- Up-to-date: /home/asureshkumar/catkin_ws/install/rrbot_gazebo/share/rrbot_gazebo/environment/path.dsv
[0.149s] -- Up-to-date: /home/asureshkumar/catkin_ws/install/rrbot_gazebo/share/rrbot_gazebo/local_setup.bash
[0.149s] -- Up-to-date: /home/asureshkumar/catkin_ws/install/rrbot_gazebo/share/rrbot_gazebo/local_setup.sh
[0.150s] -- Up-to-date: /home/asureshkumar/catkin_ws/install/rrbot_gazebo/share/rrbot_gazebo/local_setup.zsh
[0.150s] -- Up-to-date: /home/asureshkumar/catkin_ws/install/rrbot_gazebo/share/rrbot_gazebo/local_setup.dsv
[0.150s] -- Installing: /home/asureshkumar/catkin_ws/install/rrbot_gazebo/share/rrbot_gazebo/package.dsv
[0.150s] -- Up-to-date: /home/asureshkumar/catkin_ws/install/rrbot_gazebo/share/ament_index/resource_index/packages/rrbot_gazebo
[0.151s] -- Up-to-date: /home/asureshkumar/catkin_ws/install/rrbot_gazebo/share/rrbot_gazebo/cmake/rrbot_gazeboConfig.cmake
[0.151s] -- Up-to-date: /home/asureshkumar/catkin_ws/install/rrbot_gazebo/share/rrbot_gazebo/cmake/rrbot_gazeboConfig-version.cmake
[0.151s] -- Up-to-date: /home/asureshkumar/catkin_ws/install/rrbot_gazebo/share/rrbot_gazebo/package.xml
[0.158s] Invoked command in '/home/asureshkumar/catkin_ws/build/rrbot_gazebo' returned '0': AMENT_PREFIX_PATH=/home/asureshkumar/catkin_ws/install/rrbot_description CMAKE_PREFIX_PATH=/home/asureshkumar/catkin_ws/install/rrbot_description /usr/bin/cmake --install /home/asureshkumar/catkin_ws/build/rrbot_gazebo
