[4.072s] Invoking command in '/home/aadesh/catkin_ws/src/Foundation_Project/py_srvcli': PYTHONPATH=/home/aadesh/catkin_ws/install/py_srvcli/lib/python3.10/site-packages:${PYTHONPATH} /usr/bin/python3 setup.py egg_info --egg-base ../../../build/py_srvcli build --build-base /home/aadesh/catkin_ws/build/py_srvcli/build install --prefix /home/aadesh/catkin_ws/install/py_srvcli --record /home/aadesh/catkin_ws/build/py_srvcli/install.log --single-version-externally-managed
[5.656s] running egg_info
[5.664s] writing ../../../build/py_srvcli/py_srvcli.egg-info/PKG-INFO
[5.665s] writing dependency_links to ../../../build/py_srvcli/py_srvcli.egg-info/dependency_links.txt
[5.666s] writing entry points to ../../../build/py_srvcli/py_srvcli.egg-info/entry_points.txt
[5.666s] writing requirements to ../../../build/py_srvcli/py_srvcli.egg-info/requires.txt
[5.666s] writing top-level names to ../../../build/py_srvcli/py_srvcli.egg-info/top_level.txt
[5.675s] reading manifest file '../../../build/py_srvcli/py_srvcli.egg-info/SOURCES.txt'
[5.681s] writing manifest file '../../../build/py_srvcli/py_srvcli.egg-info/SOURCES.txt'
[5.682s] running build
[5.682s] running build_py
[5.683s] copying py_srvcli/control_bitch.py -> /home/aadesh/catkin_ws/build/py_srvcli/build/lib/py_srvcli
[5.684s] running install
[5.684s] /usr/lib/python3/dist-packages/setuptools/command/install.py:34: SetuptoolsDeprecationWarning: setup.py install is deprecated. Use build and pip and other standards-based tools.
[5.684s]   warnings.warn(
[5.684s] running install_lib
[5.694s] copying /home/aadesh/catkin_ws/build/py_srvcli/build/lib/py_srvcli/control_bitch.py -> /home/aadesh/catkin_ws/install/py_srvcli/lib/python3.10/site-packages/py_srvcli
[5.698s] byte-compiling /home/aadesh/catkin_ws/install/py_srvcli/lib/python3.10/site-packages/py_srvcli/velocity_controller copy.py to velocity_controller copy.cpython-310.pyc
[5.699s] Sorry: TabError: inconsistent use of tabs and spaces in indentation (velocity_controller copy.py, line 50)
[5.699s] byte-compiling /home/aadesh/catkin_ws/install/py_srvcli/lib/python3.10/site-packages/py_srvcli/control_bitch.py to control_bitch.cpython-310.pyc
[5.711s] running install_data
[5.715s] running install_egg_info
[5.727s] removing '/home/aadesh/catkin_ws/install/py_srvcli/lib/python3.10/site-packages/py_srvcli-0.0.0-py3.10.egg-info' (and everything under it)
[5.729s] Copying ../../../build/py_srvcli/py_srvcli.egg-info to /home/aadesh/catkin_ws/install/py_srvcli/lib/python3.10/site-packages/py_srvcli-0.0.0-py3.10.egg-info
[5.733s] running install_scripts
[5.861s] Installing control script to /home/aadesh/catkin_ws/install/py_srvcli/lib/py_srvcli
[5.862s] Installing listener script to /home/aadesh/catkin_ws/install/py_srvcli/lib/py_srvcli
[5.862s] Installing service script to /home/aadesh/catkin_ws/install/py_srvcli/lib/py_srvcli
[5.865s] Installing vel script to /home/aadesh/catkin_ws/install/py_srvcli/lib/py_srvcli
[5.867s] writing list of installed files to '/home/aadesh/catkin_ws/build/py_srvcli/install.log'
[6.071s] Invoked command in '/home/aadesh/catkin_ws/src/Foundation_Project/py_srvcli' returned '0': PYTHONPATH=/home/aadesh/catkin_ws/install/py_srvcli/lib/python3.10/site-packages:${PYTHONPATH} /usr/bin/python3 setup.py egg_info --egg-base ../../../build/py_srvcli build --build-base /home/aadesh/catkin_ws/build/py_srvcli/build install --prefix /home/aadesh/catkin_ws/install/py_srvcli --record /home/aadesh/catkin_ws/build/py_srvcli/install.log --single-version-externally-managed
