[1.395s] DEBUG:colcon:Command line arguments: ['/usr/bin/colcon', 'build', '--packages-select', 'py_srvcli']
[1.395s] DEBUG:colcon:Parsed command line arguments: Namespace(log_base=None, log_level=None, verb_name='build', build_base='build', install_base='install', merge_install=False, symlink_install=False, test_result_base=None, continue_on_error=False, executor='parallel', parallel_workers=8, event_handlers=None, ignore_user_meta=False, metas=['./colcon.meta'], base_paths=['.'], packages_ignore=None, packages_ignore_regex=None, paths=None, packages_up_to=None, packages_up_to_regex=None, packages_above=None, packages_above_and_dependencies=None, packages_above_depth=None, packages_select_by_dep=None, packages_skip_by_dep=None, packages_skip_up_to=None, packages_select_build_failed=False, packages_skip_build_finished=False, packages_select_test_failures=False, packages_skip_test_passed=False, packages_select=['py_srvcli'], packages_skip=None, packages_select_regex=None, packages_skip_regex=None, packages_start=None, packages_end=None, allow_overriding=[], cmake_args=None, cmake_target=None, cmake_target_skip_unavailable=False, cmake_clean_cache=False, cmake_clean_first=False, cmake_force_configure=False, ament_cmake_args=None, catkin_cmake_args=None, catkin_skip_building_tests=False, verb_parser=<colcon_defaults.argument_parser.defaults.DefaultArgumentsDecorator object at 0x7fdad65d37f0>, verb_extension=<colcon_core.verb.build.BuildVerb object at 0x7fdad6f3abc0>, main=<bound method BuildVerb.main of <colcon_core.verb.build.BuildVerb object at 0x7fdad6f3abc0>>)
[1.493s] Level 1:colcon.colcon_core.package_discovery:discover_packages(colcon_meta) check parameters
[1.493s] Level 1:colcon.colcon_core.package_discovery:discover_packages(recursive) check parameters
[1.494s] Level 1:colcon.colcon_core.package_discovery:discover_packages(ignore) check parameters
[1.494s] Level 1:colcon.colcon_core.package_discovery:discover_packages(path) check parameters
[1.495s] Level 1:colcon.colcon_core.package_discovery:discover_packages(colcon_meta) discover
[1.496s] Level 1:colcon.colcon_core.package_discovery:discover_packages(recursive) discover
[1.497s] INFO:colcon.colcon_core.package_discovery:Crawling recursively for packages in '/home/aadesh/catkin_ws'
[1.499s] Level 1:colcon.colcon_core.package_identification:_identify(.) by extensions ['ignore', 'ignore_ament_install']
[1.500s] Level 1:colcon.colcon_core.package_identification:_identify(.) by extension 'ignore'
[1.501s] Level 1:colcon.colcon_core.package_identification:_identify(.) by extension 'ignore_ament_install'
[1.501s] Level 1:colcon.colcon_core.package_identification:_identify(.) by extensions ['colcon_pkg']
[1.501s] Level 1:colcon.colcon_core.package_identification:_identify(.) by extension 'colcon_pkg'
[1.501s] Level 1:colcon.colcon_core.package_identification:_identify(.) by extensions ['colcon_meta']
[1.501s] Level 1:colcon.colcon_core.package_identification:_identify(.) by extension 'colcon_meta'
[1.501s] Level 1:colcon.colcon_core.package_identification:_identify(.) by extensions ['ros']
[1.502s] Level 1:colcon.colcon_core.package_identification:_identify(.) by extension 'ros'
[1.606s] Level 1:colcon.colcon_core.package_identification:_identify(.) by extensions ['cmake', 'python']
[1.607s] Level 1:colcon.colcon_core.package_identification:_identify(.) by extension 'cmake'
[1.608s] Level 1:colcon.colcon_core.package_identification:_identify(.) by extension 'python'
[1.609s] Level 1:colcon.colcon_core.package_identification:_identify(.) by extensions ['python_setup_py']
[1.610s] Level 1:colcon.colcon_core.package_identification:_identify(.) by extension 'python_setup_py'
[1.612s] Level 1:colcon.colcon_core.package_identification:_identify(build) by extensions ['ignore', 'ignore_ament_install']
[1.613s] Level 1:colcon.colcon_core.package_identification:_identify(build) by extension 'ignore'
[1.613s] Level 1:colcon.colcon_core.package_identification:_identify(build) ignored
[1.613s] Level 1:colcon.colcon_core.package_identification:_identify(install) by extensions ['ignore', 'ignore_ament_install']
[1.613s] Level 1:colcon.colcon_core.package_identification:_identify(install) by extension 'ignore'
[1.614s] Level 1:colcon.colcon_core.package_identification:_identify(install) ignored
[1.615s] Level 1:colcon.colcon_core.package_identification:_identify(log) by extensions ['ignore', 'ignore_ament_install']
[1.615s] Level 1:colcon.colcon_core.package_identification:_identify(log) by extension 'ignore'
[1.616s] Level 1:colcon.colcon_core.package_identification:_identify(log) ignored
[1.616s] Level 1:colcon.colcon_core.package_identification:_identify(src) by extensions ['ignore', 'ignore_ament_install']
[1.616s] Level 1:colcon.colcon_core.package_identification:_identify(src) by extension 'ignore'
[1.617s] Level 1:colcon.colcon_core.package_identification:_identify(src) by extension 'ignore_ament_install'
[1.617s] Level 1:colcon.colcon_core.package_identification:_identify(src) by extensions ['colcon_pkg']
[1.617s] Level 1:colcon.colcon_core.package_identification:_identify(src) by extension 'colcon_pkg'
[1.617s] Level 1:colcon.colcon_core.package_identification:_identify(src) by extensions ['colcon_meta']
[1.617s] Level 1:colcon.colcon_core.package_identification:_identify(src) by extension 'colcon_meta'
[1.617s] Level 1:colcon.colcon_core.package_identification:_identify(src) by extensions ['ros']
[1.617s] Level 1:colcon.colcon_core.package_identification:_identify(src) by extension 'ros'
[1.618s] Level 1:colcon.colcon_core.package_identification:_identify(src) by extensions ['cmake', 'python']
[1.618s] Level 1:colcon.colcon_core.package_identification:_identify(src) by extension 'cmake'
[1.618s] Level 1:colcon.colcon_core.package_identification:_identify(src) by extension 'python'
[1.618s] Level 1:colcon.colcon_core.package_identification:_identify(src) by extensions ['python_setup_py']
[1.618s] Level 1:colcon.colcon_core.package_identification:_identify(src) by extension 'python_setup_py'
[1.618s] Level 1:colcon.colcon_core.package_identification:_identify(src/FK) by extensions ['ignore', 'ignore_ament_install']
[1.618s] Level 1:colcon.colcon_core.package_identification:_identify(src/FK) by extension 'ignore'
[1.619s] Level 1:colcon.colcon_core.package_identification:_identify(src/FK) by extension 'ignore_ament_install'
[1.619s] Level 1:colcon.colcon_core.package_identification:_identify(src/FK) by extensions ['colcon_pkg']
[1.619s] Level 1:colcon.colcon_core.package_identification:_identify(src/FK) by extension 'colcon_pkg'
[1.619s] Level 1:colcon.colcon_core.package_identification:_identify(src/FK) by extensions ['colcon_meta']
[1.619s] Level 1:colcon.colcon_core.package_identification:_identify(src/FK) by extension 'colcon_meta'
[1.619s] Level 1:colcon.colcon_core.package_identification:_identify(src/FK) by extensions ['ros']
[1.619s] Level 1:colcon.colcon_core.package_identification:_identify(src/FK) by extension 'ros'
[1.632s] DEBUG:colcon.colcon_core.package_identification:Package 'src/FK' with type 'ros.ament_python' and name 'FK'
[1.632s] Level 1:colcon.colcon_core.package_identification:_identify(src/Foundation_Project) by extensions ['ignore', 'ignore_ament_install']
[1.633s] Level 1:colcon.colcon_core.package_identification:_identify(src/Foundation_Project) by extension 'ignore'
[1.633s] Level 1:colcon.colcon_core.package_identification:_identify(src/Foundation_Project) by extension 'ignore_ament_install'
[1.633s] Level 1:colcon.colcon_core.package_identification:_identify(src/Foundation_Project) by extensions ['colcon_pkg']
[1.633s] Level 1:colcon.colcon_core.package_identification:_identify(src/Foundation_Project) by extension 'colcon_pkg'
[1.633s] Level 1:colcon.colcon_core.package_identification:_identify(src/Foundation_Project) by extensions ['colcon_meta']
[1.633s] Level 1:colcon.colcon_core.package_identification:_identify(src/Foundation_Project) by extension 'colcon_meta'
[1.633s] Level 1:colcon.colcon_core.package_identification:_identify(src/Foundation_Project) by extensions ['ros']
[1.633s] Level 1:colcon.colcon_core.package_identification:_identify(src/Foundation_Project) by extension 'ros'
[1.633s] Level 1:colcon.colcon_core.package_identification:_identify(src/Foundation_Project) by extensions ['cmake', 'python']
[1.633s] Level 1:colcon.colcon_core.package_identification:_identify(src/Foundation_Project) by extension 'cmake'
[1.633s] Level 1:colcon.colcon_core.package_identification:_identify(src/Foundation_Project) by extension 'python'
[1.633s] Level 1:colcon.colcon_core.package_identification:_identify(src/Foundation_Project) by extensions ['python_setup_py']
[1.634s] Level 1:colcon.colcon_core.package_identification:_identify(src/Foundation_Project) by extension 'python_setup_py'
[1.634s] Level 1:colcon.colcon_core.package_identification:_identify(src/Foundation_Project/ikinterface) by extensions ['ignore', 'ignore_ament_install']
[1.634s] Level 1:colcon.colcon_core.package_identification:_identify(src/Foundation_Project/ikinterface) by extension 'ignore'
[1.634s] Level 1:colcon.colcon_core.package_identification:_identify(src/Foundation_Project/ikinterface) by extension 'ignore_ament_install'
[1.634s] Level 1:colcon.colcon_core.package_identification:_identify(src/Foundation_Project/ikinterface) by extensions ['colcon_pkg']
[1.634s] Level 1:colcon.colcon_core.package_identification:_identify(src/Foundation_Project/ikinterface) by extension 'colcon_pkg'
[1.634s] Level 1:colcon.colcon_core.package_identification:_identify(src/Foundation_Project/ikinterface) by extensions ['colcon_meta']
[1.634s] Level 1:colcon.colcon_core.package_identification:_identify(src/Foundation_Project/ikinterface) by extension 'colcon_meta'
[1.634s] Level 1:colcon.colcon_core.package_identification:_identify(src/Foundation_Project/ikinterface) by extensions ['ros']
[1.634s] Level 1:colcon.colcon_core.package_identification:_identify(src/Foundation_Project/ikinterface) by extension 'ros'
[1.636s] DEBUG:colcon.colcon_core.package_identification:Package 'src/Foundation_Project/ikinterface' with type 'ros.ament_cmake' and name 'ikinterface'
[1.636s] Level 1:colcon.colcon_core.package_identification:_identify(src/Foundation_Project/py_srvcli) by extensions ['ignore', 'ignore_ament_install']
[1.636s] Level 1:colcon.colcon_core.package_identification:_identify(src/Foundation_Project/py_srvcli) by extension 'ignore'
[1.637s] Level 1:colcon.colcon_core.package_identification:_identify(src/Foundation_Project/py_srvcli) by extension 'ignore_ament_install'
[1.639s] Level 1:colcon.colcon_core.package_identification:_identify(src/Foundation_Project/py_srvcli) by extensions ['colcon_pkg']
[1.640s] Level 1:colcon.colcon_core.package_identification:_identify(src/Foundation_Project/py_srvcli) by extension 'colcon_pkg'
[1.641s] Level 1:colcon.colcon_core.package_identification:_identify(src/Foundation_Project/py_srvcli) by extensions ['colcon_meta']
[1.642s] Level 1:colcon.colcon_core.package_identification:_identify(src/Foundation_Project/py_srvcli) by extension 'colcon_meta'
[1.643s] Level 1:colcon.colcon_core.package_identification:_identify(src/Foundation_Project/py_srvcli) by extensions ['ros']
[1.643s] Level 1:colcon.colcon_core.package_identification:_identify(src/Foundation_Project/py_srvcli) by extension 'ros'
[1.646s] DEBUG:colcon.colcon_core.package_identification:Package 'src/Foundation_Project/py_srvcli' with type 'ros.ament_python' and name 'py_srvcli'
[1.646s] Level 1:colcon.colcon_core.package_identification:_identify(src/build) by extensions ['ignore', 'ignore_ament_install']
[1.647s] Level 1:colcon.colcon_core.package_identification:_identify(src/build) by extension 'ignore'
[1.647s] Level 1:colcon.colcon_core.package_identification:_identify(src/build) ignored
[1.648s] Level 1:colcon.colcon_core.package_identification:_identify(src/install) by extensions ['ignore', 'ignore_ament_install']
[1.649s] Level 1:colcon.colcon_core.package_identification:_identify(src/install) by extension 'ignore'
[1.649s] Level 1:colcon.colcon_core.package_identification:_identify(src/install) ignored
[1.649s] Level 1:colcon.colcon_core.package_identification:_identify(src/log) by extensions ['ignore', 'ignore_ament_install']
[1.649s] Level 1:colcon.colcon_core.package_identification:_identify(src/log) by extension 'ignore'
[1.649s] Level 1:colcon.colcon_core.package_identification:_identify(src/log) ignored
[1.650s] Level 1:colcon.colcon_core.package_identification:_identify(src/rrbot_simulation_files) by extensions ['ignore', 'ignore_ament_install']
[1.650s] Level 1:colcon.colcon_core.package_identification:_identify(src/rrbot_simulation_files) by extension 'ignore'
[1.650s] Level 1:colcon.colcon_core.package_identification:_identify(src/rrbot_simulation_files) by extension 'ignore_ament_install'
[1.650s] Level 1:colcon.colcon_core.package_identification:_identify(src/rrbot_simulation_files) by extensions ['colcon_pkg']
[1.650s] Level 1:colcon.colcon_core.package_identification:_identify(src/rrbot_simulation_files) by extension 'colcon_pkg'
[1.650s] Level 1:colcon.colcon_core.package_identification:_identify(src/rrbot_simulation_files) by extensions ['colcon_meta']
[1.650s] Level 1:colcon.colcon_core.package_identification:_identify(src/rrbot_simulation_files) by extension 'colcon_meta'
[1.650s] Level 1:colcon.colcon_core.package_identification:_identify(src/rrbot_simulation_files) by extensions ['ros']
[1.650s] Level 1:colcon.colcon_core.package_identification:_identify(src/rrbot_simulation_files) by extension 'ros'
[1.651s] Level 1:colcon.colcon_core.package_identification:_identify(src/rrbot_simulation_files) by extensions ['cmake', 'python']
[1.651s] Level 1:colcon.colcon_core.package_identification:_identify(src/rrbot_simulation_files) by extension 'cmake'
[1.651s] Level 1:colcon.colcon_core.package_identification:_identify(src/rrbot_simulation_files) by extension 'python'
[1.651s] Level 1:colcon.colcon_core.package_identification:_identify(src/rrbot_simulation_files) by extensions ['python_setup_py']
[1.651s] Level 1:colcon.colcon_core.package_identification:_identify(src/rrbot_simulation_files) by extension 'python_setup_py'
[1.651s] Level 1:colcon.colcon_core.package_identification:_identify(src/rrbot_simulation_files/__MACOSX) by extensions ['ignore', 'ignore_ament_install']
[1.651s] Level 1:colcon.colcon_core.package_identification:_identify(src/rrbot_simulation_files/__MACOSX) by extension 'ignore'
[1.652s] Level 1:colcon.colcon_core.package_identification:_identify(src/rrbot_simulation_files/__MACOSX) by extension 'ignore_ament_install'
[1.652s] Level 1:colcon.colcon_core.package_identification:_identify(src/rrbot_simulation_files/__MACOSX) by extensions ['colcon_pkg']
[1.652s] Level 1:colcon.colcon_core.package_identification:_identify(src/rrbot_simulation_files/__MACOSX) by extension 'colcon_pkg'
[1.652s] Level 1:colcon.colcon_core.package_identification:_identify(src/rrbot_simulation_files/__MACOSX) by extensions ['colcon_meta']
[1.652s] Level 1:colcon.colcon_core.package_identification:_identify(src/rrbot_simulation_files/__MACOSX) by extension 'colcon_meta'
[1.652s] Level 1:colcon.colcon_core.package_identification:_identify(src/rrbot_simulation_files/__MACOSX) by extensions ['ros']
[1.652s] Level 1:colcon.colcon_core.package_identification:_identify(src/rrbot_simulation_files/__MACOSX) by extension 'ros'
[1.652s] Level 1:colcon.colcon_core.package_identification:_identify(src/rrbot_simulation_files/__MACOSX) by extensions ['cmake', 'python']
[1.652s] Level 1:colcon.colcon_core.package_identification:_identify(src/rrbot_simulation_files/__MACOSX) by extension 'cmake'
[1.652s] Level 1:colcon.colcon_core.package_identification:_identify(src/rrbot_simulation_files/__MACOSX) by extension 'python'
[1.653s] Level 1:colcon.colcon_core.package_identification:_identify(src/rrbot_simulation_files/__MACOSX) by extensions ['python_setup_py']
[1.653s] Level 1:colcon.colcon_core.package_identification:_identify(src/rrbot_simulation_files/__MACOSX) by extension 'python_setup_py'
[1.653s] Level 1:colcon.colcon_core.package_identification:_identify(src/rrbot_simulation_files/__MACOSX/rrbot_simulation_files) by extensions ['ignore', 'ignore_ament_install']
[1.654s] Level 1:colcon.colcon_core.package_identification:_identify(src/rrbot_simulation_files/__MACOSX/rrbot_simulation_files) by extension 'ignore'
[1.655s] Level 1:colcon.colcon_core.package_identification:_identify(src/rrbot_simulation_files/__MACOSX/rrbot_simulation_files) by extension 'ignore_ament_install'
[1.657s] Level 1:colcon.colcon_core.package_identification:_identify(src/rrbot_simulation_files/__MACOSX/rrbot_simulation_files) by extensions ['colcon_pkg']
[1.658s] Level 1:colcon.colcon_core.package_identification:_identify(src/rrbot_simulation_files/__MACOSX/rrbot_simulation_files) by extension 'colcon_pkg'
[1.659s] Level 1:colcon.colcon_core.package_identification:_identify(src/rrbot_simulation_files/__MACOSX/rrbot_simulation_files) by extensions ['colcon_meta']
[1.660s] Level 1:colcon.colcon_core.package_identification:_identify(src/rrbot_simulation_files/__MACOSX/rrbot_simulation_files) by extension 'colcon_meta'
[1.661s] Level 1:colcon.colcon_core.package_identification:_identify(src/rrbot_simulation_files/__MACOSX/rrbot_simulation_files) by extensions ['ros']
[1.661s] Level 1:colcon.colcon_core.package_identification:_identify(src/rrbot_simulation_files/__MACOSX/rrbot_simulation_files) by extension 'ros'
[1.663s] Level 1:colcon.colcon_core.package_identification:_identify(src/rrbot_simulation_files/__MACOSX/rrbot_simulation_files) by extensions ['cmake', 'python']
[1.663s] Level 1:colcon.colcon_core.package_identification:_identify(src/rrbot_simulation_files/__MACOSX/rrbot_simulation_files) by extension 'cmake'
[1.664s] Level 1:colcon.colcon_core.package_identification:_identify(src/rrbot_simulation_files/__MACOSX/rrbot_simulation_files) by extension 'python'
[1.664s] Level 1:colcon.colcon_core.package_identification:_identify(src/rrbot_simulation_files/__MACOSX/rrbot_simulation_files) by extensions ['python_setup_py']
[1.664s] Level 1:colcon.colcon_core.package_identification:_identify(src/rrbot_simulation_files/__MACOSX/rrbot_simulation_files) by extension 'python_setup_py'
[1.665s] Level 1:colcon.colcon_core.package_identification:_identify(src/rrbot_simulation_files/__MACOSX/rrbot_simulation_files/rrbot_description) by extensions ['ignore', 'ignore_ament_install']
[1.665s] Level 1:colcon.colcon_core.package_identification:_identify(src/rrbot_simulation_files/__MACOSX/rrbot_simulation_files/rrbot_description) by extension 'ignore'
[1.665s] Level 1:colcon.colcon_core.package_identification:_identify(src/rrbot_simulation_files/__MACOSX/rrbot_simulation_files/rrbot_description) by extension 'ignore_ament_install'
[1.665s] Level 1:colcon.colcon_core.package_identification:_identify(src/rrbot_simulation_files/__MACOSX/rrbot_simulation_files/rrbot_description) by extensions ['colcon_pkg']
[1.665s] Level 1:colcon.colcon_core.package_identification:_identify(src/rrbot_simulation_files/__MACOSX/rrbot_simulation_files/rrbot_description) by extension 'colcon_pkg'
[1.665s] Level 1:colcon.colcon_core.package_identification:_identify(src/rrbot_simulation_files/__MACOSX/rrbot_simulation_files/rrbot_description) by extensions ['colcon_meta']
[1.665s] Level 1:colcon.colcon_core.package_identification:_identify(src/rrbot_simulation_files/__MACOSX/rrbot_simulation_files/rrbot_description) by extension 'colcon_meta'
[1.666s] Level 1:colcon.colcon_core.package_identification:_identify(src/rrbot_simulation_files/__MACOSX/rrbot_simulation_files/rrbot_description) by extensions ['ros']
[1.666s] Level 1:colcon.colcon_core.package_identification:_identify(src/rrbot_simulation_files/__MACOSX/rrbot_simulation_files/rrbot_description) by extension 'ros'
[1.666s] Level 1:colcon.colcon_core.package_identification:_identify(src/rrbot_simulation_files/__MACOSX/rrbot_simulation_files/rrbot_description) by extensions ['cmake', 'python']
[1.666s] Level 1:colcon.colcon_core.package_identification:_identify(src/rrbot_simulation_files/__MACOSX/rrbot_simulation_files/rrbot_description) by extension 'cmake'
[1.666s] Level 1:colcon.colcon_core.package_identification:_identify(src/rrbot_simulation_files/__MACOSX/rrbot_simulation_files/rrbot_description) by extension 'python'
[1.666s] Level 1:colcon.colcon_core.package_identification:_identify(src/rrbot_simulation_files/__MACOSX/rrbot_simulation_files/rrbot_description) by extensions ['python_setup_py']
[1.666s] Level 1:colcon.colcon_core.package_identification:_identify(src/rrbot_simulation_files/__MACOSX/rrbot_simulation_files/rrbot_description) by extension 'python_setup_py'
[1.667s] Level 1:colcon.colcon_core.package_identification:_identify(src/rrbot_simulation_files/__MACOSX/rrbot_simulation_files/rrbot_description/config) by extensions ['ignore', 'ignore_ament_install']
[1.667s] Level 1:colcon.colcon_core.package_identification:_identify(src/rrbot_simulation_files/__MACOSX/rrbot_simulation_files/rrbot_description/config) by extension 'ignore'
[1.667s] Level 1:colcon.colcon_core.package_identification:_identify(src/rrbot_simulation_files/__MACOSX/rrbot_simulation_files/rrbot_description/config) by extension 'ignore_ament_install'
[1.667s] Level 1:colcon.colcon_core.package_identification:_identify(src/rrbot_simulation_files/__MACOSX/rrbot_simulation_files/rrbot_description/config) by extensions ['colcon_pkg']
[1.667s] Level 1:colcon.colcon_core.package_identification:_identify(src/rrbot_simulation_files/__MACOSX/rrbot_simulation_files/rrbot_description/config) by extension 'colcon_pkg'
[1.668s] Level 1:colcon.colcon_core.package_identification:_identify(src/rrbot_simulation_files/__MACOSX/rrbot_simulation_files/rrbot_description/config) by extensions ['colcon_meta']
[1.668s] Level 1:colcon.colcon_core.package_identification:_identify(src/rrbot_simulation_files/__MACOSX/rrbot_simulation_files/rrbot_description/config) by extension 'colcon_meta'
[1.668s] Level 1:colcon.colcon_core.package_identification:_identify(src/rrbot_simulation_files/__MACOSX/rrbot_simulation_files/rrbot_description/config) by extensions ['ros']
[1.668s] Level 1:colcon.colcon_core.package_identification:_identify(src/rrbot_simulation_files/__MACOSX/rrbot_simulation_files/rrbot_description/config) by extension 'ros'
[1.668s] Level 1:colcon.colcon_core.package_identification:_identify(src/rrbot_simulation_files/__MACOSX/rrbot_simulation_files/rrbot_description/config) by extensions ['cmake', 'python']
[1.668s] Level 1:colcon.colcon_core.package_identification:_identify(src/rrbot_simulation_files/__MACOSX/rrbot_simulation_files/rrbot_description/config) by extension 'cmake'
[1.668s] Level 1:colcon.colcon_core.package_identification:_identify(src/rrbot_simulation_files/__MACOSX/rrbot_simulation_files/rrbot_description/config) by extension 'python'
[1.668s] Level 1:colcon.colcon_core.package_identification:_identify(src/rrbot_simulation_files/__MACOSX/rrbot_simulation_files/rrbot_description/config) by extensions ['python_setup_py']
[1.668s] Level 1:colcon.colcon_core.package_identification:_identify(src/rrbot_simulation_files/__MACOSX/rrbot_simulation_files/rrbot_description/config) by extension 'python_setup_py'
[1.669s] Level 1:colcon.colcon_core.package_identification:_identify(src/rrbot_simulation_files/__MACOSX/rrbot_simulation_files/rrbot_description/env-hooks) by extensions ['ignore', 'ignore_ament_install']
[1.669s] Level 1:colcon.colcon_core.package_identification:_identify(src/rrbot_simulation_files/__MACOSX/rrbot_simulation_files/rrbot_description/env-hooks) by extension 'ignore'
[1.669s] Level 1:colcon.colcon_core.package_identification:_identify(src/rrbot_simulation_files/__MACOSX/rrbot_simulation_files/rrbot_description/env-hooks) by extension 'ignore_ament_install'
[1.669s] Level 1:colcon.colcon_core.package_identification:_identify(src/rrbot_simulation_files/__MACOSX/rrbot_simulation_files/rrbot_description/env-hooks) by extensions ['colcon_pkg']
[1.669s] Level 1:colcon.colcon_core.package_identification:_identify(src/rrbot_simulation_files/__MACOSX/rrbot_simulation_files/rrbot_description/env-hooks) by extension 'colcon_pkg'
[1.669s] Level 1:colcon.colcon_core.package_identification:_identify(src/rrbot_simulation_files/__MACOSX/rrbot_simulation_files/rrbot_description/env-hooks) by extensions ['colcon_meta']
[1.670s] Level 1:colcon.colcon_core.package_identification:_identify(src/rrbot_simulation_files/__MACOSX/rrbot_simulation_files/rrbot_description/env-hooks) by extension 'colcon_meta'
[1.671s] Level 1:colcon.colcon_core.package_identification:_identify(src/rrbot_simulation_files/__MACOSX/rrbot_simulation_files/rrbot_description/env-hooks) by extensions ['ros']
[1.672s] Level 1:colcon.colcon_core.package_identification:_identify(src/rrbot_simulation_files/__MACOSX/rrbot_simulation_files/rrbot_description/env-hooks) by extension 'ros'
[1.674s] Level 1:colcon.colcon_core.package_identification:_identify(src/rrbot_simulation_files/__MACOSX/rrbot_simulation_files/rrbot_description/env-hooks) by extensions ['cmake', 'python']
[1.674s] Level 1:colcon.colcon_core.package_identification:_identify(src/rrbot_simulation_files/__MACOSX/rrbot_simulation_files/rrbot_description/env-hooks) by extension 'cmake'
[1.674s] Level 1:colcon.colcon_core.package_identification:_identify(src/rrbot_simulation_files/__MACOSX/rrbot_simulation_files/rrbot_description/env-hooks) by extension 'python'
[1.674s] Level 1:colcon.colcon_core.package_identification:_identify(src/rrbot_simulation_files/__MACOSX/rrbot_simulation_files/rrbot_description/env-hooks) by extensions ['python_setup_py']
[1.674s] Level 1:colcon.colcon_core.package_identification:_identify(src/rrbot_simulation_files/__MACOSX/rrbot_simulation_files/rrbot_description/env-hooks) by extension 'python_setup_py'
[1.675s] Level 1:colcon.colcon_core.package_identification:_identify(src/rrbot_simulation_files/__MACOSX/rrbot_simulation_files/rrbot_description/gazebo) by extensions ['ignore', 'ignore_ament_install']
[1.675s] Level 1:colcon.colcon_core.package_identification:_identify(src/rrbot_simulation_files/__MACOSX/rrbot_simulation_files/rrbot_description/gazebo) by extension 'ignore'
[1.675s] Level 1:colcon.colcon_core.package_identification:_identify(src/rrbot_simulation_files/__MACOSX/rrbot_simulation_files/rrbot_description/gazebo) by extension 'ignore_ament_install'
[1.675s] Level 1:colcon.colcon_core.package_identification:_identify(src/rrbot_simulation_files/__MACOSX/rrbot_simulation_files/rrbot_description/gazebo) by extensions ['colcon_pkg']
[1.676s] Level 1:colcon.colcon_core.package_identification:_identify(src/rrbot_simulation_files/__MACOSX/rrbot_simulation_files/rrbot_description/gazebo) by extension 'colcon_pkg'
[1.676s] Level 1:colcon.colcon_core.package_identification:_identify(src/rrbot_simulation_files/__MACOSX/rrbot_simulation_files/rrbot_description/gazebo) by extensions ['colcon_meta']
[1.676s] Level 1:colcon.colcon_core.package_identification:_identify(src/rrbot_simulation_files/__MACOSX/rrbot_simulation_files/rrbot_description/gazebo) by extension 'colcon_meta'
[1.677s] Level 1:colcon.colcon_core.package_identification:_identify(src/rrbot_simulation_files/__MACOSX/rrbot_simulation_files/rrbot_description/gazebo) by extensions ['ros']
[1.678s] Level 1:colcon.colcon_core.package_identification:_identify(src/rrbot_simulation_files/__MACOSX/rrbot_simulation_files/rrbot_description/gazebo) by extension 'ros'
[1.679s] Level 1:colcon.colcon_core.package_identification:_identify(src/rrbot_simulation_files/__MACOSX/rrbot_simulation_files/rrbot_description/gazebo) by extensions ['cmake', 'python']
[1.679s] Level 1:colcon.colcon_core.package_identification:_identify(src/rrbot_simulation_files/__MACOSX/rrbot_simulation_files/rrbot_description/gazebo) by extension 'cmake'
[1.679s] Level 1:colcon.colcon_core.package_identification:_identify(src/rrbot_simulation_files/__MACOSX/rrbot_simulation_files/rrbot_description/gazebo) by extension 'python'
[1.679s] Level 1:colcon.colcon_core.package_identification:_identify(src/rrbot_simulation_files/__MACOSX/rrbot_simulation_files/rrbot_description/gazebo) by extensions ['python_setup_py']
[1.679s] Level 1:colcon.colcon_core.package_identification:_identify(src/rrbot_simulation_files/__MACOSX/rrbot_simulation_files/rrbot_description/gazebo) by extension 'python_setup_py'
[1.679s] Level 1:colcon.colcon_core.package_identification:_identify(src/rrbot_simulation_files/__MACOSX/rrbot_simulation_files/rrbot_description/launch) by extensions ['ignore', 'ignore_ament_install']
[1.680s] Level 1:colcon.colcon_core.package_identification:_identify(src/rrbot_simulation_files/__MACOSX/rrbot_simulation_files/rrbot_description/launch) by extension 'ignore'
[1.680s] Level 1:colcon.colcon_core.package_identification:_identify(src/rrbot_simulation_files/__MACOSX/rrbot_simulation_files/rrbot_description/launch) by extension 'ignore_ament_install'
[1.681s] Level 1:colcon.colcon_core.package_identification:_identify(src/rrbot_simulation_files/__MACOSX/rrbot_simulation_files/rrbot_description/launch) by extensions ['colcon_pkg']
[1.681s] Level 1:colcon.colcon_core.package_identification:_identify(src/rrbot_simulation_files/__MACOSX/rrbot_simulation_files/rrbot_description/launch) by extension 'colcon_pkg'
[1.681s] Level 1:colcon.colcon_core.package_identification:_identify(src/rrbot_simulation_files/__MACOSX/rrbot_simulation_files/rrbot_description/launch) by extensions ['colcon_meta']
[1.682s] Level 1:colcon.colcon_core.package_identification:_identify(src/rrbot_simulation_files/__MACOSX/rrbot_simulation_files/rrbot_description/launch) by extension 'colcon_meta'
[1.682s] Level 1:colcon.colcon_core.package_identification:_identify(src/rrbot_simulation_files/__MACOSX/rrbot_simulation_files/rrbot_description/launch) by extensions ['ros']
[1.682s] Level 1:colcon.colcon_core.package_identification:_identify(src/rrbot_simulation_files/__MACOSX/rrbot_simulation_files/rrbot_description/launch) by extension 'ros'
[1.682s] Level 1:colcon.colcon_core.package_identification:_identify(src/rrbot_simulation_files/__MACOSX/rrbot_simulation_files/rrbot_description/launch) by extensions ['cmake', 'python']
[1.682s] Level 1:colcon.colcon_core.package_identification:_identify(src/rrbot_simulation_files/__MACOSX/rrbot_simulation_files/rrbot_description/launch) by extension 'cmake'
[1.682s] Level 1:colcon.colcon_core.package_identification:_identify(src/rrbot_simulation_files/__MACOSX/rrbot_simulation_files/rrbot_description/launch) by extension 'python'
[1.682s] Level 1:colcon.colcon_core.package_identification:_identify(src/rrbot_simulation_files/__MACOSX/rrbot_simulation_files/rrbot_description/launch) by extensions ['python_setup_py']
[1.682s] Level 1:colcon.colcon_core.package_identification:_identify(src/rrbot_simulation_files/__MACOSX/rrbot_simulation_files/rrbot_description/launch) by extension 'python_setup_py'
[1.683s] Level 1:colcon.colcon_core.package_identification:_identify(src/rrbot_simulation_files/__MACOSX/rrbot_simulation_files/rrbot_description/meshes) by extensions ['ignore', 'ignore_ament_install']
[1.683s] Level 1:colcon.colcon_core.package_identification:_identify(src/rrbot_simulation_files/__MACOSX/rrbot_simulation_files/rrbot_description/meshes) by extension 'ignore'
[1.683s] Level 1:colcon.colcon_core.package_identification:_identify(src/rrbot_simulation_files/__MACOSX/rrbot_simulation_files/rrbot_description/meshes) by extension 'ignore_ament_install'
[1.683s] Level 1:colcon.colcon_core.package_identification:_identify(src/rrbot_simulation_files/__MACOSX/rrbot_simulation_files/rrbot_description/meshes) by extensions ['colcon_pkg']
[1.684s] Level 1:colcon.colcon_core.package_identification:_identify(src/rrbot_simulation_files/__MACOSX/rrbot_simulation_files/rrbot_description/meshes) by extension 'colcon_pkg'
[1.684s] Level 1:colcon.colcon_core.package_identification:_identify(src/rrbot_simulation_files/__MACOSX/rrbot_simulation_files/rrbot_description/meshes) by extensions ['colcon_meta']
[1.684s] Level 1:colcon.colcon_core.package_identification:_identify(src/rrbot_simulation_files/__MACOSX/rrbot_simulation_files/rrbot_description/meshes) by extension 'colcon_meta'
[1.684s] Level 1:colcon.colcon_core.package_identification:_identify(src/rrbot_simulation_files/__MACOSX/rrbot_simulation_files/rrbot_description/meshes) by extensions ['ros']
[1.684s] Level 1:colcon.colcon_core.package_identification:_identify(src/rrbot_simulation_files/__MACOSX/rrbot_simulation_files/rrbot_description/meshes) by extension 'ros'
[1.684s] Level 1:colcon.colcon_core.package_identification:_identify(src/rrbot_simulation_files/__MACOSX/rrbot_simulation_files/rrbot_description/meshes) by extensions ['cmake', 'python']
[1.684s] Level 1:colcon.colcon_core.package_identification:_identify(src/rrbot_simulation_files/__MACOSX/rrbot_simulation_files/rrbot_description/meshes) by extension 'cmake'
[1.684s] Level 1:colcon.colcon_core.package_identification:_identify(src/rrbot_simulation_files/__MACOSX/rrbot_simulation_files/rrbot_description/meshes) by extension 'python'
[1.685s] Level 1:colcon.colcon_core.package_identification:_identify(src/rrbot_simulation_files/__MACOSX/rrbot_simulation_files/rrbot_description/meshes) by extensions ['python_setup_py']
[1.685s] Level 1:colcon.colcon_core.package_identification:_identify(src/rrbot_simulation_files/__MACOSX/rrbot_simulation_files/rrbot_description/meshes) by extension 'python_setup_py'
[1.685s] Level 1:colcon.colcon_core.package_identification:_identify(src/rrbot_simulation_files/__MACOSX/rrbot_simulation_files/rrbot_description/ros2_control) by extensions ['ignore', 'ignore_ament_install']
[1.686s] Level 1:colcon.colcon_core.package_identification:_identify(src/rrbot_simulation_files/__MACOSX/rrbot_simulation_files/rrbot_description/ros2_control) by extension 'ignore'
[1.686s] Level 1:colcon.colcon_core.package_identification:_identify(src/rrbot_simulation_files/__MACOSX/rrbot_simulation_files/rrbot_description/ros2_control) by extension 'ignore_ament_install'
[1.686s] Level 1:colcon.colcon_core.package_identification:_identify(src/rrbot_simulation_files/__MACOSX/rrbot_simulation_files/rrbot_description/ros2_control) by extensions ['colcon_pkg']
[1.686s] Level 1:colcon.colcon_core.package_identification:_identify(src/rrbot_simulation_files/__MACOSX/rrbot_simulation_files/rrbot_description/ros2_control) by extension 'colcon_pkg'
[1.687s] Level 1:colcon.colcon_core.package_identification:_identify(src/rrbot_simulation_files/__MACOSX/rrbot_simulation_files/rrbot_description/ros2_control) by extensions ['colcon_meta']
[1.687s] Level 1:colcon.colcon_core.package_identification:_identify(src/rrbot_simulation_files/__MACOSX/rrbot_simulation_files/rrbot_description/ros2_control) by extension 'colcon_meta'
[1.688s] Level 1:colcon.colcon_core.package_identification:_identify(src/rrbot_simulation_files/__MACOSX/rrbot_simulation_files/rrbot_description/ros2_control) by extensions ['ros']
[1.690s] Level 1:colcon.colcon_core.package_identification:_identify(src/rrbot_simulation_files/__MACOSX/rrbot_simulation_files/rrbot_description/ros2_control) by extension 'ros'
[1.692s] Level 1:colcon.colcon_core.package_identification:_identify(src/rrbot_simulation_files/__MACOSX/rrbot_simulation_files/rrbot_description/ros2_control) by extensions ['cmake', 'python']
[1.692s] Level 1:colcon.colcon_core.package_identification:_identify(src/rrbot_simulation_files/__MACOSX/rrbot_simulation_files/rrbot_description/ros2_control) by extension 'cmake'
[1.694s] Level 1:colcon.colcon_core.package_identification:_identify(src/rrbot_simulation_files/__MACOSX/rrbot_simulation_files/rrbot_description/ros2_control) by extension 'python'
[1.694s] Level 1:colcon.colcon_core.package_identification:_identify(src/rrbot_simulation_files/__MACOSX/rrbot_simulation_files/rrbot_description/ros2_control) by extensions ['python_setup_py']
[1.694s] Level 1:colcon.colcon_core.package_identification:_identify(src/rrbot_simulation_files/__MACOSX/rrbot_simulation_files/rrbot_description/ros2_control) by extension 'python_setup_py'
[1.695s] Level 1:colcon.colcon_core.package_identification:_identify(src/rrbot_simulation_files/__MACOSX/rrbot_simulation_files/rrbot_description/urdf) by extensions ['ignore', 'ignore_ament_install']
[1.695s] Level 1:colcon.colcon_core.package_identification:_identify(src/rrbot_simulation_files/__MACOSX/rrbot_simulation_files/rrbot_description/urdf) by extension 'ignore'
[1.696s] Level 1:colcon.colcon_core.package_identification:_identify(src/rrbot_simulation_files/__MACOSX/rrbot_simulation_files/rrbot_description/urdf) by extension 'ignore_ament_install'
[1.696s] Level 1:colcon.colcon_core.package_identification:_identify(src/rrbot_simulation_files/__MACOSX/rrbot_simulation_files/rrbot_description/urdf) by extensions ['colcon_pkg']
[1.697s] Level 1:colcon.colcon_core.package_identification:_identify(src/rrbot_simulation_files/__MACOSX/rrbot_simulation_files/rrbot_description/urdf) by extension 'colcon_pkg'
[1.697s] Level 1:colcon.colcon_core.package_identification:_identify(src/rrbot_simulation_files/__MACOSX/rrbot_simulation_files/rrbot_description/urdf) by extensions ['colcon_meta']
[1.697s] Level 1:colcon.colcon_core.package_identification:_identify(src/rrbot_simulation_files/__MACOSX/rrbot_simulation_files/rrbot_description/urdf) by extension 'colcon_meta'
[1.697s] Level 1:colcon.colcon_core.package_identification:_identify(src/rrbot_simulation_files/__MACOSX/rrbot_simulation_files/rrbot_description/urdf) by extensions ['ros']
[1.697s] Level 1:colcon.colcon_core.package_identification:_identify(src/rrbot_simulation_files/__MACOSX/rrbot_simulation_files/rrbot_description/urdf) by extension 'ros'
[1.697s] Level 1:colcon.colcon_core.package_identification:_identify(src/rrbot_simulation_files/__MACOSX/rrbot_simulation_files/rrbot_description/urdf) by extensions ['cmake', 'python']
[1.697s] Level 1:colcon.colcon_core.package_identification:_identify(src/rrbot_simulation_files/__MACOSX/rrbot_simulation_files/rrbot_description/urdf) by extension 'cmake'
[1.698s] Level 1:colcon.colcon_core.package_identification:_identify(src/rrbot_simulation_files/__MACOSX/rrbot_simulation_files/rrbot_description/urdf) by extension 'python'
[1.698s] Level 1:colcon.colcon_core.package_identification:_identify(src/rrbot_simulation_files/__MACOSX/rrbot_simulation_files/rrbot_description/urdf) by extensions ['python_setup_py']
[1.698s] Level 1:colcon.colcon_core.package_identification:_identify(src/rrbot_simulation_files/__MACOSX/rrbot_simulation_files/rrbot_description/urdf) by extension 'python_setup_py'
[1.698s] Level 1:colcon.colcon_core.package_identification:_identify(src/rrbot_simulation_files/__MACOSX/rrbot_simulation_files/rrbot_gazebo) by extensions ['ignore', 'ignore_ament_install']
[1.698s] Level 1:colcon.colcon_core.package_identification:_identify(src/rrbot_simulation_files/__MACOSX/rrbot_simulation_files/rrbot_gazebo) by extension 'ignore'
[1.699s] Level 1:colcon.colcon_core.package_identification:_identify(src/rrbot_simulation_files/__MACOSX/rrbot_simulation_files/rrbot_gazebo) by extension 'ignore_ament_install'
[1.699s] Level 1:colcon.colcon_core.package_identification:_identify(src/rrbot_simulation_files/__MACOSX/rrbot_simulation_files/rrbot_gazebo) by extensions ['colcon_pkg']
[1.699s] Level 1:colcon.colcon_core.package_identification:_identify(src/rrbot_simulation_files/__MACOSX/rrbot_simulation_files/rrbot_gazebo) by extension 'colcon_pkg'
[1.699s] Level 1:colcon.colcon_core.package_identification:_identify(src/rrbot_simulation_files/__MACOSX/rrbot_simulation_files/rrbot_gazebo) by extensions ['colcon_meta']
[1.699s] Level 1:colcon.colcon_core.package_identification:_identify(src/rrbot_simulation_files/__MACOSX/rrbot_simulation_files/rrbot_gazebo) by extension 'colcon_meta'
[1.699s] Level 1:colcon.colcon_core.package_identification:_identify(src/rrbot_simulation_files/__MACOSX/rrbot_simulation_files/rrbot_gazebo) by extensions ['ros']
[1.699s] Level 1:colcon.colcon_core.package_identification:_identify(src/rrbot_simulation_files/__MACOSX/rrbot_simulation_files/rrbot_gazebo) by extension 'ros'
[1.699s] Level 1:colcon.colcon_core.package_identification:_identify(src/rrbot_simulation_files/__MACOSX/rrbot_simulation_files/rrbot_gazebo) by extensions ['cmake', 'python']
[1.699s] Level 1:colcon.colcon_core.package_identification:_identify(src/rrbot_simulation_files/__MACOSX/rrbot_simulation_files/rrbot_gazebo) by extension 'cmake'
[1.699s] Level 1:colcon.colcon_core.package_identification:_identify(src/rrbot_simulation_files/__MACOSX/rrbot_simulation_files/rrbot_gazebo) by extension 'python'
[1.699s] Level 1:colcon.colcon_core.package_identification:_identify(src/rrbot_simulation_files/__MACOSX/rrbot_simulation_files/rrbot_gazebo) by extensions ['python_setup_py']
[1.699s] Level 1:colcon.colcon_core.package_identification:_identify(src/rrbot_simulation_files/__MACOSX/rrbot_simulation_files/rrbot_gazebo) by extension 'python_setup_py'
[1.699s] Level 1:colcon.colcon_core.package_identification:_identify(src/rrbot_simulation_files/__MACOSX/rrbot_simulation_files/rrbot_gazebo/config) by extensions ['ignore', 'ignore_ament_install']
[1.700s] Level 1:colcon.colcon_core.package_identification:_identify(src/rrbot_simulation_files/__MACOSX/rrbot_simulation_files/rrbot_gazebo/config) by extension 'ignore'
[1.700s] Level 1:colcon.colcon_core.package_identification:_identify(src/rrbot_simulation_files/__MACOSX/rrbot_simulation_files/rrbot_gazebo/config) by extension 'ignore_ament_install'
[1.700s] Level 1:colcon.colcon_core.package_identification:_identify(src/rrbot_simulation_files/__MACOSX/rrbot_simulation_files/rrbot_gazebo/config) by extensions ['colcon_pkg']
[1.700s] Level 1:colcon.colcon_core.package_identification:_identify(src/rrbot_simulation_files/__MACOSX/rrbot_simulation_files/rrbot_gazebo/config) by extension 'colcon_pkg'
[1.700s] Level 1:colcon.colcon_core.package_identification:_identify(src/rrbot_simulation_files/__MACOSX/rrbot_simulation_files/rrbot_gazebo/config) by extensions ['colcon_meta']
[1.700s] Level 1:colcon.colcon_core.package_identification:_identify(src/rrbot_simulation_files/__MACOSX/rrbot_simulation_files/rrbot_gazebo/config) by extension 'colcon_meta'
[1.700s] Level 1:colcon.colcon_core.package_identification:_identify(src/rrbot_simulation_files/__MACOSX/rrbot_simulation_files/rrbot_gazebo/config) by extensions ['ros']
[1.700s] Level 1:colcon.colcon_core.package_identification:_identify(src/rrbot_simulation_files/__MACOSX/rrbot_simulation_files/rrbot_gazebo/config) by extension 'ros'
[1.700s] Level 1:colcon.colcon_core.package_identification:_identify(src/rrbot_simulation_files/__MACOSX/rrbot_simulation_files/rrbot_gazebo/config) by extensions ['cmake', 'python']
[1.700s] Level 1:colcon.colcon_core.package_identification:_identify(src/rrbot_simulation_files/__MACOSX/rrbot_simulation_files/rrbot_gazebo/config) by extension 'cmake'
[1.700s] Level 1:colcon.colcon_core.package_identification:_identify(src/rrbot_simulation_files/__MACOSX/rrbot_simulation_files/rrbot_gazebo/config) by extension 'python'
[1.701s] Level 1:colcon.colcon_core.package_identification:_identify(src/rrbot_simulation_files/__MACOSX/rrbot_simulation_files/rrbot_gazebo/config) by extensions ['python_setup_py']
[1.701s] Level 1:colcon.colcon_core.package_identification:_identify(src/rrbot_simulation_files/__MACOSX/rrbot_simulation_files/rrbot_gazebo/config) by extension 'python_setup_py'
[1.701s] Level 1:colcon.colcon_core.package_identification:_identify(src/rrbot_simulation_files/__MACOSX/rrbot_simulation_files/rrbot_gazebo/launch) by extensions ['ignore', 'ignore_ament_install']
[1.702s] Level 1:colcon.colcon_core.package_identification:_identify(src/rrbot_simulation_files/__MACOSX/rrbot_simulation_files/rrbot_gazebo/launch) by extension 'ignore'
[1.704s] Level 1:colcon.colcon_core.package_identification:_identify(src/rrbot_simulation_files/__MACOSX/rrbot_simulation_files/rrbot_gazebo/launch) by extension 'ignore_ament_install'
[1.705s] Level 1:colcon.colcon_core.package_identification:_identify(src/rrbot_simulation_files/__MACOSX/rrbot_simulation_files/rrbot_gazebo/launch) by extensions ['colcon_pkg']
[1.706s] Level 1:colcon.colcon_core.package_identification:_identify(src/rrbot_simulation_files/__MACOSX/rrbot_simulation_files/rrbot_gazebo/launch) by extension 'colcon_pkg'
[1.706s] Level 1:colcon.colcon_core.package_identification:_identify(src/rrbot_simulation_files/__MACOSX/rrbot_simulation_files/rrbot_gazebo/launch) by extensions ['colcon_meta']
[1.707s] Level 1:colcon.colcon_core.package_identification:_identify(src/rrbot_simulation_files/__MACOSX/rrbot_simulation_files/rrbot_gazebo/launch) by extension 'colcon_meta'
[1.707s] Level 1:colcon.colcon_core.package_identification:_identify(src/rrbot_simulation_files/__MACOSX/rrbot_simulation_files/rrbot_gazebo/launch) by extensions ['ros']
[1.707s] Level 1:colcon.colcon_core.package_identification:_identify(src/rrbot_simulation_files/__MACOSX/rrbot_simulation_files/rrbot_gazebo/launch) by extension 'ros'
[1.708s] Level 1:colcon.colcon_core.package_identification:_identify(src/rrbot_simulation_files/__MACOSX/rrbot_simulation_files/rrbot_gazebo/launch) by extensions ['cmake', 'python']
[1.708s] Level 1:colcon.colcon_core.package_identification:_identify(src/rrbot_simulation_files/__MACOSX/rrbot_simulation_files/rrbot_gazebo/launch) by extension 'cmake'
[1.708s] Level 1:colcon.colcon_core.package_identification:_identify(src/rrbot_simulation_files/__MACOSX/rrbot_simulation_files/rrbot_gazebo/launch) by extension 'python'
[1.708s] Level 1:colcon.colcon_core.package_identification:_identify(src/rrbot_simulation_files/__MACOSX/rrbot_simulation_files/rrbot_gazebo/launch) by extensions ['python_setup_py']
[1.708s] Level 1:colcon.colcon_core.package_identification:_identify(src/rrbot_simulation_files/__MACOSX/rrbot_simulation_files/rrbot_gazebo/launch) by extension 'python_setup_py'
[1.708s] Level 1:colcon.colcon_core.package_identification:_identify(src/rrbot_simulation_files/__MACOSX/rrbot_simulation_files/rrbot_gazebo/src) by extensions ['ignore', 'ignore_ament_install']
[1.709s] Level 1:colcon.colcon_core.package_identification:_identify(src/rrbot_simulation_files/__MACOSX/rrbot_simulation_files/rrbot_gazebo/src) by extension 'ignore'
[1.710s] Level 1:colcon.colcon_core.package_identification:_identify(src/rrbot_simulation_files/__MACOSX/rrbot_simulation_files/rrbot_gazebo/src) by extension 'ignore_ament_install'
[1.710s] Level 1:colcon.colcon_core.package_identification:_identify(src/rrbot_simulation_files/__MACOSX/rrbot_simulation_files/rrbot_gazebo/src) by extensions ['colcon_pkg']
[1.710s] Level 1:colcon.colcon_core.package_identification:_identify(src/rrbot_simulation_files/__MACOSX/rrbot_simulation_files/rrbot_gazebo/src) by extension 'colcon_pkg'
[1.710s] Level 1:colcon.colcon_core.package_identification:_identify(src/rrbot_simulation_files/__MACOSX/rrbot_simulation_files/rrbot_gazebo/src) by extensions ['colcon_meta']
[1.710s] Level 1:colcon.colcon_core.package_identification:_identify(src/rrbot_simulation_files/__MACOSX/rrbot_simulation_files/rrbot_gazebo/src) by extension 'colcon_meta'
[1.710s] Level 1:colcon.colcon_core.package_identification:_identify(src/rrbot_simulation_files/__MACOSX/rrbot_simulation_files/rrbot_gazebo/src) by extensions ['ros']
[1.710s] Level 1:colcon.colcon_core.package_identification:_identify(src/rrbot_simulation_files/__MACOSX/rrbot_simulation_files/rrbot_gazebo/src) by extension 'ros'
[1.710s] Level 1:colcon.colcon_core.package_identification:_identify(src/rrbot_simulation_files/__MACOSX/rrbot_simulation_files/rrbot_gazebo/src) by extensions ['cmake', 'python']
[1.710s] Level 1:colcon.colcon_core.package_identification:_identify(src/rrbot_simulation_files/__MACOSX/rrbot_simulation_files/rrbot_gazebo/src) by extension 'cmake'
[1.710s] Level 1:colcon.colcon_core.package_identification:_identify(src/rrbot_simulation_files/__MACOSX/rrbot_simulation_files/rrbot_gazebo/src) by extension 'python'
[1.711s] Level 1:colcon.colcon_core.package_identification:_identify(src/rrbot_simulation_files/__MACOSX/rrbot_simulation_files/rrbot_gazebo/src) by extensions ['python_setup_py']
[1.711s] Level 1:colcon.colcon_core.package_identification:_identify(src/rrbot_simulation_files/__MACOSX/rrbot_simulation_files/rrbot_gazebo/src) by extension 'python_setup_py'
[1.711s] Level 1:colcon.colcon_core.package_identification:_identify(src/rrbot_simulation_files/__MACOSX/rrbot_simulation_files/rrbot_gazebo/worlds) by extensions ['ignore', 'ignore_ament_install']
[1.712s] Level 1:colcon.colcon_core.package_identification:_identify(src/rrbot_simulation_files/__MACOSX/rrbot_simulation_files/rrbot_gazebo/worlds) by extension 'ignore'
[1.713s] Level 1:colcon.colcon_core.package_identification:_identify(src/rrbot_simulation_files/__MACOSX/rrbot_simulation_files/rrbot_gazebo/worlds) by extension 'ignore_ament_install'
[1.713s] Level 1:colcon.colcon_core.package_identification:_identify(src/rrbot_simulation_files/__MACOSX/rrbot_simulation_files/rrbot_gazebo/worlds) by extensions ['colcon_pkg']
[1.713s] Level 1:colcon.colcon_core.package_identification:_identify(src/rrbot_simulation_files/__MACOSX/rrbot_simulation_files/rrbot_gazebo/worlds) by extension 'colcon_pkg'
[1.713s] Level 1:colcon.colcon_core.package_identification:_identify(src/rrbot_simulation_files/__MACOSX/rrbot_simulation_files/rrbot_gazebo/worlds) by extensions ['colcon_meta']
[1.713s] Level 1:colcon.colcon_core.package_identification:_identify(src/rrbot_simulation_files/__MACOSX/rrbot_simulation_files/rrbot_gazebo/worlds) by extension 'colcon_meta'
[1.714s] Level 1:colcon.colcon_core.package_identification:_identify(src/rrbot_simulation_files/__MACOSX/rrbot_simulation_files/rrbot_gazebo/worlds) by extensions ['ros']
[1.714s] Level 1:colcon.colcon_core.package_identification:_identify(src/rrbot_simulation_files/__MACOSX/rrbot_simulation_files/rrbot_gazebo/worlds) by extension 'ros'
[1.714s] Level 1:colcon.colcon_core.package_identification:_identify(src/rrbot_simulation_files/__MACOSX/rrbot_simulation_files/rrbot_gazebo/worlds) by extensions ['cmake', 'python']
[1.714s] Level 1:colcon.colcon_core.package_identification:_identify(src/rrbot_simulation_files/__MACOSX/rrbot_simulation_files/rrbot_gazebo/worlds) by extension 'cmake'
[1.714s] Level 1:colcon.colcon_core.package_identification:_identify(src/rrbot_simulation_files/__MACOSX/rrbot_simulation_files/rrbot_gazebo/worlds) by extension 'python'
[1.714s] Level 1:colcon.colcon_core.package_identification:_identify(src/rrbot_simulation_files/__MACOSX/rrbot_simulation_files/rrbot_gazebo/worlds) by extensions ['python_setup_py']
[1.714s] Level 1:colcon.colcon_core.package_identification:_identify(src/rrbot_simulation_files/__MACOSX/rrbot_simulation_files/rrbot_gazebo/worlds) by extension 'python_setup_py'
[1.714s] Level 1:colcon.colcon_core.package_identification:_identify(src/rrbot_simulation_files/rrbot_simulation_files) by extensions ['ignore', 'ignore_ament_install']
[1.715s] Level 1:colcon.colcon_core.package_identification:_identify(src/rrbot_simulation_files/rrbot_simulation_files) by extension 'ignore'
[1.715s] Level 1:colcon.colcon_core.package_identification:_identify(src/rrbot_simulation_files/rrbot_simulation_files) by extension 'ignore_ament_install'
[1.715s] Level 1:colcon.colcon_core.package_identification:_identify(src/rrbot_simulation_files/rrbot_simulation_files) by extensions ['colcon_pkg']
[1.715s] Level 1:colcon.colcon_core.package_identification:_identify(src/rrbot_simulation_files/rrbot_simulation_files) by extension 'colcon_pkg'
[1.715s] Level 1:colcon.colcon_core.package_identification:_identify(src/rrbot_simulation_files/rrbot_simulation_files) by extensions ['colcon_meta']
[1.715s] Level 1:colcon.colcon_core.package_identification:_identify(src/rrbot_simulation_files/rrbot_simulation_files) by extension 'colcon_meta'
[1.715s] Level 1:colcon.colcon_core.package_identification:_identify(src/rrbot_simulation_files/rrbot_simulation_files) by extensions ['ros']
[1.715s] Level 1:colcon.colcon_core.package_identification:_identify(src/rrbot_simulation_files/rrbot_simulation_files) by extension 'ros'
[1.715s] Level 1:colcon.colcon_core.package_identification:_identify(src/rrbot_simulation_files/rrbot_simulation_files) by extensions ['cmake', 'python']
[1.715s] Level 1:colcon.colcon_core.package_identification:_identify(src/rrbot_simulation_files/rrbot_simulation_files) by extension 'cmake'
[1.715s] Level 1:colcon.colcon_core.package_identification:_identify(src/rrbot_simulation_files/rrbot_simulation_files) by extension 'python'
[1.715s] Level 1:colcon.colcon_core.package_identification:_identify(src/rrbot_simulation_files/rrbot_simulation_files) by extensions ['python_setup_py']
[1.715s] Level 1:colcon.colcon_core.package_identification:_identify(src/rrbot_simulation_files/rrbot_simulation_files) by extension 'python_setup_py'
[1.716s] Level 1:colcon.colcon_core.package_identification:_identify(src/rrbot_simulation_files/rrbot_simulation_files/rrbot_description) by extensions ['ignore', 'ignore_ament_install']
[1.716s] Level 1:colcon.colcon_core.package_identification:_identify(src/rrbot_simulation_files/rrbot_simulation_files/rrbot_description) by extension 'ignore'
[1.716s] Level 1:colcon.colcon_core.package_identification:_identify(src/rrbot_simulation_files/rrbot_simulation_files/rrbot_description) by extension 'ignore_ament_install'
[1.716s] Level 1:colcon.colcon_core.package_identification:_identify(src/rrbot_simulation_files/rrbot_simulation_files/rrbot_description) by extensions ['colcon_pkg']
[1.716s] Level 1:colcon.colcon_core.package_identification:_identify(src/rrbot_simulation_files/rrbot_simulation_files/rrbot_description) by extension 'colcon_pkg'
[1.716s] Level 1:colcon.colcon_core.package_identification:_identify(src/rrbot_simulation_files/rrbot_simulation_files/rrbot_description) by extensions ['colcon_meta']
[1.716s] Level 1:colcon.colcon_core.package_identification:_identify(src/rrbot_simulation_files/rrbot_simulation_files/rrbot_description) by extension 'colcon_meta'
[1.717s] Level 1:colcon.colcon_core.package_identification:_identify(src/rrbot_simulation_files/rrbot_simulation_files/rrbot_description) by extensions ['ros']
[1.718s] Level 1:colcon.colcon_core.package_identification:_identify(src/rrbot_simulation_files/rrbot_simulation_files/rrbot_description) by extension 'ros'
[1.722s] DEBUG:colcon.colcon_core.package_identification:Package 'src/rrbot_simulation_files/rrbot_simulation_files/rrbot_description' with type 'ros.ament_cmake' and name 'rrbot_description'
[1.723s] Level 1:colcon.colcon_core.package_identification:_identify(src/rrbot_simulation_files/rrbot_simulation_files/rrbot_gazebo) by extensions ['ignore', 'ignore_ament_install']
[1.723s] Level 1:colcon.colcon_core.package_identification:_identify(src/rrbot_simulation_files/rrbot_simulation_files/rrbot_gazebo) by extension 'ignore'
[1.724s] Level 1:colcon.colcon_core.package_identification:_identify(src/rrbot_simulation_files/rrbot_simulation_files/rrbot_gazebo) by extension 'ignore_ament_install'
[1.724s] Level 1:colcon.colcon_core.package_identification:_identify(src/rrbot_simulation_files/rrbot_simulation_files/rrbot_gazebo) by extensions ['colcon_pkg']
[1.725s] Level 1:colcon.colcon_core.package_identification:_identify(src/rrbot_simulation_files/rrbot_simulation_files/rrbot_gazebo) by extension 'colcon_pkg'
[1.725s] Level 1:colcon.colcon_core.package_identification:_identify(src/rrbot_simulation_files/rrbot_simulation_files/rrbot_gazebo) by extensions ['colcon_meta']
[1.725s] Level 1:colcon.colcon_core.package_identification:_identify(src/rrbot_simulation_files/rrbot_simulation_files/rrbot_gazebo) by extension 'colcon_meta'
[1.725s] Level 1:colcon.colcon_core.package_identification:_identify(src/rrbot_simulation_files/rrbot_simulation_files/rrbot_gazebo) by extensions ['ros']
[1.725s] Level 1:colcon.colcon_core.package_identification:_identify(src/rrbot_simulation_files/rrbot_simulation_files/rrbot_gazebo) by extension 'ros'
[1.728s] DEBUG:colcon.colcon_core.package_identification:Package 'src/rrbot_simulation_files/rrbot_simulation_files/rrbot_gazebo' with type 'ros.ament_cmake' and name 'rrbot_gazebo'
[1.729s] Level 1:colcon.colcon_core.package_discovery:discover_packages(recursive) using defaults
[1.729s] Level 1:colcon.colcon_core.package_discovery:discover_packages(ignore) discover
[1.729s] Level 1:colcon.colcon_core.package_discovery:discover_packages(ignore) using defaults
[1.729s] Level 1:colcon.colcon_core.package_discovery:discover_packages(path) discover
[1.729s] Level 1:colcon.colcon_core.package_discovery:discover_packages(path) using defaults
[1.826s] INFO:colcon.colcon_core.package_selection:Skipping not selected package 'FK' in 'src/FK'
[1.826s] INFO:colcon.colcon_core.package_selection:Skipping not selected package 'ikinterface' in 'src/Foundation_Project/ikinterface'
[1.826s] INFO:colcon.colcon_core.package_selection:Skipping not selected package 'rrbot_description' in 'src/rrbot_simulation_files/rrbot_simulation_files/rrbot_description'
[1.826s] INFO:colcon.colcon_core.package_selection:Skipping not selected package 'rrbot_gazebo' in 'src/rrbot_simulation_files/rrbot_simulation_files/rrbot_gazebo'
[1.827s] Level 1:colcon.colcon_core.package_discovery:discover_packages(prefix_path) check parameters
[1.827s] Level 1:colcon.colcon_core.package_discovery:discover_packages(prefix_path) discover
[1.842s] DEBUG:colcon.colcon_installed_package_information.package_discovery:Found 5 installed packages in /home/aadesh/catkin_ws/install
[1.851s] DEBUG:colcon.colcon_installed_package_information.package_discovery:Found 305 installed packages in /opt/ros/humble
[1.855s] Level 1:colcon.colcon_core.package_discovery:discover_packages(prefix_path) using defaults
[2.112s] Level 5:colcon.colcon_core.verb:set package 'py_srvcli' build argument 'cmake_args' from command line to 'None'
[2.112s] Level 5:colcon.colcon_core.verb:set package 'py_srvcli' build argument 'cmake_target' from command line to 'None'
[2.112s] Level 5:colcon.colcon_core.verb:set package 'py_srvcli' build argument 'cmake_target_skip_unavailable' from command line to 'False'
[2.112s] Level 5:colcon.colcon_core.verb:set package 'py_srvcli' build argument 'cmake_clean_cache' from command line to 'False'
[2.112s] Level 5:colcon.colcon_core.verb:set package 'py_srvcli' build argument 'cmake_clean_first' from command line to 'False'
[2.112s] Level 5:colcon.colcon_core.verb:set package 'py_srvcli' build argument 'cmake_force_configure' from command line to 'False'
[2.112s] Level 5:colcon.colcon_core.verb:set package 'py_srvcli' build argument 'ament_cmake_args' from command line to 'None'
[2.112s] Level 5:colcon.colcon_core.verb:set package 'py_srvcli' build argument 'catkin_cmake_args' from command line to 'None'
[2.112s] Level 5:colcon.colcon_core.verb:set package 'py_srvcli' build argument 'catkin_skip_building_tests' from command line to 'False'
[2.113s] DEBUG:colcon.colcon_core.verb:Building package 'py_srvcli' with the following arguments: {'ament_cmake_args': None, 'build_base': '/home/aadesh/catkin_ws/build/py_srvcli', 'catkin_cmake_args': None, 'catkin_skip_building_tests': False, 'cmake_args': None, 'cmake_clean_cache': False, 'cmake_clean_first': False, 'cmake_force_configure': False, 'cmake_target': None, 'cmake_target_skip_unavailable': False, 'install_base': '/home/aadesh/catkin_ws/install/py_srvcli', 'merge_install': False, 'path': '/home/aadesh/catkin_ws/src/Foundation_Project/py_srvcli', 'symlink_install': False, 'test_result_base': None}
[2.115s] INFO:colcon.colcon_core.executor:Executing jobs using 'parallel' executor
[2.129s] DEBUG:colcon.colcon_parallel_executor.executor.parallel:run_until_complete
[2.130s] INFO:colcon.colcon_ros.task.ament_python.build:Building ROS package in '/home/aadesh/catkin_ws/src/Foundation_Project/py_srvcli' with build type 'ament_python'
[2.130s] Level 1:colcon.colcon_core.shell:create_environment_hook('py_srvcli', 'ament_prefix_path')
[2.148s] INFO:colcon.colcon_core.plugin_system:Skipping extension 'colcon_core.shell.bat': Not used on non-Windows systems
[2.148s] INFO:colcon.colcon_core.shell:Creating environment hook '/home/aadesh/catkin_ws/install/py_srvcli/share/py_srvcli/hook/ament_prefix_path.ps1'
[2.152s] INFO:colcon.colcon_core.shell:Creating environment descriptor '/home/aadesh/catkin_ws/install/py_srvcli/share/py_srvcli/hook/ament_prefix_path.dsv'
[2.157s] INFO:colcon.colcon_core.shell:Creating environment hook '/home/aadesh/catkin_ws/install/py_srvcli/share/py_srvcli/hook/ament_prefix_path.sh'
[2.166s] INFO:colcon.colcon_core.shell:Skip shell extension 'powershell' for command environment: Not usable outside of PowerShell
[2.167s] DEBUG:colcon.colcon_core.shell:Skip shell extension 'dsv' for command environment
[3.291s] INFO:colcon.colcon_core.task.python.build:Building Python package in '/home/aadesh/catkin_ws/src/Foundation_Project/py_srvcli'
[3.298s] INFO:colcon.colcon_core.shell:Skip shell extension 'powershell' for command environment: Not usable outside of PowerShell
[3.298s] DEBUG:colcon.colcon_core.shell:Skip shell extension 'dsv' for command environment
[4.613s] DEBUG:colcon.colcon_core.event_handler.log_command:Invoking command in '/home/aadesh/catkin_ws/src/Foundation_Project/py_srvcli': PYTHONPATH=/home/aadesh/catkin_ws/install/py_srvcli/lib/python3.10/site-packages:${PYTHONPATH} /usr/bin/python3 setup.py egg_info --egg-base ../../../build/py_srvcli build --build-base /home/aadesh/catkin_ws/build/py_srvcli/build install --prefix /home/aadesh/catkin_ws/install/py_srvcli --record /home/aadesh/catkin_ws/build/py_srvcli/install.log --single-version-externally-managed
[5.737s] DEBUG:colcon.colcon_core.event_handler.log_command:Invoked command in '/home/aadesh/catkin_ws/src/Foundation_Project/py_srvcli' returned '0': PYTHONPATH=/home/aadesh/catkin_ws/install/py_srvcli/lib/python3.10/site-packages:${PYTHONPATH} /usr/bin/python3 setup.py egg_info --egg-base ../../../build/py_srvcli build --build-base /home/aadesh/catkin_ws/build/py_srvcli/build install --prefix /home/aadesh/catkin_ws/install/py_srvcli --record /home/aadesh/catkin_ws/build/py_srvcli/install.log --single-version-externally-managed
[5.759s] Level 1:colcon.colcon_core.environment:checking '/home/aadesh/catkin_ws/install/py_srvcli' for CMake module files
[5.762s] Level 1:colcon.colcon_core.environment:checking '/home/aadesh/catkin_ws/install/py_srvcli' for CMake config files
[5.765s] Level 1:colcon.colcon_core.environment:checking '/home/aadesh/catkin_ws/install/py_srvcli/lib'
[5.765s] Level 1:colcon.colcon_core.environment:checking '/home/aadesh/catkin_ws/install/py_srvcli/bin'
[5.765s] Level 1:colcon.colcon_core.environment:checking '/home/aadesh/catkin_ws/install/py_srvcli/lib/pkgconfig/py_srvcli.pc'
[5.770s] Level 1:colcon.colcon_core.environment:checking '/home/aadesh/catkin_ws/install/py_srvcli/lib/python3.10/site-packages'
[5.771s] Level 1:colcon.colcon_core.shell:create_environment_hook('py_srvcli', 'pythonpath')
[5.777s] INFO:colcon.colcon_core.shell:Creating environment hook '/home/aadesh/catkin_ws/install/py_srvcli/share/py_srvcli/hook/pythonpath.ps1'
[5.778s] INFO:colcon.colcon_core.shell:Creating environment descriptor '/home/aadesh/catkin_ws/install/py_srvcli/share/py_srvcli/hook/pythonpath.dsv'
[5.780s] INFO:colcon.colcon_core.shell:Creating environment hook '/home/aadesh/catkin_ws/install/py_srvcli/share/py_srvcli/hook/pythonpath.sh'
[5.781s] Level 1:colcon.colcon_core.environment:checking '/home/aadesh/catkin_ws/install/py_srvcli/bin'
[5.781s] Level 1:colcon.colcon_core.environment:create_environment_scripts_only(py_srvcli)
[5.790s] INFO:colcon.colcon_core.shell:Creating package script '/home/aadesh/catkin_ws/install/py_srvcli/share/py_srvcli/package.ps1'
[5.794s] INFO:colcon.colcon_core.shell:Creating package descriptor '/home/aadesh/catkin_ws/install/py_srvcli/share/py_srvcli/package.dsv'
[5.796s] INFO:colcon.colcon_core.shell:Creating package script '/home/aadesh/catkin_ws/install/py_srvcli/share/py_srvcli/package.sh'
[5.798s] INFO:colcon.colcon_core.shell:Creating package script '/home/aadesh/catkin_ws/install/py_srvcli/share/py_srvcli/package.bash'
[5.805s] INFO:colcon.colcon_core.shell:Creating package script '/home/aadesh/catkin_ws/install/py_srvcli/share/py_srvcli/package.zsh'
[5.808s] Level 1:colcon.colcon_core.environment:create_file_with_runtime_dependencies(/home/aadesh/catkin_ws/install/py_srvcli/share/colcon-core/packages/py_srvcli)
[5.809s] DEBUG:colcon.colcon_parallel_executor.executor.parallel:closing loop
[5.810s] DEBUG:colcon.colcon_parallel_executor.executor.parallel:loop closed
[5.810s] DEBUG:colcon.colcon_parallel_executor.executor.parallel:run_until_complete finished with '0'
[5.811s] DEBUG:colcon.colcon_core.event_reactor:joining thread
[5.842s] INFO:colcon.colcon_core.plugin_system:Skipping extension 'colcon_notification.desktop_notification.terminal_notifier': Not used on non-Darwin systems
[5.843s] INFO:colcon.colcon_core.plugin_system:Skipping extension 'colcon_notification.desktop_notification.win32': Not used on non-Windows systems
[5.843s] INFO:colcon.colcon_notification.desktop_notification:Sending desktop notification using 'notify2'
[5.882s] DEBUG:colcon.colcon_core.event_reactor:joined thread
[5.889s] INFO:colcon.colcon_core.shell:Creating prefix script '/home/aadesh/catkin_ws/install/local_setup.ps1'
[5.891s] INFO:colcon.colcon_core.shell:Creating prefix util module '/home/aadesh/catkin_ws/install/_local_setup_util_ps1.py'
[5.898s] INFO:colcon.colcon_core.shell:Creating prefix chain script '/home/aadesh/catkin_ws/install/setup.ps1'
[5.907s] INFO:colcon.colcon_core.shell:Creating prefix script '/home/aadesh/catkin_ws/install/local_setup.sh'
[5.909s] INFO:colcon.colcon_core.shell:Creating prefix util module '/home/aadesh/catkin_ws/install/_local_setup_util_sh.py'
[5.914s] INFO:colcon.colcon_core.shell:Creating prefix chain script '/home/aadesh/catkin_ws/install/setup.sh'
[5.923s] INFO:colcon.colcon_core.shell:Creating prefix script '/home/aadesh/catkin_ws/install/local_setup.bash'
[5.924s] INFO:colcon.colcon_core.shell:Creating prefix chain script '/home/aadesh/catkin_ws/install/setup.bash'
[5.937s] INFO:colcon.colcon_core.shell:Creating prefix script '/home/aadesh/catkin_ws/install/local_setup.zsh'
[5.939s] INFO:colcon.colcon_core.shell:Creating prefix chain script '/home/aadesh/catkin_ws/install/setup.zsh'
