[1.008s] DEBUG:colcon:Command line arguments: ['/usr/bin/colcon', 'build', '--packages-select', 'py_srvcli']
[1.009s] DEBUG:colcon:Parsed command line arguments: Namespace(log_base=None, log_level=None, verb_name='build', build_base='build', install_base='install', merge_install=False, symlink_install=False, test_result_base=None, continue_on_error=False, executor='parallel', parallel_workers=8, event_handlers=None, ignore_user_meta=False, metas=['./colcon.meta'], base_paths=['.'], packages_ignore=None, packages_ignore_regex=None, paths=None, packages_up_to=None, packages_up_to_regex=None, packages_above=None, packages_above_and_dependencies=None, packages_above_depth=None, packages_select_by_dep=None, packages_skip_by_dep=None, packages_skip_up_to=None, packages_select_build_failed=False, packages_skip_build_finished=False, packages_select_test_failures=False, packages_skip_test_passed=False, packages_select=['py_srvcli'], packages_skip=None, packages_select_regex=None, packages_skip_regex=None, packages_start=None, packages_end=None, allow_overriding=[], cmake_args=None, cmake_target=None, cmake_target_skip_unavailable=False, cmake_clean_cache=False, cmake_clean_first=False, cmake_force_configure=False, ament_cmake_args=None, catkin_cmake_args=None, catkin_skip_building_tests=False, verb_parser=<colcon_defaults.argument_parser.defaults.DefaultArgumentsDecorator object at 0x7f172f1f7880>, verb_extension=<colcon_core.verb.build.BuildVerb object at 0x7f172fb6ac50>, main=<bound method BuildVerb.main of <colcon_core.verb.build.BuildVerb object at 0x7f172fb6ac50>>)
[1.110s] Level 1:colcon.colcon_core.package_discovery:discover_packages(colcon_meta) check parameters
[1.111s] Level 1:colcon.colcon_core.package_discovery:discover_packages(recursive) check parameters
[1.111s] Level 1:colcon.colcon_core.package_discovery:discover_packages(ignore) check parameters
[1.111s] Level 1:colcon.colcon_core.package_discovery:discover_packages(path) check parameters
[1.111s] Level 1:colcon.colcon_core.package_discovery:discover_packages(colcon_meta) discover
[1.111s] Level 1:colcon.colcon_core.package_discovery:discover_packages(recursive) discover
[1.112s] INFO:colcon.colcon_core.package_discovery:Crawling recursively for packages in '/home/aadesh/catkin_ws'
[1.112s] Level 1:colcon.colcon_core.package_identification:_identify(.) by extensions ['ignore', 'ignore_ament_install']
[1.112s] Level 1:colcon.colcon_core.package_identification:_identify(.) by extension 'ignore'
[1.112s] Level 1:colcon.colcon_core.package_identification:_identify(.) by extension 'ignore_ament_install'
[1.113s] Level 1:colcon.colcon_core.package_identification:_identify(.) by extensions ['colcon_pkg']
[1.113s] Level 1:colcon.colcon_core.package_identification:_identify(.) by extension 'colcon_pkg'
[1.113s] Level 1:colcon.colcon_core.package_identification:_identify(.) by extensions ['colcon_meta']
[1.113s] Level 1:colcon.colcon_core.package_identification:_identify(.) by extension 'colcon_meta'
[1.113s] Level 1:colcon.colcon_core.package_identification:_identify(.) by extensions ['ros']
[1.113s] Level 1:colcon.colcon_core.package_identification:_identify(.) by extension 'ros'
[1.195s] Level 1:colcon.colcon_core.package_identification:_identify(.) by extensions ['cmake', 'python']
[1.195s] Level 1:colcon.colcon_core.package_identification:_identify(.) by extension 'cmake'
[1.195s] Level 1:colcon.colcon_core.package_identification:_identify(.) by extension 'python'
[1.195s] Level 1:colcon.colcon_core.package_identification:_identify(.) by extensions ['python_setup_py']
[1.195s] Level 1:colcon.colcon_core.package_identification:_identify(.) by extension 'python_setup_py'
[1.196s] Level 1:colcon.colcon_core.package_identification:_identify(build) by extensions ['ignore', 'ignore_ament_install']
[1.196s] Level 1:colcon.colcon_core.package_identification:_identify(build) by extension 'ignore'
[1.196s] Level 1:colcon.colcon_core.package_identification:_identify(build) ignored
[1.196s] Level 1:colcon.colcon_core.package_identification:_identify(install) by extensions ['ignore', 'ignore_ament_install']
[1.196s] Level 1:colcon.colcon_core.package_identification:_identify(install) by extension 'ignore'
[1.196s] Level 1:colcon.colcon_core.package_identification:_identify(install) ignored
[1.197s] Level 1:colcon.colcon_core.package_identification:_identify(log) by extensions ['ignore', 'ignore_ament_install']
[1.197s] Level 1:colcon.colcon_core.package_identification:_identify(log) by extension 'ignore'
[1.197s] Level 1:colcon.colcon_core.package_identification:_identify(log) ignored
[1.197s] Level 1:colcon.colcon_core.package_identification:_identify(src) by extensions ['ignore', 'ignore_ament_install']
[1.197s] Level 1:colcon.colcon_core.package_identification:_identify(src) by extension 'ignore'
[1.197s] Level 1:colcon.colcon_core.package_identification:_identify(src) by extension 'ignore_ament_install'
[1.198s] Level 1:colcon.colcon_core.package_identification:_identify(src) by extensions ['colcon_pkg']
[1.198s] Level 1:colcon.colcon_core.package_identification:_identify(src) by extension 'colcon_pkg'
[1.200s] Level 1:colcon.colcon_core.package_identification:_identify(src) by extensions ['colcon_meta']
[1.201s] Level 1:colcon.colcon_core.package_identification:_identify(src) by extension 'colcon_meta'
[1.202s] Level 1:colcon.colcon_core.package_identification:_identify(src) by extensions ['ros']
[1.203s] Level 1:colcon.colcon_core.package_identification:_identify(src) by extension 'ros'
[1.204s] Level 1:colcon.colcon_core.package_identification:_identify(src) by extensions ['cmake', 'python']
[1.204s] Level 1:colcon.colcon_core.package_identification:_identify(src) by extension 'cmake'
[1.205s] Level 1:colcon.colcon_core.package_identification:_identify(src) by extension 'python'
[1.205s] Level 1:colcon.colcon_core.package_identification:_identify(src) by extensions ['python_setup_py']
[1.205s] Level 1:colcon.colcon_core.package_identification:_identify(src) by extension 'python_setup_py'
[1.206s] Level 1:colcon.colcon_core.package_identification:_identify(src/FK) by extensions ['ignore', 'ignore_ament_install']
[1.207s] Level 1:colcon.colcon_core.package_identification:_identify(src/FK) by extension 'ignore'
[1.207s] Level 1:colcon.colcon_core.package_identification:_identify(src/FK) by extension 'ignore_ament_install'
[1.208s] Level 1:colcon.colcon_core.package_identification:_identify(src/FK) by extensions ['colcon_pkg']
[1.208s] Level 1:colcon.colcon_core.package_identification:_identify(src/FK) by extension 'colcon_pkg'
[1.208s] Level 1:colcon.colcon_core.package_identification:_identify(src/FK) by extensions ['colcon_meta']
[1.208s] Level 1:colcon.colcon_core.package_identification:_identify(src/FK) by extension 'colcon_meta'
[1.208s] Level 1:colcon.colcon_core.package_identification:_identify(src/FK) by extensions ['ros']
[1.208s] Level 1:colcon.colcon_core.package_identification:_identify(src/FK) by extension 'ros'
[1.223s] DEBUG:colcon.colcon_core.package_identification:Package 'src/FK' with type 'ros.ament_python' and name 'FK'
[1.223s] Level 1:colcon.colcon_core.package_identification:_identify(src/Foundation_Project) by extensions ['ignore', 'ignore_ament_install']
[1.223s] Level 1:colcon.colcon_core.package_identification:_identify(src/Foundation_Project) by extension 'ignore'
[1.224s] Level 1:colcon.colcon_core.package_identification:_identify(src/Foundation_Project) by extension 'ignore_ament_install'
[1.224s] Level 1:colcon.colcon_core.package_identification:_identify(src/Foundation_Project) by extensions ['colcon_pkg']
[1.224s] Level 1:colcon.colcon_core.package_identification:_identify(src/Foundation_Project) by extension 'colcon_pkg'
[1.224s] Level 1:colcon.colcon_core.package_identification:_identify(src/Foundation_Project) by extensions ['colcon_meta']
[1.224s] Level 1:colcon.colcon_core.package_identification:_identify(src/Foundation_Project) by extension 'colcon_meta'
[1.225s] Level 1:colcon.colcon_core.package_identification:_identify(src/Foundation_Project) by extensions ['ros']
[1.225s] Level 1:colcon.colcon_core.package_identification:_identify(src/Foundation_Project) by extension 'ros'
[1.225s] Level 1:colcon.colcon_core.package_identification:_identify(src/Foundation_Project) by extensions ['cmake', 'python']
[1.225s] Level 1:colcon.colcon_core.package_identification:_identify(src/Foundation_Project) by extension 'cmake'
[1.225s] Level 1:colcon.colcon_core.package_identification:_identify(src/Foundation_Project) by extension 'python'
[1.225s] Level 1:colcon.colcon_core.package_identification:_identify(src/Foundation_Project) by extensions ['python_setup_py']
[1.225s] Level 1:colcon.colcon_core.package_identification:_identify(src/Foundation_Project) by extension 'python_setup_py'
[1.226s] Level 1:colcon.colcon_core.package_identification:_identify(src/Foundation_Project/ikinterface) by extensions ['ignore', 'ignore_ament_install']
[1.226s] Level 1:colcon.colcon_core.package_identification:_identify(src/Foundation_Project/ikinterface) by extension 'ignore'
[1.226s] Level 1:colcon.colcon_core.package_identification:_identify(src/Foundation_Project/ikinterface) by extension 'ignore_ament_install'
[1.226s] Level 1:colcon.colcon_core.package_identification:_identify(src/Foundation_Project/ikinterface) by extensions ['colcon_pkg']
[1.226s] Level 1:colcon.colcon_core.package_identification:_identify(src/Foundation_Project/ikinterface) by extension 'colcon_pkg'
[1.226s] Level 1:colcon.colcon_core.package_identification:_identify(src/Foundation_Project/ikinterface) by extensions ['colcon_meta']
[1.226s] Level 1:colcon.colcon_core.package_identification:_identify(src/Foundation_Project/ikinterface) by extension 'colcon_meta'
[1.226s] Level 1:colcon.colcon_core.package_identification:_identify(src/Foundation_Project/ikinterface) by extensions ['ros']
[1.226s] Level 1:colcon.colcon_core.package_identification:_identify(src/Foundation_Project/ikinterface) by extension 'ros'
[1.227s] DEBUG:colcon.colcon_core.package_identification:Package 'src/Foundation_Project/ikinterface' with type 'ros.ament_cmake' and name 'ikinterface'
[1.228s] Level 1:colcon.colcon_core.package_identification:_identify(src/Foundation_Project/py_srvcli) by extensions ['ignore', 'ignore_ament_install']
[1.228s] Level 1:colcon.colcon_core.package_identification:_identify(src/Foundation_Project/py_srvcli) by extension 'ignore'
[1.228s] Level 1:colcon.colcon_core.package_identification:_identify(src/Foundation_Project/py_srvcli) by extension 'ignore_ament_install'
[1.228s] Level 1:colcon.colcon_core.package_identification:_identify(src/Foundation_Project/py_srvcli) by extensions ['colcon_pkg']
[1.228s] Level 1:colcon.colcon_core.package_identification:_identify(src/Foundation_Project/py_srvcli) by extension 'colcon_pkg'
[1.228s] Level 1:colcon.colcon_core.package_identification:_identify(src/Foundation_Project/py_srvcli) by extensions ['colcon_meta']
[1.228s] Level 1:colcon.colcon_core.package_identification:_identify(src/Foundation_Project/py_srvcli) by extension 'colcon_meta'
[1.228s] Level 1:colcon.colcon_core.package_identification:_identify(src/Foundation_Project/py_srvcli) by extensions ['ros']
[1.228s] Level 1:colcon.colcon_core.package_identification:_identify(src/Foundation_Project/py_srvcli) by extension 'ros'
[1.235s] DEBUG:colcon.colcon_core.package_identification:Package 'src/Foundation_Project/py_srvcli' with type 'ros.ament_python' and name 'py_srvcli'
[1.236s] Level 1:colcon.colcon_core.package_identification:_identify(src/build) by extensions ['ignore', 'ignore_ament_install']
[1.236s] Level 1:colcon.colcon_core.package_identification:_identify(src/build) by extension 'ignore'
[1.236s] Level 1:colcon.colcon_core.package_identification:_identify(src/build) ignored
[1.237s] Level 1:colcon.colcon_core.package_identification:_identify(src/install) by extensions ['ignore', 'ignore_ament_install']
[1.238s] Level 1:colcon.colcon_core.package_identification:_identify(src/install) by extension 'ignore'
[1.238s] Level 1:colcon.colcon_core.package_identification:_identify(src/install) ignored
[1.239s] Level 1:colcon.colcon_core.package_identification:_identify(src/log) by extensions ['ignore', 'ignore_ament_install']
[1.239s] Level 1:colcon.colcon_core.package_identification:_identify(src/log) by extension 'ignore'
[1.239s] Level 1:colcon.colcon_core.package_identification:_identify(src/log) ignored
[1.239s] Level 1:colcon.colcon_core.package_identification:_identify(src/rrbot_simulation_files) by extensions ['ignore', 'ignore_ament_install']
[1.239s] Level 1:colcon.colcon_core.package_identification:_identify(src/rrbot_simulation_files) by extension 'ignore'
[1.240s] Level 1:colcon.colcon_core.package_identification:_identify(src/rrbot_simulation_files) by extension 'ignore_ament_install'
[1.240s] Level 1:colcon.colcon_core.package_identification:_identify(src/rrbot_simulation_files) by extensions ['colcon_pkg']
[1.240s] Level 1:colcon.colcon_core.package_identification:_identify(src/rrbot_simulation_files) by extension 'colcon_pkg'
[1.240s] Level 1:colcon.colcon_core.package_identification:_identify(src/rrbot_simulation_files) by extensions ['colcon_meta']
[1.240s] Level 1:colcon.colcon_core.package_identification:_identify(src/rrbot_simulation_files) by extension 'colcon_meta'
[1.240s] Level 1:colcon.colcon_core.package_identification:_identify(src/rrbot_simulation_files) by extensions ['ros']
[1.240s] Level 1:colcon.colcon_core.package_identification:_identify(src/rrbot_simulation_files) by extension 'ros'
[1.241s] Level 1:colcon.colcon_core.package_identification:_identify(src/rrbot_simulation_files) by extensions ['cmake', 'python']
[1.241s] Level 1:colcon.colcon_core.package_identification:_identify(src/rrbot_simulation_files) by extension 'cmake'
[1.241s] Level 1:colcon.colcon_core.package_identification:_identify(src/rrbot_simulation_files) by extension 'python'
[1.241s] Level 1:colcon.colcon_core.package_identification:_identify(src/rrbot_simulation_files) by extensions ['python_setup_py']
[1.241s] Level 1:colcon.colcon_core.package_identification:_identify(src/rrbot_simulation_files) by extension 'python_setup_py'
[1.242s] Level 1:colcon.colcon_core.package_identification:_identify(src/rrbot_simulation_files/__MACOSX) by extensions ['ignore', 'ignore_ament_install']
[1.242s] Level 1:colcon.colcon_core.package_identification:_identify(src/rrbot_simulation_files/__MACOSX) by extension 'ignore'
[1.242s] Level 1:colcon.colcon_core.package_identification:_identify(src/rrbot_simulation_files/__MACOSX) by extension 'ignore_ament_install'
[1.242s] Level 1:colcon.colcon_core.package_identification:_identify(src/rrbot_simulation_files/__MACOSX) by extensions ['colcon_pkg']
[1.242s] Level 1:colcon.colcon_core.package_identification:_identify(src/rrbot_simulation_files/__MACOSX) by extension 'colcon_pkg'
[1.242s] Level 1:colcon.colcon_core.package_identification:_identify(src/rrbot_simulation_files/__MACOSX) by extensions ['colcon_meta']
[1.243s] Level 1:colcon.colcon_core.package_identification:_identify(src/rrbot_simulation_files/__MACOSX) by extension 'colcon_meta'
[1.243s] Level 1:colcon.colcon_core.package_identification:_identify(src/rrbot_simulation_files/__MACOSX) by extensions ['ros']
[1.243s] Level 1:colcon.colcon_core.package_identification:_identify(src/rrbot_simulation_files/__MACOSX) by extension 'ros'
[1.243s] Level 1:colcon.colcon_core.package_identification:_identify(src/rrbot_simulation_files/__MACOSX) by extensions ['cmake', 'python']
[1.243s] Level 1:colcon.colcon_core.package_identification:_identify(src/rrbot_simulation_files/__MACOSX) by extension 'cmake'
[1.243s] Level 1:colcon.colcon_core.package_identification:_identify(src/rrbot_simulation_files/__MACOSX) by extension 'python'
[1.243s] Level 1:colcon.colcon_core.package_identification:_identify(src/rrbot_simulation_files/__MACOSX) by extensions ['python_setup_py']
[1.243s] Level 1:colcon.colcon_core.package_identification:_identify(src/rrbot_simulation_files/__MACOSX) by extension 'python_setup_py'
[1.243s] Level 1:colcon.colcon_core.package_identification:_identify(src/rrbot_simulation_files/__MACOSX/rrbot_simulation_files) by extensions ['ignore', 'ignore_ament_install']
[1.243s] Level 1:colcon.colcon_core.package_identification:_identify(src/rrbot_simulation_files/__MACOSX/rrbot_simulation_files) by extension 'ignore'
[1.243s] Level 1:colcon.colcon_core.package_identification:_identify(src/rrbot_simulation_files/__MACOSX/rrbot_simulation_files) by extension 'ignore_ament_install'
[1.243s] Level 1:colcon.colcon_core.package_identification:_identify(src/rrbot_simulation_files/__MACOSX/rrbot_simulation_files) by extensions ['colcon_pkg']
[1.244s] Level 1:colcon.colcon_core.package_identification:_identify(src/rrbot_simulation_files/__MACOSX/rrbot_simulation_files) by extension 'colcon_pkg'
[1.244s] Level 1:colcon.colcon_core.package_identification:_identify(src/rrbot_simulation_files/__MACOSX/rrbot_simulation_files) by extensions ['colcon_meta']
[1.244s] Level 1:colcon.colcon_core.package_identification:_identify(src/rrbot_simulation_files/__MACOSX/rrbot_simulation_files) by extension 'colcon_meta'
[1.244s] Level 1:colcon.colcon_core.package_identification:_identify(src/rrbot_simulation_files/__MACOSX/rrbot_simulation_files) by extensions ['ros']
[1.244s] Level 1:colcon.colcon_core.package_identification:_identify(src/rrbot_simulation_files/__MACOSX/rrbot_simulation_files) by extension 'ros'
[1.244s] Level 1:colcon.colcon_core.package_identification:_identify(src/rrbot_simulation_files/__MACOSX/rrbot_simulation_files) by extensions ['cmake', 'python']
[1.244s] Level 1:colcon.colcon_core.package_identification:_identify(src/rrbot_simulation_files/__MACOSX/rrbot_simulation_files) by extension 'cmake'
[1.244s] Level 1:colcon.colcon_core.package_identification:_identify(src/rrbot_simulation_files/__MACOSX/rrbot_simulation_files) by extension 'python'
[1.244s] Level 1:colcon.colcon_core.package_identification:_identify(src/rrbot_simulation_files/__MACOSX/rrbot_simulation_files) by extensions ['python_setup_py']
[1.244s] Level 1:colcon.colcon_core.package_identification:_identify(src/rrbot_simulation_files/__MACOSX/rrbot_simulation_files) by extension 'python_setup_py'
[1.244s] Level 1:colcon.colcon_core.package_identification:_identify(src/rrbot_simulation_files/__MACOSX/rrbot_simulation_files/rrbot_description) by extensions ['ignore', 'ignore_ament_install']
[1.244s] Level 1:colcon.colcon_core.package_identification:_identify(src/rrbot_simulation_files/__MACOSX/rrbot_simulation_files/rrbot_description) by extension 'ignore'
[1.245s] Level 1:colcon.colcon_core.package_identification:_identify(src/rrbot_simulation_files/__MACOSX/rrbot_simulation_files/rrbot_description) by extension 'ignore_ament_install'
[1.245s] Level 1:colcon.colcon_core.package_identification:_identify(src/rrbot_simulation_files/__MACOSX/rrbot_simulation_files/rrbot_description) by extensions ['colcon_pkg']
[1.245s] Level 1:colcon.colcon_core.package_identification:_identify(src/rrbot_simulation_files/__MACOSX/rrbot_simulation_files/rrbot_description) by extension 'colcon_pkg'
[1.245s] Level 1:colcon.colcon_core.package_identification:_identify(src/rrbot_simulation_files/__MACOSX/rrbot_simulation_files/rrbot_description) by extensions ['colcon_meta']
[1.245s] Level 1:colcon.colcon_core.package_identification:_identify(src/rrbot_simulation_files/__MACOSX/rrbot_simulation_files/rrbot_description) by extension 'colcon_meta'
[1.245s] Level 1:colcon.colcon_core.package_identification:_identify(src/rrbot_simulation_files/__MACOSX/rrbot_simulation_files/rrbot_description) by extensions ['ros']
[1.246s] Level 1:colcon.colcon_core.package_identification:_identify(src/rrbot_simulation_files/__MACOSX/rrbot_simulation_files/rrbot_description) by extension 'ros'
[1.248s] Level 1:colcon.colcon_core.package_identification:_identify(src/rrbot_simulation_files/__MACOSX/rrbot_simulation_files/rrbot_description) by extensions ['cmake', 'python']
[1.249s] Level 1:colcon.colcon_core.package_identification:_identify(src/rrbot_simulation_files/__MACOSX/rrbot_simulation_files/rrbot_description) by extension 'cmake'
[1.250s] Level 1:colcon.colcon_core.package_identification:_identify(src/rrbot_simulation_files/__MACOSX/rrbot_simulation_files/rrbot_description) by extension 'python'
[1.252s] Level 1:colcon.colcon_core.package_identification:_identify(src/rrbot_simulation_files/__MACOSX/rrbot_simulation_files/rrbot_description) by extensions ['python_setup_py']
[1.252s] Level 1:colcon.colcon_core.package_identification:_identify(src/rrbot_simulation_files/__MACOSX/rrbot_simulation_files/rrbot_description) by extension 'python_setup_py'
[1.253s] Level 1:colcon.colcon_core.package_identification:_identify(src/rrbot_simulation_files/__MACOSX/rrbot_simulation_files/rrbot_description/config) by extensions ['ignore', 'ignore_ament_install']
[1.255s] Level 1:colcon.colcon_core.package_identification:_identify(src/rrbot_simulation_files/__MACOSX/rrbot_simulation_files/rrbot_description/config) by extension 'ignore'
[1.256s] Level 1:colcon.colcon_core.package_identification:_identify(src/rrbot_simulation_files/__MACOSX/rrbot_simulation_files/rrbot_description/config) by extension 'ignore_ament_install'
[1.256s] Level 1:colcon.colcon_core.package_identification:_identify(src/rrbot_simulation_files/__MACOSX/rrbot_simulation_files/rrbot_description/config) by extensions ['colcon_pkg']
[1.256s] Level 1:colcon.colcon_core.package_identification:_identify(src/rrbot_simulation_files/__MACOSX/rrbot_simulation_files/rrbot_description/config) by extension 'colcon_pkg'
[1.256s] Level 1:colcon.colcon_core.package_identification:_identify(src/rrbot_simulation_files/__MACOSX/rrbot_simulation_files/rrbot_description/config) by extensions ['colcon_meta']
[1.256s] Level 1:colcon.colcon_core.package_identification:_identify(src/rrbot_simulation_files/__MACOSX/rrbot_simulation_files/rrbot_description/config) by extension 'colcon_meta'
[1.256s] Level 1:colcon.colcon_core.package_identification:_identify(src/rrbot_simulation_files/__MACOSX/rrbot_simulation_files/rrbot_description/config) by extensions ['ros']
[1.256s] Level 1:colcon.colcon_core.package_identification:_identify(src/rrbot_simulation_files/__MACOSX/rrbot_simulation_files/rrbot_description/config) by extension 'ros'
[1.256s] Level 1:colcon.colcon_core.package_identification:_identify(src/rrbot_simulation_files/__MACOSX/rrbot_simulation_files/rrbot_description/config) by extensions ['cmake', 'python']
[1.256s] Level 1:colcon.colcon_core.package_identification:_identify(src/rrbot_simulation_files/__MACOSX/rrbot_simulation_files/rrbot_description/config) by extension 'cmake'
[1.257s] Level 1:colcon.colcon_core.package_identification:_identify(src/rrbot_simulation_files/__MACOSX/rrbot_simulation_files/rrbot_description/config) by extension 'python'
[1.257s] Level 1:colcon.colcon_core.package_identification:_identify(src/rrbot_simulation_files/__MACOSX/rrbot_simulation_files/rrbot_description/config) by extensions ['python_setup_py']
[1.257s] Level 1:colcon.colcon_core.package_identification:_identify(src/rrbot_simulation_files/__MACOSX/rrbot_simulation_files/rrbot_description/config) by extension 'python_setup_py'
[1.257s] Level 1:colcon.colcon_core.package_identification:_identify(src/rrbot_simulation_files/__MACOSX/rrbot_simulation_files/rrbot_description/env-hooks) by extensions ['ignore', 'ignore_ament_install']
[1.257s] Level 1:colcon.colcon_core.package_identification:_identify(src/rrbot_simulation_files/__MACOSX/rrbot_simulation_files/rrbot_description/env-hooks) by extension 'ignore'
[1.258s] Level 1:colcon.colcon_core.package_identification:_identify(src/rrbot_simulation_files/__MACOSX/rrbot_simulation_files/rrbot_description/env-hooks) by extension 'ignore_ament_install'
[1.258s] Level 1:colcon.colcon_core.package_identification:_identify(src/rrbot_simulation_files/__MACOSX/rrbot_simulation_files/rrbot_description/env-hooks) by extensions ['colcon_pkg']
[1.258s] Level 1:colcon.colcon_core.package_identification:_identify(src/rrbot_simulation_files/__MACOSX/rrbot_simulation_files/rrbot_description/env-hooks) by extension 'colcon_pkg'
[1.258s] Level 1:colcon.colcon_core.package_identification:_identify(src/rrbot_simulation_files/__MACOSX/rrbot_simulation_files/rrbot_description/env-hooks) by extensions ['colcon_meta']
[1.258s] Level 1:colcon.colcon_core.package_identification:_identify(src/rrbot_simulation_files/__MACOSX/rrbot_simulation_files/rrbot_description/env-hooks) by extension 'colcon_meta'
[1.259s] Level 1:colcon.colcon_core.package_identification:_identify(src/rrbot_simulation_files/__MACOSX/rrbot_simulation_files/rrbot_description/env-hooks) by extensions ['ros']
[1.259s] Level 1:colcon.colcon_core.package_identification:_identify(src/rrbot_simulation_files/__MACOSX/rrbot_simulation_files/rrbot_description/env-hooks) by extension 'ros'
[1.259s] Level 1:colcon.colcon_core.package_identification:_identify(src/rrbot_simulation_files/__MACOSX/rrbot_simulation_files/rrbot_description/env-hooks) by extensions ['cmake', 'python']
[1.259s] Level 1:colcon.colcon_core.package_identification:_identify(src/rrbot_simulation_files/__MACOSX/rrbot_simulation_files/rrbot_description/env-hooks) by extension 'cmake'
[1.259s] Level 1:colcon.colcon_core.package_identification:_identify(src/rrbot_simulation_files/__MACOSX/rrbot_simulation_files/rrbot_description/env-hooks) by extension 'python'
[1.260s] Level 1:colcon.colcon_core.package_identification:_identify(src/rrbot_simulation_files/__MACOSX/rrbot_simulation_files/rrbot_description/env-hooks) by extensions ['python_setup_py']
[1.260s] Level 1:colcon.colcon_core.package_identification:_identify(src/rrbot_simulation_files/__MACOSX/rrbot_simulation_files/rrbot_description/env-hooks) by extension 'python_setup_py'
[1.260s] Level 1:colcon.colcon_core.package_identification:_identify(src/rrbot_simulation_files/__MACOSX/rrbot_simulation_files/rrbot_description/gazebo) by extensions ['ignore', 'ignore_ament_install']
[1.260s] Level 1:colcon.colcon_core.package_identification:_identify(src/rrbot_simulation_files/__MACOSX/rrbot_simulation_files/rrbot_description/gazebo) by extension 'ignore'
[1.260s] Level 1:colcon.colcon_core.package_identification:_identify(src/rrbot_simulation_files/__MACOSX/rrbot_simulation_files/rrbot_description/gazebo) by extension 'ignore_ament_install'
[1.260s] Level 1:colcon.colcon_core.package_identification:_identify(src/rrbot_simulation_files/__MACOSX/rrbot_simulation_files/rrbot_description/gazebo) by extensions ['colcon_pkg']
[1.261s] Level 1:colcon.colcon_core.package_identification:_identify(src/rrbot_simulation_files/__MACOSX/rrbot_simulation_files/rrbot_description/gazebo) by extension 'colcon_pkg'
[1.261s] Level 1:colcon.colcon_core.package_identification:_identify(src/rrbot_simulation_files/__MACOSX/rrbot_simulation_files/rrbot_description/gazebo) by extensions ['colcon_meta']
[1.261s] Level 1:colcon.colcon_core.package_identification:_identify(src/rrbot_simulation_files/__MACOSX/rrbot_simulation_files/rrbot_description/gazebo) by extension 'colcon_meta'
[1.261s] Level 1:colcon.colcon_core.package_identification:_identify(src/rrbot_simulation_files/__MACOSX/rrbot_simulation_files/rrbot_description/gazebo) by extensions ['ros']
[1.261s] Level 1:colcon.colcon_core.package_identification:_identify(src/rrbot_simulation_files/__MACOSX/rrbot_simulation_files/rrbot_description/gazebo) by extension 'ros'
[1.261s] Level 1:colcon.colcon_core.package_identification:_identify(src/rrbot_simulation_files/__MACOSX/rrbot_simulation_files/rrbot_description/gazebo) by extensions ['cmake', 'python']
[1.263s] Level 1:colcon.colcon_core.package_identification:_identify(src/rrbot_simulation_files/__MACOSX/rrbot_simulation_files/rrbot_description/gazebo) by extension 'cmake'
[1.264s] Level 1:colcon.colcon_core.package_identification:_identify(src/rrbot_simulation_files/__MACOSX/rrbot_simulation_files/rrbot_description/gazebo) by extension 'python'
[1.265s] Level 1:colcon.colcon_core.package_identification:_identify(src/rrbot_simulation_files/__MACOSX/rrbot_simulation_files/rrbot_description/gazebo) by extensions ['python_setup_py']
[1.267s] Level 1:colcon.colcon_core.package_identification:_identify(src/rrbot_simulation_files/__MACOSX/rrbot_simulation_files/rrbot_description/gazebo) by extension 'python_setup_py'
[1.269s] Level 1:colcon.colcon_core.package_identification:_identify(src/rrbot_simulation_files/__MACOSX/rrbot_simulation_files/rrbot_description/launch) by extensions ['ignore', 'ignore_ament_install']
[1.269s] Level 1:colcon.colcon_core.package_identification:_identify(src/rrbot_simulation_files/__MACOSX/rrbot_simulation_files/rrbot_description/launch) by extension 'ignore'
[1.269s] Level 1:colcon.colcon_core.package_identification:_identify(src/rrbot_simulation_files/__MACOSX/rrbot_simulation_files/rrbot_description/launch) by extension 'ignore_ament_install'
[1.270s] Level 1:colcon.colcon_core.package_identification:_identify(src/rrbot_simulation_files/__MACOSX/rrbot_simulation_files/rrbot_description/launch) by extensions ['colcon_pkg']
[1.270s] Level 1:colcon.colcon_core.package_identification:_identify(src/rrbot_simulation_files/__MACOSX/rrbot_simulation_files/rrbot_description/launch) by extension 'colcon_pkg'
[1.271s] Level 1:colcon.colcon_core.package_identification:_identify(src/rrbot_simulation_files/__MACOSX/rrbot_simulation_files/rrbot_description/launch) by extensions ['colcon_meta']
[1.271s] Level 1:colcon.colcon_core.package_identification:_identify(src/rrbot_simulation_files/__MACOSX/rrbot_simulation_files/rrbot_description/launch) by extension 'colcon_meta'
[1.272s] Level 1:colcon.colcon_core.package_identification:_identify(src/rrbot_simulation_files/__MACOSX/rrbot_simulation_files/rrbot_description/launch) by extensions ['ros']
[1.272s] Level 1:colcon.colcon_core.package_identification:_identify(src/rrbot_simulation_files/__MACOSX/rrbot_simulation_files/rrbot_description/launch) by extension 'ros'
[1.272s] Level 1:colcon.colcon_core.package_identification:_identify(src/rrbot_simulation_files/__MACOSX/rrbot_simulation_files/rrbot_description/launch) by extensions ['cmake', 'python']
[1.272s] Level 1:colcon.colcon_core.package_identification:_identify(src/rrbot_simulation_files/__MACOSX/rrbot_simulation_files/rrbot_description/launch) by extension 'cmake'
[1.272s] Level 1:colcon.colcon_core.package_identification:_identify(src/rrbot_simulation_files/__MACOSX/rrbot_simulation_files/rrbot_description/launch) by extension 'python'
[1.272s] Level 1:colcon.colcon_core.package_identification:_identify(src/rrbot_simulation_files/__MACOSX/rrbot_simulation_files/rrbot_description/launch) by extensions ['python_setup_py']
[1.272s] Level 1:colcon.colcon_core.package_identification:_identify(src/rrbot_simulation_files/__MACOSX/rrbot_simulation_files/rrbot_description/launch) by extension 'python_setup_py'
[1.273s] Level 1:colcon.colcon_core.package_identification:_identify(src/rrbot_simulation_files/__MACOSX/rrbot_simulation_files/rrbot_description/meshes) by extensions ['ignore', 'ignore_ament_install']
[1.273s] Level 1:colcon.colcon_core.package_identification:_identify(src/rrbot_simulation_files/__MACOSX/rrbot_simulation_files/rrbot_description/meshes) by extension 'ignore'
[1.273s] Level 1:colcon.colcon_core.package_identification:_identify(src/rrbot_simulation_files/__MACOSX/rrbot_simulation_files/rrbot_description/meshes) by extension 'ignore_ament_install'
[1.273s] Level 1:colcon.colcon_core.package_identification:_identify(src/rrbot_simulation_files/__MACOSX/rrbot_simulation_files/rrbot_description/meshes) by extensions ['colcon_pkg']
[1.274s] Level 1:colcon.colcon_core.package_identification:_identify(src/rrbot_simulation_files/__MACOSX/rrbot_simulation_files/rrbot_description/meshes) by extension 'colcon_pkg'
[1.274s] Level 1:colcon.colcon_core.package_identification:_identify(src/rrbot_simulation_files/__MACOSX/rrbot_simulation_files/rrbot_description/meshes) by extensions ['colcon_meta']
[1.274s] Level 1:colcon.colcon_core.package_identification:_identify(src/rrbot_simulation_files/__MACOSX/rrbot_simulation_files/rrbot_description/meshes) by extension 'colcon_meta'
[1.274s] Level 1:colcon.colcon_core.package_identification:_identify(src/rrbot_simulation_files/__MACOSX/rrbot_simulation_files/rrbot_description/meshes) by extensions ['ros']
[1.274s] Level 1:colcon.colcon_core.package_identification:_identify(src/rrbot_simulation_files/__MACOSX/rrbot_simulation_files/rrbot_description/meshes) by extension 'ros'
[1.275s] Level 1:colcon.colcon_core.package_identification:_identify(src/rrbot_simulation_files/__MACOSX/rrbot_simulation_files/rrbot_description/meshes) by extensions ['cmake', 'python']
[1.275s] Level 1:colcon.colcon_core.package_identification:_identify(src/rrbot_simulation_files/__MACOSX/rrbot_simulation_files/rrbot_description/meshes) by extension 'cmake'
[1.275s] Level 1:colcon.colcon_core.package_identification:_identify(src/rrbot_simulation_files/__MACOSX/rrbot_simulation_files/rrbot_description/meshes) by extension 'python'
[1.275s] Level 1:colcon.colcon_core.package_identification:_identify(src/rrbot_simulation_files/__MACOSX/rrbot_simulation_files/rrbot_description/meshes) by extensions ['python_setup_py']
[1.275s] Level 1:colcon.colcon_core.package_identification:_identify(src/rrbot_simulation_files/__MACOSX/rrbot_simulation_files/rrbot_description/meshes) by extension 'python_setup_py'
[1.275s] Level 1:colcon.colcon_core.package_identification:_identify(src/rrbot_simulation_files/__MACOSX/rrbot_simulation_files/rrbot_description/ros2_control) by extensions ['ignore', 'ignore_ament_install']
[1.276s] Level 1:colcon.colcon_core.package_identification:_identify(src/rrbot_simulation_files/__MACOSX/rrbot_simulation_files/rrbot_description/ros2_control) by extension 'ignore'
[1.276s] Level 1:colcon.colcon_core.package_identification:_identify(src/rrbot_simulation_files/__MACOSX/rrbot_simulation_files/rrbot_description/ros2_control) by extension 'ignore_ament_install'
[1.276s] Level 1:colcon.colcon_core.package_identification:_identify(src/rrbot_simulation_files/__MACOSX/rrbot_simulation_files/rrbot_description/ros2_control) by extensions ['colcon_pkg']
[1.276s] Level 1:colcon.colcon_core.package_identification:_identify(src/rrbot_simulation_files/__MACOSX/rrbot_simulation_files/rrbot_description/ros2_control) by extension 'colcon_pkg'
[1.276s] Level 1:colcon.colcon_core.package_identification:_identify(src/rrbot_simulation_files/__MACOSX/rrbot_simulation_files/rrbot_description/ros2_control) by extensions ['colcon_meta']
[1.276s] Level 1:colcon.colcon_core.package_identification:_identify(src/rrbot_simulation_files/__MACOSX/rrbot_simulation_files/rrbot_description/ros2_control) by extension 'colcon_meta'
[1.276s] Level 1:colcon.colcon_core.package_identification:_identify(src/rrbot_simulation_files/__MACOSX/rrbot_simulation_files/rrbot_description/ros2_control) by extensions ['ros']
[1.276s] Level 1:colcon.colcon_core.package_identification:_identify(src/rrbot_simulation_files/__MACOSX/rrbot_simulation_files/rrbot_description/ros2_control) by extension 'ros'
[1.276s] Level 1:colcon.colcon_core.package_identification:_identify(src/rrbot_simulation_files/__MACOSX/rrbot_simulation_files/rrbot_description/ros2_control) by extensions ['cmake', 'python']
[1.276s] Level 1:colcon.colcon_core.package_identification:_identify(src/rrbot_simulation_files/__MACOSX/rrbot_simulation_files/rrbot_description/ros2_control) by extension 'cmake'
[1.276s] Level 1:colcon.colcon_core.package_identification:_identify(src/rrbot_simulation_files/__MACOSX/rrbot_simulation_files/rrbot_description/ros2_control) by extension 'python'
[1.277s] Level 1:colcon.colcon_core.package_identification:_identify(src/rrbot_simulation_files/__MACOSX/rrbot_simulation_files/rrbot_description/ros2_control) by extensions ['python_setup_py']
[1.277s] Level 1:colcon.colcon_core.package_identification:_identify(src/rrbot_simulation_files/__MACOSX/rrbot_simulation_files/rrbot_description/ros2_control) by extension 'python_setup_py'
[1.277s] Level 1:colcon.colcon_core.package_identification:_identify(src/rrbot_simulation_files/__MACOSX/rrbot_simulation_files/rrbot_description/urdf) by extensions ['ignore', 'ignore_ament_install']
[1.277s] Level 1:colcon.colcon_core.package_identification:_identify(src/rrbot_simulation_files/__MACOSX/rrbot_simulation_files/rrbot_description/urdf) by extension 'ignore'
[1.279s] Level 1:colcon.colcon_core.package_identification:_identify(src/rrbot_simulation_files/__MACOSX/rrbot_simulation_files/rrbot_description/urdf) by extension 'ignore_ament_install'
[1.280s] Level 1:colcon.colcon_core.package_identification:_identify(src/rrbot_simulation_files/__MACOSX/rrbot_simulation_files/rrbot_description/urdf) by extensions ['colcon_pkg']
[1.281s] Level 1:colcon.colcon_core.package_identification:_identify(src/rrbot_simulation_files/__MACOSX/rrbot_simulation_files/rrbot_description/urdf) by extension 'colcon_pkg'
[1.282s] Level 1:colcon.colcon_core.package_identification:_identify(src/rrbot_simulation_files/__MACOSX/rrbot_simulation_files/rrbot_description/urdf) by extensions ['colcon_meta']
[1.283s] Level 1:colcon.colcon_core.package_identification:_identify(src/rrbot_simulation_files/__MACOSX/rrbot_simulation_files/rrbot_description/urdf) by extension 'colcon_meta'
[1.283s] Level 1:colcon.colcon_core.package_identification:_identify(src/rrbot_simulation_files/__MACOSX/rrbot_simulation_files/rrbot_description/urdf) by extensions ['ros']
[1.284s] Level 1:colcon.colcon_core.package_identification:_identify(src/rrbot_simulation_files/__MACOSX/rrbot_simulation_files/rrbot_description/urdf) by extension 'ros'
[1.284s] Level 1:colcon.colcon_core.package_identification:_identify(src/rrbot_simulation_files/__MACOSX/rrbot_simulation_files/rrbot_description/urdf) by extensions ['cmake', 'python']
[1.284s] Level 1:colcon.colcon_core.package_identification:_identify(src/rrbot_simulation_files/__MACOSX/rrbot_simulation_files/rrbot_description/urdf) by extension 'cmake'
[1.284s] Level 1:colcon.colcon_core.package_identification:_identify(src/rrbot_simulation_files/__MACOSX/rrbot_simulation_files/rrbot_description/urdf) by extension 'python'
[1.284s] Level 1:colcon.colcon_core.package_identification:_identify(src/rrbot_simulation_files/__MACOSX/rrbot_simulation_files/rrbot_description/urdf) by extensions ['python_setup_py']
[1.285s] Level 1:colcon.colcon_core.package_identification:_identify(src/rrbot_simulation_files/__MACOSX/rrbot_simulation_files/rrbot_description/urdf) by extension 'python_setup_py'
[1.286s] Level 1:colcon.colcon_core.package_identification:_identify(src/rrbot_simulation_files/__MACOSX/rrbot_simulation_files/rrbot_gazebo) by extensions ['ignore', 'ignore_ament_install']
[1.286s] Level 1:colcon.colcon_core.package_identification:_identify(src/rrbot_simulation_files/__MACOSX/rrbot_simulation_files/rrbot_gazebo) by extension 'ignore'
[1.287s] Level 1:colcon.colcon_core.package_identification:_identify(src/rrbot_simulation_files/__MACOSX/rrbot_simulation_files/rrbot_gazebo) by extension 'ignore_ament_install'
[1.287s] Level 1:colcon.colcon_core.package_identification:_identify(src/rrbot_simulation_files/__MACOSX/rrbot_simulation_files/rrbot_gazebo) by extensions ['colcon_pkg']
[1.287s] Level 1:colcon.colcon_core.package_identification:_identify(src/rrbot_simulation_files/__MACOSX/rrbot_simulation_files/rrbot_gazebo) by extension 'colcon_pkg'
[1.287s] Level 1:colcon.colcon_core.package_identification:_identify(src/rrbot_simulation_files/__MACOSX/rrbot_simulation_files/rrbot_gazebo) by extensions ['colcon_meta']
[1.287s] Level 1:colcon.colcon_core.package_identification:_identify(src/rrbot_simulation_files/__MACOSX/rrbot_simulation_files/rrbot_gazebo) by extension 'colcon_meta'
[1.287s] Level 1:colcon.colcon_core.package_identification:_identify(src/rrbot_simulation_files/__MACOSX/rrbot_simulation_files/rrbot_gazebo) by extensions ['ros']
[1.287s] Level 1:colcon.colcon_core.package_identification:_identify(src/rrbot_simulation_files/__MACOSX/rrbot_simulation_files/rrbot_gazebo) by extension 'ros'
[1.287s] Level 1:colcon.colcon_core.package_identification:_identify(src/rrbot_simulation_files/__MACOSX/rrbot_simulation_files/rrbot_gazebo) by extensions ['cmake', 'python']
[1.287s] Level 1:colcon.colcon_core.package_identification:_identify(src/rrbot_simulation_files/__MACOSX/rrbot_simulation_files/rrbot_gazebo) by extension 'cmake'
[1.287s] Level 1:colcon.colcon_core.package_identification:_identify(src/rrbot_simulation_files/__MACOSX/rrbot_simulation_files/rrbot_gazebo) by extension 'python'
[1.288s] Level 1:colcon.colcon_core.package_identification:_identify(src/rrbot_simulation_files/__MACOSX/rrbot_simulation_files/rrbot_gazebo) by extensions ['python_setup_py']
[1.288s] Level 1:colcon.colcon_core.package_identification:_identify(src/rrbot_simulation_files/__MACOSX/rrbot_simulation_files/rrbot_gazebo) by extension 'python_setup_py'
[1.288s] Level 1:colcon.colcon_core.package_identification:_identify(src/rrbot_simulation_files/__MACOSX/rrbot_simulation_files/rrbot_gazebo/config) by extensions ['ignore', 'ignore_ament_install']
[1.288s] Level 1:colcon.colcon_core.package_identification:_identify(src/rrbot_simulation_files/__MACOSX/rrbot_simulation_files/rrbot_gazebo/config) by extension 'ignore'
[1.288s] Level 1:colcon.colcon_core.package_identification:_identify(src/rrbot_simulation_files/__MACOSX/rrbot_simulation_files/rrbot_gazebo/config) by extension 'ignore_ament_install'
[1.288s] Level 1:colcon.colcon_core.package_identification:_identify(src/rrbot_simulation_files/__MACOSX/rrbot_simulation_files/rrbot_gazebo/config) by extensions ['colcon_pkg']
[1.288s] Level 1:colcon.colcon_core.package_identification:_identify(src/rrbot_simulation_files/__MACOSX/rrbot_simulation_files/rrbot_gazebo/config) by extension 'colcon_pkg'
[1.288s] Level 1:colcon.colcon_core.package_identification:_identify(src/rrbot_simulation_files/__MACOSX/rrbot_simulation_files/rrbot_gazebo/config) by extensions ['colcon_meta']
[1.288s] Level 1:colcon.colcon_core.package_identification:_identify(src/rrbot_simulation_files/__MACOSX/rrbot_simulation_files/rrbot_gazebo/config) by extension 'colcon_meta'
[1.289s] Level 1:colcon.colcon_core.package_identification:_identify(src/rrbot_simulation_files/__MACOSX/rrbot_simulation_files/rrbot_gazebo/config) by extensions ['ros']
[1.289s] Level 1:colcon.colcon_core.package_identification:_identify(src/rrbot_simulation_files/__MACOSX/rrbot_simulation_files/rrbot_gazebo/config) by extension 'ros'
[1.289s] Level 1:colcon.colcon_core.package_identification:_identify(src/rrbot_simulation_files/__MACOSX/rrbot_simulation_files/rrbot_gazebo/config) by extensions ['cmake', 'python']
[1.289s] Level 1:colcon.colcon_core.package_identification:_identify(src/rrbot_simulation_files/__MACOSX/rrbot_simulation_files/rrbot_gazebo/config) by extension 'cmake'
[1.289s] Level 1:colcon.colcon_core.package_identification:_identify(src/rrbot_simulation_files/__MACOSX/rrbot_simulation_files/rrbot_gazebo/config) by extension 'python'
[1.289s] Level 1:colcon.colcon_core.package_identification:_identify(src/rrbot_simulation_files/__MACOSX/rrbot_simulation_files/rrbot_gazebo/config) by extensions ['python_setup_py']
[1.289s] Level 1:colcon.colcon_core.package_identification:_identify(src/rrbot_simulation_files/__MACOSX/rrbot_simulation_files/rrbot_gazebo/config) by extension 'python_setup_py'
[1.290s] Level 1:colcon.colcon_core.package_identification:_identify(src/rrbot_simulation_files/__MACOSX/rrbot_simulation_files/rrbot_gazebo/launch) by extensions ['ignore', 'ignore_ament_install']
[1.290s] Level 1:colcon.colcon_core.package_identification:_identify(src/rrbot_simulation_files/__MACOSX/rrbot_simulation_files/rrbot_gazebo/launch) by extension 'ignore'
[1.291s] Level 1:colcon.colcon_core.package_identification:_identify(src/rrbot_simulation_files/__MACOSX/rrbot_simulation_files/rrbot_gazebo/launch) by extension 'ignore_ament_install'
[1.291s] Level 1:colcon.colcon_core.package_identification:_identify(src/rrbot_simulation_files/__MACOSX/rrbot_simulation_files/rrbot_gazebo/launch) by extensions ['colcon_pkg']
[1.291s] Level 1:colcon.colcon_core.package_identification:_identify(src/rrbot_simulation_files/__MACOSX/rrbot_simulation_files/rrbot_gazebo/launch) by extension 'colcon_pkg'
[1.291s] Level 1:colcon.colcon_core.package_identification:_identify(src/rrbot_simulation_files/__MACOSX/rrbot_simulation_files/rrbot_gazebo/launch) by extensions ['colcon_meta']
[1.291s] Level 1:colcon.colcon_core.package_identification:_identify(src/rrbot_simulation_files/__MACOSX/rrbot_simulation_files/rrbot_gazebo/launch) by extension 'colcon_meta'
[1.291s] Level 1:colcon.colcon_core.package_identification:_identify(src/rrbot_simulation_files/__MACOSX/rrbot_simulation_files/rrbot_gazebo/launch) by extensions ['ros']
[1.291s] Level 1:colcon.colcon_core.package_identification:_identify(src/rrbot_simulation_files/__MACOSX/rrbot_simulation_files/rrbot_gazebo/launch) by extension 'ros'
[1.291s] Level 1:colcon.colcon_core.package_identification:_identify(src/rrbot_simulation_files/__MACOSX/rrbot_simulation_files/rrbot_gazebo/launch) by extensions ['cmake', 'python']
[1.291s] Level 1:colcon.colcon_core.package_identification:_identify(src/rrbot_simulation_files/__MACOSX/rrbot_simulation_files/rrbot_gazebo/launch) by extension 'cmake'
[1.291s] Level 1:colcon.colcon_core.package_identification:_identify(src/rrbot_simulation_files/__MACOSX/rrbot_simulation_files/rrbot_gazebo/launch) by extension 'python'
[1.292s] Level 1:colcon.colcon_core.package_identification:_identify(src/rrbot_simulation_files/__MACOSX/rrbot_simulation_files/rrbot_gazebo/launch) by extensions ['python_setup_py']
[1.292s] Level 1:colcon.colcon_core.package_identification:_identify(src/rrbot_simulation_files/__MACOSX/rrbot_simulation_files/rrbot_gazebo/launch) by extension 'python_setup_py'
[1.292s] Level 1:colcon.colcon_core.package_identification:_identify(src/rrbot_simulation_files/__MACOSX/rrbot_simulation_files/rrbot_gazebo/src) by extensions ['ignore', 'ignore_ament_install']
[1.292s] Level 1:colcon.colcon_core.package_identification:_identify(src/rrbot_simulation_files/__MACOSX/rrbot_simulation_files/rrbot_gazebo/src) by extension 'ignore'
[1.292s] Level 1:colcon.colcon_core.package_identification:_identify(src/rrbot_simulation_files/__MACOSX/rrbot_simulation_files/rrbot_gazebo/src) by extension 'ignore_ament_install'
[1.292s] Level 1:colcon.colcon_core.package_identification:_identify(src/rrbot_simulation_files/__MACOSX/rrbot_simulation_files/rrbot_gazebo/src) by extensions ['colcon_pkg']
[1.292s] Level 1:colcon.colcon_core.package_identification:_identify(src/rrbot_simulation_files/__MACOSX/rrbot_simulation_files/rrbot_gazebo/src) by extension 'colcon_pkg'
[1.292s] Level 1:colcon.colcon_core.package_identification:_identify(src/rrbot_simulation_files/__MACOSX/rrbot_simulation_files/rrbot_gazebo/src) by extensions ['colcon_meta']
[1.292s] Level 1:colcon.colcon_core.package_identification:_identify(src/rrbot_simulation_files/__MACOSX/rrbot_simulation_files/rrbot_gazebo/src) by extension 'colcon_meta'
[1.292s] Level 1:colcon.colcon_core.package_identification:_identify(src/rrbot_simulation_files/__MACOSX/rrbot_simulation_files/rrbot_gazebo/src) by extensions ['ros']
[1.292s] Level 1:colcon.colcon_core.package_identification:_identify(src/rrbot_simulation_files/__MACOSX/rrbot_simulation_files/rrbot_gazebo/src) by extension 'ros'
[1.293s] Level 1:colcon.colcon_core.package_identification:_identify(src/rrbot_simulation_files/__MACOSX/rrbot_simulation_files/rrbot_gazebo/src) by extensions ['cmake', 'python']
[1.293s] Level 1:colcon.colcon_core.package_identification:_identify(src/rrbot_simulation_files/__MACOSX/rrbot_simulation_files/rrbot_gazebo/src) by extension 'cmake'
[1.293s] Level 1:colcon.colcon_core.package_identification:_identify(src/rrbot_simulation_files/__MACOSX/rrbot_simulation_files/rrbot_gazebo/src) by extension 'python'
[1.295s] Level 1:colcon.colcon_core.package_identification:_identify(src/rrbot_simulation_files/__MACOSX/rrbot_simulation_files/rrbot_gazebo/src) by extensions ['python_setup_py']
[1.295s] Level 1:colcon.colcon_core.package_identification:_identify(src/rrbot_simulation_files/__MACOSX/rrbot_simulation_files/rrbot_gazebo/src) by extension 'python_setup_py'
[1.298s] Level 1:colcon.colcon_core.package_identification:_identify(src/rrbot_simulation_files/__MACOSX/rrbot_simulation_files/rrbot_gazebo/worlds) by extensions ['ignore', 'ignore_ament_install']
[1.299s] Level 1:colcon.colcon_core.package_identification:_identify(src/rrbot_simulation_files/__MACOSX/rrbot_simulation_files/rrbot_gazebo/worlds) by extension 'ignore'
[1.299s] Level 1:colcon.colcon_core.package_identification:_identify(src/rrbot_simulation_files/__MACOSX/rrbot_simulation_files/rrbot_gazebo/worlds) by extension 'ignore_ament_install'
[1.300s] Level 1:colcon.colcon_core.package_identification:_identify(src/rrbot_simulation_files/__MACOSX/rrbot_simulation_files/rrbot_gazebo/worlds) by extensions ['colcon_pkg']
[1.300s] Level 1:colcon.colcon_core.package_identification:_identify(src/rrbot_simulation_files/__MACOSX/rrbot_simulation_files/rrbot_gazebo/worlds) by extension 'colcon_pkg'
[1.300s] Level 1:colcon.colcon_core.package_identification:_identify(src/rrbot_simulation_files/__MACOSX/rrbot_simulation_files/rrbot_gazebo/worlds) by extensions ['colcon_meta']
[1.300s] Level 1:colcon.colcon_core.package_identification:_identify(src/rrbot_simulation_files/__MACOSX/rrbot_simulation_files/rrbot_gazebo/worlds) by extension 'colcon_meta'
[1.301s] Level 1:colcon.colcon_core.package_identification:_identify(src/rrbot_simulation_files/__MACOSX/rrbot_simulation_files/rrbot_gazebo/worlds) by extensions ['ros']
[1.301s] Level 1:colcon.colcon_core.package_identification:_identify(src/rrbot_simulation_files/__MACOSX/rrbot_simulation_files/rrbot_gazebo/worlds) by extension 'ros'
[1.301s] Level 1:colcon.colcon_core.package_identification:_identify(src/rrbot_simulation_files/__MACOSX/rrbot_simulation_files/rrbot_gazebo/worlds) by extensions ['cmake', 'python']
[1.302s] Level 1:colcon.colcon_core.package_identification:_identify(src/rrbot_simulation_files/__MACOSX/rrbot_simulation_files/rrbot_gazebo/worlds) by extension 'cmake'
[1.302s] Level 1:colcon.colcon_core.package_identification:_identify(src/rrbot_simulation_files/__MACOSX/rrbot_simulation_files/rrbot_gazebo/worlds) by extension 'python'
[1.302s] Level 1:colcon.colcon_core.package_identification:_identify(src/rrbot_simulation_files/__MACOSX/rrbot_simulation_files/rrbot_gazebo/worlds) by extensions ['python_setup_py']
[1.302s] Level 1:colcon.colcon_core.package_identification:_identify(src/rrbot_simulation_files/__MACOSX/rrbot_simulation_files/rrbot_gazebo/worlds) by extension 'python_setup_py'
[1.302s] Level 1:colcon.colcon_core.package_identification:_identify(src/rrbot_simulation_files/rrbot_simulation_files) by extensions ['ignore', 'ignore_ament_install']
[1.302s] Level 1:colcon.colcon_core.package_identification:_identify(src/rrbot_simulation_files/rrbot_simulation_files) by extension 'ignore'
[1.303s] Level 1:colcon.colcon_core.package_identification:_identify(src/rrbot_simulation_files/rrbot_simulation_files) by extension 'ignore_ament_install'
[1.303s] Level 1:colcon.colcon_core.package_identification:_identify(src/rrbot_simulation_files/rrbot_simulation_files) by extensions ['colcon_pkg']
[1.303s] Level 1:colcon.colcon_core.package_identification:_identify(src/rrbot_simulation_files/rrbot_simulation_files) by extension 'colcon_pkg'
[1.303s] Level 1:colcon.colcon_core.package_identification:_identify(src/rrbot_simulation_files/rrbot_simulation_files) by extensions ['colcon_meta']
[1.303s] Level 1:colcon.colcon_core.package_identification:_identify(src/rrbot_simulation_files/rrbot_simulation_files) by extension 'colcon_meta'
[1.303s] Level 1:colcon.colcon_core.package_identification:_identify(src/rrbot_simulation_files/rrbot_simulation_files) by extensions ['ros']
[1.303s] Level 1:colcon.colcon_core.package_identification:_identify(src/rrbot_simulation_files/rrbot_simulation_files) by extension 'ros'
[1.303s] Level 1:colcon.colcon_core.package_identification:_identify(src/rrbot_simulation_files/rrbot_simulation_files) by extensions ['cmake', 'python']
[1.303s] Level 1:colcon.colcon_core.package_identification:_identify(src/rrbot_simulation_files/rrbot_simulation_files) by extension 'cmake'
[1.303s] Level 1:colcon.colcon_core.package_identification:_identify(src/rrbot_simulation_files/rrbot_simulation_files) by extension 'python'
[1.303s] Level 1:colcon.colcon_core.package_identification:_identify(src/rrbot_simulation_files/rrbot_simulation_files) by extensions ['python_setup_py']
[1.303s] Level 1:colcon.colcon_core.package_identification:_identify(src/rrbot_simulation_files/rrbot_simulation_files) by extension 'python_setup_py'
[1.303s] Level 1:colcon.colcon_core.package_identification:_identify(src/rrbot_simulation_files/rrbot_simulation_files/rrbot_description) by extensions ['ignore', 'ignore_ament_install']
[1.304s] Level 1:colcon.colcon_core.package_identification:_identify(src/rrbot_simulation_files/rrbot_simulation_files/rrbot_description) by extension 'ignore'
[1.304s] Level 1:colcon.colcon_core.package_identification:_identify(src/rrbot_simulation_files/rrbot_simulation_files/rrbot_description) by extension 'ignore_ament_install'
[1.304s] Level 1:colcon.colcon_core.package_identification:_identify(src/rrbot_simulation_files/rrbot_simulation_files/rrbot_description) by extensions ['colcon_pkg']
[1.304s] Level 1:colcon.colcon_core.package_identification:_identify(src/rrbot_simulation_files/rrbot_simulation_files/rrbot_description) by extension 'colcon_pkg'
[1.304s] Level 1:colcon.colcon_core.package_identification:_identify(src/rrbot_simulation_files/rrbot_simulation_files/rrbot_description) by extensions ['colcon_meta']
[1.304s] Level 1:colcon.colcon_core.package_identification:_identify(src/rrbot_simulation_files/rrbot_simulation_files/rrbot_description) by extension 'colcon_meta'
[1.304s] Level 1:colcon.colcon_core.package_identification:_identify(src/rrbot_simulation_files/rrbot_simulation_files/rrbot_description) by extensions ['ros']
[1.304s] Level 1:colcon.colcon_core.package_identification:_identify(src/rrbot_simulation_files/rrbot_simulation_files/rrbot_description) by extension 'ros'
[1.305s] DEBUG:colcon.colcon_core.package_identification:Package 'src/rrbot_simulation_files/rrbot_simulation_files/rrbot_description' with type 'ros.ament_cmake' and name 'rrbot_description'
[1.306s] Level 1:colcon.colcon_core.package_identification:_identify(src/rrbot_simulation_files/rrbot_simulation_files/rrbot_gazebo) by extensions ['ignore', 'ignore_ament_install']
[1.306s] Level 1:colcon.colcon_core.package_identification:_identify(src/rrbot_simulation_files/rrbot_simulation_files/rrbot_gazebo) by extension 'ignore'
[1.306s] Level 1:colcon.colcon_core.package_identification:_identify(src/rrbot_simulation_files/rrbot_simulation_files/rrbot_gazebo) by extension 'ignore_ament_install'
[1.306s] Level 1:colcon.colcon_core.package_identification:_identify(src/rrbot_simulation_files/rrbot_simulation_files/rrbot_gazebo) by extensions ['colcon_pkg']
[1.307s] Level 1:colcon.colcon_core.package_identification:_identify(src/rrbot_simulation_files/rrbot_simulation_files/rrbot_gazebo) by extension 'colcon_pkg'
[1.307s] Level 1:colcon.colcon_core.package_identification:_identify(src/rrbot_simulation_files/rrbot_simulation_files/rrbot_gazebo) by extensions ['colcon_meta']
[1.307s] Level 1:colcon.colcon_core.package_identification:_identify(src/rrbot_simulation_files/rrbot_simulation_files/rrbot_gazebo) by extension 'colcon_meta'
[1.307s] Level 1:colcon.colcon_core.package_identification:_identify(src/rrbot_simulation_files/rrbot_simulation_files/rrbot_gazebo) by extensions ['ros']
[1.307s] Level 1:colcon.colcon_core.package_identification:_identify(src/rrbot_simulation_files/rrbot_simulation_files/rrbot_gazebo) by extension 'ros'
[1.309s] DEBUG:colcon.colcon_core.package_identification:Package 'src/rrbot_simulation_files/rrbot_simulation_files/rrbot_gazebo' with type 'ros.ament_cmake' and name 'rrbot_gazebo'
[1.309s] Level 1:colcon.colcon_core.package_discovery:discover_packages(recursive) using defaults
[1.309s] Level 1:colcon.colcon_core.package_discovery:discover_packages(ignore) discover
[1.309s] Level 1:colcon.colcon_core.package_discovery:discover_packages(ignore) using defaults
[1.310s] Level 1:colcon.colcon_core.package_discovery:discover_packages(path) discover
[1.310s] Level 1:colcon.colcon_core.package_discovery:discover_packages(path) using defaults
[1.403s] INFO:colcon.colcon_core.package_selection:Skipping not selected package 'FK' in 'src/FK'
[1.403s] INFO:colcon.colcon_core.package_selection:Skipping not selected package 'ikinterface' in 'src/Foundation_Project/ikinterface'
[1.403s] INFO:colcon.colcon_core.package_selection:Skipping not selected package 'rrbot_description' in 'src/rrbot_simulation_files/rrbot_simulation_files/rrbot_description'
[1.403s] INFO:colcon.colcon_core.package_selection:Skipping not selected package 'rrbot_gazebo' in 'src/rrbot_simulation_files/rrbot_simulation_files/rrbot_gazebo'
[1.404s] Level 1:colcon.colcon_core.package_discovery:discover_packages(prefix_path) check parameters
[1.405s] Level 1:colcon.colcon_core.package_discovery:discover_packages(prefix_path) discover
[1.420s] DEBUG:colcon.colcon_installed_package_information.package_discovery:Found 5 installed packages in /home/aadesh/catkin_ws/install
[1.429s] DEBUG:colcon.colcon_installed_package_information.package_discovery:Found 305 installed packages in /opt/ros/humble
[1.433s] Level 1:colcon.colcon_core.package_discovery:discover_packages(prefix_path) using defaults
[1.638s] Level 5:colcon.colcon_core.verb:set package 'py_srvcli' build argument 'cmake_args' from command line to 'None'
[1.639s] Level 5:colcon.colcon_core.verb:set package 'py_srvcli' build argument 'cmake_target' from command line to 'None'
[1.639s] Level 5:colcon.colcon_core.verb:set package 'py_srvcli' build argument 'cmake_target_skip_unavailable' from command line to 'False'
[1.639s] Level 5:colcon.colcon_core.verb:set package 'py_srvcli' build argument 'cmake_clean_cache' from command line to 'False'
[1.639s] Level 5:colcon.colcon_core.verb:set package 'py_srvcli' build argument 'cmake_clean_first' from command line to 'False'
[1.639s] Level 5:colcon.colcon_core.verb:set package 'py_srvcli' build argument 'cmake_force_configure' from command line to 'False'
[1.639s] Level 5:colcon.colcon_core.verb:set package 'py_srvcli' build argument 'ament_cmake_args' from command line to 'None'
[1.639s] Level 5:colcon.colcon_core.verb:set package 'py_srvcli' build argument 'catkin_cmake_args' from command line to 'None'
[1.639s] Level 5:colcon.colcon_core.verb:set package 'py_srvcli' build argument 'catkin_skip_building_tests' from command line to 'False'
[1.639s] DEBUG:colcon.colcon_core.verb:Building package 'py_srvcli' with the following arguments: {'ament_cmake_args': None, 'build_base': '/home/aadesh/catkin_ws/build/py_srvcli', 'catkin_cmake_args': None, 'catkin_skip_building_tests': False, 'cmake_args': None, 'cmake_clean_cache': False, 'cmake_clean_first': False, 'cmake_force_configure': False, 'cmake_target': None, 'cmake_target_skip_unavailable': False, 'install_base': '/home/aadesh/catkin_ws/install/py_srvcli', 'merge_install': False, 'path': '/home/aadesh/catkin_ws/src/Foundation_Project/py_srvcli', 'symlink_install': False, 'test_result_base': None}
[1.641s] INFO:colcon.colcon_core.executor:Executing jobs using 'parallel' executor
[1.653s] DEBUG:colcon.colcon_parallel_executor.executor.parallel:run_until_complete
[1.655s] INFO:colcon.colcon_ros.task.ament_python.build:Building ROS package in '/home/aadesh/catkin_ws/src/Foundation_Project/py_srvcli' with build type 'ament_python'
[1.655s] Level 1:colcon.colcon_core.shell:create_environment_hook('py_srvcli', 'ament_prefix_path')
[1.670s] INFO:colcon.colcon_core.plugin_system:Skipping extension 'colcon_core.shell.bat': Not used on non-Windows systems
[1.670s] INFO:colcon.colcon_core.shell:Creating environment hook '/home/aadesh/catkin_ws/install/py_srvcli/share/py_srvcli/hook/ament_prefix_path.ps1'
[1.672s] INFO:colcon.colcon_core.shell:Creating environment descriptor '/home/aadesh/catkin_ws/install/py_srvcli/share/py_srvcli/hook/ament_prefix_path.dsv'
[1.673s] INFO:colcon.colcon_core.shell:Creating environment hook '/home/aadesh/catkin_ws/install/py_srvcli/share/py_srvcli/hook/ament_prefix_path.sh'
[1.677s] INFO:colcon.colcon_core.shell:Skip shell extension 'powershell' for command environment: Not usable outside of PowerShell
[1.677s] DEBUG:colcon.colcon_core.shell:Skip shell extension 'dsv' for command environment
[2.565s] INFO:colcon.colcon_core.task.python.build:Building Python package in '/home/aadesh/catkin_ws/src/Foundation_Project/py_srvcli'
[2.569s] INFO:colcon.colcon_core.shell:Skip shell extension 'powershell' for command environment: Not usable outside of PowerShell
[2.569s] DEBUG:colcon.colcon_core.shell:Skip shell extension 'dsv' for command environment
[3.628s] DEBUG:colcon.colcon_core.event_handler.log_command:Invoking command in '/home/aadesh/catkin_ws/src/Foundation_Project/py_srvcli': PYTHONPATH=/home/aadesh/catkin_ws/install/py_srvcli/lib/python3.10/site-packages:${PYTHONPATH} /usr/bin/python3 setup.py egg_info --egg-base ../../../build/py_srvcli build --build-base /home/aadesh/catkin_ws/build/py_srvcli/build install --prefix /home/aadesh/catkin_ws/install/py_srvcli --record /home/aadesh/catkin_ws/build/py_srvcli/install.log --single-version-externally-managed
[4.540s] DEBUG:colcon.colcon_core.event_handler.log_command:Invoked command in '/home/aadesh/catkin_ws/src/Foundation_Project/py_srvcli' returned '0': PYTHONPATH=/home/aadesh/catkin_ws/install/py_srvcli/lib/python3.10/site-packages:${PYTHONPATH} /usr/bin/python3 setup.py egg_info --egg-base ../../../build/py_srvcli build --build-base /home/aadesh/catkin_ws/build/py_srvcli/build install --prefix /home/aadesh/catkin_ws/install/py_srvcli --record /home/aadesh/catkin_ws/build/py_srvcli/install.log --single-version-externally-managed
[4.555s] Level 1:colcon.colcon_core.environment:checking '/home/aadesh/catkin_ws/install/py_srvcli' for CMake module files
[4.556s] Level 1:colcon.colcon_core.environment:checking '/home/aadesh/catkin_ws/install/py_srvcli' for CMake config files
[4.557s] Level 1:colcon.colcon_core.environment:checking '/home/aadesh/catkin_ws/install/py_srvcli/lib'
[4.557s] Level 1:colcon.colcon_core.environment:checking '/home/aadesh/catkin_ws/install/py_srvcli/bin'
[4.558s] Level 1:colcon.colcon_core.environment:checking '/home/aadesh/catkin_ws/install/py_srvcli/lib/pkgconfig/py_srvcli.pc'
[4.558s] Level 1:colcon.colcon_core.environment:checking '/home/aadesh/catkin_ws/install/py_srvcli/lib/python3.10/site-packages'
[4.560s] Level 1:colcon.colcon_core.shell:create_environment_hook('py_srvcli', 'pythonpath')
[4.565s] INFO:colcon.colcon_core.shell:Creating environment hook '/home/aadesh/catkin_ws/install/py_srvcli/share/py_srvcli/hook/pythonpath.ps1'
[4.566s] INFO:colcon.colcon_core.shell:Creating environment descriptor '/home/aadesh/catkin_ws/install/py_srvcli/share/py_srvcli/hook/pythonpath.dsv'
[4.567s] INFO:colcon.colcon_core.shell:Creating environment hook '/home/aadesh/catkin_ws/install/py_srvcli/share/py_srvcli/hook/pythonpath.sh'
[4.569s] Level 1:colcon.colcon_core.environment:checking '/home/aadesh/catkin_ws/install/py_srvcli/bin'
[4.569s] Level 1:colcon.colcon_core.environment:create_environment_scripts_only(py_srvcli)
[4.572s] INFO:colcon.colcon_core.shell:Creating package script '/home/aadesh/catkin_ws/install/py_srvcli/share/py_srvcli/package.ps1'
[4.576s] INFO:colcon.colcon_core.shell:Creating package descriptor '/home/aadesh/catkin_ws/install/py_srvcli/share/py_srvcli/package.dsv'
[4.580s] INFO:colcon.colcon_core.shell:Creating package script '/home/aadesh/catkin_ws/install/py_srvcli/share/py_srvcli/package.sh'
[4.582s] INFO:colcon.colcon_core.shell:Creating package script '/home/aadesh/catkin_ws/install/py_srvcli/share/py_srvcli/package.bash'
[4.584s] INFO:colcon.colcon_core.shell:Creating package script '/home/aadesh/catkin_ws/install/py_srvcli/share/py_srvcli/package.zsh'
[4.585s] Level 1:colcon.colcon_core.environment:create_file_with_runtime_dependencies(/home/aadesh/catkin_ws/install/py_srvcli/share/colcon-core/packages/py_srvcli)
[4.586s] DEBUG:colcon.colcon_parallel_executor.executor.parallel:closing loop
[4.586s] DEBUG:colcon.colcon_parallel_executor.executor.parallel:loop closed
[4.586s] DEBUG:colcon.colcon_parallel_executor.executor.parallel:run_until_complete finished with '0'
[4.587s] DEBUG:colcon.colcon_core.event_reactor:joining thread
[4.607s] INFO:colcon.colcon_core.plugin_system:Skipping extension 'colcon_notification.desktop_notification.terminal_notifier': Not used on non-Darwin systems
[4.607s] INFO:colcon.colcon_core.plugin_system:Skipping extension 'colcon_notification.desktop_notification.win32': Not used on non-Windows systems
[4.607s] INFO:colcon.colcon_notification.desktop_notification:Sending desktop notification using 'notify2'
[4.636s] DEBUG:colcon.colcon_core.event_reactor:joined thread
[4.645s] INFO:colcon.colcon_core.shell:Creating prefix script '/home/aadesh/catkin_ws/install/local_setup.ps1'
[4.647s] INFO:colcon.colcon_core.shell:Creating prefix util module '/home/aadesh/catkin_ws/install/_local_setup_util_ps1.py'
[4.650s] INFO:colcon.colcon_core.shell:Creating prefix chain script '/home/aadesh/catkin_ws/install/setup.ps1'
[4.658s] INFO:colcon.colcon_core.shell:Creating prefix script '/home/aadesh/catkin_ws/install/local_setup.sh'
[4.661s] INFO:colcon.colcon_core.shell:Creating prefix util module '/home/aadesh/catkin_ws/install/_local_setup_util_sh.py'
[4.662s] INFO:colcon.colcon_core.shell:Creating prefix chain script '/home/aadesh/catkin_ws/install/setup.sh'
[4.665s] INFO:colcon.colcon_core.shell:Creating prefix script '/home/aadesh/catkin_ws/install/local_setup.bash'
[4.668s] INFO:colcon.colcon_core.shell:Creating prefix chain script '/home/aadesh/catkin_ws/install/setup.bash'
[4.674s] INFO:colcon.colcon_core.shell:Creating prefix script '/home/aadesh/catkin_ws/install/local_setup.zsh'
[4.680s] INFO:colcon.colcon_core.shell:Creating prefix chain script '/home/aadesh/catkin_ws/install/setup.zsh'
