[2.007s] Invoking command in '/home/aadesh/catkin_ws/src/Foundation_Project/py_srvcli': PYTHONPATH=/home/aadesh/catkin_ws/install/py_srvcli/lib/python3.10/site-packages:${PYTHONPATH} /usr/bin/python3 setup.py egg_info --egg-base ../../../build/py_srvcli build --build-base /home/aadesh/catkin_ws/build/py_srvcli/build install --prefix /home/aadesh/catkin_ws/install/py_srvcli --record /home/aadesh/catkin_ws/build/py_srvcli/install.log --single-version-externally-managed
[2.774s] running egg_info
[2.775s] writing ../../../build/py_srvcli/py_srvcli.egg-info/PKG-INFO
[2.776s] writing dependency_links to ../../../build/py_srvcli/py_srvcli.egg-info/dependency_links.txt
[2.776s] writing entry points to ../../../build/py_srvcli/py_srvcli.egg-info/entry_points.txt
[2.776s] writing requirements to ../../../build/py_srvcli/py_srvcli.egg-info/requires.txt
[2.776s] writing top-level names to ../../../build/py_srvcli/py_srvcli.egg-info/top_level.txt
[2.782s] reading manifest file '../../../build/py_srvcli/py_srvcli.egg-info/SOURCES.txt'
[2.787s] writing manifest file '../../../build/py_srvcli/py_srvcli.egg-info/SOURCES.txt'
[2.787s] running build
[2.787s] running build_py
[2.788s] copying py_srvcli/control_bitch.py -> /home/aadesh/catkin_ws/build/py_srvcli/build/lib/py_srvcli
[2.789s] running install
[2.790s] /usr/lib/python3/dist-packages/setuptools/command/install.py:34: SetuptoolsDeprecationWarning: setup.py install is deprecated. Use build and pip and other standards-based tools.
[2.790s]   warnings.warn(
[2.791s] running install_lib
[2.793s] copying /home/aadesh/catkin_ws/build/py_srvcli/build/lib/py_srvcli/control_bitch.py -> /home/aadesh/catkin_ws/install/py_srvcli/lib/python3.10/site-packages/py_srvcli
[2.795s] byte-compiling /home/aadesh/catkin_ws/install/py_srvcli/lib/python3.10/site-packages/py_srvcli/velocity_controller copy.py to velocity_controller copy.cpython-310.pyc
[2.796s] Sorry: TabError: inconsistent use of tabs and spaces in indentation (velocity_controller copy.py, line 50)
[2.797s] byte-compiling /home/aadesh/catkin_ws/install/py_srvcli/lib/python3.10/site-packages/py_srvcli/control_bitch.py to control_bitch.cpython-310.pyc
[2.803s] running install_data
[2.806s] running install_egg_info
[2.808s] removing '/home/aadesh/catkin_ws/install/py_srvcli/lib/python3.10/site-packages/py_srvcli-0.0.0-py3.10.egg-info' (and everything under it)
[2.808s] Copying ../../../build/py_srvcli/py_srvcli.egg-info to /home/aadesh/catkin_ws/install/py_srvcli/lib/python3.10/site-packages/py_srvcli-0.0.0-py3.10.egg-info
[2.810s] running install_scripts
[2.888s] Installing control script to /home/aadesh/catkin_ws/install/py_srvcli/lib/py_srvcli
[2.888s] Installing listener script to /home/aadesh/catkin_ws/install/py_srvcli/lib/py_srvcli
[2.889s] Installing service script to /home/aadesh/catkin_ws/install/py_srvcli/lib/py_srvcli
[2.889s] Installing vel script to /home/aadesh/catkin_ws/install/py_srvcli/lib/py_srvcli
[2.889s] writing list of installed files to '/home/aadesh/catkin_ws/build/py_srvcli/install.log'
[3.003s] Invoked command in '/home/aadesh/catkin_ws/src/Foundation_Project/py_srvcli' returned '0': PYTHONPATH=/home/aadesh/catkin_ws/install/py_srvcli/lib/python3.10/site-packages:${PYTHONPATH} /usr/bin/python3 setup.py egg_info --egg-base ../../../build/py_srvcli build --build-base /home/aadesh/catkin_ws/build/py_srvcli/build install --prefix /home/aadesh/catkin_ws/install/py_srvcli --record /home/aadesh/catkin_ws/build/py_srvcli/install.log --single-version-externally-managed
