[0.027s] Invoking command in '/home/asureshkumar/catkin_ws/build/rrbot_description': /usr/bin/cmake /home/asureshkumar/catkin_ws/src/rrbot_simulation_files/rrbot_simulation_files/rrbot_description -DCMAKE_INSTALL_PREFIX=/home/asureshkumar/catkin_ws/install/rrbot_description
[0.260s] -- The C compiler identification is GNU 11.3.0
[0.260s] -- The CXX compiler identification is GNU 11.3.0
[0.260s] -- Detecting C compiler ABI info
[0.318s] -- Detecting C compiler ABI info - done
[0.335s] -- Check for working C compiler: /usr/bin/cc - skipped
[0.336s] -- Detecting C compile features
[0.337s] -- Detecting C compile features - done
[0.343s] -- Detecting CXX compiler ABI info
[0.435s] -- Detecting CXX compiler ABI info - done
[0.444s] -- Check for working CXX compiler: /usr/bin/c++ - skipped
[0.444s] -- Detecting CXX compile features
[0.445s] -- Detecting CXX compile features - done
[0.457s] [31mCMake Error at CMakeLists.txt:4 (find_package):
[0.457s]   By not providing "Findament_cmake.cmake" in CMAKE_MODULE_PATH this project
[0.458s]   has asked CMake to find a package configuration file provided by
[0.458s]   "ament_cmake", but CMake did not find one.
[0.458s] 
[0.458s]   Could not find a package configuration file provided by "ament_cmake" with
[0.458s]   any of the following names:
[0.458s] 
[0.458s]     ament_cmakeConfig.cmake
[0.458s]     ament_cmake-config.cmake
[0.459s] 
[0.459s]   Add the installation prefix of "ament_cmake" to CMAKE_PREFIX_PATH or set
[0.459s]   "ament_cmake_DIR" to a directory containing one of the above files.  If
[0.459s]   "ament_cmake" provides a separate development package or SDK, be sure it
[0.459s]   has been installed.
[0.459s] 
[0.459s] [0m
[0.459s] -- Configuring incomplete, errors occurred!
[0.460s] See also "/home/asureshkumar/catkin_ws/build/rrbot_description/CMakeFiles/CMakeOutput.log".
[0.510s] Invoked command in '/home/asureshkumar/catkin_ws/build/rrbot_description' returned '1': /usr/bin/cmake /home/asureshkumar/catkin_ws/src/rrbot_simulation_files/rrbot_simulation_files/rrbot_description -DCMAKE_INSTALL_PREFIX=/home/asureshkumar/catkin_ws/install/rrbot_description
