[1.605s] Invoking command in '/home/asureshkumar/catkin_ws/src/Foundation_Project/py_srvcli': PYTHONPATH=/home/asureshkumar/catkin_ws/build/py_srvcli/prefix_override:/home/asureshkumar/catkin_ws/install/py_srvcli/lib/python3.10/site-packages:${PYTHONPATH} /usr/bin/python3 setup.py egg_info --egg-base ../../../build/py_srvcli build --build-base /home/asureshkumar/catkin_ws/build/py_srvcli/build install --record /home/asureshkumar/catkin_ws/build/py_srvcli/install.log --single-version-externally-managed
[1.977s] running egg_info
[1.978s] writing ../../../build/py_srvcli/py_srvcli.egg-info/PKG-INFO
[1.978s] writing dependency_links to ../../../build/py_srvcli/py_srvcli.egg-info/dependency_links.txt
[1.979s] writing entry points to ../../../build/py_srvcli/py_srvcli.egg-info/entry_points.txt
[1.979s] writing requirements to ../../../build/py_srvcli/py_srvcli.egg-info/requires.txt
[1.979s] writing top-level names to ../../../build/py_srvcli/py_srvcli.egg-info/top_level.txt
[1.982s] reading manifest file '../../../build/py_srvcli/py_srvcli.egg-info/SOURCES.txt'
[1.985s] writing manifest file '../../../build/py_srvcli/py_srvcli.egg-info/SOURCES.txt'
[1.985s] running build
[1.985s] running build_py
[1.985s] copying py_srvcli/velocity_controller.py -> /home/asureshkumar/catkin_ws/build/py_srvcli/build/lib/py_srvcli
[1.986s] running install
[1.987s] /usr/lib/python3/dist-packages/setuptools/command/install.py:34: SetuptoolsDeprecationWarning: setup.py install is deprecated. Use build and pip and other standards-based tools.
[1.987s]   warnings.warn(
[1.987s] running install_lib
[1.989s] copying /home/asureshkumar/catkin_ws/build/py_srvcli/build/lib/py_srvcli/velocity_controller.py -> /home/asureshkumar/catkin_ws/install/py_srvcli/lib/python3.10/site-packages/py_srvcli
[1.990s] byte-compiling /home/asureshkumar/catkin_ws/install/py_srvcli/lib/python3.10/site-packages/py_srvcli/velocity_controller.py to velocity_controller.cpython-310.pyc
[1.992s] running install_data
[1.993s] running install_egg_info
[1.996s] removing '/home/asureshkumar/catkin_ws/install/py_srvcli/lib/python3.10/site-packages/py_srvcli-0.0.0-py3.10.egg-info' (and everything under it)
[1.996s] Copying ../../../build/py_srvcli/py_srvcli.egg-info to /home/asureshkumar/catkin_ws/install/py_srvcli/lib/python3.10/site-packages/py_srvcli-0.0.0-py3.10.egg-info
[1.998s] running install_scripts
[2.034s] Installing control script to /home/asureshkumar/catkin_ws/install/py_srvcli/lib/py_srvcli
[2.034s] Installing listener script to /home/asureshkumar/catkin_ws/install/py_srvcli/lib/py_srvcli
[2.035s] Installing service script to /home/asureshkumar/catkin_ws/install/py_srvcli/lib/py_srvcli
[2.035s] Installing vel script to /home/asureshkumar/catkin_ws/install/py_srvcli/lib/py_srvcli
[2.035s] writing list of installed files to '/home/asureshkumar/catkin_ws/build/py_srvcli/install.log'
[2.106s] Invoked command in '/home/asureshkumar/catkin_ws/src/Foundation_Project/py_srvcli' returned '0': PYTHONPATH=/home/asureshkumar/catkin_ws/build/py_srvcli/prefix_override:/home/asureshkumar/catkin_ws/install/py_srvcli/lib/python3.10/site-packages:${PYTHONPATH} /usr/bin/python3 setup.py egg_info --egg-base ../../../build/py_srvcli build --build-base /home/asureshkumar/catkin_ws/build/py_srvcli/build install --record /home/asureshkumar/catkin_ws/build/py_srvcli/install.log --single-version-externally-managed
