[7.950s] Invoking command in '/home/aadesh/catkin_ws/src/Foundation_Project/py_srvcli': PYTHONPATH=/home/aadesh/catkin_ws/install/py_srvcli/lib/python3.10/site-packages:${PYTHONPATH} /usr/bin/python3 setup.py egg_info --egg-base ../../../build/py_srvcli build --build-base /home/aadesh/catkin_ws/build/py_srvcli/build install --prefix /home/aadesh/catkin_ws/install/py_srvcli --record /home/aadesh/catkin_ws/build/py_srvcli/install.log --single-version-externally-managed
[11.132s] running egg_info
[11.142s] writing ../../../build/py_srvcli/py_srvcli.egg-info/PKG-INFO
[11.249s] writing dependency_links to ../../../build/py_srvcli/py_srvcli.egg-info/dependency_links.txt
[11.249s] writing entry points to ../../../build/py_srvcli/py_srvcli.egg-info/entry_points.txt
[11.249s] writing requirements to ../../../build/py_srvcli/py_srvcli.egg-info/requires.txt
[11.250s] writing top-level names to ../../../build/py_srvcli/py_srvcli.egg-info/top_level.txt
[11.337s] reading manifest file '../../../build/py_srvcli/py_srvcli.egg-info/SOURCES.txt'
[11.439s] writing manifest file '../../../build/py_srvcli/py_srvcli.egg-info/SOURCES.txt'
[11.457s] running build
[11.460s] running build_py
[11.464s] copying py_srvcli/control_bitch.py -> /home/aadesh/catkin_ws/build/py_srvcli/build/lib/py_srvcli
[11.744s] running install
[11.746s] /usr/lib/python3/dist-packages/setuptools/command/install.py:34: SetuptoolsDeprecationWarning: setup.py install is deprecated. Use build and pip and other standards-based tools.
[11.747s]   warnings.warn(
[11.749s] running install_lib
[11.823s] copying /home/aadesh/catkin_ws/build/py_srvcli/build/lib/py_srvcli/control_bitch.py -> /home/aadesh/catkin_ws/install/py_srvcli/lib/python3.10/site-packages/py_srvcli
[12.011s] byte-compiling /home/aadesh/catkin_ws/install/py_srvcli/lib/python3.10/site-packages/py_srvcli/velocity_controller copy.py to velocity_controller copy.cpython-310.pyc
[12.013s] Sorry: TabError: inconsistent use of tabs and spaces in indentation (velocity_controller copy.py, line 50)
[12.014s] byte-compiling /home/aadesh/catkin_ws/install/py_srvcli/lib/python3.10/site-packages/py_srvcli/control_bitch.py to control_bitch.cpython-310.pyc
[12.112s] running install_data
[12.113s] running install_egg_info
[12.131s] removing '/home/aadesh/catkin_ws/install/py_srvcli/lib/python3.10/site-packages/py_srvcli-0.0.0-py3.10.egg-info' (and everything under it)
[12.134s] Copying ../../../build/py_srvcli/py_srvcli.egg-info to /home/aadesh/catkin_ws/install/py_srvcli/lib/python3.10/site-packages/py_srvcli-0.0.0-py3.10.egg-info
[12.147s] running install_scripts
[12.389s] Installing control script to /home/aadesh/catkin_ws/install/py_srvcli/lib/py_srvcli
[12.394s] Installing listener script to /home/aadesh/catkin_ws/install/py_srvcli/lib/py_srvcli
[12.395s] Installing service script to /home/aadesh/catkin_ws/install/py_srvcli/lib/py_srvcli
[12.395s] Installing vel script to /home/aadesh/catkin_ws/install/py_srvcli/lib/py_srvcli
[12.401s] writing list of installed files to '/home/aadesh/catkin_ws/build/py_srvcli/install.log'
[12.734s] Invoked command in '/home/aadesh/catkin_ws/src/Foundation_Project/py_srvcli' returned '0': PYTHONPATH=/home/aadesh/catkin_ws/install/py_srvcli/lib/python3.10/site-packages:${PYTHONPATH} /usr/bin/python3 setup.py egg_info --egg-base ../../../build/py_srvcli build --build-base /home/aadesh/catkin_ws/build/py_srvcli/build install --prefix /home/aadesh/catkin_ws/install/py_srvcli --record /home/aadesh/catkin_ws/build/py_srvcli/install.log --single-version-externally-managed
