[0.349s] Invoking command in '/home/asureshkumar/catkin_ws/build/ikinterface': CMAKE_PREFIX_PATH=${CMAKE_PREFIX_PATH}:/home/asureshkumar/catkin_ws/install/py_srvcli:/home/asureshkumar/catkin_ws/install/FK:/opt/ros/humble /usr/bin/cmake --build /home/asureshkumar/catkin_ws/build/ikinterface -- -j8 -l8
[0.413s] [  2%] Built target ikinterface__cpp
[0.423s] [ 12%] Built target ikinterface__rosidl_generator_c
[0.427s] [ 12%] Built target ament_cmake_python_copy_ikinterface
[0.457s] [ 25%] Built target ikinterface__rosidl_typesupport_introspection_cpp
[0.457s] [ 33%] Built target ikinterface__rosidl_typesupport_fastrtps_cpp
[0.468s] [ 43%] Built target ikinterface__rosidl_typesupport_cpp
[0.471s] [ 53%] Built target ikinterface__rosidl_typesupport_c
[0.475s] [ 64%] Built target ikinterface__rosidl_typesupport_fastrtps_c
[0.475s] [ 74%] Built target ikinterface__rosidl_typesupport_introspection_c
[0.503s] [ 74%] Built target ikinterface
[0.529s] [ 76%] Built target ikinterface__py
[0.558s] [ 84%] Built target ikinterface__rosidl_generator_py
[0.587s] [ 89%] Built target ikinterface__rosidl_typesupport_introspection_c__pyext
[0.589s] [ 94%] Built target ikinterface__rosidl_typesupport_c__pyext
[0.595s] [100%] Built target ikinterface__rosidl_typesupport_fastrtps_c__pyext
[0.942s] running egg_info
[0.943s] writing ikinterface.egg-info/PKG-INFO
[0.943s] writing dependency_links to ikinterface.egg-info/dependency_links.txt
[0.944s] writing top-level names to ikinterface.egg-info/top_level.txt
[0.949s] reading manifest file 'ikinterface.egg-info/SOURCES.txt'
[0.950s] writing manifest file 'ikinterface.egg-info/SOURCES.txt'
[0.999s] [100%] Built target ament_cmake_python_build_ikinterface_egg
[1.015s] Invoked command in '/home/asureshkumar/catkin_ws/build/ikinterface' returned '0': CMAKE_PREFIX_PATH=${CMAKE_PREFIX_PATH}:/home/asureshkumar/catkin_ws/install/py_srvcli:/home/asureshkumar/catkin_ws/install/FK:/opt/ros/humble /usr/bin/cmake --build /home/asureshkumar/catkin_ws/build/ikinterface -- -j8 -l8
[1.119s] Invoking command in '/home/asureshkumar/catkin_ws/build/ikinterface': CMAKE_PREFIX_PATH=${CMAKE_PREFIX_PATH}:/home/asureshkumar/catkin_ws/install/py_srvcli:/home/asureshkumar/catkin_ws/install/FK:/opt/ros/humble /usr/bin/cmake --install /home/asureshkumar/catkin_ws/build/ikinterface
[1.129s] -- Install configuration: ""
[1.129s] -- Up-to-date: /home/asureshkumar/catkin_ws/install/ikinterface/share/ament_index/resource_index/rosidl_interfaces/ikinterface
[1.129s] -- Up-to-date: /home/asureshkumar/catkin_ws/install/ikinterface/include/ikinterface/ikinterface
[1.130s] -- Up-to-date: /home/asureshkumar/catkin_ws/install/ikinterface/include/ikinterface/ikinterface/srv
[1.130s] -- Up-to-date: /home/asureshkumar/catkin_ws/install/ikinterface/include/ikinterface/ikinterface/srv/fvel.h
[1.130s] -- Up-to-date: /home/asureshkumar/catkin_ws/install/ikinterface/include/ikinterface/ikinterface/srv/detail
[1.130s] -- Up-to-date: /home/asureshkumar/catkin_ws/install/ikinterface/include/ikinterface/ikinterface/srv/detail/fvel__functions.h
[1.130s] -- Up-to-date: /home/asureshkumar/catkin_ws/install/ikinterface/include/ikinterface/ikinterface/srv/detail/ref__struct.h
[1.130s] -- Up-to-date: /home/asureshkumar/catkin_ws/install/ikinterface/include/ikinterface/ikinterface/srv/detail/ref__functions.h
[1.131s] -- Up-to-date: /home/asureshkumar/catkin_ws/install/ikinterface/include/ikinterface/ikinterface/srv/detail/fvel__functions.c
[1.131s] -- Up-to-date: /home/asureshkumar/catkin_ws/install/ikinterface/include/ikinterface/ikinterface/srv/detail/ivel__functions.h
[1.131s] -- Up-to-date: /home/asureshkumar/catkin_ws/install/ikinterface/include/ikinterface/ikinterface/srv/detail/ivel__type_support.h
[1.131s] -- Up-to-date: /home/asureshkumar/catkin_ws/install/ikinterface/include/ikinterface/ikinterface/srv/detail/ivel__struct.h
[1.131s] -- Up-to-date: /home/asureshkumar/catkin_ws/install/ikinterface/include/ikinterface/ikinterface/srv/detail/ivel__functions.c
[1.132s] -- Up-to-date: /home/asureshkumar/catkin_ws/install/ikinterface/include/ikinterface/ikinterface/srv/detail/ref__type_support.h
[1.132s] -- Up-to-date: /home/asureshkumar/catkin_ws/install/ikinterface/include/ikinterface/ikinterface/srv/detail/ref__functions.c
[1.132s] -- Up-to-date: /home/asureshkumar/catkin_ws/install/ikinterface/include/ikinterface/ikinterface/srv/detail/fvel__struct.h
[1.132s] -- Up-to-date: /home/asureshkumar/catkin_ws/install/ikinterface/include/ikinterface/ikinterface/srv/detail/fvel__type_support.h
[1.132s] -- Up-to-date: /home/asureshkumar/catkin_ws/install/ikinterface/include/ikinterface/ikinterface/srv/ivel.h
[1.133s] -- Up-to-date: /home/asureshkumar/catkin_ws/install/ikinterface/include/ikinterface/ikinterface/srv/ref.h
[1.133s] -- Up-to-date: /home/asureshkumar/catkin_ws/install/ikinterface/include/ikinterface/ikinterface/msg
[1.133s] -- Up-to-date: /home/asureshkumar/catkin_ws/install/ikinterface/include/ikinterface/ikinterface/msg/rosidl_generator_c__visibility_control.h
[1.133s] -- Up-to-date: /home/asureshkumar/catkin_ws/install/ikinterface/share/ikinterface/environment/library_path.sh
[1.133s] -- Up-to-date: /home/asureshkumar/catkin_ws/install/ikinterface/share/ikinterface/environment/library_path.dsv
[1.134s] -- Up-to-date: /home/asureshkumar/catkin_ws/install/ikinterface/lib/libikinterface__rosidl_generator_c.so
[1.134s] -- Up-to-date: /home/asureshkumar/catkin_ws/install/ikinterface/include/ikinterface/ikinterface
[1.134s] -- Up-to-date: /home/asureshkumar/catkin_ws/install/ikinterface/include/ikinterface/ikinterface/srv
[1.135s] -- Up-to-date: /home/asureshkumar/catkin_ws/install/ikinterface/include/ikinterface/ikinterface/srv/detail
[1.135s] -- Up-to-date: /home/asureshkumar/catkin_ws/install/ikinterface/include/ikinterface/ikinterface/srv/detail/ref__rosidl_typesupport_fastrtps_c.h
[1.135s] -- Up-to-date: /home/asureshkumar/catkin_ws/install/ikinterface/include/ikinterface/ikinterface/srv/detail/fvel__rosidl_typesupport_fastrtps_c.h
[1.135s] -- Up-to-date: /home/asureshkumar/catkin_ws/install/ikinterface/include/ikinterface/ikinterface/srv/detail/ivel__rosidl_typesupport_fastrtps_c.h
[1.135s] -- Up-to-date: /home/asureshkumar/catkin_ws/install/ikinterface/include/ikinterface/ikinterface/msg
[1.136s] -- Up-to-date: /home/asureshkumar/catkin_ws/install/ikinterface/include/ikinterface/ikinterface/msg/rosidl_typesupport_fastrtps_c__visibility_control.h
[1.136s] -- Up-to-date: /home/asureshkumar/catkin_ws/install/ikinterface/lib/libikinterface__rosidl_typesupport_fastrtps_c.so
[1.136s] -- Up-to-date: /home/asureshkumar/catkin_ws/install/ikinterface/include/ikinterface/ikinterface
[1.137s] -- Up-to-date: /home/asureshkumar/catkin_ws/install/ikinterface/include/ikinterface/ikinterface/srv
[1.137s] -- Up-to-date: /home/asureshkumar/catkin_ws/install/ikinterface/include/ikinterface/ikinterface/srv/detail
[1.137s] -- Up-to-date: /home/asureshkumar/catkin_ws/install/ikinterface/include/ikinterface/ikinterface/srv/detail/ref__type_support.c
[1.137s] -- Up-to-date: /home/asureshkumar/catkin_ws/install/ikinterface/include/ikinterface/ikinterface/srv/detail/fvel__rosidl_typesupport_introspection_c.h
[1.137s] -- Up-to-date: /home/asureshkumar/catkin_ws/install/ikinterface/include/ikinterface/ikinterface/srv/detail/ref__rosidl_typesupport_introspection_c.h
[1.138s] -- Up-to-date: /home/asureshkumar/catkin_ws/install/ikinterface/include/ikinterface/ikinterface/srv/detail/fvel__type_support.c
[1.138s] -- Up-to-date: /home/asureshkumar/catkin_ws/install/ikinterface/include/ikinterface/ikinterface/srv/detail/ivel__rosidl_typesupport_introspection_c.h
[1.138s] -- Up-to-date: /home/asureshkumar/catkin_ws/install/ikinterface/include/ikinterface/ikinterface/srv/detail/ivel__type_support.c
[1.138s] -- Up-to-date: /home/asureshkumar/catkin_ws/install/ikinterface/include/ikinterface/ikinterface/msg
[1.138s] -- Up-to-date: /home/asureshkumar/catkin_ws/install/ikinterface/include/ikinterface/ikinterface/msg/rosidl_typesupport_introspection_c__visibility_control.h
[1.138s] -- Up-to-date: /home/asureshkumar/catkin_ws/install/ikinterface/lib/libikinterface__rosidl_typesupport_introspection_c.so
[1.139s] -- Up-to-date: /home/asureshkumar/catkin_ws/install/ikinterface/lib/libikinterface__rosidl_typesupport_c.so
[1.139s] -- Up-to-date: /home/asureshkumar/catkin_ws/install/ikinterface/include/ikinterface/ikinterface
[1.139s] -- Up-to-date: /home/asureshkumar/catkin_ws/install/ikinterface/include/ikinterface/ikinterface/srv
[1.139s] -- Up-to-date: /home/asureshkumar/catkin_ws/install/ikinterface/include/ikinterface/ikinterface/srv/ivel.hpp
[1.139s] -- Up-to-date: /home/asureshkumar/catkin_ws/install/ikinterface/include/ikinterface/ikinterface/srv/detail
[1.140s] -- Up-to-date: /home/asureshkumar/catkin_ws/install/ikinterface/include/ikinterface/ikinterface/srv/detail/fvel__traits.hpp
[1.140s] -- Up-to-date: /home/asureshkumar/catkin_ws/install/ikinterface/include/ikinterface/ikinterface/srv/detail/ref__traits.hpp
[1.140s] -- Up-to-date: /home/asureshkumar/catkin_ws/install/ikinterface/include/ikinterface/ikinterface/srv/detail/ref__struct.hpp
[1.140s] -- Up-to-date: /home/asureshkumar/catkin_ws/install/ikinterface/include/ikinterface/ikinterface/srv/detail/ivel__builder.hpp
[1.140s] -- Up-to-date: /home/asureshkumar/catkin_ws/install/ikinterface/include/ikinterface/ikinterface/srv/detail/fvel__struct.hpp
[1.140s] -- Up-to-date: /home/asureshkumar/catkin_ws/install/ikinterface/include/ikinterface/ikinterface/srv/detail/fvel__builder.hpp
[1.141s] -- Up-to-date: /home/asureshkumar/catkin_ws/install/ikinterface/include/ikinterface/ikinterface/srv/detail/ivel__struct.hpp
[1.141s] -- Up-to-date: /home/asureshkumar/catkin_ws/install/ikinterface/include/ikinterface/ikinterface/srv/detail/ivel__traits.hpp
[1.141s] -- Up-to-date: /home/asureshkumar/catkin_ws/install/ikinterface/include/ikinterface/ikinterface/srv/detail/ref__builder.hpp
[1.141s] -- Up-to-date: /home/asureshkumar/catkin_ws/install/ikinterface/include/ikinterface/ikinterface/srv/ref.hpp
[1.142s] -- Up-to-date: /home/asureshkumar/catkin_ws/install/ikinterface/include/ikinterface/ikinterface/srv/fvel.hpp
[1.142s] -- Up-to-date: /home/asureshkumar/catkin_ws/install/ikinterface/include/ikinterface/ikinterface
[1.142s] -- Up-to-date: /home/asureshkumar/catkin_ws/install/ikinterface/include/ikinterface/ikinterface/srv
[1.142s] -- Up-to-date: /home/asureshkumar/catkin_ws/install/ikinterface/include/ikinterface/ikinterface/srv/detail
[1.142s] -- Up-to-date: /home/asureshkumar/catkin_ws/install/ikinterface/include/ikinterface/ikinterface/srv/detail/ref__rosidl_typesupport_fastrtps_cpp.hpp
[1.142s] -- Up-to-date: /home/asureshkumar/catkin_ws/install/ikinterface/include/ikinterface/ikinterface/srv/detail/fvel__rosidl_typesupport_fastrtps_cpp.hpp
[1.143s] -- Up-to-date: /home/asureshkumar/catkin_ws/install/ikinterface/include/ikinterface/ikinterface/srv/detail/dds_fastrtps
[1.143s] -- Up-to-date: /home/asureshkumar/catkin_ws/install/ikinterface/include/ikinterface/ikinterface/srv/detail/ivel__rosidl_typesupport_fastrtps_cpp.hpp
[1.143s] -- Up-to-date: /home/asureshkumar/catkin_ws/install/ikinterface/include/ikinterface/ikinterface/msg
[1.143s] -- Up-to-date: /home/asureshkumar/catkin_ws/install/ikinterface/include/ikinterface/ikinterface/msg/rosidl_typesupport_fastrtps_cpp__visibility_control.h
[1.143s] -- Up-to-date: /home/asureshkumar/catkin_ws/install/ikinterface/lib/libikinterface__rosidl_typesupport_fastrtps_cpp.so
[1.143s] -- Up-to-date: /home/asureshkumar/catkin_ws/install/ikinterface/include/ikinterface/ikinterface
[1.144s] -- Up-to-date: /home/asureshkumar/catkin_ws/install/ikinterface/include/ikinterface/ikinterface/srv
[1.144s] -- Up-to-date: /home/asureshkumar/catkin_ws/install/ikinterface/include/ikinterface/ikinterface/srv/detail
[1.144s] -- Up-to-date: /home/asureshkumar/catkin_ws/install/ikinterface/include/ikinterface/ikinterface/srv/detail/ivel__rosidl_typesupport_introspection_cpp.hpp
[1.144s] -- Up-to-date: /home/asureshkumar/catkin_ws/install/ikinterface/include/ikinterface/ikinterface/srv/detail/ivel__type_support.cpp
[1.144s] -- Up-to-date: /home/asureshkumar/catkin_ws/install/ikinterface/include/ikinterface/ikinterface/srv/detail/fvel__rosidl_typesupport_introspection_cpp.hpp
[1.144s] -- Up-to-date: /home/asureshkumar/catkin_ws/install/ikinterface/include/ikinterface/ikinterface/srv/detail/ref__type_support.cpp
[1.145s] -- Up-to-date: /home/asureshkumar/catkin_ws/install/ikinterface/include/ikinterface/ikinterface/srv/detail/fvel__type_support.cpp
[1.145s] -- Up-to-date: /home/asureshkumar/catkin_ws/install/ikinterface/include/ikinterface/ikinterface/srv/detail/ref__rosidl_typesupport_introspection_cpp.hpp
[1.145s] -- Up-to-date: /home/asureshkumar/catkin_ws/install/ikinterface/lib/libikinterface__rosidl_typesupport_introspection_cpp.so
[1.145s] -- Up-to-date: /home/asureshkumar/catkin_ws/install/ikinterface/lib/libikinterface__rosidl_typesupport_cpp.so
[1.145s] -- Up-to-date: /home/asureshkumar/catkin_ws/install/ikinterface/share/ikinterface/environment/pythonpath.sh
[1.145s] -- Up-to-date: /home/asureshkumar/catkin_ws/install/ikinterface/share/ikinterface/environment/pythonpath.dsv
[1.146s] -- Up-to-date: /home/asureshkumar/catkin_ws/install/ikinterface/local/lib/python3.10/dist-packages/ikinterface-0.0.0-py3.10.egg-info
[1.146s] -- Installing: /home/asureshkumar/catkin_ws/install/ikinterface/local/lib/python3.10/dist-packages/ikinterface-0.0.0-py3.10.egg-info/top_level.txt
[1.146s] -- Installing: /home/asureshkumar/catkin_ws/install/ikinterface/local/lib/python3.10/dist-packages/ikinterface-0.0.0-py3.10.egg-info/SOURCES.txt
[1.146s] -- Installing: /home/asureshkumar/catkin_ws/install/ikinterface/local/lib/python3.10/dist-packages/ikinterface-0.0.0-py3.10.egg-info/PKG-INFO
[1.146s] -- Installing: /home/asureshkumar/catkin_ws/install/ikinterface/local/lib/python3.10/dist-packages/ikinterface-0.0.0-py3.10.egg-info/dependency_links.txt
[1.146s] -- Up-to-date: /home/asureshkumar/catkin_ws/install/ikinterface/local/lib/python3.10/dist-packages/ikinterface
[1.147s] -- Up-to-date: /home/asureshkumar/catkin_ws/install/ikinterface/local/lib/python3.10/dist-packages/ikinterface/__init__.py
[1.147s] -- Up-to-date: /home/asureshkumar/catkin_ws/install/ikinterface/local/lib/python3.10/dist-packages/ikinterface/_ikinterface_s.ep.rosidl_typesupport_c.c
[1.147s] -- Up-to-date: /home/asureshkumar/catkin_ws/install/ikinterface/local/lib/python3.10/dist-packages/ikinterface/_ikinterface_s.ep.rosidl_typesupport_introspection_c.c
[1.147s] -- Up-to-date: /home/asureshkumar/catkin_ws/install/ikinterface/local/lib/python3.10/dist-packages/ikinterface/srv
[1.147s] -- Up-to-date: /home/asureshkumar/catkin_ws/install/ikinterface/local/lib/python3.10/dist-packages/ikinterface/srv/_ivel.py
[1.147s] -- Up-to-date: /home/asureshkumar/catkin_ws/install/ikinterface/local/lib/python3.10/dist-packages/ikinterface/srv/__init__.py
[1.148s] -- Up-to-date: /home/asureshkumar/catkin_ws/install/ikinterface/local/lib/python3.10/dist-packages/ikinterface/srv/_ref_s.c
[1.148s] -- Up-to-date: /home/asureshkumar/catkin_ws/install/ikinterface/local/lib/python3.10/dist-packages/ikinterface/srv/_fvel_s.c
[1.148s] -- Up-to-date: /home/asureshkumar/catkin_ws/install/ikinterface/local/lib/python3.10/dist-packages/ikinterface/srv/_fvel.py
[1.148s] -- Up-to-date: /home/asureshkumar/catkin_ws/install/ikinterface/local/lib/python3.10/dist-packages/ikinterface/srv/_ref.py
[1.148s] -- Up-to-date: /home/asureshkumar/catkin_ws/install/ikinterface/local/lib/python3.10/dist-packages/ikinterface/srv/_ivel_s.c
[1.148s] -- Up-to-date: /home/asureshkumar/catkin_ws/install/ikinterface/local/lib/python3.10/dist-packages/ikinterface/ikinterface_s__rosidl_typesupport_c.cpython-310-x86_64-linux-gnu.so
[1.149s] -- Up-to-date: /home/asureshkumar/catkin_ws/install/ikinterface/local/lib/python3.10/dist-packages/ikinterface/ikinterface_s__rosidl_typesupport_fastrtps_c.cpython-310-x86_64-linux-gnu.so
[1.149s] -- Up-to-date: /home/asureshkumar/catkin_ws/install/ikinterface/local/lib/python3.10/dist-packages/ikinterface/_ikinterface_s.ep.rosidl_typesupport_fastrtps_c.c
[1.149s] -- Up-to-date: /home/asureshkumar/catkin_ws/install/ikinterface/local/lib/python3.10/dist-packages/ikinterface/libikinterface__rosidl_generator_py.so
[1.149s] -- Up-to-date: /home/asureshkumar/catkin_ws/install/ikinterface/local/lib/python3.10/dist-packages/ikinterface/ikinterface_s__rosidl_typesupport_introspection_c.cpython-310-x86_64-linux-gnu.so
[1.205s] Listing '/home/asureshkumar/catkin_ws/install/ikinterface/local/lib/python3.10/dist-packages/ikinterface'...
[1.205s] Listing '/home/asureshkumar/catkin_ws/install/ikinterface/local/lib/python3.10/dist-packages/ikinterface/srv'...
[1.216s] -- Up-to-date: /home/asureshkumar/catkin_ws/install/ikinterface/local/lib/python3.10/dist-packages/ikinterface/ikinterface_s__rosidl_typesupport_fastrtps_c.cpython-310-x86_64-linux-gnu.so
[1.217s] -- Up-to-date: /home/asureshkumar/catkin_ws/install/ikinterface/local/lib/python3.10/dist-packages/ikinterface/ikinterface_s__rosidl_typesupport_introspection_c.cpython-310-x86_64-linux-gnu.so
[1.218s] -- Up-to-date: /home/asureshkumar/catkin_ws/install/ikinterface/local/lib/python3.10/dist-packages/ikinterface/ikinterface_s__rosidl_typesupport_c.cpython-310-x86_64-linux-gnu.so
[1.219s] -- Up-to-date: /home/asureshkumar/catkin_ws/install/ikinterface/lib/libikinterface__rosidl_generator_py.so
[1.219s] -- Up-to-date: /home/asureshkumar/catkin_ws/install/ikinterface/share/ikinterface/srv/Fvel.idl
[1.219s] -- Up-to-date: /home/asureshkumar/catkin_ws/install/ikinterface/share/ikinterface/srv/Ivel.idl
[1.219s] -- Up-to-date: /home/asureshkumar/catkin_ws/install/ikinterface/share/ikinterface/srv/Fvel.srv
[1.220s] -- Up-to-date: /home/asureshkumar/catkin_ws/install/ikinterface/share/ikinterface/srv/Fvel_Request.msg
[1.220s] -- Up-to-date: /home/asureshkumar/catkin_ws/install/ikinterface/share/ikinterface/srv/Fvel_Response.msg
[1.220s] -- Up-to-date: /home/asureshkumar/catkin_ws/install/ikinterface/share/ikinterface/srv/Ivel.srv
[1.220s] -- Up-to-date: /home/asureshkumar/catkin_ws/install/ikinterface/share/ikinterface/srv/Ivel_Request.msg
[1.221s] -- Up-to-date: /home/asureshkumar/catkin_ws/install/ikinterface/share/ikinterface/srv/Ivel_Response.msg
[1.221s] -- Up-to-date: /home/asureshkumar/catkin_ws/install/ikinterface/share/ament_index/resource_index/package_run_dependencies/ikinterface
[1.221s] -- Up-to-date: /home/asureshkumar/catkin_ws/install/ikinterface/share/ament_index/resource_index/parent_prefix_path/ikinterface
[1.221s] -- Up-to-date: /home/asureshkumar/catkin_ws/install/ikinterface/share/ikinterface/environment/ament_prefix_path.sh
[1.222s] -- Up-to-date: /home/asureshkumar/catkin_ws/install/ikinterface/share/ikinterface/environment/ament_prefix_path.dsv
[1.222s] -- Up-to-date: /home/asureshkumar/catkin_ws/install/ikinterface/share/ikinterface/environment/path.sh
[1.222s] -- Up-to-date: /home/asureshkumar/catkin_ws/install/ikinterface/share/ikinterface/environment/path.dsv
[1.223s] -- Up-to-date: /home/asureshkumar/catkin_ws/install/ikinterface/share/ikinterface/local_setup.bash
[1.224s] -- Up-to-date: /home/asureshkumar/catkin_ws/install/ikinterface/share/ikinterface/local_setup.sh
[1.224s] -- Up-to-date: /home/asureshkumar/catkin_ws/install/ikinterface/share/ikinterface/local_setup.zsh
[1.224s] -- Up-to-date: /home/asureshkumar/catkin_ws/install/ikinterface/share/ikinterface/local_setup.dsv
[1.225s] -- Installing: /home/asureshkumar/catkin_ws/install/ikinterface/share/ikinterface/package.dsv
[1.225s] -- Up-to-date: /home/asureshkumar/catkin_ws/install/ikinterface/share/ament_index/resource_index/packages/ikinterface
[1.227s] -- Up-to-date: /home/asureshkumar/catkin_ws/install/ikinterface/share/ikinterface/cmake/export_ikinterface__rosidl_generator_cExport.cmake
[1.228s] -- Up-to-date: /home/asureshkumar/catkin_ws/install/ikinterface/share/ikinterface/cmake/export_ikinterface__rosidl_generator_cExport-noconfig.cmake
[1.229s] -- Up-to-date: /home/asureshkumar/catkin_ws/install/ikinterface/share/ikinterface/cmake/export_ikinterface__rosidl_typesupport_fastrtps_cExport.cmake
[1.229s] -- Up-to-date: /home/asureshkumar/catkin_ws/install/ikinterface/share/ikinterface/cmake/export_ikinterface__rosidl_typesupport_fastrtps_cExport-noconfig.cmake
[1.233s] -- Up-to-date: /home/asureshkumar/catkin_ws/install/ikinterface/share/ikinterface/cmake/ikinterface__rosidl_typesupport_introspection_cExport.cmake
[1.233s] -- Up-to-date: /home/asureshkumar/catkin_ws/install/ikinterface/share/ikinterface/cmake/ikinterface__rosidl_typesupport_introspection_cExport-noconfig.cmake
[1.234s] -- Up-to-date: /home/asureshkumar/catkin_ws/install/ikinterface/share/ikinterface/cmake/ikinterface__rosidl_typesupport_cExport.cmake
[1.234s] -- Up-to-date: /home/asureshkumar/catkin_ws/install/ikinterface/share/ikinterface/cmake/ikinterface__rosidl_typesupport_cExport-noconfig.cmake
[1.235s] -- Up-to-date: /home/asureshkumar/catkin_ws/install/ikinterface/share/ikinterface/cmake/export_ikinterface__rosidl_generator_cppExport.cmake
[1.235s] -- Up-to-date: /home/asureshkumar/catkin_ws/install/ikinterface/share/ikinterface/cmake/export_ikinterface__rosidl_typesupport_fastrtps_cppExport.cmake
[1.236s] -- Up-to-date: /home/asureshkumar/catkin_ws/install/ikinterface/share/ikinterface/cmake/export_ikinterface__rosidl_typesupport_fastrtps_cppExport-noconfig.cmake
[1.236s] -- Up-to-date: /home/asureshkumar/catkin_ws/install/ikinterface/share/ikinterface/cmake/ikinterface__rosidl_typesupport_introspection_cppExport.cmake
[1.236s] -- Up-to-date: /home/asureshkumar/catkin_ws/install/ikinterface/share/ikinterface/cmake/ikinterface__rosidl_typesupport_introspection_cppExport-noconfig.cmake
[1.236s] -- Up-to-date: /home/asureshkumar/catkin_ws/install/ikinterface/share/ikinterface/cmake/ikinterface__rosidl_typesupport_cppExport.cmake
[1.237s] -- Up-to-date: /home/asureshkumar/catkin_ws/install/ikinterface/share/ikinterface/cmake/ikinterface__rosidl_typesupport_cppExport-noconfig.cmake
[1.237s] -- Up-to-date: /home/asureshkumar/catkin_ws/install/ikinterface/share/ikinterface/cmake/export_ikinterface__rosidl_generator_pyExport.cmake
[1.237s] -- Up-to-date: /home/asureshkumar/catkin_ws/install/ikinterface/share/ikinterface/cmake/export_ikinterface__rosidl_generator_pyExport-noconfig.cmake
[1.237s] -- Up-to-date: /home/asureshkumar/catkin_ws/install/ikinterface/share/ikinterface/cmake/rosidl_cmake-extras.cmake
[1.238s] -- Up-to-date: /home/asureshkumar/catkin_ws/install/ikinterface/share/ikinterface/cmake/ament_cmake_export_include_directories-extras.cmake
[1.238s] -- Up-to-date: /home/asureshkumar/catkin_ws/install/ikinterface/share/ikinterface/cmake/ament_cmake_export_libraries-extras.cmake
[1.238s] -- Up-to-date: /home/asureshkumar/catkin_ws/install/ikinterface/share/ikinterface/cmake/ament_cmake_export_targets-extras.cmake
[1.239s] -- Up-to-date: /home/asureshkumar/catkin_ws/install/ikinterface/share/ikinterface/cmake/rosidl_cmake_export_typesupport_targets-extras.cmake
[1.242s] -- Up-to-date: /home/asureshkumar/catkin_ws/install/ikinterface/share/ikinterface/cmake/ament_cmake_export_dependencies-extras.cmake
[1.242s] -- Up-to-date: /home/asureshkumar/catkin_ws/install/ikinterface/share/ikinterface/cmake/rosidl_cmake_export_typesupport_libraries-extras.cmake
[1.243s] -- Up-to-date: /home/asureshkumar/catkin_ws/install/ikinterface/share/ikinterface/cmake/ikinterfaceConfig.cmake
[1.243s] -- Up-to-date: /home/asureshkumar/catkin_ws/install/ikinterface/share/ikinterface/cmake/ikinterfaceConfig-version.cmake
[1.244s] -- Up-to-date: /home/asureshkumar/catkin_ws/install/ikinterface/share/ikinterface/package.xml
[1.246s] Invoked command in '/home/asureshkumar/catkin_ws/build/ikinterface' returned '0': CMAKE_PREFIX_PATH=${CMAKE_PREFIX_PATH}:/home/asureshkumar/catkin_ws/install/py_srvcli:/home/asureshkumar/catkin_ws/install/FK:/opt/ros/humble /usr/bin/cmake --install /home/asureshkumar/catkin_ws/build/ikinterface
