[3.478s] Invoking command in '/home/aadesh/catkin_ws/src/Foundation_Project/py_srvcli': PYTHONPATH=/home/aadesh/catkin_ws/install/py_srvcli/lib/python3.10/site-packages:${PYTHONPATH} /usr/bin/python3 setup.py egg_info --egg-base ../../../build/py_srvcli build --build-base /home/aadesh/catkin_ws/build/py_srvcli/build install --prefix /home/aadesh/catkin_ws/install/py_srvcli --record /home/aadesh/catkin_ws/build/py_srvcli/install.log --single-version-externally-managed
[4.749s] running egg_info
[4.754s] writing ../../../build/py_srvcli/py_srvcli.egg-info/PKG-INFO
[4.754s] writing dependency_links to ../../../build/py_srvcli/py_srvcli.egg-info/dependency_links.txt
[4.754s] writing entry points to ../../../build/py_srvcli/py_srvcli.egg-info/entry_points.txt
[4.755s] writing requirements to ../../../build/py_srvcli/py_srvcli.egg-info/requires.txt
[4.755s] writing top-level names to ../../../build/py_srvcli/py_srvcli.egg-info/top_level.txt
[4.767s] reading manifest file '../../../build/py_srvcli/py_srvcli.egg-info/SOURCES.txt'
[4.771s] writing manifest file '../../../build/py_srvcli/py_srvcli.egg-info/SOURCES.txt'
[4.771s] running build
[4.771s] running build_py
[4.772s] copying py_srvcli/control_bitch.py -> /home/aadesh/catkin_ws/build/py_srvcli/build/lib/py_srvcli
[4.772s] running install
[4.773s] /usr/lib/python3/dist-packages/setuptools/command/install.py:34: SetuptoolsDeprecationWarning: setup.py install is deprecated. Use build and pip and other standards-based tools.
[4.773s]   warnings.warn(
[4.773s] running install_lib
[4.785s] copying /home/aadesh/catkin_ws/build/py_srvcli/build/lib/py_srvcli/control_bitch.py -> /home/aadesh/catkin_ws/install/py_srvcli/lib/python3.10/site-packages/py_srvcli
[4.789s] byte-compiling /home/aadesh/catkin_ws/install/py_srvcli/lib/python3.10/site-packages/py_srvcli/velocity_controller copy.py to velocity_controller copy.cpython-310.pyc
[4.790s] Sorry: TabError: inconsistent use of tabs and spaces in indentation (velocity_controller copy.py, line 50)
[4.790s] byte-compiling /home/aadesh/catkin_ws/install/py_srvcli/lib/python3.10/site-packages/py_srvcli/control_bitch.py to control_bitch.cpython-310.pyc
[4.803s] running install_data
[4.805s] running install_egg_info
[4.815s] removing '/home/aadesh/catkin_ws/install/py_srvcli/lib/python3.10/site-packages/py_srvcli-0.0.0-py3.10.egg-info' (and everything under it)
[4.817s] Copying ../../../build/py_srvcli/py_srvcli.egg-info to /home/aadesh/catkin_ws/install/py_srvcli/lib/python3.10/site-packages/py_srvcli-0.0.0-py3.10.egg-info
[4.821s] running install_scripts
[4.938s] Installing control script to /home/aadesh/catkin_ws/install/py_srvcli/lib/py_srvcli
[4.940s] Installing listener script to /home/aadesh/catkin_ws/install/py_srvcli/lib/py_srvcli
[4.941s] Installing service script to /home/aadesh/catkin_ws/install/py_srvcli/lib/py_srvcli
[4.942s] Installing vel script to /home/aadesh/catkin_ws/install/py_srvcli/lib/py_srvcli
[4.944s] writing list of installed files to '/home/aadesh/catkin_ws/build/py_srvcli/install.log'
[5.126s] Invoked command in '/home/aadesh/catkin_ws/src/Foundation_Project/py_srvcli' returned '0': PYTHONPATH=/home/aadesh/catkin_ws/install/py_srvcli/lib/python3.10/site-packages:${PYTHONPATH} /usr/bin/python3 setup.py egg_info --egg-base ../../../build/py_srvcli build --build-base /home/aadesh/catkin_ws/build/py_srvcli/build install --prefix /home/aadesh/catkin_ws/install/py_srvcli --record /home/aadesh/catkin_ws/build/py_srvcli/install.log --single-version-externally-managed
