[0.298s] Invoking command in '/home/asureshkumar/catkin_ws/build/ikinterface': CMAKE_PREFIX_PATH=${CMAKE_PREFIX_PATH}:/opt/ros/humble:/home/asureshkumar/catkin_ws/install/py_srvcli:/home/asureshkumar/catkin_ws/install/FK /usr/bin/cmake --build /home/asureshkumar/catkin_ws/build/ikinterface -- -j8 -l8
[0.355s] [  2%] Built target ikinterface__cpp
[0.355s] [ 12%] Built target ikinterface__rosidl_generator_c
[0.368s] [ 12%] Built target ament_cmake_python_copy_ikinterface
[0.387s] [ 23%] Built target ikinterface__rosidl_typesupport_introspection_cpp
[0.388s] [ 33%] Built target ikinterface__rosidl_typesupport_cpp
[0.393s] [ 43%] Built target ikinterface__rosidl_typesupport_fastrtps_cpp
[0.402s] [ 53%] Built target ikinterface__rosidl_typesupport_introspection_c
[0.404s] [ 64%] Built target ikinterface__rosidl_typesupport_fastrtps_c
[0.405s] [ 74%] Built target ikinterface__rosidl_typesupport_c
[0.429s] [ 74%] Built target ikinterface
[0.453s] [ 76%] Built target ikinterface__py
[0.479s] [ 84%] Built target ikinterface__rosidl_generator_py
[0.505s] [ 89%] Built target ikinterface__rosidl_typesupport_introspection_c__pyext
[0.507s] [ 94%] Built target ikinterface__rosidl_typesupport_c__pyext
[0.512s] [100%] Built target ikinterface__rosidl_typesupport_fastrtps_c__pyext
[0.677s] running egg_info
[0.677s] writing ikinterface.egg-info/PKG-INFO
[0.678s] writing dependency_links to ikinterface.egg-info/dependency_links.txt
[0.678s] writing top-level names to ikinterface.egg-info/top_level.txt
[0.680s] reading manifest file 'ikinterface.egg-info/SOURCES.txt'
[0.681s] writing manifest file 'ikinterface.egg-info/SOURCES.txt'
[0.709s] [100%] Built target ament_cmake_python_build_ikinterface_egg
