[1.856s] Invoking command in '/home/aadesh/catkin_ws/src/Foundation_Project/py_srvcli': PYTHONPATH=/home/aadesh/catkin_ws/install/py_srvcli/lib/python3.10/site-packages:${PYTHONPATH} /usr/bin/python3 setup.py egg_info --egg-base ../../../build/py_srvcli build --build-base /home/aadesh/catkin_ws/build/py_srvcli/build install --prefix /home/aadesh/catkin_ws/install/py_srvcli --record /home/aadesh/catkin_ws/build/py_srvcli/install.log --single-version-externally-managed
[2.617s] running egg_info
[2.622s] writing ../../../build/py_srvcli/py_srvcli.egg-info/PKG-INFO
[2.622s] writing dependency_links to ../../../build/py_srvcli/py_srvcli.egg-info/dependency_links.txt
[2.623s] writing entry points to ../../../build/py_srvcli/py_srvcli.egg-info/entry_points.txt
[2.623s] writing requirements to ../../../build/py_srvcli/py_srvcli.egg-info/requires.txt
[2.623s] writing top-level names to ../../../build/py_srvcli/py_srvcli.egg-info/top_level.txt
[2.627s] reading manifest file '../../../build/py_srvcli/py_srvcli.egg-info/SOURCES.txt'
[2.629s] writing manifest file '../../../build/py_srvcli/py_srvcli.egg-info/SOURCES.txt'
[2.629s] running build
[2.629s] running build_py
[2.629s] copying py_srvcli/control_bitch.py -> /home/aadesh/catkin_ws/build/py_srvcli/build/lib/py_srvcli
[2.630s] running install
[2.630s] /usr/lib/python3/dist-packages/setuptools/command/install.py:34: SetuptoolsDeprecationWarning: setup.py install is deprecated. Use build and pip and other standards-based tools.
[2.630s]   warnings.warn(
[2.630s] running install_lib
[2.634s] copying /home/aadesh/catkin_ws/build/py_srvcli/build/lib/py_srvcli/control_bitch.py -> /home/aadesh/catkin_ws/install/py_srvcli/lib/python3.10/site-packages/py_srvcli
[2.637s] byte-compiling /home/aadesh/catkin_ws/install/py_srvcli/lib/python3.10/site-packages/py_srvcli/velocity_controller copy.py to velocity_controller copy.cpython-310.pyc
[2.638s] Sorry: TabError: inconsistent use of tabs and spaces in indentation (velocity_controller copy.py, line 50)
[2.638s] byte-compiling /home/aadesh/catkin_ws/install/py_srvcli/lib/python3.10/site-packages/py_srvcli/control_bitch.py to control_bitch.cpython-310.pyc
[2.642s] running install_data
[2.643s] running install_egg_info
[2.646s] removing '/home/aadesh/catkin_ws/install/py_srvcli/lib/python3.10/site-packages/py_srvcli-0.0.0-py3.10.egg-info' (and everything under it)
[2.647s] Copying ../../../build/py_srvcli/py_srvcli.egg-info to /home/aadesh/catkin_ws/install/py_srvcli/lib/python3.10/site-packages/py_srvcli-0.0.0-py3.10.egg-info
[2.649s] running install_scripts
[2.724s] Installing control script to /home/aadesh/catkin_ws/install/py_srvcli/lib/py_srvcli
[2.724s] Installing listener script to /home/aadesh/catkin_ws/install/py_srvcli/lib/py_srvcli
[2.725s] Installing service script to /home/aadesh/catkin_ws/install/py_srvcli/lib/py_srvcli
[2.725s] Installing vel script to /home/aadesh/catkin_ws/install/py_srvcli/lib/py_srvcli
[2.726s] writing list of installed files to '/home/aadesh/catkin_ws/build/py_srvcli/install.log'
[2.826s] Invoked command in '/home/aadesh/catkin_ws/src/Foundation_Project/py_srvcli' returned '0': PYTHONPATH=/home/aadesh/catkin_ws/install/py_srvcli/lib/python3.10/site-packages:${PYTHONPATH} /usr/bin/python3 setup.py egg_info --egg-base ../../../build/py_srvcli build --build-base /home/aadesh/catkin_ws/build/py_srvcli/build install --prefix /home/aadesh/catkin_ws/install/py_srvcli --record /home/aadesh/catkin_ws/build/py_srvcli/install.log --single-version-externally-managed
