[1.268s] Invoking command in '/home/aadesh/catkin_ws/src/FK': PYTHONPATH=/home/aadesh/catkin_ws/install/FK/lib/python3.10/site-packages:${PYTHONPATH} /usr/bin/python3 setup.py egg_info --egg-base ../../build/FK build --build-base /home/aadesh/catkin_ws/build/FK/build install --prefix /home/aadesh/catkin_ws/install/FK --record /home/aadesh/catkin_ws/build/FK/install.log --single-version-externally-managed
[1.530s] running egg_info
[1.531s] writing ../../build/FK/FK.egg-info/PKG-INFO
[1.531s] writing dependency_links to ../../build/FK/FK.egg-info/dependency_links.txt
[1.531s] writing entry points to ../../build/FK/FK.egg-info/entry_points.txt
[1.532s] writing requirements to ../../build/FK/FK.egg-info/requires.txt
[1.532s] writing top-level names to ../../build/FK/FK.egg-info/top_level.txt
[1.535s] reading manifest file '../../build/FK/FK.egg-info/SOURCES.txt'
[1.586s] writing manifest file '../../build/FK/FK.egg-info/SOURCES.txt'
[1.586s] running build
[1.586s] running build_py
[1.586s] running install
[1.586s] /usr/lib/python3/dist-packages/setuptools/command/install.py:34: SetuptoolsDeprecationWarning: setup.py install is deprecated. Use build and pip and other standards-based tools.
[1.586s]   warnings.warn(
[1.587s] running install_lib
[1.588s] running install_data
[1.589s] running install_egg_info
[1.591s] removing '/home/aadesh/catkin_ws/install/FK/lib/python3.10/site-packages/FK-0.0.0-py3.10.egg-info' (and everything under it)
[1.591s] Copying ../../build/FK/FK.egg-info to /home/aadesh/catkin_ws/install/FK/lib/python3.10/site-packages/FK-0.0.0-py3.10.egg-info
[1.634s] running install_scripts
[1.672s] Installing listener script to /home/aadesh/catkin_ws/install/FK/lib/FK
[1.673s] writing list of installed files to '/home/aadesh/catkin_ws/build/FK/install.log'
