[1.157s] DEBUG:colcon:Command line arguments: ['/usr/bin/colcon', 'build', '--packages-select', 'py_srvcli']
[1.157s] DEBUG:colcon:Parsed command line arguments: Namespace(log_base=None, log_level=None, verb_name='build', build_base='build', install_base='install', merge_install=False, symlink_install=False, test_result_base=None, continue_on_error=False, executor='parallel', parallel_workers=8, event_handlers=None, ignore_user_meta=False, metas=['./colcon.meta'], base_paths=['.'], packages_ignore=None, packages_ignore_regex=None, paths=None, packages_up_to=None, packages_up_to_regex=None, packages_above=None, packages_above_and_dependencies=None, packages_above_depth=None, packages_select_by_dep=None, packages_skip_by_dep=None, packages_skip_up_to=None, packages_select_build_failed=False, packages_skip_build_finished=False, packages_select_test_failures=False, packages_skip_test_passed=False, packages_select=['py_srvcli'], packages_skip=None, packages_select_regex=None, packages_skip_regex=None, packages_start=None, packages_end=None, allow_overriding=[], cmake_args=None, cmake_target=None, cmake_target_skip_unavailable=False, cmake_clean_cache=False, cmake_clean_first=False, cmake_force_configure=False, ament_cmake_args=None, catkin_cmake_args=None, catkin_skip_building_tests=False, verb_parser=<colcon_defaults.argument_parser.defaults.DefaultArgumentsDecorator object at 0x7f1cc4bbb6a0>, verb_extension=<colcon_core.verb.build.BuildVerb object at 0x7f1cc552a920>, main=<bound method BuildVerb.main of <colcon_core.verb.build.BuildVerb object at 0x7f1cc552a920>>)
[1.254s] Level 1:colcon.colcon_core.package_discovery:discover_packages(colcon_meta) check parameters
[1.256s] Level 1:colcon.colcon_core.package_discovery:discover_packages(recursive) check parameters
[1.257s] Level 1:colcon.colcon_core.package_discovery:discover_packages(ignore) check parameters
[1.258s] Level 1:colcon.colcon_core.package_discovery:discover_packages(path) check parameters
[1.259s] Level 1:colcon.colcon_core.package_discovery:discover_packages(colcon_meta) discover
[1.260s] Level 1:colcon.colcon_core.package_discovery:discover_packages(recursive) discover
[1.260s] INFO:colcon.colcon_core.package_discovery:Crawling recursively for packages in '/home/aadesh/catkin_ws'
[1.261s] Level 1:colcon.colcon_core.package_identification:_identify(.) by extensions ['ignore', 'ignore_ament_install']
[1.261s] Level 1:colcon.colcon_core.package_identification:_identify(.) by extension 'ignore'
[1.261s] Level 1:colcon.colcon_core.package_identification:_identify(.) by extension 'ignore_ament_install'
[1.261s] Level 1:colcon.colcon_core.package_identification:_identify(.) by extensions ['colcon_pkg']
[1.261s] Level 1:colcon.colcon_core.package_identification:_identify(.) by extension 'colcon_pkg'
[1.261s] Level 1:colcon.colcon_core.package_identification:_identify(.) by extensions ['colcon_meta']
[1.261s] Level 1:colcon.colcon_core.package_identification:_identify(.) by extension 'colcon_meta'
[1.261s] Level 1:colcon.colcon_core.package_identification:_identify(.) by extensions ['ros']
[1.261s] Level 1:colcon.colcon_core.package_identification:_identify(.) by extension 'ros'
[1.338s] Level 1:colcon.colcon_core.package_identification:_identify(.) by extensions ['cmake', 'python']
[1.339s] Level 1:colcon.colcon_core.package_identification:_identify(.) by extension 'cmake'
[1.341s] Level 1:colcon.colcon_core.package_identification:_identify(.) by extension 'python'
[1.341s] Level 1:colcon.colcon_core.package_identification:_identify(.) by extensions ['python_setup_py']
[1.341s] Level 1:colcon.colcon_core.package_identification:_identify(.) by extension 'python_setup_py'
[1.342s] Level 1:colcon.colcon_core.package_identification:_identify(build) by extensions ['ignore', 'ignore_ament_install']
[1.342s] Level 1:colcon.colcon_core.package_identification:_identify(build) by extension 'ignore'
[1.342s] Level 1:colcon.colcon_core.package_identification:_identify(build) ignored
[1.342s] Level 1:colcon.colcon_core.package_identification:_identify(install) by extensions ['ignore', 'ignore_ament_install']
[1.342s] Level 1:colcon.colcon_core.package_identification:_identify(install) by extension 'ignore'
[1.342s] Level 1:colcon.colcon_core.package_identification:_identify(install) ignored
[1.343s] Level 1:colcon.colcon_core.package_identification:_identify(log) by extensions ['ignore', 'ignore_ament_install']
[1.344s] Level 1:colcon.colcon_core.package_identification:_identify(log) by extension 'ignore'
[1.344s] Level 1:colcon.colcon_core.package_identification:_identify(log) ignored
[1.345s] Level 1:colcon.colcon_core.package_identification:_identify(src) by extensions ['ignore', 'ignore_ament_install']
[1.345s] Level 1:colcon.colcon_core.package_identification:_identify(src) by extension 'ignore'
[1.345s] Level 1:colcon.colcon_core.package_identification:_identify(src) by extension 'ignore_ament_install'
[1.345s] Level 1:colcon.colcon_core.package_identification:_identify(src) by extensions ['colcon_pkg']
[1.345s] Level 1:colcon.colcon_core.package_identification:_identify(src) by extension 'colcon_pkg'
[1.345s] Level 1:colcon.colcon_core.package_identification:_identify(src) by extensions ['colcon_meta']
[1.345s] Level 1:colcon.colcon_core.package_identification:_identify(src) by extension 'colcon_meta'
[1.345s] Level 1:colcon.colcon_core.package_identification:_identify(src) by extensions ['ros']
[1.346s] Level 1:colcon.colcon_core.package_identification:_identify(src) by extension 'ros'
[1.346s] Level 1:colcon.colcon_core.package_identification:_identify(src) by extensions ['cmake', 'python']
[1.346s] Level 1:colcon.colcon_core.package_identification:_identify(src) by extension 'cmake'
[1.346s] Level 1:colcon.colcon_core.package_identification:_identify(src) by extension 'python'
[1.346s] Level 1:colcon.colcon_core.package_identification:_identify(src) by extensions ['python_setup_py']
[1.346s] Level 1:colcon.colcon_core.package_identification:_identify(src) by extension 'python_setup_py'
[1.346s] Level 1:colcon.colcon_core.package_identification:_identify(src/FK) by extensions ['ignore', 'ignore_ament_install']
[1.346s] Level 1:colcon.colcon_core.package_identification:_identify(src/FK) by extension 'ignore'
[1.346s] Level 1:colcon.colcon_core.package_identification:_identify(src/FK) by extension 'ignore_ament_install'
[1.346s] Level 1:colcon.colcon_core.package_identification:_identify(src/FK) by extensions ['colcon_pkg']
[1.346s] Level 1:colcon.colcon_core.package_identification:_identify(src/FK) by extension 'colcon_pkg'
[1.346s] Level 1:colcon.colcon_core.package_identification:_identify(src/FK) by extensions ['colcon_meta']
[1.347s] Level 1:colcon.colcon_core.package_identification:_identify(src/FK) by extension 'colcon_meta'
[1.347s] Level 1:colcon.colcon_core.package_identification:_identify(src/FK) by extensions ['ros']
[1.347s] Level 1:colcon.colcon_core.package_identification:_identify(src/FK) by extension 'ros'
[1.357s] DEBUG:colcon.colcon_core.package_identification:Package 'src/FK' with type 'ros.ament_python' and name 'FK'
[1.357s] Level 1:colcon.colcon_core.package_identification:_identify(src/Foundation_Project) by extensions ['ignore', 'ignore_ament_install']
[1.358s] Level 1:colcon.colcon_core.package_identification:_identify(src/Foundation_Project) by extension 'ignore'
[1.358s] Level 1:colcon.colcon_core.package_identification:_identify(src/Foundation_Project) by extension 'ignore_ament_install'
[1.359s] Level 1:colcon.colcon_core.package_identification:_identify(src/Foundation_Project) by extensions ['colcon_pkg']
[1.359s] Level 1:colcon.colcon_core.package_identification:_identify(src/Foundation_Project) by extension 'colcon_pkg'
[1.359s] Level 1:colcon.colcon_core.package_identification:_identify(src/Foundation_Project) by extensions ['colcon_meta']
[1.359s] Level 1:colcon.colcon_core.package_identification:_identify(src/Foundation_Project) by extension 'colcon_meta'
[1.359s] Level 1:colcon.colcon_core.package_identification:_identify(src/Foundation_Project) by extensions ['ros']
[1.359s] Level 1:colcon.colcon_core.package_identification:_identify(src/Foundation_Project) by extension 'ros'
[1.360s] Level 1:colcon.colcon_core.package_identification:_identify(src/Foundation_Project) by extensions ['cmake', 'python']
[1.360s] Level 1:colcon.colcon_core.package_identification:_identify(src/Foundation_Project) by extension 'cmake'
[1.360s] Level 1:colcon.colcon_core.package_identification:_identify(src/Foundation_Project) by extension 'python'
[1.360s] Level 1:colcon.colcon_core.package_identification:_identify(src/Foundation_Project) by extensions ['python_setup_py']
[1.360s] Level 1:colcon.colcon_core.package_identification:_identify(src/Foundation_Project) by extension 'python_setup_py'
[1.360s] Level 1:colcon.colcon_core.package_identification:_identify(src/Foundation_Project/ikinterface) by extensions ['ignore', 'ignore_ament_install']
[1.360s] Level 1:colcon.colcon_core.package_identification:_identify(src/Foundation_Project/ikinterface) by extension 'ignore'
[1.361s] Level 1:colcon.colcon_core.package_identification:_identify(src/Foundation_Project/ikinterface) by extension 'ignore_ament_install'
[1.361s] Level 1:colcon.colcon_core.package_identification:_identify(src/Foundation_Project/ikinterface) by extensions ['colcon_pkg']
[1.361s] Level 1:colcon.colcon_core.package_identification:_identify(src/Foundation_Project/ikinterface) by extension 'colcon_pkg'
[1.361s] Level 1:colcon.colcon_core.package_identification:_identify(src/Foundation_Project/ikinterface) by extensions ['colcon_meta']
[1.361s] Level 1:colcon.colcon_core.package_identification:_identify(src/Foundation_Project/ikinterface) by extension 'colcon_meta'
[1.361s] Level 1:colcon.colcon_core.package_identification:_identify(src/Foundation_Project/ikinterface) by extensions ['ros']
[1.361s] Level 1:colcon.colcon_core.package_identification:_identify(src/Foundation_Project/ikinterface) by extension 'ros'
[1.363s] DEBUG:colcon.colcon_core.package_identification:Package 'src/Foundation_Project/ikinterface' with type 'ros.ament_cmake' and name 'ikinterface'
[1.363s] Level 1:colcon.colcon_core.package_identification:_identify(src/Foundation_Project/py_srvcli) by extensions ['ignore', 'ignore_ament_install']
[1.363s] Level 1:colcon.colcon_core.package_identification:_identify(src/Foundation_Project/py_srvcli) by extension 'ignore'
[1.363s] Level 1:colcon.colcon_core.package_identification:_identify(src/Foundation_Project/py_srvcli) by extension 'ignore_ament_install'
[1.363s] Level 1:colcon.colcon_core.package_identification:_identify(src/Foundation_Project/py_srvcli) by extensions ['colcon_pkg']
[1.363s] Level 1:colcon.colcon_core.package_identification:_identify(src/Foundation_Project/py_srvcli) by extension 'colcon_pkg'
[1.363s] Level 1:colcon.colcon_core.package_identification:_identify(src/Foundation_Project/py_srvcli) by extensions ['colcon_meta']
[1.364s] Level 1:colcon.colcon_core.package_identification:_identify(src/Foundation_Project/py_srvcli) by extension 'colcon_meta'
[1.364s] Level 1:colcon.colcon_core.package_identification:_identify(src/Foundation_Project/py_srvcli) by extensions ['ros']
[1.364s] Level 1:colcon.colcon_core.package_identification:_identify(src/Foundation_Project/py_srvcli) by extension 'ros'
[1.365s] DEBUG:colcon.colcon_core.package_identification:Package 'src/Foundation_Project/py_srvcli' with type 'ros.ament_python' and name 'py_srvcli'
[1.367s] Level 1:colcon.colcon_core.package_identification:_identify(src/build) by extensions ['ignore', 'ignore_ament_install']
[1.368s] Level 1:colcon.colcon_core.package_identification:_identify(src/build) by extension 'ignore'
[1.370s] Level 1:colcon.colcon_core.package_identification:_identify(src/build) ignored
[1.371s] Level 1:colcon.colcon_core.package_identification:_identify(src/install) by extensions ['ignore', 'ignore_ament_install']
[1.372s] Level 1:colcon.colcon_core.package_identification:_identify(src/install) by extension 'ignore'
[1.372s] Level 1:colcon.colcon_core.package_identification:_identify(src/install) ignored
[1.373s] Level 1:colcon.colcon_core.package_identification:_identify(src/log) by extensions ['ignore', 'ignore_ament_install']
[1.373s] Level 1:colcon.colcon_core.package_identification:_identify(src/log) by extension 'ignore'
[1.373s] Level 1:colcon.colcon_core.package_identification:_identify(src/log) ignored
[1.373s] Level 1:colcon.colcon_core.package_identification:_identify(src/rrbot_simulation_files) by extensions ['ignore', 'ignore_ament_install']
[1.373s] Level 1:colcon.colcon_core.package_identification:_identify(src/rrbot_simulation_files) by extension 'ignore'
[1.373s] Level 1:colcon.colcon_core.package_identification:_identify(src/rrbot_simulation_files) by extension 'ignore_ament_install'
[1.373s] Level 1:colcon.colcon_core.package_identification:_identify(src/rrbot_simulation_files) by extensions ['colcon_pkg']
[1.373s] Level 1:colcon.colcon_core.package_identification:_identify(src/rrbot_simulation_files) by extension 'colcon_pkg'
[1.374s] Level 1:colcon.colcon_core.package_identification:_identify(src/rrbot_simulation_files) by extensions ['colcon_meta']
[1.374s] Level 1:colcon.colcon_core.package_identification:_identify(src/rrbot_simulation_files) by extension 'colcon_meta'
[1.374s] Level 1:colcon.colcon_core.package_identification:_identify(src/rrbot_simulation_files) by extensions ['ros']
[1.374s] Level 1:colcon.colcon_core.package_identification:_identify(src/rrbot_simulation_files) by extension 'ros'
[1.374s] Level 1:colcon.colcon_core.package_identification:_identify(src/rrbot_simulation_files) by extensions ['cmake', 'python']
[1.374s] Level 1:colcon.colcon_core.package_identification:_identify(src/rrbot_simulation_files) by extension 'cmake'
[1.374s] Level 1:colcon.colcon_core.package_identification:_identify(src/rrbot_simulation_files) by extension 'python'
[1.374s] Level 1:colcon.colcon_core.package_identification:_identify(src/rrbot_simulation_files) by extensions ['python_setup_py']
[1.375s] Level 1:colcon.colcon_core.package_identification:_identify(src/rrbot_simulation_files) by extension 'python_setup_py'
[1.375s] Level 1:colcon.colcon_core.package_identification:_identify(src/rrbot_simulation_files/__MACOSX) by extensions ['ignore', 'ignore_ament_install']
[1.376s] Level 1:colcon.colcon_core.package_identification:_identify(src/rrbot_simulation_files/__MACOSX) by extension 'ignore'
[1.376s] Level 1:colcon.colcon_core.package_identification:_identify(src/rrbot_simulation_files/__MACOSX) by extension 'ignore_ament_install'
[1.376s] Level 1:colcon.colcon_core.package_identification:_identify(src/rrbot_simulation_files/__MACOSX) by extensions ['colcon_pkg']
[1.376s] Level 1:colcon.colcon_core.package_identification:_identify(src/rrbot_simulation_files/__MACOSX) by extension 'colcon_pkg'
[1.376s] Level 1:colcon.colcon_core.package_identification:_identify(src/rrbot_simulation_files/__MACOSX) by extensions ['colcon_meta']
[1.376s] Level 1:colcon.colcon_core.package_identification:_identify(src/rrbot_simulation_files/__MACOSX) by extension 'colcon_meta'
[1.376s] Level 1:colcon.colcon_core.package_identification:_identify(src/rrbot_simulation_files/__MACOSX) by extensions ['ros']
[1.377s] Level 1:colcon.colcon_core.package_identification:_identify(src/rrbot_simulation_files/__MACOSX) by extension 'ros'
[1.377s] Level 1:colcon.colcon_core.package_identification:_identify(src/rrbot_simulation_files/__MACOSX) by extensions ['cmake', 'python']
[1.377s] Level 1:colcon.colcon_core.package_identification:_identify(src/rrbot_simulation_files/__MACOSX) by extension 'cmake'
[1.377s] Level 1:colcon.colcon_core.package_identification:_identify(src/rrbot_simulation_files/__MACOSX) by extension 'python'
[1.377s] Level 1:colcon.colcon_core.package_identification:_identify(src/rrbot_simulation_files/__MACOSX) by extensions ['python_setup_py']
[1.377s] Level 1:colcon.colcon_core.package_identification:_identify(src/rrbot_simulation_files/__MACOSX) by extension 'python_setup_py'
[1.378s] Level 1:colcon.colcon_core.package_identification:_identify(src/rrbot_simulation_files/__MACOSX/rrbot_simulation_files) by extensions ['ignore', 'ignore_ament_install']
[1.378s] Level 1:colcon.colcon_core.package_identification:_identify(src/rrbot_simulation_files/__MACOSX/rrbot_simulation_files) by extension 'ignore'
[1.378s] Level 1:colcon.colcon_core.package_identification:_identify(src/rrbot_simulation_files/__MACOSX/rrbot_simulation_files) by extension 'ignore_ament_install'
[1.378s] Level 1:colcon.colcon_core.package_identification:_identify(src/rrbot_simulation_files/__MACOSX/rrbot_simulation_files) by extensions ['colcon_pkg']
[1.378s] Level 1:colcon.colcon_core.package_identification:_identify(src/rrbot_simulation_files/__MACOSX/rrbot_simulation_files) by extension 'colcon_pkg'
[1.378s] Level 1:colcon.colcon_core.package_identification:_identify(src/rrbot_simulation_files/__MACOSX/rrbot_simulation_files) by extensions ['colcon_meta']
[1.378s] Level 1:colcon.colcon_core.package_identification:_identify(src/rrbot_simulation_files/__MACOSX/rrbot_simulation_files) by extension 'colcon_meta'
[1.379s] Level 1:colcon.colcon_core.package_identification:_identify(src/rrbot_simulation_files/__MACOSX/rrbot_simulation_files) by extensions ['ros']
[1.379s] Level 1:colcon.colcon_core.package_identification:_identify(src/rrbot_simulation_files/__MACOSX/rrbot_simulation_files) by extension 'ros'
[1.379s] Level 1:colcon.colcon_core.package_identification:_identify(src/rrbot_simulation_files/__MACOSX/rrbot_simulation_files) by extensions ['cmake', 'python']
[1.379s] Level 1:colcon.colcon_core.package_identification:_identify(src/rrbot_simulation_files/__MACOSX/rrbot_simulation_files) by extension 'cmake'
[1.379s] Level 1:colcon.colcon_core.package_identification:_identify(src/rrbot_simulation_files/__MACOSX/rrbot_simulation_files) by extension 'python'
[1.379s] Level 1:colcon.colcon_core.package_identification:_identify(src/rrbot_simulation_files/__MACOSX/rrbot_simulation_files) by extensions ['python_setup_py']
[1.379s] Level 1:colcon.colcon_core.package_identification:_identify(src/rrbot_simulation_files/__MACOSX/rrbot_simulation_files) by extension 'python_setup_py'
[1.379s] Level 1:colcon.colcon_core.package_identification:_identify(src/rrbot_simulation_files/__MACOSX/rrbot_simulation_files/rrbot_description) by extensions ['ignore', 'ignore_ament_install']
[1.379s] Level 1:colcon.colcon_core.package_identification:_identify(src/rrbot_simulation_files/__MACOSX/rrbot_simulation_files/rrbot_description) by extension 'ignore'
[1.380s] Level 1:colcon.colcon_core.package_identification:_identify(src/rrbot_simulation_files/__MACOSX/rrbot_simulation_files/rrbot_description) by extension 'ignore_ament_install'
[1.380s] Level 1:colcon.colcon_core.package_identification:_identify(src/rrbot_simulation_files/__MACOSX/rrbot_simulation_files/rrbot_description) by extensions ['colcon_pkg']
[1.380s] Level 1:colcon.colcon_core.package_identification:_identify(src/rrbot_simulation_files/__MACOSX/rrbot_simulation_files/rrbot_description) by extension 'colcon_pkg'
[1.380s] Level 1:colcon.colcon_core.package_identification:_identify(src/rrbot_simulation_files/__MACOSX/rrbot_simulation_files/rrbot_description) by extensions ['colcon_meta']
[1.380s] Level 1:colcon.colcon_core.package_identification:_identify(src/rrbot_simulation_files/__MACOSX/rrbot_simulation_files/rrbot_description) by extension 'colcon_meta'
[1.380s] Level 1:colcon.colcon_core.package_identification:_identify(src/rrbot_simulation_files/__MACOSX/rrbot_simulation_files/rrbot_description) by extensions ['ros']
[1.380s] Level 1:colcon.colcon_core.package_identification:_identify(src/rrbot_simulation_files/__MACOSX/rrbot_simulation_files/rrbot_description) by extension 'ros'
[1.380s] Level 1:colcon.colcon_core.package_identification:_identify(src/rrbot_simulation_files/__MACOSX/rrbot_simulation_files/rrbot_description) by extensions ['cmake', 'python']
[1.380s] Level 1:colcon.colcon_core.package_identification:_identify(src/rrbot_simulation_files/__MACOSX/rrbot_simulation_files/rrbot_description) by extension 'cmake'
[1.380s] Level 1:colcon.colcon_core.package_identification:_identify(src/rrbot_simulation_files/__MACOSX/rrbot_simulation_files/rrbot_description) by extension 'python'
[1.380s] Level 1:colcon.colcon_core.package_identification:_identify(src/rrbot_simulation_files/__MACOSX/rrbot_simulation_files/rrbot_description) by extensions ['python_setup_py']
[1.380s] Level 1:colcon.colcon_core.package_identification:_identify(src/rrbot_simulation_files/__MACOSX/rrbot_simulation_files/rrbot_description) by extension 'python_setup_py'
[1.381s] Level 1:colcon.colcon_core.package_identification:_identify(src/rrbot_simulation_files/__MACOSX/rrbot_simulation_files/rrbot_description/config) by extensions ['ignore', 'ignore_ament_install']
[1.381s] Level 1:colcon.colcon_core.package_identification:_identify(src/rrbot_simulation_files/__MACOSX/rrbot_simulation_files/rrbot_description/config) by extension 'ignore'
[1.383s] Level 1:colcon.colcon_core.package_identification:_identify(src/rrbot_simulation_files/__MACOSX/rrbot_simulation_files/rrbot_description/config) by extension 'ignore_ament_install'
[1.385s] Level 1:colcon.colcon_core.package_identification:_identify(src/rrbot_simulation_files/__MACOSX/rrbot_simulation_files/rrbot_description/config) by extensions ['colcon_pkg']
[1.386s] Level 1:colcon.colcon_core.package_identification:_identify(src/rrbot_simulation_files/__MACOSX/rrbot_simulation_files/rrbot_description/config) by extension 'colcon_pkg'
[1.387s] Level 1:colcon.colcon_core.package_identification:_identify(src/rrbot_simulation_files/__MACOSX/rrbot_simulation_files/rrbot_description/config) by extensions ['colcon_meta']
[1.388s] Level 1:colcon.colcon_core.package_identification:_identify(src/rrbot_simulation_files/__MACOSX/rrbot_simulation_files/rrbot_description/config) by extension 'colcon_meta'
[1.389s] Level 1:colcon.colcon_core.package_identification:_identify(src/rrbot_simulation_files/__MACOSX/rrbot_simulation_files/rrbot_description/config) by extensions ['ros']
[1.389s] Level 1:colcon.colcon_core.package_identification:_identify(src/rrbot_simulation_files/__MACOSX/rrbot_simulation_files/rrbot_description/config) by extension 'ros'
[1.389s] Level 1:colcon.colcon_core.package_identification:_identify(src/rrbot_simulation_files/__MACOSX/rrbot_simulation_files/rrbot_description/config) by extensions ['cmake', 'python']
[1.389s] Level 1:colcon.colcon_core.package_identification:_identify(src/rrbot_simulation_files/__MACOSX/rrbot_simulation_files/rrbot_description/config) by extension 'cmake'
[1.390s] Level 1:colcon.colcon_core.package_identification:_identify(src/rrbot_simulation_files/__MACOSX/rrbot_simulation_files/rrbot_description/config) by extension 'python'
[1.390s] Level 1:colcon.colcon_core.package_identification:_identify(src/rrbot_simulation_files/__MACOSX/rrbot_simulation_files/rrbot_description/config) by extensions ['python_setup_py']
[1.390s] Level 1:colcon.colcon_core.package_identification:_identify(src/rrbot_simulation_files/__MACOSX/rrbot_simulation_files/rrbot_description/config) by extension 'python_setup_py'
[1.390s] Level 1:colcon.colcon_core.package_identification:_identify(src/rrbot_simulation_files/__MACOSX/rrbot_simulation_files/rrbot_description/env-hooks) by extensions ['ignore', 'ignore_ament_install']
[1.391s] Level 1:colcon.colcon_core.package_identification:_identify(src/rrbot_simulation_files/__MACOSX/rrbot_simulation_files/rrbot_description/env-hooks) by extension 'ignore'
[1.392s] Level 1:colcon.colcon_core.package_identification:_identify(src/rrbot_simulation_files/__MACOSX/rrbot_simulation_files/rrbot_description/env-hooks) by extension 'ignore_ament_install'
[1.392s] Level 1:colcon.colcon_core.package_identification:_identify(src/rrbot_simulation_files/__MACOSX/rrbot_simulation_files/rrbot_description/env-hooks) by extensions ['colcon_pkg']
[1.392s] Level 1:colcon.colcon_core.package_identification:_identify(src/rrbot_simulation_files/__MACOSX/rrbot_simulation_files/rrbot_description/env-hooks) by extension 'colcon_pkg'
[1.393s] Level 1:colcon.colcon_core.package_identification:_identify(src/rrbot_simulation_files/__MACOSX/rrbot_simulation_files/rrbot_description/env-hooks) by extensions ['colcon_meta']
[1.393s] Level 1:colcon.colcon_core.package_identification:_identify(src/rrbot_simulation_files/__MACOSX/rrbot_simulation_files/rrbot_description/env-hooks) by extension 'colcon_meta'
[1.393s] Level 1:colcon.colcon_core.package_identification:_identify(src/rrbot_simulation_files/__MACOSX/rrbot_simulation_files/rrbot_description/env-hooks) by extensions ['ros']
[1.393s] Level 1:colcon.colcon_core.package_identification:_identify(src/rrbot_simulation_files/__MACOSX/rrbot_simulation_files/rrbot_description/env-hooks) by extension 'ros'
[1.393s] Level 1:colcon.colcon_core.package_identification:_identify(src/rrbot_simulation_files/__MACOSX/rrbot_simulation_files/rrbot_description/env-hooks) by extensions ['cmake', 'python']
[1.393s] Level 1:colcon.colcon_core.package_identification:_identify(src/rrbot_simulation_files/__MACOSX/rrbot_simulation_files/rrbot_description/env-hooks) by extension 'cmake'
[1.393s] Level 1:colcon.colcon_core.package_identification:_identify(src/rrbot_simulation_files/__MACOSX/rrbot_simulation_files/rrbot_description/env-hooks) by extension 'python'
[1.393s] Level 1:colcon.colcon_core.package_identification:_identify(src/rrbot_simulation_files/__MACOSX/rrbot_simulation_files/rrbot_description/env-hooks) by extensions ['python_setup_py']
[1.393s] Level 1:colcon.colcon_core.package_identification:_identify(src/rrbot_simulation_files/__MACOSX/rrbot_simulation_files/rrbot_description/env-hooks) by extension 'python_setup_py'
[1.394s] Level 1:colcon.colcon_core.package_identification:_identify(src/rrbot_simulation_files/__MACOSX/rrbot_simulation_files/rrbot_description/gazebo) by extensions ['ignore', 'ignore_ament_install']
[1.394s] Level 1:colcon.colcon_core.package_identification:_identify(src/rrbot_simulation_files/__MACOSX/rrbot_simulation_files/rrbot_description/gazebo) by extension 'ignore'
[1.394s] Level 1:colcon.colcon_core.package_identification:_identify(src/rrbot_simulation_files/__MACOSX/rrbot_simulation_files/rrbot_description/gazebo) by extension 'ignore_ament_install'
[1.394s] Level 1:colcon.colcon_core.package_identification:_identify(src/rrbot_simulation_files/__MACOSX/rrbot_simulation_files/rrbot_description/gazebo) by extensions ['colcon_pkg']
[1.394s] Level 1:colcon.colcon_core.package_identification:_identify(src/rrbot_simulation_files/__MACOSX/rrbot_simulation_files/rrbot_description/gazebo) by extension 'colcon_pkg'
[1.395s] Level 1:colcon.colcon_core.package_identification:_identify(src/rrbot_simulation_files/__MACOSX/rrbot_simulation_files/rrbot_description/gazebo) by extensions ['colcon_meta']
[1.395s] Level 1:colcon.colcon_core.package_identification:_identify(src/rrbot_simulation_files/__MACOSX/rrbot_simulation_files/rrbot_description/gazebo) by extension 'colcon_meta'
[1.395s] Level 1:colcon.colcon_core.package_identification:_identify(src/rrbot_simulation_files/__MACOSX/rrbot_simulation_files/rrbot_description/gazebo) by extensions ['ros']
[1.395s] Level 1:colcon.colcon_core.package_identification:_identify(src/rrbot_simulation_files/__MACOSX/rrbot_simulation_files/rrbot_description/gazebo) by extension 'ros'
[1.395s] Level 1:colcon.colcon_core.package_identification:_identify(src/rrbot_simulation_files/__MACOSX/rrbot_simulation_files/rrbot_description/gazebo) by extensions ['cmake', 'python']
[1.395s] Level 1:colcon.colcon_core.package_identification:_identify(src/rrbot_simulation_files/__MACOSX/rrbot_simulation_files/rrbot_description/gazebo) by extension 'cmake'
[1.396s] Level 1:colcon.colcon_core.package_identification:_identify(src/rrbot_simulation_files/__MACOSX/rrbot_simulation_files/rrbot_description/gazebo) by extension 'python'
[1.396s] Level 1:colcon.colcon_core.package_identification:_identify(src/rrbot_simulation_files/__MACOSX/rrbot_simulation_files/rrbot_description/gazebo) by extensions ['python_setup_py']
[1.396s] Level 1:colcon.colcon_core.package_identification:_identify(src/rrbot_simulation_files/__MACOSX/rrbot_simulation_files/rrbot_description/gazebo) by extension 'python_setup_py'
[1.396s] Level 1:colcon.colcon_core.package_identification:_identify(src/rrbot_simulation_files/__MACOSX/rrbot_simulation_files/rrbot_description/launch) by extensions ['ignore', 'ignore_ament_install']
[1.396s] Level 1:colcon.colcon_core.package_identification:_identify(src/rrbot_simulation_files/__MACOSX/rrbot_simulation_files/rrbot_description/launch) by extension 'ignore'
[1.396s] Level 1:colcon.colcon_core.package_identification:_identify(src/rrbot_simulation_files/__MACOSX/rrbot_simulation_files/rrbot_description/launch) by extension 'ignore_ament_install'
[1.396s] Level 1:colcon.colcon_core.package_identification:_identify(src/rrbot_simulation_files/__MACOSX/rrbot_simulation_files/rrbot_description/launch) by extensions ['colcon_pkg']
[1.396s] Level 1:colcon.colcon_core.package_identification:_identify(src/rrbot_simulation_files/__MACOSX/rrbot_simulation_files/rrbot_description/launch) by extension 'colcon_pkg'
[1.396s] Level 1:colcon.colcon_core.package_identification:_identify(src/rrbot_simulation_files/__MACOSX/rrbot_simulation_files/rrbot_description/launch) by extensions ['colcon_meta']
[1.397s] Level 1:colcon.colcon_core.package_identification:_identify(src/rrbot_simulation_files/__MACOSX/rrbot_simulation_files/rrbot_description/launch) by extension 'colcon_meta'
[1.397s] Level 1:colcon.colcon_core.package_identification:_identify(src/rrbot_simulation_files/__MACOSX/rrbot_simulation_files/rrbot_description/launch) by extensions ['ros']
[1.397s] Level 1:colcon.colcon_core.package_identification:_identify(src/rrbot_simulation_files/__MACOSX/rrbot_simulation_files/rrbot_description/launch) by extension 'ros'
[1.397s] Level 1:colcon.colcon_core.package_identification:_identify(src/rrbot_simulation_files/__MACOSX/rrbot_simulation_files/rrbot_description/launch) by extensions ['cmake', 'python']
[1.397s] Level 1:colcon.colcon_core.package_identification:_identify(src/rrbot_simulation_files/__MACOSX/rrbot_simulation_files/rrbot_description/launch) by extension 'cmake'
[1.397s] Level 1:colcon.colcon_core.package_identification:_identify(src/rrbot_simulation_files/__MACOSX/rrbot_simulation_files/rrbot_description/launch) by extension 'python'
[1.397s] Level 1:colcon.colcon_core.package_identification:_identify(src/rrbot_simulation_files/__MACOSX/rrbot_simulation_files/rrbot_description/launch) by extensions ['python_setup_py']
[1.397s] Level 1:colcon.colcon_core.package_identification:_identify(src/rrbot_simulation_files/__MACOSX/rrbot_simulation_files/rrbot_description/launch) by extension 'python_setup_py'
[1.397s] Level 1:colcon.colcon_core.package_identification:_identify(src/rrbot_simulation_files/__MACOSX/rrbot_simulation_files/rrbot_description/meshes) by extensions ['ignore', 'ignore_ament_install']
[1.398s] Level 1:colcon.colcon_core.package_identification:_identify(src/rrbot_simulation_files/__MACOSX/rrbot_simulation_files/rrbot_description/meshes) by extension 'ignore'
[1.398s] Level 1:colcon.colcon_core.package_identification:_identify(src/rrbot_simulation_files/__MACOSX/rrbot_simulation_files/rrbot_description/meshes) by extension 'ignore_ament_install'
[1.400s] Level 1:colcon.colcon_core.package_identification:_identify(src/rrbot_simulation_files/__MACOSX/rrbot_simulation_files/rrbot_description/meshes) by extensions ['colcon_pkg']
[1.401s] Level 1:colcon.colcon_core.package_identification:_identify(src/rrbot_simulation_files/__MACOSX/rrbot_simulation_files/rrbot_description/meshes) by extension 'colcon_pkg'
[1.402s] Level 1:colcon.colcon_core.package_identification:_identify(src/rrbot_simulation_files/__MACOSX/rrbot_simulation_files/rrbot_description/meshes) by extensions ['colcon_meta']
[1.403s] Level 1:colcon.colcon_core.package_identification:_identify(src/rrbot_simulation_files/__MACOSX/rrbot_simulation_files/rrbot_description/meshes) by extension 'colcon_meta'
[1.404s] Level 1:colcon.colcon_core.package_identification:_identify(src/rrbot_simulation_files/__MACOSX/rrbot_simulation_files/rrbot_description/meshes) by extensions ['ros']
[1.404s] Level 1:colcon.colcon_core.package_identification:_identify(src/rrbot_simulation_files/__MACOSX/rrbot_simulation_files/rrbot_description/meshes) by extension 'ros'
[1.405s] Level 1:colcon.colcon_core.package_identification:_identify(src/rrbot_simulation_files/__MACOSX/rrbot_simulation_files/rrbot_description/meshes) by extensions ['cmake', 'python']
[1.405s] Level 1:colcon.colcon_core.package_identification:_identify(src/rrbot_simulation_files/__MACOSX/rrbot_simulation_files/rrbot_description/meshes) by extension 'cmake'
[1.405s] Level 1:colcon.colcon_core.package_identification:_identify(src/rrbot_simulation_files/__MACOSX/rrbot_simulation_files/rrbot_description/meshes) by extension 'python'
[1.405s] Level 1:colcon.colcon_core.package_identification:_identify(src/rrbot_simulation_files/__MACOSX/rrbot_simulation_files/rrbot_description/meshes) by extensions ['python_setup_py']
[1.405s] Level 1:colcon.colcon_core.package_identification:_identify(src/rrbot_simulation_files/__MACOSX/rrbot_simulation_files/rrbot_description/meshes) by extension 'python_setup_py'
[1.405s] Level 1:colcon.colcon_core.package_identification:_identify(src/rrbot_simulation_files/__MACOSX/rrbot_simulation_files/rrbot_description/ros2_control) by extensions ['ignore', 'ignore_ament_install']
[1.405s] Level 1:colcon.colcon_core.package_identification:_identify(src/rrbot_simulation_files/__MACOSX/rrbot_simulation_files/rrbot_description/ros2_control) by extension 'ignore'
[1.405s] Level 1:colcon.colcon_core.package_identification:_identify(src/rrbot_simulation_files/__MACOSX/rrbot_simulation_files/rrbot_description/ros2_control) by extension 'ignore_ament_install'
[1.406s] Level 1:colcon.colcon_core.package_identification:_identify(src/rrbot_simulation_files/__MACOSX/rrbot_simulation_files/rrbot_description/ros2_control) by extensions ['colcon_pkg']
[1.406s] Level 1:colcon.colcon_core.package_identification:_identify(src/rrbot_simulation_files/__MACOSX/rrbot_simulation_files/rrbot_description/ros2_control) by extension 'colcon_pkg'
[1.406s] Level 1:colcon.colcon_core.package_identification:_identify(src/rrbot_simulation_files/__MACOSX/rrbot_simulation_files/rrbot_description/ros2_control) by extensions ['colcon_meta']
[1.406s] Level 1:colcon.colcon_core.package_identification:_identify(src/rrbot_simulation_files/__MACOSX/rrbot_simulation_files/rrbot_description/ros2_control) by extension 'colcon_meta'
[1.406s] Level 1:colcon.colcon_core.package_identification:_identify(src/rrbot_simulation_files/__MACOSX/rrbot_simulation_files/rrbot_description/ros2_control) by extensions ['ros']
[1.406s] Level 1:colcon.colcon_core.package_identification:_identify(src/rrbot_simulation_files/__MACOSX/rrbot_simulation_files/rrbot_description/ros2_control) by extension 'ros'
[1.407s] Level 1:colcon.colcon_core.package_identification:_identify(src/rrbot_simulation_files/__MACOSX/rrbot_simulation_files/rrbot_description/ros2_control) by extensions ['cmake', 'python']
[1.408s] Level 1:colcon.colcon_core.package_identification:_identify(src/rrbot_simulation_files/__MACOSX/rrbot_simulation_files/rrbot_description/ros2_control) by extension 'cmake'
[1.408s] Level 1:colcon.colcon_core.package_identification:_identify(src/rrbot_simulation_files/__MACOSX/rrbot_simulation_files/rrbot_description/ros2_control) by extension 'python'
[1.408s] Level 1:colcon.colcon_core.package_identification:_identify(src/rrbot_simulation_files/__MACOSX/rrbot_simulation_files/rrbot_description/ros2_control) by extensions ['python_setup_py']
[1.408s] Level 1:colcon.colcon_core.package_identification:_identify(src/rrbot_simulation_files/__MACOSX/rrbot_simulation_files/rrbot_description/ros2_control) by extension 'python_setup_py'
[1.409s] Level 1:colcon.colcon_core.package_identification:_identify(src/rrbot_simulation_files/__MACOSX/rrbot_simulation_files/rrbot_description/urdf) by extensions ['ignore', 'ignore_ament_install']
[1.409s] Level 1:colcon.colcon_core.package_identification:_identify(src/rrbot_simulation_files/__MACOSX/rrbot_simulation_files/rrbot_description/urdf) by extension 'ignore'
[1.409s] Level 1:colcon.colcon_core.package_identification:_identify(src/rrbot_simulation_files/__MACOSX/rrbot_simulation_files/rrbot_description/urdf) by extension 'ignore_ament_install'
[1.409s] Level 1:colcon.colcon_core.package_identification:_identify(src/rrbot_simulation_files/__MACOSX/rrbot_simulation_files/rrbot_description/urdf) by extensions ['colcon_pkg']
[1.409s] Level 1:colcon.colcon_core.package_identification:_identify(src/rrbot_simulation_files/__MACOSX/rrbot_simulation_files/rrbot_description/urdf) by extension 'colcon_pkg'
[1.409s] Level 1:colcon.colcon_core.package_identification:_identify(src/rrbot_simulation_files/__MACOSX/rrbot_simulation_files/rrbot_description/urdf) by extensions ['colcon_meta']
[1.409s] Level 1:colcon.colcon_core.package_identification:_identify(src/rrbot_simulation_files/__MACOSX/rrbot_simulation_files/rrbot_description/urdf) by extension 'colcon_meta'
[1.409s] Level 1:colcon.colcon_core.package_identification:_identify(src/rrbot_simulation_files/__MACOSX/rrbot_simulation_files/rrbot_description/urdf) by extensions ['ros']
[1.409s] Level 1:colcon.colcon_core.package_identification:_identify(src/rrbot_simulation_files/__MACOSX/rrbot_simulation_files/rrbot_description/urdf) by extension 'ros'
[1.410s] Level 1:colcon.colcon_core.package_identification:_identify(src/rrbot_simulation_files/__MACOSX/rrbot_simulation_files/rrbot_description/urdf) by extensions ['cmake', 'python']
[1.410s] Level 1:colcon.colcon_core.package_identification:_identify(src/rrbot_simulation_files/__MACOSX/rrbot_simulation_files/rrbot_description/urdf) by extension 'cmake'
[1.410s] Level 1:colcon.colcon_core.package_identification:_identify(src/rrbot_simulation_files/__MACOSX/rrbot_simulation_files/rrbot_description/urdf) by extension 'python'
[1.410s] Level 1:colcon.colcon_core.package_identification:_identify(src/rrbot_simulation_files/__MACOSX/rrbot_simulation_files/rrbot_description/urdf) by extensions ['python_setup_py']
[1.410s] Level 1:colcon.colcon_core.package_identification:_identify(src/rrbot_simulation_files/__MACOSX/rrbot_simulation_files/rrbot_description/urdf) by extension 'python_setup_py'
[1.410s] Level 1:colcon.colcon_core.package_identification:_identify(src/rrbot_simulation_files/__MACOSX/rrbot_simulation_files/rrbot_gazebo) by extensions ['ignore', 'ignore_ament_install']
[1.411s] Level 1:colcon.colcon_core.package_identification:_identify(src/rrbot_simulation_files/__MACOSX/rrbot_simulation_files/rrbot_gazebo) by extension 'ignore'
[1.411s] Level 1:colcon.colcon_core.package_identification:_identify(src/rrbot_simulation_files/__MACOSX/rrbot_simulation_files/rrbot_gazebo) by extension 'ignore_ament_install'
[1.411s] Level 1:colcon.colcon_core.package_identification:_identify(src/rrbot_simulation_files/__MACOSX/rrbot_simulation_files/rrbot_gazebo) by extensions ['colcon_pkg']
[1.411s] Level 1:colcon.colcon_core.package_identification:_identify(src/rrbot_simulation_files/__MACOSX/rrbot_simulation_files/rrbot_gazebo) by extension 'colcon_pkg'
[1.412s] Level 1:colcon.colcon_core.package_identification:_identify(src/rrbot_simulation_files/__MACOSX/rrbot_simulation_files/rrbot_gazebo) by extensions ['colcon_meta']
[1.412s] Level 1:colcon.colcon_core.package_identification:_identify(src/rrbot_simulation_files/__MACOSX/rrbot_simulation_files/rrbot_gazebo) by extension 'colcon_meta'
[1.412s] Level 1:colcon.colcon_core.package_identification:_identify(src/rrbot_simulation_files/__MACOSX/rrbot_simulation_files/rrbot_gazebo) by extensions ['ros']
[1.412s] Level 1:colcon.colcon_core.package_identification:_identify(src/rrbot_simulation_files/__MACOSX/rrbot_simulation_files/rrbot_gazebo) by extension 'ros'
[1.412s] Level 1:colcon.colcon_core.package_identification:_identify(src/rrbot_simulation_files/__MACOSX/rrbot_simulation_files/rrbot_gazebo) by extensions ['cmake', 'python']
[1.412s] Level 1:colcon.colcon_core.package_identification:_identify(src/rrbot_simulation_files/__MACOSX/rrbot_simulation_files/rrbot_gazebo) by extension 'cmake'
[1.412s] Level 1:colcon.colcon_core.package_identification:_identify(src/rrbot_simulation_files/__MACOSX/rrbot_simulation_files/rrbot_gazebo) by extension 'python'
[1.412s] Level 1:colcon.colcon_core.package_identification:_identify(src/rrbot_simulation_files/__MACOSX/rrbot_simulation_files/rrbot_gazebo) by extensions ['python_setup_py']
[1.412s] Level 1:colcon.colcon_core.package_identification:_identify(src/rrbot_simulation_files/__MACOSX/rrbot_simulation_files/rrbot_gazebo) by extension 'python_setup_py'
[1.412s] Level 1:colcon.colcon_core.package_identification:_identify(src/rrbot_simulation_files/__MACOSX/rrbot_simulation_files/rrbot_gazebo/config) by extensions ['ignore', 'ignore_ament_install']
[1.413s] Level 1:colcon.colcon_core.package_identification:_identify(src/rrbot_simulation_files/__MACOSX/rrbot_simulation_files/rrbot_gazebo/config) by extension 'ignore'
[1.413s] Level 1:colcon.colcon_core.package_identification:_identify(src/rrbot_simulation_files/__MACOSX/rrbot_simulation_files/rrbot_gazebo/config) by extension 'ignore_ament_install'
[1.413s] Level 1:colcon.colcon_core.package_identification:_identify(src/rrbot_simulation_files/__MACOSX/rrbot_simulation_files/rrbot_gazebo/config) by extensions ['colcon_pkg']
[1.413s] Level 1:colcon.colcon_core.package_identification:_identify(src/rrbot_simulation_files/__MACOSX/rrbot_simulation_files/rrbot_gazebo/config) by extension 'colcon_pkg'
[1.413s] Level 1:colcon.colcon_core.package_identification:_identify(src/rrbot_simulation_files/__MACOSX/rrbot_simulation_files/rrbot_gazebo/config) by extensions ['colcon_meta']
[1.413s] Level 1:colcon.colcon_core.package_identification:_identify(src/rrbot_simulation_files/__MACOSX/rrbot_simulation_files/rrbot_gazebo/config) by extension 'colcon_meta'
[1.413s] Level 1:colcon.colcon_core.package_identification:_identify(src/rrbot_simulation_files/__MACOSX/rrbot_simulation_files/rrbot_gazebo/config) by extensions ['ros']
[1.413s] Level 1:colcon.colcon_core.package_identification:_identify(src/rrbot_simulation_files/__MACOSX/rrbot_simulation_files/rrbot_gazebo/config) by extension 'ros'
[1.413s] Level 1:colcon.colcon_core.package_identification:_identify(src/rrbot_simulation_files/__MACOSX/rrbot_simulation_files/rrbot_gazebo/config) by extensions ['cmake', 'python']
[1.413s] Level 1:colcon.colcon_core.package_identification:_identify(src/rrbot_simulation_files/__MACOSX/rrbot_simulation_files/rrbot_gazebo/config) by extension 'cmake'
[1.413s] Level 1:colcon.colcon_core.package_identification:_identify(src/rrbot_simulation_files/__MACOSX/rrbot_simulation_files/rrbot_gazebo/config) by extension 'python'
[1.413s] Level 1:colcon.colcon_core.package_identification:_identify(src/rrbot_simulation_files/__MACOSX/rrbot_simulation_files/rrbot_gazebo/config) by extensions ['python_setup_py']
[1.413s] Level 1:colcon.colcon_core.package_identification:_identify(src/rrbot_simulation_files/__MACOSX/rrbot_simulation_files/rrbot_gazebo/config) by extension 'python_setup_py'
[1.414s] Level 1:colcon.colcon_core.package_identification:_identify(src/rrbot_simulation_files/__MACOSX/rrbot_simulation_files/rrbot_gazebo/launch) by extensions ['ignore', 'ignore_ament_install']
[1.415s] Level 1:colcon.colcon_core.package_identification:_identify(src/rrbot_simulation_files/__MACOSX/rrbot_simulation_files/rrbot_gazebo/launch) by extension 'ignore'
[1.416s] Level 1:colcon.colcon_core.package_identification:_identify(src/rrbot_simulation_files/__MACOSX/rrbot_simulation_files/rrbot_gazebo/launch) by extension 'ignore_ament_install'
[1.417s] Level 1:colcon.colcon_core.package_identification:_identify(src/rrbot_simulation_files/__MACOSX/rrbot_simulation_files/rrbot_gazebo/launch) by extensions ['colcon_pkg']
[1.418s] Level 1:colcon.colcon_core.package_identification:_identify(src/rrbot_simulation_files/__MACOSX/rrbot_simulation_files/rrbot_gazebo/launch) by extension 'colcon_pkg'
[1.420s] Level 1:colcon.colcon_core.package_identification:_identify(src/rrbot_simulation_files/__MACOSX/rrbot_simulation_files/rrbot_gazebo/launch) by extensions ['colcon_meta']
[1.420s] Level 1:colcon.colcon_core.package_identification:_identify(src/rrbot_simulation_files/__MACOSX/rrbot_simulation_files/rrbot_gazebo/launch) by extension 'colcon_meta'
[1.421s] Level 1:colcon.colcon_core.package_identification:_identify(src/rrbot_simulation_files/__MACOSX/rrbot_simulation_files/rrbot_gazebo/launch) by extensions ['ros']
[1.421s] Level 1:colcon.colcon_core.package_identification:_identify(src/rrbot_simulation_files/__MACOSX/rrbot_simulation_files/rrbot_gazebo/launch) by extension 'ros'
[1.421s] Level 1:colcon.colcon_core.package_identification:_identify(src/rrbot_simulation_files/__MACOSX/rrbot_simulation_files/rrbot_gazebo/launch) by extensions ['cmake', 'python']
[1.421s] Level 1:colcon.colcon_core.package_identification:_identify(src/rrbot_simulation_files/__MACOSX/rrbot_simulation_files/rrbot_gazebo/launch) by extension 'cmake'
[1.421s] Level 1:colcon.colcon_core.package_identification:_identify(src/rrbot_simulation_files/__MACOSX/rrbot_simulation_files/rrbot_gazebo/launch) by extension 'python'
[1.421s] Level 1:colcon.colcon_core.package_identification:_identify(src/rrbot_simulation_files/__MACOSX/rrbot_simulation_files/rrbot_gazebo/launch) by extensions ['python_setup_py']
[1.421s] Level 1:colcon.colcon_core.package_identification:_identify(src/rrbot_simulation_files/__MACOSX/rrbot_simulation_files/rrbot_gazebo/launch) by extension 'python_setup_py'
[1.422s] Level 1:colcon.colcon_core.package_identification:_identify(src/rrbot_simulation_files/__MACOSX/rrbot_simulation_files/rrbot_gazebo/src) by extensions ['ignore', 'ignore_ament_install']
[1.422s] Level 1:colcon.colcon_core.package_identification:_identify(src/rrbot_simulation_files/__MACOSX/rrbot_simulation_files/rrbot_gazebo/src) by extension 'ignore'
[1.422s] Level 1:colcon.colcon_core.package_identification:_identify(src/rrbot_simulation_files/__MACOSX/rrbot_simulation_files/rrbot_gazebo/src) by extension 'ignore_ament_install'
[1.422s] Level 1:colcon.colcon_core.package_identification:_identify(src/rrbot_simulation_files/__MACOSX/rrbot_simulation_files/rrbot_gazebo/src) by extensions ['colcon_pkg']
[1.422s] Level 1:colcon.colcon_core.package_identification:_identify(src/rrbot_simulation_files/__MACOSX/rrbot_simulation_files/rrbot_gazebo/src) by extension 'colcon_pkg'
[1.422s] Level 1:colcon.colcon_core.package_identification:_identify(src/rrbot_simulation_files/__MACOSX/rrbot_simulation_files/rrbot_gazebo/src) by extensions ['colcon_meta']
[1.423s] Level 1:colcon.colcon_core.package_identification:_identify(src/rrbot_simulation_files/__MACOSX/rrbot_simulation_files/rrbot_gazebo/src) by extension 'colcon_meta'
[1.423s] Level 1:colcon.colcon_core.package_identification:_identify(src/rrbot_simulation_files/__MACOSX/rrbot_simulation_files/rrbot_gazebo/src) by extensions ['ros']
[1.423s] Level 1:colcon.colcon_core.package_identification:_identify(src/rrbot_simulation_files/__MACOSX/rrbot_simulation_files/rrbot_gazebo/src) by extension 'ros'
[1.424s] Level 1:colcon.colcon_core.package_identification:_identify(src/rrbot_simulation_files/__MACOSX/rrbot_simulation_files/rrbot_gazebo/src) by extensions ['cmake', 'python']
[1.424s] Level 1:colcon.colcon_core.package_identification:_identify(src/rrbot_simulation_files/__MACOSX/rrbot_simulation_files/rrbot_gazebo/src) by extension 'cmake'
[1.424s] Level 1:colcon.colcon_core.package_identification:_identify(src/rrbot_simulation_files/__MACOSX/rrbot_simulation_files/rrbot_gazebo/src) by extension 'python'
[1.424s] Level 1:colcon.colcon_core.package_identification:_identify(src/rrbot_simulation_files/__MACOSX/rrbot_simulation_files/rrbot_gazebo/src) by extensions ['python_setup_py']
[1.424s] Level 1:colcon.colcon_core.package_identification:_identify(src/rrbot_simulation_files/__MACOSX/rrbot_simulation_files/rrbot_gazebo/src) by extension 'python_setup_py'
[1.425s] Level 1:colcon.colcon_core.package_identification:_identify(src/rrbot_simulation_files/__MACOSX/rrbot_simulation_files/rrbot_gazebo/worlds) by extensions ['ignore', 'ignore_ament_install']
[1.425s] Level 1:colcon.colcon_core.package_identification:_identify(src/rrbot_simulation_files/__MACOSX/rrbot_simulation_files/rrbot_gazebo/worlds) by extension 'ignore'
[1.425s] Level 1:colcon.colcon_core.package_identification:_identify(src/rrbot_simulation_files/__MACOSX/rrbot_simulation_files/rrbot_gazebo/worlds) by extension 'ignore_ament_install'
[1.425s] Level 1:colcon.colcon_core.package_identification:_identify(src/rrbot_simulation_files/__MACOSX/rrbot_simulation_files/rrbot_gazebo/worlds) by extensions ['colcon_pkg']
[1.425s] Level 1:colcon.colcon_core.package_identification:_identify(src/rrbot_simulation_files/__MACOSX/rrbot_simulation_files/rrbot_gazebo/worlds) by extension 'colcon_pkg'
[1.425s] Level 1:colcon.colcon_core.package_identification:_identify(src/rrbot_simulation_files/__MACOSX/rrbot_simulation_files/rrbot_gazebo/worlds) by extensions ['colcon_meta']
[1.425s] Level 1:colcon.colcon_core.package_identification:_identify(src/rrbot_simulation_files/__MACOSX/rrbot_simulation_files/rrbot_gazebo/worlds) by extension 'colcon_meta'
[1.426s] Level 1:colcon.colcon_core.package_identification:_identify(src/rrbot_simulation_files/__MACOSX/rrbot_simulation_files/rrbot_gazebo/worlds) by extensions ['ros']
[1.426s] Level 1:colcon.colcon_core.package_identification:_identify(src/rrbot_simulation_files/__MACOSX/rrbot_simulation_files/rrbot_gazebo/worlds) by extension 'ros'
[1.426s] Level 1:colcon.colcon_core.package_identification:_identify(src/rrbot_simulation_files/__MACOSX/rrbot_simulation_files/rrbot_gazebo/worlds) by extensions ['cmake', 'python']
[1.426s] Level 1:colcon.colcon_core.package_identification:_identify(src/rrbot_simulation_files/__MACOSX/rrbot_simulation_files/rrbot_gazebo/worlds) by extension 'cmake'
[1.426s] Level 1:colcon.colcon_core.package_identification:_identify(src/rrbot_simulation_files/__MACOSX/rrbot_simulation_files/rrbot_gazebo/worlds) by extension 'python'
[1.426s] Level 1:colcon.colcon_core.package_identification:_identify(src/rrbot_simulation_files/__MACOSX/rrbot_simulation_files/rrbot_gazebo/worlds) by extensions ['python_setup_py']
[1.426s] Level 1:colcon.colcon_core.package_identification:_identify(src/rrbot_simulation_files/__MACOSX/rrbot_simulation_files/rrbot_gazebo/worlds) by extension 'python_setup_py'
[1.427s] Level 1:colcon.colcon_core.package_identification:_identify(src/rrbot_simulation_files/rrbot_simulation_files) by extensions ['ignore', 'ignore_ament_install']
[1.427s] Level 1:colcon.colcon_core.package_identification:_identify(src/rrbot_simulation_files/rrbot_simulation_files) by extension 'ignore'
[1.427s] Level 1:colcon.colcon_core.package_identification:_identify(src/rrbot_simulation_files/rrbot_simulation_files) by extension 'ignore_ament_install'
[1.427s] Level 1:colcon.colcon_core.package_identification:_identify(src/rrbot_simulation_files/rrbot_simulation_files) by extensions ['colcon_pkg']
[1.427s] Level 1:colcon.colcon_core.package_identification:_identify(src/rrbot_simulation_files/rrbot_simulation_files) by extension 'colcon_pkg'
[1.427s] Level 1:colcon.colcon_core.package_identification:_identify(src/rrbot_simulation_files/rrbot_simulation_files) by extensions ['colcon_meta']
[1.427s] Level 1:colcon.colcon_core.package_identification:_identify(src/rrbot_simulation_files/rrbot_simulation_files) by extension 'colcon_meta'
[1.427s] Level 1:colcon.colcon_core.package_identification:_identify(src/rrbot_simulation_files/rrbot_simulation_files) by extensions ['ros']
[1.427s] Level 1:colcon.colcon_core.package_identification:_identify(src/rrbot_simulation_files/rrbot_simulation_files) by extension 'ros'
[1.428s] Level 1:colcon.colcon_core.package_identification:_identify(src/rrbot_simulation_files/rrbot_simulation_files) by extensions ['cmake', 'python']
[1.428s] Level 1:colcon.colcon_core.package_identification:_identify(src/rrbot_simulation_files/rrbot_simulation_files) by extension 'cmake'
[1.428s] Level 1:colcon.colcon_core.package_identification:_identify(src/rrbot_simulation_files/rrbot_simulation_files) by extension 'python'
[1.428s] Level 1:colcon.colcon_core.package_identification:_identify(src/rrbot_simulation_files/rrbot_simulation_files) by extensions ['python_setup_py']
[1.428s] Level 1:colcon.colcon_core.package_identification:_identify(src/rrbot_simulation_files/rrbot_simulation_files) by extension 'python_setup_py'
[1.428s] Level 1:colcon.colcon_core.package_identification:_identify(src/rrbot_simulation_files/rrbot_simulation_files/rrbot_description) by extensions ['ignore', 'ignore_ament_install']
[1.428s] Level 1:colcon.colcon_core.package_identification:_identify(src/rrbot_simulation_files/rrbot_simulation_files/rrbot_description) by extension 'ignore'
[1.428s] Level 1:colcon.colcon_core.package_identification:_identify(src/rrbot_simulation_files/rrbot_simulation_files/rrbot_description) by extension 'ignore_ament_install'
[1.429s] Level 1:colcon.colcon_core.package_identification:_identify(src/rrbot_simulation_files/rrbot_simulation_files/rrbot_description) by extensions ['colcon_pkg']
[1.429s] Level 1:colcon.colcon_core.package_identification:_identify(src/rrbot_simulation_files/rrbot_simulation_files/rrbot_description) by extension 'colcon_pkg'
[1.429s] Level 1:colcon.colcon_core.package_identification:_identify(src/rrbot_simulation_files/rrbot_simulation_files/rrbot_description) by extensions ['colcon_meta']
[1.429s] Level 1:colcon.colcon_core.package_identification:_identify(src/rrbot_simulation_files/rrbot_simulation_files/rrbot_description) by extension 'colcon_meta'
[1.429s] Level 1:colcon.colcon_core.package_identification:_identify(src/rrbot_simulation_files/rrbot_simulation_files/rrbot_description) by extensions ['ros']
[1.429s] Level 1:colcon.colcon_core.package_identification:_identify(src/rrbot_simulation_files/rrbot_simulation_files/rrbot_description) by extension 'ros'
[1.434s] DEBUG:colcon.colcon_core.package_identification:Package 'src/rrbot_simulation_files/rrbot_simulation_files/rrbot_description' with type 'ros.ament_cmake' and name 'rrbot_description'
[1.436s] Level 1:colcon.colcon_core.package_identification:_identify(src/rrbot_simulation_files/rrbot_simulation_files/rrbot_gazebo) by extensions ['ignore', 'ignore_ament_install']
[1.436s] Level 1:colcon.colcon_core.package_identification:_identify(src/rrbot_simulation_files/rrbot_simulation_files/rrbot_gazebo) by extension 'ignore'
[1.436s] Level 1:colcon.colcon_core.package_identification:_identify(src/rrbot_simulation_files/rrbot_simulation_files/rrbot_gazebo) by extension 'ignore_ament_install'
[1.436s] Level 1:colcon.colcon_core.package_identification:_identify(src/rrbot_simulation_files/rrbot_simulation_files/rrbot_gazebo) by extensions ['colcon_pkg']
[1.436s] Level 1:colcon.colcon_core.package_identification:_identify(src/rrbot_simulation_files/rrbot_simulation_files/rrbot_gazebo) by extension 'colcon_pkg'
[1.437s] Level 1:colcon.colcon_core.package_identification:_identify(src/rrbot_simulation_files/rrbot_simulation_files/rrbot_gazebo) by extensions ['colcon_meta']
[1.437s] Level 1:colcon.colcon_core.package_identification:_identify(src/rrbot_simulation_files/rrbot_simulation_files/rrbot_gazebo) by extension 'colcon_meta'
[1.437s] Level 1:colcon.colcon_core.package_identification:_identify(src/rrbot_simulation_files/rrbot_simulation_files/rrbot_gazebo) by extensions ['ros']
[1.437s] Level 1:colcon.colcon_core.package_identification:_identify(src/rrbot_simulation_files/rrbot_simulation_files/rrbot_gazebo) by extension 'ros'
[1.440s] DEBUG:colcon.colcon_core.package_identification:Package 'src/rrbot_simulation_files/rrbot_simulation_files/rrbot_gazebo' with type 'ros.ament_cmake' and name 'rrbot_gazebo'
[1.440s] Level 1:colcon.colcon_core.package_discovery:discover_packages(recursive) using defaults
[1.440s] Level 1:colcon.colcon_core.package_discovery:discover_packages(ignore) discover
[1.440s] Level 1:colcon.colcon_core.package_discovery:discover_packages(ignore) using defaults
[1.440s] Level 1:colcon.colcon_core.package_discovery:discover_packages(path) discover
[1.440s] Level 1:colcon.colcon_core.package_discovery:discover_packages(path) using defaults
[1.539s] INFO:colcon.colcon_core.package_selection:Skipping not selected package 'FK' in 'src/FK'
[1.539s] INFO:colcon.colcon_core.package_selection:Skipping not selected package 'ikinterface' in 'src/Foundation_Project/ikinterface'
[1.539s] INFO:colcon.colcon_core.package_selection:Skipping not selected package 'rrbot_description' in 'src/rrbot_simulation_files/rrbot_simulation_files/rrbot_description'
[1.539s] INFO:colcon.colcon_core.package_selection:Skipping not selected package 'rrbot_gazebo' in 'src/rrbot_simulation_files/rrbot_simulation_files/rrbot_gazebo'
[1.544s] Level 1:colcon.colcon_core.package_discovery:discover_packages(prefix_path) check parameters
[1.545s] Level 1:colcon.colcon_core.package_discovery:discover_packages(prefix_path) discover
[1.555s] DEBUG:colcon.colcon_installed_package_information.package_discovery:Found 5 installed packages in /home/aadesh/catkin_ws/install
[1.563s] DEBUG:colcon.colcon_installed_package_information.package_discovery:Found 305 installed packages in /opt/ros/humble
[1.568s] Level 1:colcon.colcon_core.package_discovery:discover_packages(prefix_path) using defaults
[1.823s] Level 5:colcon.colcon_core.verb:set package 'py_srvcli' build argument 'cmake_args' from command line to 'None'
[1.824s] Level 5:colcon.colcon_core.verb:set package 'py_srvcli' build argument 'cmake_target' from command line to 'None'
[1.824s] Level 5:colcon.colcon_core.verb:set package 'py_srvcli' build argument 'cmake_target_skip_unavailable' from command line to 'False'
[1.824s] Level 5:colcon.colcon_core.verb:set package 'py_srvcli' build argument 'cmake_clean_cache' from command line to 'False'
[1.824s] Level 5:colcon.colcon_core.verb:set package 'py_srvcli' build argument 'cmake_clean_first' from command line to 'False'
[1.824s] Level 5:colcon.colcon_core.verb:set package 'py_srvcli' build argument 'cmake_force_configure' from command line to 'False'
[1.824s] Level 5:colcon.colcon_core.verb:set package 'py_srvcli' build argument 'ament_cmake_args' from command line to 'None'
[1.824s] Level 5:colcon.colcon_core.verb:set package 'py_srvcli' build argument 'catkin_cmake_args' from command line to 'None'
[1.824s] Level 5:colcon.colcon_core.verb:set package 'py_srvcli' build argument 'catkin_skip_building_tests' from command line to 'False'
[1.824s] DEBUG:colcon.colcon_core.verb:Building package 'py_srvcli' with the following arguments: {'ament_cmake_args': None, 'build_base': '/home/aadesh/catkin_ws/build/py_srvcli', 'catkin_cmake_args': None, 'catkin_skip_building_tests': False, 'cmake_args': None, 'cmake_clean_cache': False, 'cmake_clean_first': False, 'cmake_force_configure': False, 'cmake_target': None, 'cmake_target_skip_unavailable': False, 'install_base': '/home/aadesh/catkin_ws/install/py_srvcli', 'merge_install': False, 'path': '/home/aadesh/catkin_ws/src/Foundation_Project/py_srvcli', 'symlink_install': False, 'test_result_base': None}
[1.827s] INFO:colcon.colcon_core.executor:Executing jobs using 'parallel' executor
[1.843s] DEBUG:colcon.colcon_parallel_executor.executor.parallel:run_until_complete
[1.843s] INFO:colcon.colcon_ros.task.ament_python.build:Building ROS package in '/home/aadesh/catkin_ws/src/Foundation_Project/py_srvcli' with build type 'ament_python'
[1.843s] Level 1:colcon.colcon_core.shell:create_environment_hook('py_srvcli', 'ament_prefix_path')
[1.865s] INFO:colcon.colcon_core.plugin_system:Skipping extension 'colcon_core.shell.bat': Not used on non-Windows systems
[1.869s] INFO:colcon.colcon_core.shell:Creating environment hook '/home/aadesh/catkin_ws/install/py_srvcli/share/py_srvcli/hook/ament_prefix_path.ps1'
[1.872s] INFO:colcon.colcon_core.shell:Creating environment descriptor '/home/aadesh/catkin_ws/install/py_srvcli/share/py_srvcli/hook/ament_prefix_path.dsv'
[1.874s] INFO:colcon.colcon_core.shell:Creating environment hook '/home/aadesh/catkin_ws/install/py_srvcli/share/py_srvcli/hook/ament_prefix_path.sh'
[1.885s] INFO:colcon.colcon_core.shell:Skip shell extension 'powershell' for command environment: Not usable outside of PowerShell
[1.885s] DEBUG:colcon.colcon_core.shell:Skip shell extension 'dsv' for command environment
[3.024s] INFO:colcon.colcon_core.task.python.build:Building Python package in '/home/aadesh/catkin_ws/src/Foundation_Project/py_srvcli'
[3.029s] INFO:colcon.colcon_core.shell:Skip shell extension 'powershell' for command environment: Not usable outside of PowerShell
[3.029s] DEBUG:colcon.colcon_core.shell:Skip shell extension 'dsv' for command environment
[4.549s] DEBUG:colcon.colcon_core.event_handler.log_command:Invoking command in '/home/aadesh/catkin_ws/src/Foundation_Project/py_srvcli': PYTHONPATH=/home/aadesh/catkin_ws/install/py_srvcli/lib/python3.10/site-packages:${PYTHONPATH} /usr/bin/python3 setup.py egg_info --egg-base ../../../build/py_srvcli build --build-base /home/aadesh/catkin_ws/build/py_srvcli/build install --prefix /home/aadesh/catkin_ws/install/py_srvcli --record /home/aadesh/catkin_ws/build/py_srvcli/install.log --single-version-externally-managed
[5.899s] DEBUG:colcon.colcon_core.event_handler.log_command:Invoked command in '/home/aadesh/catkin_ws/src/Foundation_Project/py_srvcli' returned '0': PYTHONPATH=/home/aadesh/catkin_ws/install/py_srvcli/lib/python3.10/site-packages:${PYTHONPATH} /usr/bin/python3 setup.py egg_info --egg-base ../../../build/py_srvcli build --build-base /home/aadesh/catkin_ws/build/py_srvcli/build install --prefix /home/aadesh/catkin_ws/install/py_srvcli --record /home/aadesh/catkin_ws/build/py_srvcli/install.log --single-version-externally-managed
[5.932s] Level 1:colcon.colcon_core.environment:checking '/home/aadesh/catkin_ws/install/py_srvcli' for CMake module files
[5.935s] Level 1:colcon.colcon_core.environment:checking '/home/aadesh/catkin_ws/install/py_srvcli' for CMake config files
[5.939s] Level 1:colcon.colcon_core.environment:checking '/home/aadesh/catkin_ws/install/py_srvcli/lib'
[5.940s] Level 1:colcon.colcon_core.environment:checking '/home/aadesh/catkin_ws/install/py_srvcli/bin'
[5.941s] Level 1:colcon.colcon_core.environment:checking '/home/aadesh/catkin_ws/install/py_srvcli/lib/pkgconfig/py_srvcli.pc'
[5.942s] Level 1:colcon.colcon_core.environment:checking '/home/aadesh/catkin_ws/install/py_srvcli/lib/python3.10/site-packages'
[5.942s] Level 1:colcon.colcon_core.shell:create_environment_hook('py_srvcli', 'pythonpath')
[5.954s] INFO:colcon.colcon_core.shell:Creating environment hook '/home/aadesh/catkin_ws/install/py_srvcli/share/py_srvcli/hook/pythonpath.ps1'
[5.956s] INFO:colcon.colcon_core.shell:Creating environment descriptor '/home/aadesh/catkin_ws/install/py_srvcli/share/py_srvcli/hook/pythonpath.dsv'
[5.958s] INFO:colcon.colcon_core.shell:Creating environment hook '/home/aadesh/catkin_ws/install/py_srvcli/share/py_srvcli/hook/pythonpath.sh'
[5.959s] Level 1:colcon.colcon_core.environment:checking '/home/aadesh/catkin_ws/install/py_srvcli/bin'
[5.960s] Level 1:colcon.colcon_core.environment:create_environment_scripts_only(py_srvcli)
[5.971s] INFO:colcon.colcon_core.shell:Creating package script '/home/aadesh/catkin_ws/install/py_srvcli/share/py_srvcli/package.ps1'
[5.975s] INFO:colcon.colcon_core.shell:Creating package descriptor '/home/aadesh/catkin_ws/install/py_srvcli/share/py_srvcli/package.dsv'
[5.982s] INFO:colcon.colcon_core.shell:Creating package script '/home/aadesh/catkin_ws/install/py_srvcli/share/py_srvcli/package.sh'
[5.986s] INFO:colcon.colcon_core.shell:Creating package script '/home/aadesh/catkin_ws/install/py_srvcli/share/py_srvcli/package.bash'
[5.988s] INFO:colcon.colcon_core.shell:Creating package script '/home/aadesh/catkin_ws/install/py_srvcli/share/py_srvcli/package.zsh'
[5.991s] Level 1:colcon.colcon_core.environment:create_file_with_runtime_dependencies(/home/aadesh/catkin_ws/install/py_srvcli/share/colcon-core/packages/py_srvcli)
[5.997s] DEBUG:colcon.colcon_parallel_executor.executor.parallel:closing loop
[5.997s] DEBUG:colcon.colcon_parallel_executor.executor.parallel:loop closed
[5.998s] DEBUG:colcon.colcon_parallel_executor.executor.parallel:run_until_complete finished with '0'
[5.999s] DEBUG:colcon.colcon_core.event_reactor:joining thread
[6.035s] INFO:colcon.colcon_core.plugin_system:Skipping extension 'colcon_notification.desktop_notification.terminal_notifier': Not used on non-Darwin systems
[6.035s] INFO:colcon.colcon_core.plugin_system:Skipping extension 'colcon_notification.desktop_notification.win32': Not used on non-Windows systems
[6.035s] INFO:colcon.colcon_notification.desktop_notification:Sending desktop notification using 'notify2'
[6.082s] DEBUG:colcon.colcon_core.event_reactor:joined thread
[6.084s] INFO:colcon.colcon_core.shell:Creating prefix script '/home/aadesh/catkin_ws/install/local_setup.ps1'
[6.087s] INFO:colcon.colcon_core.shell:Creating prefix util module '/home/aadesh/catkin_ws/install/_local_setup_util_ps1.py'
[6.096s] INFO:colcon.colcon_core.shell:Creating prefix chain script '/home/aadesh/catkin_ws/install/setup.ps1'
[6.101s] INFO:colcon.colcon_core.shell:Creating prefix script '/home/aadesh/catkin_ws/install/local_setup.sh'
[6.105s] INFO:colcon.colcon_core.shell:Creating prefix util module '/home/aadesh/catkin_ws/install/_local_setup_util_sh.py'
[6.110s] INFO:colcon.colcon_core.shell:Creating prefix chain script '/home/aadesh/catkin_ws/install/setup.sh'
[6.117s] INFO:colcon.colcon_core.shell:Creating prefix script '/home/aadesh/catkin_ws/install/local_setup.bash'
[6.119s] INFO:colcon.colcon_core.shell:Creating prefix chain script '/home/aadesh/catkin_ws/install/setup.bash'
[6.131s] INFO:colcon.colcon_core.shell:Creating prefix script '/home/aadesh/catkin_ws/install/local_setup.zsh'
[6.132s] INFO:colcon.colcon_core.shell:Creating prefix chain script '/home/aadesh/catkin_ws/install/setup.zsh'
