[1.250s] Invoking command in '/home/aadesh/catkin_ws/src/Foundation_Project/py_srvcli': PYTHONPATH=/home/aadesh/catkin_ws/install/py_srvcli/lib/python3.10/site-packages:${PYTHONPATH} /usr/bin/python3 setup.py egg_info --egg-base ../../../build/py_srvcli build --build-base /home/aadesh/catkin_ws/build/py_srvcli/build install --prefix /home/aadesh/catkin_ws/install/py_srvcli --record /home/aadesh/catkin_ws/build/py_srvcli/install.log --single-version-externally-managed
[1.506s] running egg_info
[1.506s] writing ../../../build/py_srvcli/py_srvcli.egg-info/PKG-INFO
[1.506s] writing dependency_links to ../../../build/py_srvcli/py_srvcli.egg-info/dependency_links.txt
[1.506s] writing entry points to ../../../build/py_srvcli/py_srvcli.egg-info/entry_points.txt
[1.506s] writing requirements to ../../../build/py_srvcli/py_srvcli.egg-info/requires.txt
[1.506s] writing top-level names to ../../../build/py_srvcli/py_srvcli.egg-info/top_level.txt
[1.508s] reading manifest file '../../../build/py_srvcli/py_srvcli.egg-info/SOURCES.txt'
[1.508s] writing manifest file '../../../build/py_srvcli/py_srvcli.egg-info/SOURCES.txt'
[1.509s] running build
[1.509s] running build_py
[1.509s] running install
[1.509s] /usr/lib/python3/dist-packages/setuptools/command/install.py:34: SetuptoolsDeprecationWarning: setup.py install is deprecated. Use build and pip and other standards-based tools.
[1.510s]   warnings.warn(
[1.510s] running install_lib
[1.511s] byte-compiling /home/aadesh/catkin_ws/install/py_srvcli/lib/python3.10/site-packages/py_srvcli/velocity_controller copy.py to velocity_controller copy.cpython-310.pyc
[1.512s] Sorry: TabError: inconsistent use of tabs and spaces in indentation (velocity_controller copy.py, line 50)
[1.512s] running install_data
[1.512s] running install_egg_info
[1.514s] removing '/home/aadesh/catkin_ws/install/py_srvcli/lib/python3.10/site-packages/py_srvcli-0.0.0-py3.10.egg-info' (and everything under it)
[1.514s] Copying ../../../build/py_srvcli/py_srvcli.egg-info to /home/aadesh/catkin_ws/install/py_srvcli/lib/python3.10/site-packages/py_srvcli-0.0.0-py3.10.egg-info
[1.515s] running install_scripts
[1.538s] Installing control script to /home/aadesh/catkin_ws/install/py_srvcli/lib/py_srvcli
[1.538s] Installing listener script to /home/aadesh/catkin_ws/install/py_srvcli/lib/py_srvcli
[1.538s] Installing service script to /home/aadesh/catkin_ws/install/py_srvcli/lib/py_srvcli
[1.539s] Installing vel script to /home/aadesh/catkin_ws/install/py_srvcli/lib/py_srvcli
[1.539s] writing list of installed files to '/home/aadesh/catkin_ws/build/py_srvcli/install.log'
