running egg_info
creating ../../build/FK/FK.egg-info
writing ../../build/FK/FK.egg-info/PKG-INFO
writing dependency_links to ../../build/FK/FK.egg-info/dependency_links.txt
writing entry points to ../../build/FK/FK.egg-info/entry_points.txt
writing requirements to ../../build/FK/FK.egg-info/requires.txt
writing top-level names to ../../build/FK/FK.egg-info/top_level.txt
writing manifest file '../../build/FK/FK.egg-info/SOURCES.txt'
reading manifest file '../../build/FK/FK.egg-info/SOURCES.txt'
writing manifest file '../../build/FK/FK.egg-info/SOURCES.txt'
running build
running build_py
creating /home/asureshkumar/catkin_ws/build/FK/build
creating /home/asureshkumar/catkin_ws/build/FK/build/lib
creating /home/asureshkumar/catkin_ws/build/FK/build/lib/FK
copying FK/end_pose.py -> /home/asureshkumar/catkin_ws/build/FK/build/lib/FK
copying FK/__init__.py -> /home/asureshkumar/catkin_ws/build/FK/build/lib/FK
running install
/usr/lib/python3/dist-packages/setuptools/command/install.py:34: SetuptoolsDeprecationWarning: setup.py install is deprecated. Use build and pip and other standards-based tools.
  warnings.warn(
running install_lib
creating /home/asureshkumar/catkin_ws/install/FK/lib/python3.10/site-packages/FK
copying /home/asureshkumar/catkin_ws/build/FK/build/lib/FK/end_pose.py -> /home/asureshkumar/catkin_ws/install/FK/lib/python3.10/site-packages/FK
copying /home/asureshkumar/catkin_ws/build/FK/build/lib/FK/__init__.py -> /home/asureshkumar/catkin_ws/install/FK/lib/python3.10/site-packages/FK
byte-compiling /home/asureshkumar/catkin_ws/install/FK/lib/python3.10/site-packages/FK/end_pose.py to end_pose.cpython-310.pyc
byte-compiling /home/asureshkumar/catkin_ws/install/FK/lib/python3.10/site-packages/FK/__init__.py to __init__.cpython-310.pyc
running install_data
creating /home/asureshkumar/catkin_ws/install/FK/share/ament_index
creating /home/asureshkumar/catkin_ws/install/FK/share/ament_index/resource_index
creating /home/asureshkumar/catkin_ws/install/FK/share/ament_index/resource_index/packages
copying resource/FK -> /home/asureshkumar/catkin_ws/install/FK/share/ament_index/resource_index/packages
copying package.xml -> /home/asureshkumar/catkin_ws/install/FK/share/FK
running install_egg_info
Copying ../../build/FK/FK.egg-info to /home/asureshkumar/catkin_ws/install/FK/lib/python3.10/site-packages/FK-0.0.0-py3.10.egg-info
running install_scripts
Installing listener script to /home/asureshkumar/catkin_ws/install/FK/lib/FK
writing list of installed files to '/home/asureshkumar/catkin_ws/build/FK/install.log'
