[0.299s] Invoking command in '/home/asureshkumar/catkin_ws/build/ikinterface': CMAKE_PREFIX_PATH=${CMAKE_PREFIX_PATH}:/home/asureshkumar/catkin_ws/install/py_srvcli:/home/asureshkumar/catkin_ws/install/FK:/opt/ros/humble /usr/bin/cmake --build /home/asureshkumar/catkin_ws/build/ikinterface -- -j8 -l8
[0.354s] [  2%] Built target ikinterface__cpp
[0.354s] [ 12%] Built target ikinterface__rosidl_generator_c
[0.366s] [ 12%] Built target ament_cmake_python_copy_ikinterface
[0.388s] [ 23%] Built target ikinterface__rosidl_typesupport_fastrtps_cpp
[0.393s] [ 33%] Built target ikinterface__rosidl_typesupport_cpp
[0.394s] [ 43%] Built target ikinterface__rosidl_typesupport_introspection_cpp
[0.400s] [ 53%] Built target ikinterface__rosidl_typesupport_introspection_c
[0.401s] [ 64%] Built target ikinterface__rosidl_typesupport_fastrtps_c
[0.401s] [ 74%] Built target ikinterface__rosidl_typesupport_c
[0.426s] [ 74%] Built target ikinterface
[0.450s] [ 76%] Built target ikinterface__py
[0.476s] [ 84%] Built target ikinterface__rosidl_generator_py
[0.502s] [ 89%] Built target ikinterface__rosidl_typesupport_fastrtps_c__pyext
[0.507s] [ 94%] Built target ikinterface__rosidl_typesupport_c__pyext
[0.510s] [100%] Built target ikinterface__rosidl_typesupport_introspection_c__pyext
[0.693s] running egg_info
[0.694s] writing ikinterface.egg-info/PKG-INFO
[0.694s] writing dependency_links to ikinterface.egg-info/dependency_links.txt
[0.694s] writing top-level names to ikinterface.egg-info/top_level.txt
[0.696s] reading manifest file 'ikinterface.egg-info/SOURCES.txt'
[0.697s] writing manifest file 'ikinterface.egg-info/SOURCES.txt'
[0.737s] [100%] Built target ament_cmake_python_build_ikinterface_egg
[0.752s] Invoked command in '/home/asureshkumar/catkin_ws/build/ikinterface' returned '0': CMAKE_PREFIX_PATH=${CMAKE_PREFIX_PATH}:/home/asureshkumar/catkin_ws/install/py_srvcli:/home/asureshkumar/catkin_ws/install/FK:/opt/ros/humble /usr/bin/cmake --build /home/asureshkumar/catkin_ws/build/ikinterface -- -j8 -l8
[0.851s] Invoking command in '/home/asureshkumar/catkin_ws/build/ikinterface': CMAKE_PREFIX_PATH=${CMAKE_PREFIX_PATH}:/home/asureshkumar/catkin_ws/install/py_srvcli:/home/asureshkumar/catkin_ws/install/FK:/opt/ros/humble /usr/bin/cmake --install /home/asureshkumar/catkin_ws/build/ikinterface
[0.859s] -- Install configuration: ""
[0.860s] -- Up-to-date: /home/asureshkumar/catkin_ws/install/ikinterface/share/ament_index/resource_index/rosidl_interfaces/ikinterface
[0.860s] -- Up-to-date: /home/asureshkumar/catkin_ws/install/ikinterface/include/ikinterface/ikinterface
[0.860s] -- Up-to-date: /home/asureshkumar/catkin_ws/install/ikinterface/include/ikinterface/ikinterface/srv
[0.860s] -- Up-to-date: /home/asureshkumar/catkin_ws/install/ikinterface/include/ikinterface/ikinterface/srv/fvel.h
[0.860s] -- Up-to-date: /home/asureshkumar/catkin_ws/install/ikinterface/include/ikinterface/ikinterface/srv/detail
[0.861s] -- Up-to-date: /home/asureshkumar/catkin_ws/install/ikinterface/include/ikinterface/ikinterface/srv/detail/fvel__functions.h
[0.861s] -- Up-to-date: /home/asureshkumar/catkin_ws/install/ikinterface/include/ikinterface/ikinterface/srv/detail/ref__struct.h
[0.861s] -- Up-to-date: /home/asureshkumar/catkin_ws/install/ikinterface/include/ikinterface/ikinterface/srv/detail/ref__functions.h
[0.861s] -- Up-to-date: /home/asureshkumar/catkin_ws/install/ikinterface/include/ikinterface/ikinterface/srv/detail/fvel__functions.c
[0.861s] -- Up-to-date: /home/asureshkumar/catkin_ws/install/ikinterface/include/ikinterface/ikinterface/srv/detail/ivel__functions.h
[0.861s] -- Up-to-date: /home/asureshkumar/catkin_ws/install/ikinterface/include/ikinterface/ikinterface/srv/detail/ivel__type_support.h
[0.862s] -- Up-to-date: /home/asureshkumar/catkin_ws/install/ikinterface/include/ikinterface/ikinterface/srv/detail/ivel__struct.h
[0.862s] -- Up-to-date: /home/asureshkumar/catkin_ws/install/ikinterface/include/ikinterface/ikinterface/srv/detail/ivel__functions.c
[0.862s] -- Up-to-date: /home/asureshkumar/catkin_ws/install/ikinterface/include/ikinterface/ikinterface/srv/detail/ref__type_support.h
[0.863s] -- Up-to-date: /home/asureshkumar/catkin_ws/install/ikinterface/include/ikinterface/ikinterface/srv/detail/ref__functions.c
[0.863s] -- Up-to-date: /home/asureshkumar/catkin_ws/install/ikinterface/include/ikinterface/ikinterface/srv/detail/fvel__struct.h
[0.863s] -- Up-to-date: /home/asureshkumar/catkin_ws/install/ikinterface/include/ikinterface/ikinterface/srv/detail/fvel__type_support.h
[0.863s] -- Up-to-date: /home/asureshkumar/catkin_ws/install/ikinterface/include/ikinterface/ikinterface/srv/ivel.h
[0.863s] -- Up-to-date: /home/asureshkumar/catkin_ws/install/ikinterface/include/ikinterface/ikinterface/srv/ref.h
[0.864s] -- Up-to-date: /home/asureshkumar/catkin_ws/install/ikinterface/include/ikinterface/ikinterface/msg
[0.864s] -- Up-to-date: /home/asureshkumar/catkin_ws/install/ikinterface/include/ikinterface/ikinterface/msg/rosidl_generator_c__visibility_control.h
[0.864s] -- Up-to-date: /home/asureshkumar/catkin_ws/install/ikinterface/share/ikinterface/environment/library_path.sh
[0.864s] -- Up-to-date: /home/asureshkumar/catkin_ws/install/ikinterface/share/ikinterface/environment/library_path.dsv
[0.865s] -- Up-to-date: /home/asureshkumar/catkin_ws/install/ikinterface/lib/libikinterface__rosidl_generator_c.so
[0.865s] -- Up-to-date: /home/asureshkumar/catkin_ws/install/ikinterface/include/ikinterface/ikinterface
[0.865s] -- Up-to-date: /home/asureshkumar/catkin_ws/install/ikinterface/include/ikinterface/ikinterface/srv
[0.865s] -- Up-to-date: /home/asureshkumar/catkin_ws/install/ikinterface/include/ikinterface/ikinterface/srv/detail
[0.865s] -- Up-to-date: /home/asureshkumar/catkin_ws/install/ikinterface/include/ikinterface/ikinterface/srv/detail/ref__rosidl_typesupport_fastrtps_c.h
[0.866s] -- Up-to-date: /home/asureshkumar/catkin_ws/install/ikinterface/include/ikinterface/ikinterface/srv/detail/fvel__rosidl_typesupport_fastrtps_c.h
[0.866s] -- Up-to-date: /home/asureshkumar/catkin_ws/install/ikinterface/include/ikinterface/ikinterface/srv/detail/ivel__rosidl_typesupport_fastrtps_c.h
[0.866s] -- Up-to-date: /home/asureshkumar/catkin_ws/install/ikinterface/include/ikinterface/ikinterface/msg
[0.866s] -- Up-to-date: /home/asureshkumar/catkin_ws/install/ikinterface/include/ikinterface/ikinterface/msg/rosidl_typesupport_fastrtps_c__visibility_control.h
[0.866s] -- Up-to-date: /home/asureshkumar/catkin_ws/install/ikinterface/lib/libikinterface__rosidl_typesupport_fastrtps_c.so
[0.866s] -- Up-to-date: /home/asureshkumar/catkin_ws/install/ikinterface/include/ikinterface/ikinterface
[0.866s] -- Up-to-date: /home/asureshkumar/catkin_ws/install/ikinterface/include/ikinterface/ikinterface/srv
[0.866s] -- Up-to-date: /home/asureshkumar/catkin_ws/install/ikinterface/include/ikinterface/ikinterface/srv/detail
[0.867s] -- Up-to-date: /home/asureshkumar/catkin_ws/install/ikinterface/include/ikinterface/ikinterface/srv/detail/ref__type_support.c
[0.867s] -- Up-to-date: /home/asureshkumar/catkin_ws/install/ikinterface/include/ikinterface/ikinterface/srv/detail/fvel__rosidl_typesupport_introspection_c.h
[0.867s] -- Up-to-date: /home/asureshkumar/catkin_ws/install/ikinterface/include/ikinterface/ikinterface/srv/detail/ref__rosidl_typesupport_introspection_c.h
[0.867s] -- Up-to-date: /home/asureshkumar/catkin_ws/install/ikinterface/include/ikinterface/ikinterface/srv/detail/fvel__type_support.c
[0.867s] -- Up-to-date: /home/asureshkumar/catkin_ws/install/ikinterface/include/ikinterface/ikinterface/srv/detail/ivel__rosidl_typesupport_introspection_c.h
[0.867s] -- Up-to-date: /home/asureshkumar/catkin_ws/install/ikinterface/include/ikinterface/ikinterface/srv/detail/ivel__type_support.c
[0.867s] -- Up-to-date: /home/asureshkumar/catkin_ws/install/ikinterface/include/ikinterface/ikinterface/msg
[0.868s] -- Up-to-date: /home/asureshkumar/catkin_ws/install/ikinterface/include/ikinterface/ikinterface/msg/rosidl_typesupport_introspection_c__visibility_control.h
[0.868s] -- Up-to-date: /home/asureshkumar/catkin_ws/install/ikinterface/lib/libikinterface__rosidl_typesupport_introspection_c.so
[0.868s] -- Up-to-date: /home/asureshkumar/catkin_ws/install/ikinterface/lib/libikinterface__rosidl_typesupport_c.so
[0.868s] -- Up-to-date: /home/asureshkumar/catkin_ws/install/ikinterface/include/ikinterface/ikinterface
[0.868s] -- Up-to-date: /home/asureshkumar/catkin_ws/install/ikinterface/include/ikinterface/ikinterface/srv
[0.869s] -- Up-to-date: /home/asureshkumar/catkin_ws/install/ikinterface/include/ikinterface/ikinterface/srv/ivel.hpp
[0.869s] -- Up-to-date: /home/asureshkumar/catkin_ws/install/ikinterface/include/ikinterface/ikinterface/srv/detail
[0.869s] -- Up-to-date: /home/asureshkumar/catkin_ws/install/ikinterface/include/ikinterface/ikinterface/srv/detail/fvel__traits.hpp
[0.869s] -- Up-to-date: /home/asureshkumar/catkin_ws/install/ikinterface/include/ikinterface/ikinterface/srv/detail/ref__traits.hpp
[0.869s] -- Up-to-date: /home/asureshkumar/catkin_ws/install/ikinterface/include/ikinterface/ikinterface/srv/detail/ref__struct.hpp
[0.869s] -- Up-to-date: /home/asureshkumar/catkin_ws/install/ikinterface/include/ikinterface/ikinterface/srv/detail/ivel__builder.hpp
[0.870s] -- Up-to-date: /home/asureshkumar/catkin_ws/install/ikinterface/include/ikinterface/ikinterface/srv/detail/fvel__struct.hpp
[0.870s] -- Up-to-date: /home/asureshkumar/catkin_ws/install/ikinterface/include/ikinterface/ikinterface/srv/detail/fvel__builder.hpp
[0.870s] -- Up-to-date: /home/asureshkumar/catkin_ws/install/ikinterface/include/ikinterface/ikinterface/srv/detail/ivel__struct.hpp
[0.870s] -- Up-to-date: /home/asureshkumar/catkin_ws/install/ikinterface/include/ikinterface/ikinterface/srv/detail/ivel__traits.hpp
[0.871s] -- Up-to-date: /home/asureshkumar/catkin_ws/install/ikinterface/include/ikinterface/ikinterface/srv/detail/ref__builder.hpp
[0.871s] -- Up-to-date: /home/asureshkumar/catkin_ws/install/ikinterface/include/ikinterface/ikinterface/srv/ref.hpp
[0.871s] -- Up-to-date: /home/asureshkumar/catkin_ws/install/ikinterface/include/ikinterface/ikinterface/srv/fvel.hpp
[0.871s] -- Up-to-date: /home/asureshkumar/catkin_ws/install/ikinterface/include/ikinterface/ikinterface
[0.871s] -- Up-to-date: /home/asureshkumar/catkin_ws/install/ikinterface/include/ikinterface/ikinterface/srv
[0.871s] -- Up-to-date: /home/asureshkumar/catkin_ws/install/ikinterface/include/ikinterface/ikinterface/srv/detail
[0.871s] -- Up-to-date: /home/asureshkumar/catkin_ws/install/ikinterface/include/ikinterface/ikinterface/srv/detail/ref__rosidl_typesupport_fastrtps_cpp.hpp
[0.871s] -- Up-to-date: /home/asureshkumar/catkin_ws/install/ikinterface/include/ikinterface/ikinterface/srv/detail/fvel__rosidl_typesupport_fastrtps_cpp.hpp
[0.872s] -- Up-to-date: /home/asureshkumar/catkin_ws/install/ikinterface/include/ikinterface/ikinterface/srv/detail/dds_fastrtps
[0.872s] -- Up-to-date: /home/asureshkumar/catkin_ws/install/ikinterface/include/ikinterface/ikinterface/srv/detail/ivel__rosidl_typesupport_fastrtps_cpp.hpp
[0.872s] -- Up-to-date: /home/asureshkumar/catkin_ws/install/ikinterface/include/ikinterface/ikinterface/msg
[0.874s] -- Up-to-date: /home/asureshkumar/catkin_ws/install/ikinterface/include/ikinterface/ikinterface/msg/rosidl_typesupport_fastrtps_cpp__visibility_control.h
[0.874s] -- Up-to-date: /home/asureshkumar/catkin_ws/install/ikinterface/lib/libikinterface__rosidl_typesupport_fastrtps_cpp.so
[0.874s] -- Up-to-date: /home/asureshkumar/catkin_ws/install/ikinterface/include/ikinterface/ikinterface
[0.874s] -- Up-to-date: /home/asureshkumar/catkin_ws/install/ikinterface/include/ikinterface/ikinterface/srv
[0.874s] -- Up-to-date: /home/asureshkumar/catkin_ws/install/ikinterface/include/ikinterface/ikinterface/srv/detail
[0.874s] -- Up-to-date: /home/asureshkumar/catkin_ws/install/ikinterface/include/ikinterface/ikinterface/srv/detail/ivel__rosidl_typesupport_introspection_cpp.hpp
[0.875s] -- Up-to-date: /home/asureshkumar/catkin_ws/install/ikinterface/include/ikinterface/ikinterface/srv/detail/ivel__type_support.cpp
[0.875s] -- Up-to-date: /home/asureshkumar/catkin_ws/install/ikinterface/include/ikinterface/ikinterface/srv/detail/fvel__rosidl_typesupport_introspection_cpp.hpp
[0.875s] -- Up-to-date: /home/asureshkumar/catkin_ws/install/ikinterface/include/ikinterface/ikinterface/srv/detail/ref__type_support.cpp
[0.875s] -- Up-to-date: /home/asureshkumar/catkin_ws/install/ikinterface/include/ikinterface/ikinterface/srv/detail/fvel__type_support.cpp
[0.875s] -- Up-to-date: /home/asureshkumar/catkin_ws/install/ikinterface/include/ikinterface/ikinterface/srv/detail/ref__rosidl_typesupport_introspection_cpp.hpp
[0.875s] -- Up-to-date: /home/asureshkumar/catkin_ws/install/ikinterface/lib/libikinterface__rosidl_typesupport_introspection_cpp.so
[0.875s] -- Up-to-date: /home/asureshkumar/catkin_ws/install/ikinterface/lib/libikinterface__rosidl_typesupport_cpp.so
[0.876s] -- Up-to-date: /home/asureshkumar/catkin_ws/install/ikinterface/share/ikinterface/environment/pythonpath.sh
[0.876s] -- Up-to-date: /home/asureshkumar/catkin_ws/install/ikinterface/share/ikinterface/environment/pythonpath.dsv
[0.876s] -- Up-to-date: /home/asureshkumar/catkin_ws/install/ikinterface/local/lib/python3.10/dist-packages/ikinterface-0.0.0-py3.10.egg-info
[0.876s] -- Installing: /home/asureshkumar/catkin_ws/install/ikinterface/local/lib/python3.10/dist-packages/ikinterface-0.0.0-py3.10.egg-info/top_level.txt
[0.876s] -- Installing: /home/asureshkumar/catkin_ws/install/ikinterface/local/lib/python3.10/dist-packages/ikinterface-0.0.0-py3.10.egg-info/SOURCES.txt
[0.876s] -- Installing: /home/asureshkumar/catkin_ws/install/ikinterface/local/lib/python3.10/dist-packages/ikinterface-0.0.0-py3.10.egg-info/PKG-INFO
[0.876s] -- Installing: /home/asureshkumar/catkin_ws/install/ikinterface/local/lib/python3.10/dist-packages/ikinterface-0.0.0-py3.10.egg-info/dependency_links.txt
[0.876s] -- Up-to-date: /home/asureshkumar/catkin_ws/install/ikinterface/local/lib/python3.10/dist-packages/ikinterface
[0.877s] -- Up-to-date: /home/asureshkumar/catkin_ws/install/ikinterface/local/lib/python3.10/dist-packages/ikinterface/__init__.py
[0.877s] -- Up-to-date: /home/asureshkumar/catkin_ws/install/ikinterface/local/lib/python3.10/dist-packages/ikinterface/_ikinterface_s.ep.rosidl_typesupport_c.c
[0.877s] -- Up-to-date: /home/asureshkumar/catkin_ws/install/ikinterface/local/lib/python3.10/dist-packages/ikinterface/_ikinterface_s.ep.rosidl_typesupport_introspection_c.c
[0.877s] -- Up-to-date: /home/asureshkumar/catkin_ws/install/ikinterface/local/lib/python3.10/dist-packages/ikinterface/srv
[0.877s] -- Up-to-date: /home/asureshkumar/catkin_ws/install/ikinterface/local/lib/python3.10/dist-packages/ikinterface/srv/_ivel.py
[0.877s] -- Up-to-date: /home/asureshkumar/catkin_ws/install/ikinterface/local/lib/python3.10/dist-packages/ikinterface/srv/__init__.py
[0.877s] -- Up-to-date: /home/asureshkumar/catkin_ws/install/ikinterface/local/lib/python3.10/dist-packages/ikinterface/srv/_ref_s.c
[0.878s] -- Up-to-date: /home/asureshkumar/catkin_ws/install/ikinterface/local/lib/python3.10/dist-packages/ikinterface/srv/_fvel_s.c
[0.878s] -- Up-to-date: /home/asureshkumar/catkin_ws/install/ikinterface/local/lib/python3.10/dist-packages/ikinterface/srv/_fvel.py
[0.878s] -- Up-to-date: /home/asureshkumar/catkin_ws/install/ikinterface/local/lib/python3.10/dist-packages/ikinterface/srv/_ref.py
[0.878s] -- Up-to-date: /home/asureshkumar/catkin_ws/install/ikinterface/local/lib/python3.10/dist-packages/ikinterface/srv/_ivel_s.c
[0.878s] -- Up-to-date: /home/asureshkumar/catkin_ws/install/ikinterface/local/lib/python3.10/dist-packages/ikinterface/ikinterface_s__rosidl_typesupport_c.cpython-310-x86_64-linux-gnu.so
[0.878s] -- Up-to-date: /home/asureshkumar/catkin_ws/install/ikinterface/local/lib/python3.10/dist-packages/ikinterface/ikinterface_s__rosidl_typesupport_fastrtps_c.cpython-310-x86_64-linux-gnu.so
[0.878s] -- Up-to-date: /home/asureshkumar/catkin_ws/install/ikinterface/local/lib/python3.10/dist-packages/ikinterface/_ikinterface_s.ep.rosidl_typesupport_fastrtps_c.c
[0.878s] -- Up-to-date: /home/asureshkumar/catkin_ws/install/ikinterface/local/lib/python3.10/dist-packages/ikinterface/libikinterface__rosidl_generator_py.so
[0.879s] -- Up-to-date: /home/asureshkumar/catkin_ws/install/ikinterface/local/lib/python3.10/dist-packages/ikinterface/ikinterface_s__rosidl_typesupport_introspection_c.cpython-310-x86_64-linux-gnu.so
[0.909s] Listing '/home/asureshkumar/catkin_ws/install/ikinterface/local/lib/python3.10/dist-packages/ikinterface'...
[0.909s] Listing '/home/asureshkumar/catkin_ws/install/ikinterface/local/lib/python3.10/dist-packages/ikinterface/srv'...
[0.914s] -- Up-to-date: /home/asureshkumar/catkin_ws/install/ikinterface/local/lib/python3.10/dist-packages/ikinterface/ikinterface_s__rosidl_typesupport_fastrtps_c.cpython-310-x86_64-linux-gnu.so
[0.914s] -- Up-to-date: /home/asureshkumar/catkin_ws/install/ikinterface/local/lib/python3.10/dist-packages/ikinterface/ikinterface_s__rosidl_typesupport_introspection_c.cpython-310-x86_64-linux-gnu.so
[0.915s] -- Up-to-date: /home/asureshkumar/catkin_ws/install/ikinterface/local/lib/python3.10/dist-packages/ikinterface/ikinterface_s__rosidl_typesupport_c.cpython-310-x86_64-linux-gnu.so
[0.916s] -- Up-to-date: /home/asureshkumar/catkin_ws/install/ikinterface/lib/libikinterface__rosidl_generator_py.so
[0.916s] -- Up-to-date: /home/asureshkumar/catkin_ws/install/ikinterface/share/ikinterface/srv/Fvel.idl
[0.916s] -- Up-to-date: /home/asureshkumar/catkin_ws/install/ikinterface/share/ikinterface/srv/Ivel.idl
[0.916s] -- Up-to-date: /home/asureshkumar/catkin_ws/install/ikinterface/share/ikinterface/srv/Fvel.srv
[0.917s] -- Up-to-date: /home/asureshkumar/catkin_ws/install/ikinterface/share/ikinterface/srv/Fvel_Request.msg
[0.917s] -- Up-to-date: /home/asureshkumar/catkin_ws/install/ikinterface/share/ikinterface/srv/Fvel_Response.msg
[0.917s] -- Up-to-date: /home/asureshkumar/catkin_ws/install/ikinterface/share/ikinterface/srv/Ivel.srv
[0.917s] -- Up-to-date: /home/asureshkumar/catkin_ws/install/ikinterface/share/ikinterface/srv/Ivel_Request.msg
[0.918s] -- Up-to-date: /home/asureshkumar/catkin_ws/install/ikinterface/share/ikinterface/srv/Ivel_Response.msg
[0.918s] -- Up-to-date: /home/asureshkumar/catkin_ws/install/ikinterface/share/ament_index/resource_index/package_run_dependencies/ikinterface
[0.918s] -- Up-to-date: /home/asureshkumar/catkin_ws/install/ikinterface/share/ament_index/resource_index/parent_prefix_path/ikinterface
[0.918s] -- Up-to-date: /home/asureshkumar/catkin_ws/install/ikinterface/share/ikinterface/environment/ament_prefix_path.sh
[0.918s] -- Up-to-date: /home/asureshkumar/catkin_ws/install/ikinterface/share/ikinterface/environment/ament_prefix_path.dsv
[0.919s] -- Up-to-date: /home/asureshkumar/catkin_ws/install/ikinterface/share/ikinterface/environment/path.sh
[0.919s] -- Up-to-date: /home/asureshkumar/catkin_ws/install/ikinterface/share/ikinterface/environment/path.dsv
[0.919s] -- Up-to-date: /home/asureshkumar/catkin_ws/install/ikinterface/share/ikinterface/local_setup.bash
[0.919s] -- Up-to-date: /home/asureshkumar/catkin_ws/install/ikinterface/share/ikinterface/local_setup.sh
[0.920s] -- Up-to-date: /home/asureshkumar/catkin_ws/install/ikinterface/share/ikinterface/local_setup.zsh
[0.920s] -- Up-to-date: /home/asureshkumar/catkin_ws/install/ikinterface/share/ikinterface/local_setup.dsv
[0.920s] -- Installing: /home/asureshkumar/catkin_ws/install/ikinterface/share/ikinterface/package.dsv
[0.921s] -- Up-to-date: /home/asureshkumar/catkin_ws/install/ikinterface/share/ament_index/resource_index/packages/ikinterface
[0.921s] -- Up-to-date: /home/asureshkumar/catkin_ws/install/ikinterface/share/ikinterface/cmake/export_ikinterface__rosidl_generator_cExport.cmake
[0.921s] -- Up-to-date: /home/asureshkumar/catkin_ws/install/ikinterface/share/ikinterface/cmake/export_ikinterface__rosidl_generator_cExport-noconfig.cmake
[0.921s] -- Up-to-date: /home/asureshkumar/catkin_ws/install/ikinterface/share/ikinterface/cmake/export_ikinterface__rosidl_typesupport_fastrtps_cExport.cmake
[0.922s] -- Up-to-date: /home/asureshkumar/catkin_ws/install/ikinterface/share/ikinterface/cmake/export_ikinterface__rosidl_typesupport_fastrtps_cExport-noconfig.cmake
[0.922s] -- Up-to-date: /home/asureshkumar/catkin_ws/install/ikinterface/share/ikinterface/cmake/ikinterface__rosidl_typesupport_introspection_cExport.cmake
[0.922s] -- Up-to-date: /home/asureshkumar/catkin_ws/install/ikinterface/share/ikinterface/cmake/ikinterface__rosidl_typesupport_introspection_cExport-noconfig.cmake
[0.922s] -- Up-to-date: /home/asureshkumar/catkin_ws/install/ikinterface/share/ikinterface/cmake/ikinterface__rosidl_typesupport_cExport.cmake
[0.922s] -- Up-to-date: /home/asureshkumar/catkin_ws/install/ikinterface/share/ikinterface/cmake/ikinterface__rosidl_typesupport_cExport-noconfig.cmake
[0.922s] -- Up-to-date: /home/asureshkumar/catkin_ws/install/ikinterface/share/ikinterface/cmake/export_ikinterface__rosidl_generator_cppExport.cmake
[0.922s] -- Up-to-date: /home/asureshkumar/catkin_ws/install/ikinterface/share/ikinterface/cmake/export_ikinterface__rosidl_typesupport_fastrtps_cppExport.cmake
[0.922s] -- Up-to-date: /home/asureshkumar/catkin_ws/install/ikinterface/share/ikinterface/cmake/export_ikinterface__rosidl_typesupport_fastrtps_cppExport-noconfig.cmake
[0.922s] -- Up-to-date: /home/asureshkumar/catkin_ws/install/ikinterface/share/ikinterface/cmake/ikinterface__rosidl_typesupport_introspection_cppExport.cmake
[0.922s] -- Up-to-date: /home/asureshkumar/catkin_ws/install/ikinterface/share/ikinterface/cmake/ikinterface__rosidl_typesupport_introspection_cppExport-noconfig.cmake
[0.922s] -- Up-to-date: /home/asureshkumar/catkin_ws/install/ikinterface/share/ikinterface/cmake/ikinterface__rosidl_typesupport_cppExport.cmake
[0.922s] -- Up-to-date: /home/asureshkumar/catkin_ws/install/ikinterface/share/ikinterface/cmake/ikinterface__rosidl_typesupport_cppExport-noconfig.cmake
[0.923s] -- Up-to-date: /home/asureshkumar/catkin_ws/install/ikinterface/share/ikinterface/cmake/export_ikinterface__rosidl_generator_pyExport.cmake
[0.923s] -- Up-to-date: /home/asureshkumar/catkin_ws/install/ikinterface/share/ikinterface/cmake/export_ikinterface__rosidl_generator_pyExport-noconfig.cmake
[0.923s] -- Up-to-date: /home/asureshkumar/catkin_ws/install/ikinterface/share/ikinterface/cmake/rosidl_cmake-extras.cmake
[0.923s] -- Up-to-date: /home/asureshkumar/catkin_ws/install/ikinterface/share/ikinterface/cmake/ament_cmake_export_include_directories-extras.cmake
[0.923s] -- Up-to-date: /home/asureshkumar/catkin_ws/install/ikinterface/share/ikinterface/cmake/ament_cmake_export_libraries-extras.cmake
[0.923s] -- Up-to-date: /home/asureshkumar/catkin_ws/install/ikinterface/share/ikinterface/cmake/ament_cmake_export_targets-extras.cmake
[0.923s] -- Up-to-date: /home/asureshkumar/catkin_ws/install/ikinterface/share/ikinterface/cmake/rosidl_cmake_export_typesupport_targets-extras.cmake
[0.924s] -- Up-to-date: /home/asureshkumar/catkin_ws/install/ikinterface/share/ikinterface/cmake/ament_cmake_export_dependencies-extras.cmake
[0.924s] -- Up-to-date: /home/asureshkumar/catkin_ws/install/ikinterface/share/ikinterface/cmake/rosidl_cmake_export_typesupport_libraries-extras.cmake
[0.924s] -- Up-to-date: /home/asureshkumar/catkin_ws/install/ikinterface/share/ikinterface/cmake/ikinterfaceConfig.cmake
[0.924s] -- Up-to-date: /home/asureshkumar/catkin_ws/install/ikinterface/share/ikinterface/cmake/ikinterfaceConfig-version.cmake
[0.924s] -- Up-to-date: /home/asureshkumar/catkin_ws/install/ikinterface/share/ikinterface/package.xml
[0.925s] Invoked command in '/home/asureshkumar/catkin_ws/build/ikinterface' returned '0': CMAKE_PREFIX_PATH=${CMAKE_PREFIX_PATH}:/home/asureshkumar/catkin_ws/install/py_srvcli:/home/asureshkumar/catkin_ws/install/FK:/opt/ros/humble /usr/bin/cmake --install /home/asureshkumar/catkin_ws/build/ikinterface
