[1.145s] Invoking command in '/home/asureshkumar/catkin_ws/src/Foundation_Project/py_srvcli': PYTHONPATH=/home/asureshkumar/catkin_ws/build/py_srvcli/prefix_override:/home/asureshkumar/catkin_ws/install/py_srvcli/lib/python3.10/site-packages:${PYTHONPATH} /usr/bin/python3 setup.py egg_info --egg-base ../../../build/py_srvcli build --build-base /home/asureshkumar/catkin_ws/build/py_srvcli/build install --record /home/asureshkumar/catkin_ws/build/py_srvcli/install.log --single-version-externally-managed
[1.431s] running egg_info
[1.432s] writing ../../../build/py_srvcli/py_srvcli.egg-info/PKG-INFO
[1.433s] writing dependency_links to ../../../build/py_srvcli/py_srvcli.egg-info/dependency_links.txt
[1.433s] writing entry points to ../../../build/py_srvcli/py_srvcli.egg-info/entry_points.txt
[1.433s] writing requirements to ../../../build/py_srvcli/py_srvcli.egg-info/requires.txt
[1.433s] writing top-level names to ../../../build/py_srvcli/py_srvcli.egg-info/top_level.txt
[1.435s] reading manifest file '../../../build/py_srvcli/py_srvcli.egg-info/SOURCES.txt'
[1.437s] writing manifest file '../../../build/py_srvcli/py_srvcli.egg-info/SOURCES.txt'
[1.437s] running build
[1.438s] running build_py
[1.438s] copying py_srvcli/Velocity_Service.py -> /home/asureshkumar/catkin_ws/build/py_srvcli/build/lib/py_srvcli
[1.438s] running install
[1.438s] /usr/lib/python3/dist-packages/setuptools/command/install.py:34: SetuptoolsDeprecationWarning: setup.py install is deprecated. Use build and pip and other standards-based tools.
[1.439s]   warnings.warn(
[1.439s] running install_lib
[1.440s] copying /home/asureshkumar/catkin_ws/build/py_srvcli/build/lib/py_srvcli/Velocity_Service.py -> /home/asureshkumar/catkin_ws/install/py_srvcli/lib/python3.10/site-packages/py_srvcli
[1.441s] byte-compiling /home/asureshkumar/catkin_ws/install/py_srvcli/lib/python3.10/site-packages/py_srvcli/Velocity_Service.py to Velocity_Service.cpython-310.pyc
[1.443s] running install_data
[1.444s] running install_egg_info
[1.446s] removing '/home/asureshkumar/catkin_ws/install/py_srvcli/lib/python3.10/site-packages/py_srvcli-0.0.0-py3.10.egg-info' (and everything under it)
[1.446s] Copying ../../../build/py_srvcli/py_srvcli.egg-info to /home/asureshkumar/catkin_ws/install/py_srvcli/lib/python3.10/site-packages/py_srvcli-0.0.0-py3.10.egg-info
[1.448s] running install_scripts
[1.475s] Installing fvel script to /home/asureshkumar/catkin_ws/install/py_srvcli/lib/py_srvcli
[1.475s] Installing listener script to /home/asureshkumar/catkin_ws/install/py_srvcli/lib/py_srvcli
[1.475s] Installing service script to /home/asureshkumar/catkin_ws/install/py_srvcli/lib/py_srvcli
[1.475s] writing list of installed files to '/home/asureshkumar/catkin_ws/build/py_srvcli/install.log'
[1.517s] Invoked command in '/home/asureshkumar/catkin_ws/src/Foundation_Project/py_srvcli' returned '0': PYTHONPATH=/home/asureshkumar/catkin_ws/build/py_srvcli/prefix_override:/home/asureshkumar/catkin_ws/install/py_srvcli/lib/python3.10/site-packages:${PYTHONPATH} /usr/bin/python3 setup.py egg_info --egg-base ../../../build/py_srvcli build --build-base /home/asureshkumar/catkin_ws/build/py_srvcli/build install --record /home/asureshkumar/catkin_ws/build/py_srvcli/install.log --single-version-externally-managed
