[2.086s] Invoking command in '/home/aadesh/catkin_ws/src/Foundation_Project/py_srvcli': PYTHONPATH=/home/aadesh/catkin_ws/install/py_srvcli/lib/python3.10/site-packages:${PYTHONPATH} /usr/bin/python3 setup.py egg_info --egg-base ../../../build/py_srvcli build --build-base /home/aadesh/catkin_ws/build/py_srvcli/build install --prefix /home/aadesh/catkin_ws/install/py_srvcli --record /home/aadesh/catkin_ws/build/py_srvcli/install.log --single-version-externally-managed
[3.248s] running egg_info
[3.249s] writing ../../../build/py_srvcli/py_srvcli.egg-info/PKG-INFO
[3.249s] writing dependency_links to ../../../build/py_srvcli/py_srvcli.egg-info/dependency_links.txt
[3.249s] writing entry points to ../../../build/py_srvcli/py_srvcli.egg-info/entry_points.txt
[3.250s] writing requirements to ../../../build/py_srvcli/py_srvcli.egg-info/requires.txt
[3.250s] writing top-level names to ../../../build/py_srvcli/py_srvcli.egg-info/top_level.txt
[3.257s] reading manifest file '../../../build/py_srvcli/py_srvcli.egg-info/SOURCES.txt'
[3.263s] writing manifest file '../../../build/py_srvcli/py_srvcli.egg-info/SOURCES.txt'
[3.263s] running build
[3.263s] running build_py
[3.264s] copying py_srvcli/control_bitch.py -> /home/aadesh/catkin_ws/build/py_srvcli/build/lib/py_srvcli
[3.264s] running install
[3.264s] /usr/lib/python3/dist-packages/setuptools/command/install.py:34: SetuptoolsDeprecationWarning: setup.py install is deprecated. Use build and pip and other standards-based tools.
[3.265s]   warnings.warn(
[3.265s] running install_lib
[3.267s] copying /home/aadesh/catkin_ws/build/py_srvcli/build/lib/py_srvcli/control_bitch.py -> /home/aadesh/catkin_ws/install/py_srvcli/lib/python3.10/site-packages/py_srvcli
[3.268s] byte-compiling /home/aadesh/catkin_ws/install/py_srvcli/lib/python3.10/site-packages/py_srvcli/velocity_controller copy.py to velocity_controller copy.cpython-310.pyc
[3.268s] Sorry: TabError: inconsistent use of tabs and spaces in indentation (velocity_controller copy.py, line 50)
[3.269s] byte-compiling /home/aadesh/catkin_ws/install/py_srvcli/lib/python3.10/site-packages/py_srvcli/control_bitch.py to control_bitch.cpython-310.pyc
[3.277s] running install_data
[3.280s] running install_egg_info
[3.283s] removing '/home/aadesh/catkin_ws/install/py_srvcli/lib/python3.10/site-packages/py_srvcli-0.0.0-py3.10.egg-info' (and everything under it)
[3.283s] Copying ../../../build/py_srvcli/py_srvcli.egg-info to /home/aadesh/catkin_ws/install/py_srvcli/lib/python3.10/site-packages/py_srvcli-0.0.0-py3.10.egg-info
[3.285s] running install_scripts
[3.339s] Installing control script to /home/aadesh/catkin_ws/install/py_srvcli/lib/py_srvcli
[3.342s] Installing listener script to /home/aadesh/catkin_ws/install/py_srvcli/lib/py_srvcli
[3.343s] Installing service script to /home/aadesh/catkin_ws/install/py_srvcli/lib/py_srvcli
[3.343s] Installing vel script to /home/aadesh/catkin_ws/install/py_srvcli/lib/py_srvcli
[3.344s] writing list of installed files to '/home/aadesh/catkin_ws/build/py_srvcli/install.log'
[3.463s] Invoked command in '/home/aadesh/catkin_ws/src/Foundation_Project/py_srvcli' returned '0': PYTHONPATH=/home/aadesh/catkin_ws/install/py_srvcli/lib/python3.10/site-packages:${PYTHONPATH} /usr/bin/python3 setup.py egg_info --egg-base ../../../build/py_srvcli build --build-base /home/aadesh/catkin_ws/build/py_srvcli/build install --prefix /home/aadesh/catkin_ws/install/py_srvcli --record /home/aadesh/catkin_ws/build/py_srvcli/install.log --single-version-externally-managed
