[0.319s] Invoking command in '/home/asureshkumar/catkin_ws/build/ikinterface': CMAKE_PREFIX_PATH=${CMAKE_PREFIX_PATH}:/home/asureshkumar/catkin_ws/install/py_srvcli:/home/asureshkumar/catkin_ws/install/FK:/opt/ros/humble /usr/bin/cmake --build /home/asureshkumar/catkin_ws/build/ikinterface -- -j8 -l8
[0.377s] [  3%] Built target ikinterface__cpp
[0.378s] [ 12%] Built target ikinterface__rosidl_generator_c
[0.394s] [ 12%] Built target ament_cmake_python_copy_ikinterface
[0.414s] [ 22%] Built target ikinterface__rosidl_typesupport_c
[0.414s] [ 38%] Built target ikinterface__rosidl_typesupport_introspection_cpp
[0.415s] [ 41%] Built target ikinterface__rosidl_typesupport_cpp
[0.415s] [ 51%] Built target ikinterface__rosidl_typesupport_fastrtps_cpp
[0.417s] [ 61%] Built target ikinterface__rosidl_typesupport_fastrtps_c
[0.419s] [ 70%] Built target ikinterface__rosidl_typesupport_introspection_c
[0.444s] [ 70%] Built target ikinterface
[0.468s] [ 74%] Built target ikinterface__py
[0.494s] [ 80%] Built target ikinterface__rosidl_generator_py
[0.528s] [ 87%] Built target ikinterface__rosidl_typesupport_c__pyext
[0.532s] [ 93%] Built target ikinterface__rosidl_typesupport_fastrtps_c__pyext
[0.533s] [100%] Built target ikinterface__rosidl_typesupport_introspection_c__pyext
[0.732s] running egg_info
[0.733s] writing ikinterface.egg-info/PKG-INFO
[0.733s] writing dependency_links to ikinterface.egg-info/dependency_links.txt
[0.733s] writing top-level names to ikinterface.egg-info/top_level.txt
[0.736s] reading manifest file 'ikinterface.egg-info/SOURCES.txt'
[0.737s] writing manifest file 'ikinterface.egg-info/SOURCES.txt'
[0.774s] [100%] Built target ament_cmake_python_build_ikinterface_egg
[0.790s] Invoked command in '/home/asureshkumar/catkin_ws/build/ikinterface' returned '0': CMAKE_PREFIX_PATH=${CMAKE_PREFIX_PATH}:/home/asureshkumar/catkin_ws/install/py_srvcli:/home/asureshkumar/catkin_ws/install/FK:/opt/ros/humble /usr/bin/cmake --build /home/asureshkumar/catkin_ws/build/ikinterface -- -j8 -l8
[0.874s] Invoking command in '/home/asureshkumar/catkin_ws/build/ikinterface': CMAKE_PREFIX_PATH=${CMAKE_PREFIX_PATH}:/home/asureshkumar/catkin_ws/install/py_srvcli:/home/asureshkumar/catkin_ws/install/FK:/opt/ros/humble /usr/bin/cmake --install /home/asureshkumar/catkin_ws/build/ikinterface
[0.884s] -- Install configuration: ""
[0.885s] -- Up-to-date: /home/asureshkumar/catkin_ws/install/ikinterface/share/ament_index/resource_index/rosidl_interfaces/ikinterface
[0.885s] -- Up-to-date: /home/asureshkumar/catkin_ws/install/ikinterface/include/ikinterface/ikinterface
[0.885s] -- Up-to-date: /home/asureshkumar/catkin_ws/install/ikinterface/include/ikinterface/ikinterface/srv
[0.885s] -- Up-to-date: /home/asureshkumar/catkin_ws/install/ikinterface/include/ikinterface/ikinterface/srv/fvel.h
[0.885s] -- Up-to-date: /home/asureshkumar/catkin_ws/install/ikinterface/include/ikinterface/ikinterface/srv/detail
[0.886s] -- Up-to-date: /home/asureshkumar/catkin_ws/install/ikinterface/include/ikinterface/ikinterface/srv/detail/fvel__functions.h
[0.886s] -- Up-to-date: /home/asureshkumar/catkin_ws/install/ikinterface/include/ikinterface/ikinterface/srv/detail/ref__struct.h
[0.886s] -- Up-to-date: /home/asureshkumar/catkin_ws/install/ikinterface/include/ikinterface/ikinterface/srv/detail/ref__functions.h
[0.886s] -- Up-to-date: /home/asureshkumar/catkin_ws/install/ikinterface/include/ikinterface/ikinterface/srv/detail/fvel__functions.c
[0.886s] -- Up-to-date: /home/asureshkumar/catkin_ws/install/ikinterface/include/ikinterface/ikinterface/srv/detail/ref__type_support.h
[0.887s] -- Up-to-date: /home/asureshkumar/catkin_ws/install/ikinterface/include/ikinterface/ikinterface/srv/detail/ref__functions.c
[0.887s] -- Up-to-date: /home/asureshkumar/catkin_ws/install/ikinterface/include/ikinterface/ikinterface/srv/detail/fvel__struct.h
[0.887s] -- Up-to-date: /home/asureshkumar/catkin_ws/install/ikinterface/include/ikinterface/ikinterface/srv/detail/fvel__type_support.h
[0.887s] -- Up-to-date: /home/asureshkumar/catkin_ws/install/ikinterface/include/ikinterface/ikinterface/srv/ref.h
[0.887s] -- Up-to-date: /home/asureshkumar/catkin_ws/install/ikinterface/include/ikinterface/ikinterface/msg
[0.888s] -- Up-to-date: /home/asureshkumar/catkin_ws/install/ikinterface/include/ikinterface/ikinterface/msg/rosidl_generator_c__visibility_control.h
[0.888s] -- Up-to-date: /home/asureshkumar/catkin_ws/install/ikinterface/share/ikinterface/environment/library_path.sh
[0.888s] -- Up-to-date: /home/asureshkumar/catkin_ws/install/ikinterface/share/ikinterface/environment/library_path.dsv
[0.888s] -- Up-to-date: /home/asureshkumar/catkin_ws/install/ikinterface/lib/libikinterface__rosidl_generator_c.so
[0.888s] -- Up-to-date: /home/asureshkumar/catkin_ws/install/ikinterface/include/ikinterface/ikinterface
[0.888s] -- Up-to-date: /home/asureshkumar/catkin_ws/install/ikinterface/include/ikinterface/ikinterface/srv
[0.889s] -- Up-to-date: /home/asureshkumar/catkin_ws/install/ikinterface/include/ikinterface/ikinterface/srv/detail
[0.889s] -- Up-to-date: /home/asureshkumar/catkin_ws/install/ikinterface/include/ikinterface/ikinterface/srv/detail/ref__rosidl_typesupport_fastrtps_c.h
[0.890s] -- Up-to-date: /home/asureshkumar/catkin_ws/install/ikinterface/include/ikinterface/ikinterface/srv/detail/fvel__rosidl_typesupport_fastrtps_c.h
[0.890s] -- Up-to-date: /home/asureshkumar/catkin_ws/install/ikinterface/include/ikinterface/ikinterface/msg
[0.890s] -- Up-to-date: /home/asureshkumar/catkin_ws/install/ikinterface/include/ikinterface/ikinterface/msg/rosidl_typesupport_fastrtps_c__visibility_control.h
[0.890s] -- Up-to-date: /home/asureshkumar/catkin_ws/install/ikinterface/lib/libikinterface__rosidl_typesupport_fastrtps_c.so
[0.890s] -- Up-to-date: /home/asureshkumar/catkin_ws/install/ikinterface/include/ikinterface/ikinterface
[0.891s] -- Up-to-date: /home/asureshkumar/catkin_ws/install/ikinterface/include/ikinterface/ikinterface/srv
[0.891s] -- Up-to-date: /home/asureshkumar/catkin_ws/install/ikinterface/include/ikinterface/ikinterface/srv/detail
[0.891s] -- Up-to-date: /home/asureshkumar/catkin_ws/install/ikinterface/include/ikinterface/ikinterface/srv/detail/ref__type_support.c
[0.891s] -- Up-to-date: /home/asureshkumar/catkin_ws/install/ikinterface/include/ikinterface/ikinterface/srv/detail/fvel__rosidl_typesupport_introspection_c.h
[0.891s] -- Up-to-date: /home/asureshkumar/catkin_ws/install/ikinterface/include/ikinterface/ikinterface/srv/detail/ref__rosidl_typesupport_introspection_c.h
[0.892s] -- Up-to-date: /home/asureshkumar/catkin_ws/install/ikinterface/include/ikinterface/ikinterface/srv/detail/fvel__type_support.c
[0.892s] -- Up-to-date: /home/asureshkumar/catkin_ws/install/ikinterface/include/ikinterface/ikinterface/msg
[0.892s] -- Up-to-date: /home/asureshkumar/catkin_ws/install/ikinterface/include/ikinterface/ikinterface/msg/rosidl_typesupport_introspection_c__visibility_control.h
[0.892s] -- Up-to-date: /home/asureshkumar/catkin_ws/install/ikinterface/lib/libikinterface__rosidl_typesupport_introspection_c.so
[0.892s] -- Up-to-date: /home/asureshkumar/catkin_ws/install/ikinterface/lib/libikinterface__rosidl_typesupport_c.so
[0.893s] -- Up-to-date: /home/asureshkumar/catkin_ws/install/ikinterface/include/ikinterface/ikinterface
[0.893s] -- Up-to-date: /home/asureshkumar/catkin_ws/install/ikinterface/include/ikinterface/ikinterface/srv
[0.893s] -- Up-to-date: /home/asureshkumar/catkin_ws/install/ikinterface/include/ikinterface/ikinterface/srv/detail
[0.893s] -- Up-to-date: /home/asureshkumar/catkin_ws/install/ikinterface/include/ikinterface/ikinterface/srv/detail/fvel__traits.hpp
[0.894s] -- Up-to-date: /home/asureshkumar/catkin_ws/install/ikinterface/include/ikinterface/ikinterface/srv/detail/ref__traits.hpp
[0.894s] -- Up-to-date: /home/asureshkumar/catkin_ws/install/ikinterface/include/ikinterface/ikinterface/srv/detail/ref__struct.hpp
[0.894s] -- Up-to-date: /home/asureshkumar/catkin_ws/install/ikinterface/include/ikinterface/ikinterface/srv/detail/fvel__struct.hpp
[0.894s] -- Up-to-date: /home/asureshkumar/catkin_ws/install/ikinterface/include/ikinterface/ikinterface/srv/detail/fvel__builder.hpp
[0.894s] -- Up-to-date: /home/asureshkumar/catkin_ws/install/ikinterface/include/ikinterface/ikinterface/srv/detail/ref__builder.hpp
[0.894s] -- Up-to-date: /home/asureshkumar/catkin_ws/install/ikinterface/include/ikinterface/ikinterface/srv/ref.hpp
[0.894s] -- Up-to-date: /home/asureshkumar/catkin_ws/install/ikinterface/include/ikinterface/ikinterface/srv/fvel.hpp
[0.895s] -- Up-to-date: /home/asureshkumar/catkin_ws/install/ikinterface/include/ikinterface/ikinterface
[0.895s] -- Up-to-date: /home/asureshkumar/catkin_ws/install/ikinterface/include/ikinterface/ikinterface/srv
[0.895s] -- Up-to-date: /home/asureshkumar/catkin_ws/install/ikinterface/include/ikinterface/ikinterface/srv/detail
[0.895s] -- Up-to-date: /home/asureshkumar/catkin_ws/install/ikinterface/include/ikinterface/ikinterface/srv/detail/ref__rosidl_typesupport_fastrtps_cpp.hpp
[0.895s] -- Up-to-date: /home/asureshkumar/catkin_ws/install/ikinterface/include/ikinterface/ikinterface/srv/detail/fvel__rosidl_typesupport_fastrtps_cpp.hpp
[0.895s] -- Up-to-date: /home/asureshkumar/catkin_ws/install/ikinterface/include/ikinterface/ikinterface/srv/detail/dds_fastrtps
[0.896s] -- Up-to-date: /home/asureshkumar/catkin_ws/install/ikinterface/include/ikinterface/ikinterface/msg
[0.896s] -- Up-to-date: /home/asureshkumar/catkin_ws/install/ikinterface/include/ikinterface/ikinterface/msg/rosidl_typesupport_fastrtps_cpp__visibility_control.h
[0.896s] -- Up-to-date: /home/asureshkumar/catkin_ws/install/ikinterface/lib/libikinterface__rosidl_typesupport_fastrtps_cpp.so
[0.896s] -- Up-to-date: /home/asureshkumar/catkin_ws/install/ikinterface/include/ikinterface/ikinterface
[0.896s] -- Up-to-date: /home/asureshkumar/catkin_ws/install/ikinterface/include/ikinterface/ikinterface/srv
[0.896s] -- Up-to-date: /home/asureshkumar/catkin_ws/install/ikinterface/include/ikinterface/ikinterface/srv/detail
[0.897s] -- Up-to-date: /home/asureshkumar/catkin_ws/install/ikinterface/include/ikinterface/ikinterface/srv/detail/fvel__rosidl_typesupport_introspection_cpp.hpp
[0.897s] -- Up-to-date: /home/asureshkumar/catkin_ws/install/ikinterface/include/ikinterface/ikinterface/srv/detail/ref__type_support.cpp
[0.897s] -- Up-to-date: /home/asureshkumar/catkin_ws/install/ikinterface/include/ikinterface/ikinterface/srv/detail/fvel__type_support.cpp
[0.897s] -- Up-to-date: /home/asureshkumar/catkin_ws/install/ikinterface/include/ikinterface/ikinterface/srv/detail/ref__rosidl_typesupport_introspection_cpp.hpp
[0.897s] -- Up-to-date: /home/asureshkumar/catkin_ws/install/ikinterface/lib/libikinterface__rosidl_typesupport_introspection_cpp.so
[0.897s] -- Up-to-date: /home/asureshkumar/catkin_ws/install/ikinterface/lib/libikinterface__rosidl_typesupport_cpp.so
[0.897s] -- Up-to-date: /home/asureshkumar/catkin_ws/install/ikinterface/share/ikinterface/environment/pythonpath.sh
[0.898s] -- Up-to-date: /home/asureshkumar/catkin_ws/install/ikinterface/share/ikinterface/environment/pythonpath.dsv
[0.898s] -- Up-to-date: /home/asureshkumar/catkin_ws/install/ikinterface/local/lib/python3.10/dist-packages/ikinterface-0.0.0-py3.10.egg-info
[0.898s] -- Installing: /home/asureshkumar/catkin_ws/install/ikinterface/local/lib/python3.10/dist-packages/ikinterface-0.0.0-py3.10.egg-info/top_level.txt
[0.898s] -- Installing: /home/asureshkumar/catkin_ws/install/ikinterface/local/lib/python3.10/dist-packages/ikinterface-0.0.0-py3.10.egg-info/SOURCES.txt
[0.898s] -- Installing: /home/asureshkumar/catkin_ws/install/ikinterface/local/lib/python3.10/dist-packages/ikinterface-0.0.0-py3.10.egg-info/PKG-INFO
[0.899s] -- Installing: /home/asureshkumar/catkin_ws/install/ikinterface/local/lib/python3.10/dist-packages/ikinterface-0.0.0-py3.10.egg-info/dependency_links.txt
[0.899s] -- Up-to-date: /home/asureshkumar/catkin_ws/install/ikinterface/local/lib/python3.10/dist-packages/ikinterface
[0.899s] -- Up-to-date: /home/asureshkumar/catkin_ws/install/ikinterface/local/lib/python3.10/dist-packages/ikinterface/__init__.py
[0.899s] -- Up-to-date: /home/asureshkumar/catkin_ws/install/ikinterface/local/lib/python3.10/dist-packages/ikinterface/_ikinterface_s.ep.rosidl_typesupport_c.c
[0.899s] -- Up-to-date: /home/asureshkumar/catkin_ws/install/ikinterface/local/lib/python3.10/dist-packages/ikinterface/_ikinterface_s.ep.rosidl_typesupport_introspection_c.c
[0.900s] -- Up-to-date: /home/asureshkumar/catkin_ws/install/ikinterface/local/lib/python3.10/dist-packages/ikinterface/srv
[0.900s] -- Up-to-date: /home/asureshkumar/catkin_ws/install/ikinterface/local/lib/python3.10/dist-packages/ikinterface/srv/__init__.py
[0.900s] -- Up-to-date: /home/asureshkumar/catkin_ws/install/ikinterface/local/lib/python3.10/dist-packages/ikinterface/srv/_ref_s.c
[0.900s] -- Up-to-date: /home/asureshkumar/catkin_ws/install/ikinterface/local/lib/python3.10/dist-packages/ikinterface/srv/_fvel_s.c
[0.900s] -- Up-to-date: /home/asureshkumar/catkin_ws/install/ikinterface/local/lib/python3.10/dist-packages/ikinterface/srv/_fvel.py
[0.900s] -- Up-to-date: /home/asureshkumar/catkin_ws/install/ikinterface/local/lib/python3.10/dist-packages/ikinterface/srv/_ref.py
[0.901s] -- Up-to-date: /home/asureshkumar/catkin_ws/install/ikinterface/local/lib/python3.10/dist-packages/ikinterface/ikinterface_s__rosidl_typesupport_c.cpython-310-x86_64-linux-gnu.so
[0.901s] -- Up-to-date: /home/asureshkumar/catkin_ws/install/ikinterface/local/lib/python3.10/dist-packages/ikinterface/ikinterface_s__rosidl_typesupport_fastrtps_c.cpython-310-x86_64-linux-gnu.so
[0.901s] -- Up-to-date: /home/asureshkumar/catkin_ws/install/ikinterface/local/lib/python3.10/dist-packages/ikinterface/_ikinterface_s.ep.rosidl_typesupport_fastrtps_c.c
[0.901s] -- Up-to-date: /home/asureshkumar/catkin_ws/install/ikinterface/local/lib/python3.10/dist-packages/ikinterface/libikinterface__rosidl_generator_py.so
[0.901s] -- Up-to-date: /home/asureshkumar/catkin_ws/install/ikinterface/local/lib/python3.10/dist-packages/ikinterface/ikinterface_s__rosidl_typesupport_introspection_c.cpython-310-x86_64-linux-gnu.so
[0.941s] Listing '/home/asureshkumar/catkin_ws/install/ikinterface/local/lib/python3.10/dist-packages/ikinterface'...
[0.941s] Listing '/home/asureshkumar/catkin_ws/install/ikinterface/local/lib/python3.10/dist-packages/ikinterface/srv'...
[0.942s] -- Up-to-date: /home/asureshkumar/catkin_ws/install/ikinterface/local/lib/python3.10/dist-packages/ikinterface/ikinterface_s__rosidl_typesupport_fastrtps_c.cpython-310-x86_64-linux-gnu.so
[0.945s] -- Up-to-date: /home/asureshkumar/catkin_ws/install/ikinterface/local/lib/python3.10/dist-packages/ikinterface/ikinterface_s__rosidl_typesupport_introspection_c.cpython-310-x86_64-linux-gnu.so
[0.946s] -- Up-to-date: /home/asureshkumar/catkin_ws/install/ikinterface/local/lib/python3.10/dist-packages/ikinterface/ikinterface_s__rosidl_typesupport_c.cpython-310-x86_64-linux-gnu.so
[0.946s] -- Up-to-date: /home/asureshkumar/catkin_ws/install/ikinterface/lib/libikinterface__rosidl_generator_py.so
[0.947s] -- Up-to-date: /home/asureshkumar/catkin_ws/install/ikinterface/share/ikinterface/srv/Fvel.idl
[0.947s] -- Up-to-date: /home/asureshkumar/catkin_ws/install/ikinterface/share/ikinterface/srv/Fvel.srv
[0.948s] -- Up-to-date: /home/asureshkumar/catkin_ws/install/ikinterface/share/ikinterface/srv/Fvel_Request.msg
[0.948s] -- Up-to-date: /home/asureshkumar/catkin_ws/install/ikinterface/share/ikinterface/srv/Fvel_Response.msg
[0.948s] -- Up-to-date: /home/asureshkumar/catkin_ws/install/ikinterface/share/ament_index/resource_index/package_run_dependencies/ikinterface
[0.949s] -- Up-to-date: /home/asureshkumar/catkin_ws/install/ikinterface/share/ament_index/resource_index/parent_prefix_path/ikinterface
[0.949s] -- Up-to-date: /home/asureshkumar/catkin_ws/install/ikinterface/share/ikinterface/environment/ament_prefix_path.sh
[0.950s] -- Up-to-date: /home/asureshkumar/catkin_ws/install/ikinterface/share/ikinterface/environment/ament_prefix_path.dsv
[0.953s] -- Up-to-date: /home/asureshkumar/catkin_ws/install/ikinterface/share/ikinterface/environment/path.sh
[0.953s] -- Up-to-date: /home/asureshkumar/catkin_ws/install/ikinterface/share/ikinterface/environment/path.dsv
[0.954s] -- Up-to-date: /home/asureshkumar/catkin_ws/install/ikinterface/share/ikinterface/local_setup.bash
[0.954s] -- Up-to-date: /home/asureshkumar/catkin_ws/install/ikinterface/share/ikinterface/local_setup.sh
[0.954s] -- Up-to-date: /home/asureshkumar/catkin_ws/install/ikinterface/share/ikinterface/local_setup.zsh
[0.954s] -- Up-to-date: /home/asureshkumar/catkin_ws/install/ikinterface/share/ikinterface/local_setup.dsv
[0.955s] -- Installing: /home/asureshkumar/catkin_ws/install/ikinterface/share/ikinterface/package.dsv
[0.955s] -- Up-to-date: /home/asureshkumar/catkin_ws/install/ikinterface/share/ament_index/resource_index/packages/ikinterface
[0.955s] -- Up-to-date: /home/asureshkumar/catkin_ws/install/ikinterface/share/ikinterface/cmake/export_ikinterface__rosidl_generator_cExport.cmake
[0.955s] -- Up-to-date: /home/asureshkumar/catkin_ws/install/ikinterface/share/ikinterface/cmake/export_ikinterface__rosidl_generator_cExport-noconfig.cmake
[0.955s] -- Up-to-date: /home/asureshkumar/catkin_ws/install/ikinterface/share/ikinterface/cmake/export_ikinterface__rosidl_typesupport_fastrtps_cExport.cmake
[0.956s] -- Up-to-date: /home/asureshkumar/catkin_ws/install/ikinterface/share/ikinterface/cmake/export_ikinterface__rosidl_typesupport_fastrtps_cExport-noconfig.cmake
[0.956s] -- Up-to-date: /home/asureshkumar/catkin_ws/install/ikinterface/share/ikinterface/cmake/ikinterface__rosidl_typesupport_introspection_cExport.cmake
[0.956s] -- Up-to-date: /home/asureshkumar/catkin_ws/install/ikinterface/share/ikinterface/cmake/ikinterface__rosidl_typesupport_introspection_cExport-noconfig.cmake
[0.956s] -- Up-to-date: /home/asureshkumar/catkin_ws/install/ikinterface/share/ikinterface/cmake/ikinterface__rosidl_typesupport_cExport.cmake
[0.957s] -- Up-to-date: /home/asureshkumar/catkin_ws/install/ikinterface/share/ikinterface/cmake/ikinterface__rosidl_typesupport_cExport-noconfig.cmake
[0.957s] -- Up-to-date: /home/asureshkumar/catkin_ws/install/ikinterface/share/ikinterface/cmake/export_ikinterface__rosidl_generator_cppExport.cmake
[0.957s] -- Up-to-date: /home/asureshkumar/catkin_ws/install/ikinterface/share/ikinterface/cmake/export_ikinterface__rosidl_typesupport_fastrtps_cppExport.cmake
[0.957s] -- Up-to-date: /home/asureshkumar/catkin_ws/install/ikinterface/share/ikinterface/cmake/export_ikinterface__rosidl_typesupport_fastrtps_cppExport-noconfig.cmake
[0.957s] -- Up-to-date: /home/asureshkumar/catkin_ws/install/ikinterface/share/ikinterface/cmake/ikinterface__rosidl_typesupport_introspection_cppExport.cmake
[0.957s] -- Up-to-date: /home/asureshkumar/catkin_ws/install/ikinterface/share/ikinterface/cmake/ikinterface__rosidl_typesupport_introspection_cppExport-noconfig.cmake
[0.958s] -- Up-to-date: /home/asureshkumar/catkin_ws/install/ikinterface/share/ikinterface/cmake/ikinterface__rosidl_typesupport_cppExport.cmake
[0.958s] -- Up-to-date: /home/asureshkumar/catkin_ws/install/ikinterface/share/ikinterface/cmake/ikinterface__rosidl_typesupport_cppExport-noconfig.cmake
[0.958s] -- Up-to-date: /home/asureshkumar/catkin_ws/install/ikinterface/share/ikinterface/cmake/export_ikinterface__rosidl_generator_pyExport.cmake
[0.958s] -- Up-to-date: /home/asureshkumar/catkin_ws/install/ikinterface/share/ikinterface/cmake/export_ikinterface__rosidl_generator_pyExport-noconfig.cmake
[0.958s] -- Up-to-date: /home/asureshkumar/catkin_ws/install/ikinterface/share/ikinterface/cmake/rosidl_cmake-extras.cmake
[0.958s] -- Up-to-date: /home/asureshkumar/catkin_ws/install/ikinterface/share/ikinterface/cmake/ament_cmake_export_include_directories-extras.cmake
[0.959s] -- Up-to-date: /home/asureshkumar/catkin_ws/install/ikinterface/share/ikinterface/cmake/ament_cmake_export_libraries-extras.cmake
[0.959s] -- Up-to-date: /home/asureshkumar/catkin_ws/install/ikinterface/share/ikinterface/cmake/ament_cmake_export_targets-extras.cmake
[0.959s] -- Up-to-date: /home/asureshkumar/catkin_ws/install/ikinterface/share/ikinterface/cmake/rosidl_cmake_export_typesupport_targets-extras.cmake
[0.959s] -- Up-to-date: /home/asureshkumar/catkin_ws/install/ikinterface/share/ikinterface/cmake/ament_cmake_export_dependencies-extras.cmake
[0.959s] -- Up-to-date: /home/asureshkumar/catkin_ws/install/ikinterface/share/ikinterface/cmake/rosidl_cmake_export_typesupport_libraries-extras.cmake
[0.959s] -- Up-to-date: /home/asureshkumar/catkin_ws/install/ikinterface/share/ikinterface/cmake/ikinterfaceConfig.cmake
[0.960s] -- Up-to-date: /home/asureshkumar/catkin_ws/install/ikinterface/share/ikinterface/cmake/ikinterfaceConfig-version.cmake
[0.960s] -- Up-to-date: /home/asureshkumar/catkin_ws/install/ikinterface/share/ikinterface/package.xml
[0.966s] Invoked command in '/home/asureshkumar/catkin_ws/build/ikinterface' returned '0': CMAKE_PREFIX_PATH=${CMAKE_PREFIX_PATH}:/home/asureshkumar/catkin_ws/install/py_srvcli:/home/asureshkumar/catkin_ws/install/FK:/opt/ros/humble /usr/bin/cmake --install /home/asureshkumar/catkin_ws/build/ikinterface
