[0.009s] Invoking command in '/home/asureshkumar/catkin_ws/build/rrbot_gazebo': AMENT_PREFIX_PATH=/home/asureshkumar/catkin_ws/install/rrbot_description:${AMENT_PREFIX_PATH} CMAKE_PREFIX_PATH=/home/asureshkumar/catkin_ws/install/rrbot_description:/opt/ros/humble /usr/bin/cmake /home/asureshkumar/catkin_ws/src/rrbot_simulation_files/rrbot_simulation_files/rrbot_gazebo -DCMAKE_INSTALL_PREFIX=/home/asureshkumar/catkin_ws/install/rrbot_gazebo
[0.075s] -- The C compiler identification is GNU 11.3.0
[0.140s] -- The CXX compiler identification is GNU 11.3.0
[0.149s] -- Detecting C compiler ABI info
[0.234s] -- Detecting C compiler ABI info - done
[0.245s] -- Check for working C compiler: /usr/bin/cc - skipped
[0.246s] -- Detecting C compile features
[0.246s] -- Detecting C compile features - done
[0.253s] -- Detecting CXX compiler ABI info
[0.357s] -- Detecting CXX compiler ABI info - done
[0.367s] -- Check for working CXX compiler: /usr/bin/c++ - skipped
[0.367s] -- Detecting CXX compile features
[0.368s] -- Detecting CXX compile features - done
[0.371s] -- Found ament_cmake: 1.3.3 (/opt/ros/humble/share/ament_cmake/cmake)
[0.579s] -- Found Python3: /usr/bin/python3.10 (found version "3.10.6") found components: Interpreter 
[0.701s] -- Found rclcpp: 16.0.2 (/opt/ros/humble/share/rclcpp/cmake)
[0.770s] -- Found rosidl_generator_c: 3.1.4 (/opt/ros/humble/share/rosidl_generator_c/cmake)
[0.776s] -- Found rosidl_adapter: 3.1.4 (/opt/ros/humble/share/rosidl_adapter/cmake)
[0.787s] -- Found rosidl_generator_cpp: 3.1.4 (/opt/ros/humble/share/rosidl_generator_cpp/cmake)
[0.804s] -- Using all available rosidl_typesupport_c: rosidl_typesupport_fastrtps_c;rosidl_typesupport_introspection_c
[0.828s] -- Using all available rosidl_typesupport_cpp: rosidl_typesupport_fastrtps_cpp;rosidl_typesupport_introspection_cpp
[0.925s] -- Found rmw_implementation_cmake: 6.1.1 (/opt/ros/humble/share/rmw_implementation_cmake/cmake)
[0.929s] -- Found rmw_fastrtps_cpp: 6.2.2 (/opt/ros/humble/share/rmw_fastrtps_cpp/cmake)
[1.050s] -- Found OpenSSL: /usr/lib/x86_64-linux-gnu/libcrypto.so (found version "3.0.2")  
[1.083s] -- Found FastRTPS: /opt/ros/humble/include  
[1.141s] -- Using RMW implementation 'rmw_fastrtps_cpp' as default
[1.155s] -- Looking for pthread.h
[1.246s] -- Looking for pthread.h - found
[1.246s] -- Performing Test CMAKE_HAVE_LIBC_PTHREAD
[1.334s] -- Performing Test CMAKE_HAVE_LIBC_PTHREAD - Success
[1.336s] -- Found Threads: TRUE  
[1.734s] -- Found controller_manager_msgs: 2.16.0 (/opt/ros/humble/share/controller_manager_msgs/cmake)
[2.002s] -- Configuring done
[2.017s] -- Generating done
[2.019s] -- Build files have been written to: /home/asureshkumar/catkin_ws/build/rrbot_gazebo
[2.031s] Invoked command in '/home/asureshkumar/catkin_ws/build/rrbot_gazebo' returned '0': AMENT_PREFIX_PATH=/home/asureshkumar/catkin_ws/install/rrbot_description:${AMENT_PREFIX_PATH} CMAKE_PREFIX_PATH=/home/asureshkumar/catkin_ws/install/rrbot_description:/opt/ros/humble /usr/bin/cmake /home/asureshkumar/catkin_ws/src/rrbot_simulation_files/rrbot_simulation_files/rrbot_gazebo -DCMAKE_INSTALL_PREFIX=/home/asureshkumar/catkin_ws/install/rrbot_gazebo
[2.033s] Invoking command in '/home/asureshkumar/catkin_ws/build/rrbot_gazebo': AMENT_PREFIX_PATH=/home/asureshkumar/catkin_ws/install/rrbot_description:${AMENT_PREFIX_PATH} CMAKE_PREFIX_PATH=/home/asureshkumar/catkin_ws/install/rrbot_description:/opt/ros/humble /usr/bin/cmake --build /home/asureshkumar/catkin_ws/build/rrbot_gazebo -- -j8 -l8
[2.094s] [ 25%] [32mBuilding CXX object CMakeFiles/publisher.dir/src/position_publisher.cpp.o[0m
[2.101s] [ 50%] [32mBuilding CXX object CMakeFiles/switch.dir/src/controller_switch.cpp.o[0m
[6.693s] [ 75%] [32m[1mLinking CXX executable switch[0m
[6.919s] [ 75%] Built target switch
[7.626s] [100%] [32m[1mLinking CXX executable publisher[0m
[7.865s] [100%] Built target publisher
[7.879s] Invoked command in '/home/asureshkumar/catkin_ws/build/rrbot_gazebo' returned '0': AMENT_PREFIX_PATH=/home/asureshkumar/catkin_ws/install/rrbot_description:${AMENT_PREFIX_PATH} CMAKE_PREFIX_PATH=/home/asureshkumar/catkin_ws/install/rrbot_description:/opt/ros/humble /usr/bin/cmake --build /home/asureshkumar/catkin_ws/build/rrbot_gazebo -- -j8 -l8
[7.918s] Invoking command in '/home/asureshkumar/catkin_ws/build/rrbot_gazebo': AMENT_PREFIX_PATH=/home/asureshkumar/catkin_ws/install/rrbot_description:${AMENT_PREFIX_PATH} CMAKE_PREFIX_PATH=/home/asureshkumar/catkin_ws/install/rrbot_description:/opt/ros/humble /usr/bin/cmake --install /home/asureshkumar/catkin_ws/build/rrbot_gazebo
[7.928s] -- Install configuration: ""
[7.928s] -- Installing: /home/asureshkumar/catkin_ws/install/rrbot_gazebo/lib/rrbot_gazebo/publisher
[7.930s] -- Set runtime path of "/home/asureshkumar/catkin_ws/install/rrbot_gazebo/lib/rrbot_gazebo/publisher" to ""
[7.930s] -- Installing: /home/asureshkumar/catkin_ws/install/rrbot_gazebo/lib/rrbot_gazebo/switch
[7.931s] -- Set runtime path of "/home/asureshkumar/catkin_ws/install/rrbot_gazebo/lib/rrbot_gazebo/switch" to ""
[7.931s] -- Installing: /home/asureshkumar/catkin_ws/install/rrbot_gazebo/share/rrbot_gazebo/launch
[7.932s] -- Installing: /home/asureshkumar/catkin_ws/install/rrbot_gazebo/share/rrbot_gazebo/launch/rrbot_world.launch.py
[7.932s] -- Installing: /home/asureshkumar/catkin_ws/install/rrbot_gazebo/share/rrbot_gazebo/worlds
[7.932s] -- Installing: /home/asureshkumar/catkin_ws/install/rrbot_gazebo/share/rrbot_gazebo/worlds/rrbot.world
[7.932s] -- Installing: /home/asureshkumar/catkin_ws/install/rrbot_gazebo/share/rrbot_gazebo/config
[7.932s] -- Installing: /home/asureshkumar/catkin_ws/install/rrbot_gazebo/share/rrbot_gazebo/config/controllers.yaml
[7.932s] -- Installing: /home/asureshkumar/catkin_ws/install/rrbot_gazebo/share/rrbot_gazebo/config/gazebo_controllers.yaml
[7.932s] -- Installing: /home/asureshkumar/catkin_ws/install/rrbot_gazebo/share/ament_index/resource_index/package_run_dependencies/rrbot_gazebo
[7.933s] -- Installing: /home/asureshkumar/catkin_ws/install/rrbot_gazebo/share/ament_index/resource_index/parent_prefix_path/rrbot_gazebo
[7.933s] -- Installing: /home/asureshkumar/catkin_ws/install/rrbot_gazebo/share/rrbot_gazebo/environment/ament_prefix_path.sh
[7.933s] -- Installing: /home/asureshkumar/catkin_ws/install/rrbot_gazebo/share/rrbot_gazebo/environment/ament_prefix_path.dsv
[7.933s] -- Installing: /home/asureshkumar/catkin_ws/install/rrbot_gazebo/share/rrbot_gazebo/environment/path.sh
[7.934s] -- Installing: /home/asureshkumar/catkin_ws/install/rrbot_gazebo/share/rrbot_gazebo/environment/path.dsv
[7.934s] -- Installing: /home/asureshkumar/catkin_ws/install/rrbot_gazebo/share/rrbot_gazebo/local_setup.bash
[7.934s] -- Installing: /home/asureshkumar/catkin_ws/install/rrbot_gazebo/share/rrbot_gazebo/local_setup.sh
[7.934s] -- Installing: /home/asureshkumar/catkin_ws/install/rrbot_gazebo/share/rrbot_gazebo/local_setup.zsh
[7.935s] -- Installing: /home/asureshkumar/catkin_ws/install/rrbot_gazebo/share/rrbot_gazebo/local_setup.dsv
[7.935s] -- Installing: /home/asureshkumar/catkin_ws/install/rrbot_gazebo/share/rrbot_gazebo/package.dsv
[7.935s] -- Installing: /home/asureshkumar/catkin_ws/install/rrbot_gazebo/share/ament_index/resource_index/packages/rrbot_gazebo
[7.935s] -- Installing: /home/asureshkumar/catkin_ws/install/rrbot_gazebo/share/rrbot_gazebo/cmake/rrbot_gazeboConfig.cmake
[7.935s] -- Installing: /home/asureshkumar/catkin_ws/install/rrbot_gazebo/share/rrbot_gazebo/cmake/rrbot_gazeboConfig-version.cmake
[7.936s] -- Installing: /home/asureshkumar/catkin_ws/install/rrbot_gazebo/share/rrbot_gazebo/package.xml
[7.941s] Invoked command in '/home/asureshkumar/catkin_ws/build/rrbot_gazebo' returned '0': AMENT_PREFIX_PATH=/home/asureshkumar/catkin_ws/install/rrbot_description:${AMENT_PREFIX_PATH} CMAKE_PREFIX_PATH=/home/asureshkumar/catkin_ws/install/rrbot_description:/opt/ros/humble /usr/bin/cmake --install /home/asureshkumar/catkin_ws/build/rrbot_gazebo
