/home/aadesh/catkin_ws/install/py_srvcli/lib/python3.10/site-packages/py_srvcli/control_velocity.py
/home/aadesh/catkin_ws/install/py_srvcli/lib/python3.10/site-packages/py_srvcli/service_member_function.py
/home/aadesh/catkin_ws/install/py_srvcli/lib/python3.10/site-packages/py_srvcli/__init__.py
/home/aadesh/catkin_ws/install/py_srvcli/lib/python3.10/site-packages/py_srvcli/traj_follow.py
/home/aadesh/catkin_ws/install/py_srvcli/lib/python3.10/site-packages/py_srvcli/__pycache__/control_velocity.cpython-310.pyc
/home/aadesh/catkin_ws/install/py_srvcli/lib/python3.10/site-packages/py_srvcli/__pycache__/service_member_function.cpython-310.pyc
/home/aadesh/catkin_ws/install/py_srvcli/lib/python3.10/site-packages/py_srvcli/__pycache__/__init__.cpython-310.pyc
/home/aadesh/catkin_ws/install/py_srvcli/lib/python3.10/site-packages/py_srvcli/__pycache__/traj_follow.cpython-310.pyc
/home/aadesh/catkin_ws/install/py_srvcli/share/ament_index/resource_index/packages/py_srvcli
/home/aadesh/catkin_ws/install/py_srvcli/share/py_srvcli/package.xml
/home/aadesh/catkin_ws/install/py_srvcli/lib/python3.10/site-packages/py_srvcli-0.0.0-py3.10.egg-info/top_level.txt
/home/aadesh/catkin_ws/install/py_srvcli/lib/python3.10/site-packages/py_srvcli-0.0.0-py3.10.egg-info/SOURCES.txt
/home/aadesh/catkin_ws/install/py_srvcli/lib/python3.10/site-packages/py_srvcli-0.0.0-py3.10.egg-info/requires.txt
/home/aadesh/catkin_ws/install/py_srvcli/lib/python3.10/site-packages/py_srvcli-0.0.0-py3.10.egg-info/dependency_links.txt
/home/aadesh/catkin_ws/install/py_srvcli/lib/python3.10/site-packages/py_srvcli-0.0.0-py3.10.egg-info/entry_points.txt
/home/aadesh/catkin_ws/install/py_srvcli/lib/python3.10/site-packages/py_srvcli-0.0.0-py3.10.egg-info/PKG-INFO
/home/aadesh/catkin_ws/install/py_srvcli/lib/python3.10/site-packages/py_srvcli-0.0.0-py3.10.egg-info/zip-safe
/home/aadesh/catkin_ws/install/py_srvcli/lib/py_srvcli/control
/home/aadesh/catkin_ws/install/py_srvcli/lib/py_srvcli/listener
/home/aadesh/catkin_ws/install/py_srvcli/lib/py_srvcli/service
/home/aadesh/catkin_ws/install/py_srvcli/lib/py_srvcli/vel
