[2.060s] Invoking command in '/home/aadesh/catkin_ws/src/Foundation_Project/py_srvcli': PYTHONPATH=/home/aadesh/catkin_ws/install/py_srvcli/lib/python3.10/site-packages:${PYTHONPATH} /usr/bin/python3 setup.py egg_info --egg-base ../../../build/py_srvcli build --build-base /home/aadesh/catkin_ws/build/py_srvcli/build install --prefix /home/aadesh/catkin_ws/install/py_srvcli --record /home/aadesh/catkin_ws/build/py_srvcli/install.log --single-version-externally-managed
[2.695s] running egg_info
[2.698s] writing ../../../build/py_srvcli/py_srvcli.egg-info/PKG-INFO
[2.699s] writing dependency_links to ../../../build/py_srvcli/py_srvcli.egg-info/dependency_links.txt
[2.700s] writing entry points to ../../../build/py_srvcli/py_srvcli.egg-info/entry_points.txt
[2.700s] writing requirements to ../../../build/py_srvcli/py_srvcli.egg-info/requires.txt
[2.701s] writing top-level names to ../../../build/py_srvcli/py_srvcli.egg-info/top_level.txt
[2.706s] reading manifest file '../../../build/py_srvcli/py_srvcli.egg-info/SOURCES.txt'
[2.712s] writing manifest file '../../../build/py_srvcli/py_srvcli.egg-info/SOURCES.txt'
[2.713s] running build
[2.714s] running build_py
[2.714s] copying py_srvcli/control_bitch.py -> /home/aadesh/catkin_ws/build/py_srvcli/build/lib/py_srvcli
[2.715s] running install
[2.715s] /usr/lib/python3/dist-packages/setuptools/command/install.py:34: SetuptoolsDeprecationWarning: setup.py install is deprecated. Use build and pip and other standards-based tools.
[2.715s]   warnings.warn(
[2.716s] running install_lib
[2.720s] copying /home/aadesh/catkin_ws/build/py_srvcli/build/lib/py_srvcli/control_bitch.py -> /home/aadesh/catkin_ws/install/py_srvcli/lib/python3.10/site-packages/py_srvcli
[2.722s] byte-compiling /home/aadesh/catkin_ws/install/py_srvcli/lib/python3.10/site-packages/py_srvcli/velocity_controller copy.py to velocity_controller copy.cpython-310.pyc
[2.722s] Sorry: TabError: inconsistent use of tabs and spaces in indentation (velocity_controller copy.py, line 50)
[2.723s] byte-compiling /home/aadesh/catkin_ws/install/py_srvcli/lib/python3.10/site-packages/py_srvcli/control_bitch.py to control_bitch.cpython-310.pyc
[2.731s] running install_data
[2.733s] running install_egg_info
[2.736s] removing '/home/aadesh/catkin_ws/install/py_srvcli/lib/python3.10/site-packages/py_srvcli-0.0.0-py3.10.egg-info' (and everything under it)
[2.736s] Copying ../../../build/py_srvcli/py_srvcli.egg-info to /home/aadesh/catkin_ws/install/py_srvcli/lib/python3.10/site-packages/py_srvcli-0.0.0-py3.10.egg-info
[2.738s] running install_scripts
[2.808s] Installing control script to /home/aadesh/catkin_ws/install/py_srvcli/lib/py_srvcli
[2.809s] Installing listener script to /home/aadesh/catkin_ws/install/py_srvcli/lib/py_srvcli
[2.809s] Installing service script to /home/aadesh/catkin_ws/install/py_srvcli/lib/py_srvcli
[2.809s] Installing vel script to /home/aadesh/catkin_ws/install/py_srvcli/lib/py_srvcli
[2.811s] writing list of installed files to '/home/aadesh/catkin_ws/build/py_srvcli/install.log'
[2.928s] Invoked command in '/home/aadesh/catkin_ws/src/Foundation_Project/py_srvcli' returned '0': PYTHONPATH=/home/aadesh/catkin_ws/install/py_srvcli/lib/python3.10/site-packages:${PYTHONPATH} /usr/bin/python3 setup.py egg_info --egg-base ../../../build/py_srvcli build --build-base /home/aadesh/catkin_ws/build/py_srvcli/build install --prefix /home/aadesh/catkin_ws/install/py_srvcli --record /home/aadesh/catkin_ws/build/py_srvcli/install.log --single-version-externally-managed
