[1.815s] Invoking command in '/home/aadesh/catkin_ws/src/Foundation_Project/py_srvcli': PYTHONPATH=/home/aadesh/catkin_ws/install/py_srvcli/lib/python3.10/site-packages:${PYTHONPATH} /usr/bin/python3 setup.py egg_info --egg-base ../../../build/py_srvcli build --build-base /home/aadesh/catkin_ws/build/py_srvcli/build install --prefix /home/aadesh/catkin_ws/install/py_srvcli --record /home/aadesh/catkin_ws/build/py_srvcli/install.log --single-version-externally-managed
[2.491s] running egg_info
[2.492s] writing ../../../build/py_srvcli/py_srvcli.egg-info/PKG-INFO
[2.493s] writing dependency_links to ../../../build/py_srvcli/py_srvcli.egg-info/dependency_links.txt
[2.493s] writing entry points to ../../../build/py_srvcli/py_srvcli.egg-info/entry_points.txt
[2.494s] writing requirements to ../../../build/py_srvcli/py_srvcli.egg-info/requires.txt
[2.494s] writing top-level names to ../../../build/py_srvcli/py_srvcli.egg-info/top_level.txt
[2.498s] reading manifest file '../../../build/py_srvcli/py_srvcli.egg-info/SOURCES.txt'
[2.503s] writing manifest file '../../../build/py_srvcli/py_srvcli.egg-info/SOURCES.txt'
[2.504s] running build
[2.504s] running build_py
[2.505s] running install
[2.505s] /usr/lib/python3/dist-packages/setuptools/command/install.py:34: SetuptoolsDeprecationWarning: setup.py install is deprecated. Use build and pip and other standards-based tools.
[2.506s]   warnings.warn(
[2.506s] running install_lib
[2.508s] byte-compiling /home/aadesh/catkin_ws/install/py_srvcli/lib/python3.10/site-packages/py_srvcli/velocity_controller copy.py to velocity_controller copy.cpython-310.pyc
[2.509s] Sorry: TabError: inconsistent use of tabs and spaces in indentation (velocity_controller copy.py, line 50)
[2.509s] running install_data
[2.511s] running install_egg_info
[2.515s] removing '/home/aadesh/catkin_ws/install/py_srvcli/lib/python3.10/site-packages/py_srvcli-0.0.0-py3.10.egg-info' (and everything under it)
[2.517s] Copying ../../../build/py_srvcli/py_srvcli.egg-info to /home/aadesh/catkin_ws/install/py_srvcli/lib/python3.10/site-packages/py_srvcli-0.0.0-py3.10.egg-info
[2.521s] running install_scripts
[2.576s] Installing control script to /home/aadesh/catkin_ws/install/py_srvcli/lib/py_srvcli
[2.576s] Installing listener script to /home/aadesh/catkin_ws/install/py_srvcli/lib/py_srvcli
[2.576s] Installing service script to /home/aadesh/catkin_ws/install/py_srvcli/lib/py_srvcli
[2.577s] Installing vel script to /home/aadesh/catkin_ws/install/py_srvcli/lib/py_srvcli
[2.579s] writing list of installed files to '/home/aadesh/catkin_ws/build/py_srvcli/install.log'
[2.670s] Invoked command in '/home/aadesh/catkin_ws/src/Foundation_Project/py_srvcli' returned '0': PYTHONPATH=/home/aadesh/catkin_ws/install/py_srvcli/lib/python3.10/site-packages:${PYTHONPATH} /usr/bin/python3 setup.py egg_info --egg-base ../../../build/py_srvcli build --build-base /home/aadesh/catkin_ws/build/py_srvcli/build install --prefix /home/aadesh/catkin_ws/install/py_srvcli --record /home/aadesh/catkin_ws/build/py_srvcli/install.log --single-version-externally-managed
