[0.611s] Invoking command in '/home/aadesh/catkin_ws/src/Foundation_Project/py_srvcli': PYTHONPATH=/home/aadesh/catkin_ws/install/py_srvcli/lib/python3.10/site-packages:${PYTHONPATH} /usr/bin/python3 setup.py egg_info --egg-base ../../../build/py_srvcli build --build-base /home/aadesh/catkin_ws/build/py_srvcli/build install --prefix /home/aadesh/catkin_ws/install/py_srvcli --record /home/aadesh/catkin_ws/build/py_srvcli/install.log --single-version-externally-managed
[0.854s] running egg_info
[0.854s] writing ../../../build/py_srvcli/py_srvcli.egg-info/PKG-INFO
[0.854s] writing dependency_links to ../../../build/py_srvcli/py_srvcli.egg-info/dependency_links.txt
[0.854s] writing entry points to ../../../build/py_srvcli/py_srvcli.egg-info/entry_points.txt
[0.855s] writing requirements to ../../../build/py_srvcli/py_srvcli.egg-info/requires.txt
[0.855s] writing top-level names to ../../../build/py_srvcli/py_srvcli.egg-info/top_level.txt
[0.856s] reading manifest file '../../../build/py_srvcli/py_srvcli.egg-info/SOURCES.txt'
[0.857s] writing manifest file '../../../build/py_srvcli/py_srvcli.egg-info/SOURCES.txt'
[0.857s] running build
[0.857s] running build_py
[0.858s] running install
[0.858s] /usr/lib/python3/dist-packages/setuptools/command/install.py:34: SetuptoolsDeprecationWarning: setup.py install is deprecated. Use build and pip and other standards-based tools.
[0.858s]   warnings.warn(
[0.858s] running install_lib
[0.859s] byte-compiling /home/aadesh/catkin_ws/install/py_srvcli/lib/python3.10/site-packages/py_srvcli/velocity_controller copy.py to velocity_controller copy.cpython-310.pyc
[0.860s] Sorry: TabError: inconsistent use of tabs and spaces in indentation (velocity_controller copy.py, line 50)
[0.860s] running install_data
[0.860s] running install_egg_info
[0.862s] removing '/home/aadesh/catkin_ws/install/py_srvcli/lib/python3.10/site-packages/py_srvcli-0.0.0-py3.10.egg-info' (and everything under it)
[0.862s] Copying ../../../build/py_srvcli/py_srvcli.egg-info to /home/aadesh/catkin_ws/install/py_srvcli/lib/python3.10/site-packages/py_srvcli-0.0.0-py3.10.egg-info
[0.863s] running install_scripts
[0.883s] Installing control script to /home/aadesh/catkin_ws/install/py_srvcli/lib/py_srvcli
[0.884s] Installing listener script to /home/aadesh/catkin_ws/install/py_srvcli/lib/py_srvcli
[0.884s] Installing service script to /home/aadesh/catkin_ws/install/py_srvcli/lib/py_srvcli
[0.884s] Installing vel script to /home/aadesh/catkin_ws/install/py_srvcli/lib/py_srvcli
[0.884s] writing list of installed files to '/home/aadesh/catkin_ws/build/py_srvcli/install.log'
[0.909s] Invoked command in '/home/aadesh/catkin_ws/src/Foundation_Project/py_srvcli' returned '0': PYTHONPATH=/home/aadesh/catkin_ws/install/py_srvcli/lib/python3.10/site-packages:${PYTHONPATH} /usr/bin/python3 setup.py egg_info --egg-base ../../../build/py_srvcli build --build-base /home/aadesh/catkin_ws/build/py_srvcli/build install --prefix /home/aadesh/catkin_ws/install/py_srvcli --record /home/aadesh/catkin_ws/build/py_srvcli/install.log --single-version-externally-managed
