[0.332s] Invoking command in '/home/asureshkumar/catkin_ws/build/ikinterface': CMAKE_PREFIX_PATH=${CMAKE_PREFIX_PATH}:/home/asureshkumar/catkin_ws/install/py_srvcli:/home/asureshkumar/catkin_ws/install/FK:/opt/ros/humble /usr/bin/cmake --build /home/asureshkumar/catkin_ws/build/ikinterface -- -j8 -l8
[0.388s] [  3%] Built target ikinterface__cpp
[0.388s] [ 12%] Built target ikinterface__rosidl_generator_c
[0.400s] [ 12%] Built target ament_cmake_python_copy_ikinterface
[0.425s] [ 22%] Built target ikinterface__rosidl_typesupport_cpp
[0.426s] [ 32%] Built target ikinterface__rosidl_typesupport_introspection_cpp
[0.427s] [ 48%] Built target ikinterface__rosidl_typesupport_fastrtps_c
[0.428s] [ 51%] Built target ikinterface__rosidl_typesupport_fastrtps_cpp
[0.433s] [ 61%] Built target ikinterface__rosidl_typesupport_c
[0.434s] [ 70%] Built target ikinterface__rosidl_typesupport_introspection_c
[0.459s] [ 70%] Built target ikinterface
[0.483s] [ 74%] Built target ikinterface__py
[0.512s] [ 80%] Built target ikinterface__rosidl_generator_py
[0.542s] [ 87%] Built target ikinterface__rosidl_typesupport_introspection_c__pyext
[0.543s] [ 93%] Built target ikinterface__rosidl_typesupport_c__pyext
[0.547s] [100%] Built target ikinterface__rosidl_typesupport_fastrtps_c__pyext
[0.759s] running egg_info
[0.761s] writing ikinterface.egg-info/PKG-INFO
[0.761s] writing dependency_links to ikinterface.egg-info/dependency_links.txt
[0.761s] writing top-level names to ikinterface.egg-info/top_level.txt
[0.764s] reading manifest file 'ikinterface.egg-info/SOURCES.txt'
[0.765s] writing manifest file 'ikinterface.egg-info/SOURCES.txt'
[0.800s] [100%] Built target ament_cmake_python_build_ikinterface_egg
[0.829s] Invoked command in '/home/asureshkumar/catkin_ws/build/ikinterface' returned '0': CMAKE_PREFIX_PATH=${CMAKE_PREFIX_PATH}:/home/asureshkumar/catkin_ws/install/py_srvcli:/home/asureshkumar/catkin_ws/install/FK:/opt/ros/humble /usr/bin/cmake --build /home/asureshkumar/catkin_ws/build/ikinterface -- -j8 -l8
[0.907s] Invoking command in '/home/asureshkumar/catkin_ws/build/ikinterface': CMAKE_PREFIX_PATH=${CMAKE_PREFIX_PATH}:/home/asureshkumar/catkin_ws/install/py_srvcli:/home/asureshkumar/catkin_ws/install/FK:/opt/ros/humble /usr/bin/cmake --install /home/asureshkumar/catkin_ws/build/ikinterface
[0.919s] -- Install configuration: ""
[0.919s] -- Up-to-date: /home/asureshkumar/catkin_ws/install/ikinterface/share/ament_index/resource_index/rosidl_interfaces/ikinterface
[0.919s] -- Up-to-date: /home/asureshkumar/catkin_ws/install/ikinterface/include/ikinterface/ikinterface
[0.920s] -- Up-to-date: /home/asureshkumar/catkin_ws/install/ikinterface/include/ikinterface/ikinterface/srv
[0.920s] -- Up-to-date: /home/asureshkumar/catkin_ws/install/ikinterface/include/ikinterface/ikinterface/srv/fvel.h
[0.920s] -- Up-to-date: /home/asureshkumar/catkin_ws/install/ikinterface/include/ikinterface/ikinterface/srv/detail
[0.920s] -- Up-to-date: /home/asureshkumar/catkin_ws/install/ikinterface/include/ikinterface/ikinterface/srv/detail/fvel__functions.h
[0.920s] -- Up-to-date: /home/asureshkumar/catkin_ws/install/ikinterface/include/ikinterface/ikinterface/srv/detail/ref__struct.h
[0.921s] -- Up-to-date: /home/asureshkumar/catkin_ws/install/ikinterface/include/ikinterface/ikinterface/srv/detail/ref__functions.h
[0.921s] -- Up-to-date: /home/asureshkumar/catkin_ws/install/ikinterface/include/ikinterface/ikinterface/srv/detail/fvel__functions.c
[0.921s] -- Up-to-date: /home/asureshkumar/catkin_ws/install/ikinterface/include/ikinterface/ikinterface/srv/detail/ref__type_support.h
[0.921s] -- Up-to-date: /home/asureshkumar/catkin_ws/install/ikinterface/include/ikinterface/ikinterface/srv/detail/ref__functions.c
[0.921s] -- Up-to-date: /home/asureshkumar/catkin_ws/install/ikinterface/include/ikinterface/ikinterface/srv/detail/fvel__struct.h
[0.921s] -- Up-to-date: /home/asureshkumar/catkin_ws/install/ikinterface/include/ikinterface/ikinterface/srv/detail/fvel__type_support.h
[0.922s] -- Up-to-date: /home/asureshkumar/catkin_ws/install/ikinterface/include/ikinterface/ikinterface/srv/ref.h
[0.922s] -- Up-to-date: /home/asureshkumar/catkin_ws/install/ikinterface/include/ikinterface/ikinterface/msg
[0.922s] -- Up-to-date: /home/asureshkumar/catkin_ws/install/ikinterface/include/ikinterface/ikinterface/msg/rosidl_generator_c__visibility_control.h
[0.922s] -- Up-to-date: /home/asureshkumar/catkin_ws/install/ikinterface/share/ikinterface/environment/library_path.sh
[0.923s] -- Up-to-date: /home/asureshkumar/catkin_ws/install/ikinterface/share/ikinterface/environment/library_path.dsv
[0.923s] -- Up-to-date: /home/asureshkumar/catkin_ws/install/ikinterface/lib/libikinterface__rosidl_generator_c.so
[0.923s] -- Up-to-date: /home/asureshkumar/catkin_ws/install/ikinterface/include/ikinterface/ikinterface
[0.923s] -- Up-to-date: /home/asureshkumar/catkin_ws/install/ikinterface/include/ikinterface/ikinterface/srv
[0.923s] -- Up-to-date: /home/asureshkumar/catkin_ws/install/ikinterface/include/ikinterface/ikinterface/srv/detail
[0.923s] -- Up-to-date: /home/asureshkumar/catkin_ws/install/ikinterface/include/ikinterface/ikinterface/srv/detail/ref__rosidl_typesupport_fastrtps_c.h
[0.924s] -- Up-to-date: /home/asureshkumar/catkin_ws/install/ikinterface/include/ikinterface/ikinterface/srv/detail/fvel__rosidl_typesupport_fastrtps_c.h
[0.924s] -- Up-to-date: /home/asureshkumar/catkin_ws/install/ikinterface/include/ikinterface/ikinterface/msg
[0.924s] -- Up-to-date: /home/asureshkumar/catkin_ws/install/ikinterface/include/ikinterface/ikinterface/msg/rosidl_typesupport_fastrtps_c__visibility_control.h
[0.925s] -- Up-to-date: /home/asureshkumar/catkin_ws/install/ikinterface/lib/libikinterface__rosidl_typesupport_fastrtps_c.so
[0.925s] -- Up-to-date: /home/asureshkumar/catkin_ws/install/ikinterface/include/ikinterface/ikinterface
[0.925s] -- Up-to-date: /home/asureshkumar/catkin_ws/install/ikinterface/include/ikinterface/ikinterface/srv
[0.925s] -- Up-to-date: /home/asureshkumar/catkin_ws/install/ikinterface/include/ikinterface/ikinterface/srv/detail
[0.925s] -- Up-to-date: /home/asureshkumar/catkin_ws/install/ikinterface/include/ikinterface/ikinterface/srv/detail/ref__type_support.c
[0.925s] -- Up-to-date: /home/asureshkumar/catkin_ws/install/ikinterface/include/ikinterface/ikinterface/srv/detail/fvel__rosidl_typesupport_introspection_c.h
[0.926s] -- Up-to-date: /home/asureshkumar/catkin_ws/install/ikinterface/include/ikinterface/ikinterface/srv/detail/ref__rosidl_typesupport_introspection_c.h
[0.926s] -- Up-to-date: /home/asureshkumar/catkin_ws/install/ikinterface/include/ikinterface/ikinterface/srv/detail/fvel__type_support.c
[0.926s] -- Up-to-date: /home/asureshkumar/catkin_ws/install/ikinterface/include/ikinterface/ikinterface/msg
[0.926s] -- Up-to-date: /home/asureshkumar/catkin_ws/install/ikinterface/include/ikinterface/ikinterface/msg/rosidl_typesupport_introspection_c__visibility_control.h
[0.926s] -- Up-to-date: /home/asureshkumar/catkin_ws/install/ikinterface/lib/libikinterface__rosidl_typesupport_introspection_c.so
[0.926s] -- Up-to-date: /home/asureshkumar/catkin_ws/install/ikinterface/lib/libikinterface__rosidl_typesupport_c.so
[0.927s] -- Up-to-date: /home/asureshkumar/catkin_ws/install/ikinterface/include/ikinterface/ikinterface
[0.927s] -- Up-to-date: /home/asureshkumar/catkin_ws/install/ikinterface/include/ikinterface/ikinterface/srv
[0.927s] -- Up-to-date: /home/asureshkumar/catkin_ws/install/ikinterface/include/ikinterface/ikinterface/srv/detail
[0.927s] -- Up-to-date: /home/asureshkumar/catkin_ws/install/ikinterface/include/ikinterface/ikinterface/srv/detail/fvel__traits.hpp
[0.927s] -- Up-to-date: /home/asureshkumar/catkin_ws/install/ikinterface/include/ikinterface/ikinterface/srv/detail/ref__traits.hpp
[0.927s] -- Up-to-date: /home/asureshkumar/catkin_ws/install/ikinterface/include/ikinterface/ikinterface/srv/detail/ref__struct.hpp
[0.928s] -- Up-to-date: /home/asureshkumar/catkin_ws/install/ikinterface/include/ikinterface/ikinterface/srv/detail/fvel__struct.hpp
[0.928s] -- Up-to-date: /home/asureshkumar/catkin_ws/install/ikinterface/include/ikinterface/ikinterface/srv/detail/fvel__builder.hpp
[0.929s] -- Up-to-date: /home/asureshkumar/catkin_ws/install/ikinterface/include/ikinterface/ikinterface/srv/detail/ref__builder.hpp
[0.930s] -- Up-to-date: /home/asureshkumar/catkin_ws/install/ikinterface/include/ikinterface/ikinterface/srv/ref.hpp
[0.931s] -- Up-to-date: /home/asureshkumar/catkin_ws/install/ikinterface/include/ikinterface/ikinterface/srv/fvel.hpp
[0.931s] -- Up-to-date: /home/asureshkumar/catkin_ws/install/ikinterface/include/ikinterface/ikinterface
[0.931s] -- Up-to-date: /home/asureshkumar/catkin_ws/install/ikinterface/include/ikinterface/ikinterface/srv
[0.931s] -- Up-to-date: /home/asureshkumar/catkin_ws/install/ikinterface/include/ikinterface/ikinterface/srv/detail
[0.931s] -- Up-to-date: /home/asureshkumar/catkin_ws/install/ikinterface/include/ikinterface/ikinterface/srv/detail/ref__rosidl_typesupport_fastrtps_cpp.hpp
[0.932s] -- Up-to-date: /home/asureshkumar/catkin_ws/install/ikinterface/include/ikinterface/ikinterface/srv/detail/fvel__rosidl_typesupport_fastrtps_cpp.hpp
[0.932s] -- Up-to-date: /home/asureshkumar/catkin_ws/install/ikinterface/include/ikinterface/ikinterface/srv/detail/dds_fastrtps
[0.932s] -- Up-to-date: /home/asureshkumar/catkin_ws/install/ikinterface/include/ikinterface/ikinterface/msg
[0.932s] -- Up-to-date: /home/asureshkumar/catkin_ws/install/ikinterface/include/ikinterface/ikinterface/msg/rosidl_typesupport_fastrtps_cpp__visibility_control.h
[0.932s] -- Up-to-date: /home/asureshkumar/catkin_ws/install/ikinterface/lib/libikinterface__rosidl_typesupport_fastrtps_cpp.so
[0.932s] -- Up-to-date: /home/asureshkumar/catkin_ws/install/ikinterface/include/ikinterface/ikinterface
[0.933s] -- Up-to-date: /home/asureshkumar/catkin_ws/install/ikinterface/include/ikinterface/ikinterface/srv
[0.933s] -- Up-to-date: /home/asureshkumar/catkin_ws/install/ikinterface/include/ikinterface/ikinterface/srv/detail
[0.933s] -- Up-to-date: /home/asureshkumar/catkin_ws/install/ikinterface/include/ikinterface/ikinterface/srv/detail/fvel__rosidl_typesupport_introspection_cpp.hpp
[0.933s] -- Up-to-date: /home/asureshkumar/catkin_ws/install/ikinterface/include/ikinterface/ikinterface/srv/detail/ref__type_support.cpp
[0.933s] -- Up-to-date: /home/asureshkumar/catkin_ws/install/ikinterface/include/ikinterface/ikinterface/srv/detail/fvel__type_support.cpp
[0.933s] -- Up-to-date: /home/asureshkumar/catkin_ws/install/ikinterface/include/ikinterface/ikinterface/srv/detail/ref__rosidl_typesupport_introspection_cpp.hpp
[0.934s] -- Up-to-date: /home/asureshkumar/catkin_ws/install/ikinterface/lib/libikinterface__rosidl_typesupport_introspection_cpp.so
[0.934s] -- Up-to-date: /home/asureshkumar/catkin_ws/install/ikinterface/lib/libikinterface__rosidl_typesupport_cpp.so
[0.934s] -- Up-to-date: /home/asureshkumar/catkin_ws/install/ikinterface/share/ikinterface/environment/pythonpath.sh
[0.934s] -- Up-to-date: /home/asureshkumar/catkin_ws/install/ikinterface/share/ikinterface/environment/pythonpath.dsv
[0.934s] -- Up-to-date: /home/asureshkumar/catkin_ws/install/ikinterface/local/lib/python3.10/dist-packages/ikinterface-0.0.0-py3.10.egg-info
[0.934s] -- Installing: /home/asureshkumar/catkin_ws/install/ikinterface/local/lib/python3.10/dist-packages/ikinterface-0.0.0-py3.10.egg-info/top_level.txt
[0.935s] -- Installing: /home/asureshkumar/catkin_ws/install/ikinterface/local/lib/python3.10/dist-packages/ikinterface-0.0.0-py3.10.egg-info/SOURCES.txt
[0.935s] -- Installing: /home/asureshkumar/catkin_ws/install/ikinterface/local/lib/python3.10/dist-packages/ikinterface-0.0.0-py3.10.egg-info/PKG-INFO
[0.935s] -- Installing: /home/asureshkumar/catkin_ws/install/ikinterface/local/lib/python3.10/dist-packages/ikinterface-0.0.0-py3.10.egg-info/dependency_links.txt
[0.935s] -- Up-to-date: /home/asureshkumar/catkin_ws/install/ikinterface/local/lib/python3.10/dist-packages/ikinterface
[0.935s] -- Up-to-date: /home/asureshkumar/catkin_ws/install/ikinterface/local/lib/python3.10/dist-packages/ikinterface/__init__.py
[0.935s] -- Up-to-date: /home/asureshkumar/catkin_ws/install/ikinterface/local/lib/python3.10/dist-packages/ikinterface/_ikinterface_s.ep.rosidl_typesupport_c.c
[0.935s] -- Up-to-date: /home/asureshkumar/catkin_ws/install/ikinterface/local/lib/python3.10/dist-packages/ikinterface/_ikinterface_s.ep.rosidl_typesupport_introspection_c.c
[0.936s] -- Up-to-date: /home/asureshkumar/catkin_ws/install/ikinterface/local/lib/python3.10/dist-packages/ikinterface/srv
[0.936s] -- Up-to-date: /home/asureshkumar/catkin_ws/install/ikinterface/local/lib/python3.10/dist-packages/ikinterface/srv/__init__.py
[0.936s] -- Up-to-date: /home/asureshkumar/catkin_ws/install/ikinterface/local/lib/python3.10/dist-packages/ikinterface/srv/_ref_s.c
[0.936s] -- Up-to-date: /home/asureshkumar/catkin_ws/install/ikinterface/local/lib/python3.10/dist-packages/ikinterface/srv/_fvel_s.c
[0.936s] -- Up-to-date: /home/asureshkumar/catkin_ws/install/ikinterface/local/lib/python3.10/dist-packages/ikinterface/srv/_fvel.py
[0.936s] -- Up-to-date: /home/asureshkumar/catkin_ws/install/ikinterface/local/lib/python3.10/dist-packages/ikinterface/srv/_ref.py
[0.936s] -- Up-to-date: /home/asureshkumar/catkin_ws/install/ikinterface/local/lib/python3.10/dist-packages/ikinterface/ikinterface_s__rosidl_typesupport_c.cpython-310-x86_64-linux-gnu.so
[0.937s] -- Up-to-date: /home/asureshkumar/catkin_ws/install/ikinterface/local/lib/python3.10/dist-packages/ikinterface/ikinterface_s__rosidl_typesupport_fastrtps_c.cpython-310-x86_64-linux-gnu.so
[0.937s] -- Up-to-date: /home/asureshkumar/catkin_ws/install/ikinterface/local/lib/python3.10/dist-packages/ikinterface/_ikinterface_s.ep.rosidl_typesupport_fastrtps_c.c
[0.937s] -- Up-to-date: /home/asureshkumar/catkin_ws/install/ikinterface/local/lib/python3.10/dist-packages/ikinterface/libikinterface__rosidl_generator_py.so
[0.937s] -- Up-to-date: /home/asureshkumar/catkin_ws/install/ikinterface/local/lib/python3.10/dist-packages/ikinterface/ikinterface_s__rosidl_typesupport_introspection_c.cpython-310-x86_64-linux-gnu.so
[0.972s] Listing '/home/asureshkumar/catkin_ws/install/ikinterface/local/lib/python3.10/dist-packages/ikinterface'...
[0.972s] Listing '/home/asureshkumar/catkin_ws/install/ikinterface/local/lib/python3.10/dist-packages/ikinterface/srv'...
[0.986s] -- Up-to-date: /home/asureshkumar/catkin_ws/install/ikinterface/local/lib/python3.10/dist-packages/ikinterface/ikinterface_s__rosidl_typesupport_fastrtps_c.cpython-310-x86_64-linux-gnu.so
[0.987s] -- Up-to-date: /home/asureshkumar/catkin_ws/install/ikinterface/local/lib/python3.10/dist-packages/ikinterface/ikinterface_s__rosidl_typesupport_introspection_c.cpython-310-x86_64-linux-gnu.so
[0.987s] -- Up-to-date: /home/asureshkumar/catkin_ws/install/ikinterface/local/lib/python3.10/dist-packages/ikinterface/ikinterface_s__rosidl_typesupport_c.cpython-310-x86_64-linux-gnu.so
[0.988s] -- Up-to-date: /home/asureshkumar/catkin_ws/install/ikinterface/lib/libikinterface__rosidl_generator_py.so
[0.988s] -- Up-to-date: /home/asureshkumar/catkin_ws/install/ikinterface/share/ikinterface/srv/Fvel.idl
[0.988s] -- Up-to-date: /home/asureshkumar/catkin_ws/install/ikinterface/share/ikinterface/srv/Fvel.srv
[0.988s] -- Up-to-date: /home/asureshkumar/catkin_ws/install/ikinterface/share/ikinterface/srv/Fvel_Request.msg
[0.989s] -- Up-to-date: /home/asureshkumar/catkin_ws/install/ikinterface/share/ikinterface/srv/Fvel_Response.msg
[0.989s] -- Up-to-date: /home/asureshkumar/catkin_ws/install/ikinterface/share/ament_index/resource_index/package_run_dependencies/ikinterface
[0.989s] -- Up-to-date: /home/asureshkumar/catkin_ws/install/ikinterface/share/ament_index/resource_index/parent_prefix_path/ikinterface
[0.989s] -- Up-to-date: /home/asureshkumar/catkin_ws/install/ikinterface/share/ikinterface/environment/ament_prefix_path.sh
[0.989s] -- Up-to-date: /home/asureshkumar/catkin_ws/install/ikinterface/share/ikinterface/environment/ament_prefix_path.dsv
[0.990s] -- Up-to-date: /home/asureshkumar/catkin_ws/install/ikinterface/share/ikinterface/environment/path.sh
[0.990s] -- Up-to-date: /home/asureshkumar/catkin_ws/install/ikinterface/share/ikinterface/environment/path.dsv
[0.990s] -- Up-to-date: /home/asureshkumar/catkin_ws/install/ikinterface/share/ikinterface/local_setup.bash
[0.990s] -- Up-to-date: /home/asureshkumar/catkin_ws/install/ikinterface/share/ikinterface/local_setup.sh
[0.990s] -- Up-to-date: /home/asureshkumar/catkin_ws/install/ikinterface/share/ikinterface/local_setup.zsh
[0.991s] -- Up-to-date: /home/asureshkumar/catkin_ws/install/ikinterface/share/ikinterface/local_setup.dsv
[0.994s] -- Installing: /home/asureshkumar/catkin_ws/install/ikinterface/share/ikinterface/package.dsv
[0.994s] -- Up-to-date: /home/asureshkumar/catkin_ws/install/ikinterface/share/ament_index/resource_index/packages/ikinterface
[0.995s] -- Up-to-date: /home/asureshkumar/catkin_ws/install/ikinterface/share/ikinterface/cmake/export_ikinterface__rosidl_generator_cExport.cmake
[0.995s] -- Up-to-date: /home/asureshkumar/catkin_ws/install/ikinterface/share/ikinterface/cmake/export_ikinterface__rosidl_generator_cExport-noconfig.cmake
[0.995s] -- Up-to-date: /home/asureshkumar/catkin_ws/install/ikinterface/share/ikinterface/cmake/export_ikinterface__rosidl_typesupport_fastrtps_cExport.cmake
[0.995s] -- Up-to-date: /home/asureshkumar/catkin_ws/install/ikinterface/share/ikinterface/cmake/export_ikinterface__rosidl_typesupport_fastrtps_cExport-noconfig.cmake
[0.996s] -- Up-to-date: /home/asureshkumar/catkin_ws/install/ikinterface/share/ikinterface/cmake/ikinterface__rosidl_typesupport_introspection_cExport.cmake
[0.996s] -- Up-to-date: /home/asureshkumar/catkin_ws/install/ikinterface/share/ikinterface/cmake/ikinterface__rosidl_typesupport_introspection_cExport-noconfig.cmake
[0.996s] -- Up-to-date: /home/asureshkumar/catkin_ws/install/ikinterface/share/ikinterface/cmake/ikinterface__rosidl_typesupport_cExport.cmake
[0.997s] -- Up-to-date: /home/asureshkumar/catkin_ws/install/ikinterface/share/ikinterface/cmake/ikinterface__rosidl_typesupport_cExport-noconfig.cmake
[0.997s] -- Up-to-date: /home/asureshkumar/catkin_ws/install/ikinterface/share/ikinterface/cmake/export_ikinterface__rosidl_generator_cppExport.cmake
[0.997s] -- Up-to-date: /home/asureshkumar/catkin_ws/install/ikinterface/share/ikinterface/cmake/export_ikinterface__rosidl_typesupport_fastrtps_cppExport.cmake
[0.998s] -- Up-to-date: /home/asureshkumar/catkin_ws/install/ikinterface/share/ikinterface/cmake/export_ikinterface__rosidl_typesupport_fastrtps_cppExport-noconfig.cmake
[0.998s] -- Up-to-date: /home/asureshkumar/catkin_ws/install/ikinterface/share/ikinterface/cmake/ikinterface__rosidl_typesupport_introspection_cppExport.cmake
[1.002s] -- Up-to-date: /home/asureshkumar/catkin_ws/install/ikinterface/share/ikinterface/cmake/ikinterface__rosidl_typesupport_introspection_cppExport-noconfig.cmake
[1.003s] -- Up-to-date: /home/asureshkumar/catkin_ws/install/ikinterface/share/ikinterface/cmake/ikinterface__rosidl_typesupport_cppExport.cmake
[1.003s] -- Up-to-date: /home/asureshkumar/catkin_ws/install/ikinterface/share/ikinterface/cmake/ikinterface__rosidl_typesupport_cppExport-noconfig.cmake
[1.003s] -- Up-to-date: /home/asureshkumar/catkin_ws/install/ikinterface/share/ikinterface/cmake/export_ikinterface__rosidl_generator_pyExport.cmake
[1.004s] -- Up-to-date: /home/asureshkumar/catkin_ws/install/ikinterface/share/ikinterface/cmake/export_ikinterface__rosidl_generator_pyExport-noconfig.cmake
[1.004s] -- Up-to-date: /home/asureshkumar/catkin_ws/install/ikinterface/share/ikinterface/cmake/rosidl_cmake-extras.cmake
[1.004s] -- Up-to-date: /home/asureshkumar/catkin_ws/install/ikinterface/share/ikinterface/cmake/ament_cmake_export_include_directories-extras.cmake
[1.005s] -- Up-to-date: /home/asureshkumar/catkin_ws/install/ikinterface/share/ikinterface/cmake/ament_cmake_export_libraries-extras.cmake
[1.005s] -- Up-to-date: /home/asureshkumar/catkin_ws/install/ikinterface/share/ikinterface/cmake/ament_cmake_export_targets-extras.cmake
[1.005s] -- Up-to-date: /home/asureshkumar/catkin_ws/install/ikinterface/share/ikinterface/cmake/rosidl_cmake_export_typesupport_targets-extras.cmake
[1.005s] -- Up-to-date: /home/asureshkumar/catkin_ws/install/ikinterface/share/ikinterface/cmake/ament_cmake_export_dependencies-extras.cmake
[1.006s] -- Up-to-date: /home/asureshkumar/catkin_ws/install/ikinterface/share/ikinterface/cmake/rosidl_cmake_export_typesupport_libraries-extras.cmake
[1.006s] -- Up-to-date: /home/asureshkumar/catkin_ws/install/ikinterface/share/ikinterface/cmake/ikinterfaceConfig.cmake
[1.006s] -- Up-to-date: /home/asureshkumar/catkin_ws/install/ikinterface/share/ikinterface/cmake/ikinterfaceConfig-version.cmake
[1.006s] -- Up-to-date: /home/asureshkumar/catkin_ws/install/ikinterface/share/ikinterface/package.xml
[1.015s] Invoked command in '/home/asureshkumar/catkin_ws/build/ikinterface' returned '0': CMAKE_PREFIX_PATH=${CMAKE_PREFIX_PATH}:/home/asureshkumar/catkin_ws/install/py_srvcli:/home/asureshkumar/catkin_ws/install/FK:/opt/ros/humble /usr/bin/cmake --install /home/asureshkumar/catkin_ws/build/ikinterface
