[0.875s] DEBUG:colcon:Command line arguments: ['/usr/bin/colcon', 'build', '--packages-select', 'py_srvcli']
[0.875s] DEBUG:colcon:Parsed command line arguments: Namespace(log_base=None, log_level=None, verb_name='build', build_base='build', install_base='install', merge_install=False, symlink_install=False, test_result_base=None, continue_on_error=False, executor='parallel', parallel_workers=8, event_handlers=None, ignore_user_meta=False, metas=['./colcon.meta'], base_paths=['.'], packages_ignore=None, packages_ignore_regex=None, paths=None, packages_up_to=None, packages_up_to_regex=None, packages_above=None, packages_above_and_dependencies=None, packages_above_depth=None, packages_select_by_dep=None, packages_skip_by_dep=None, packages_skip_up_to=None, packages_select_build_failed=False, packages_skip_build_finished=False, packages_select_test_failures=False, packages_skip_test_passed=False, packages_select=['py_srvcli'], packages_skip=None, packages_select_regex=None, packages_skip_regex=None, packages_start=None, packages_end=None, allow_overriding=[], cmake_args=None, cmake_target=None, cmake_target_skip_unavailable=False, cmake_clean_cache=False, cmake_clean_first=False, cmake_force_configure=False, ament_cmake_args=None, catkin_cmake_args=None, catkin_skip_building_tests=False, verb_parser=<colcon_defaults.argument_parser.defaults.DefaultArgumentsDecorator object at 0x7f0c96a37940>, verb_extension=<colcon_core.verb.build.BuildVerb object at 0x7f0c973a6bf0>, main=<bound method BuildVerb.main of <colcon_core.verb.build.BuildVerb object at 0x7f0c973a6bf0>>)
[0.972s] Level 1:colcon.colcon_core.package_discovery:discover_packages(colcon_meta) check parameters
[0.972s] Level 1:colcon.colcon_core.package_discovery:discover_packages(recursive) check parameters
[0.972s] Level 1:colcon.colcon_core.package_discovery:discover_packages(ignore) check parameters
[0.972s] Level 1:colcon.colcon_core.package_discovery:discover_packages(path) check parameters
[0.972s] Level 1:colcon.colcon_core.package_discovery:discover_packages(colcon_meta) discover
[0.972s] Level 1:colcon.colcon_core.package_discovery:discover_packages(recursive) discover
[0.972s] INFO:colcon.colcon_core.package_discovery:Crawling recursively for packages in '/home/aadesh/catkin_ws'
[0.972s] Level 1:colcon.colcon_core.package_identification:_identify(.) by extensions ['ignore', 'ignore_ament_install']
[0.973s] Level 1:colcon.colcon_core.package_identification:_identify(.) by extension 'ignore'
[0.973s] Level 1:colcon.colcon_core.package_identification:_identify(.) by extension 'ignore_ament_install'
[0.973s] Level 1:colcon.colcon_core.package_identification:_identify(.) by extensions ['colcon_pkg']
[0.973s] Level 1:colcon.colcon_core.package_identification:_identify(.) by extension 'colcon_pkg'
[0.973s] Level 1:colcon.colcon_core.package_identification:_identify(.) by extensions ['colcon_meta']
[0.973s] Level 1:colcon.colcon_core.package_identification:_identify(.) by extension 'colcon_meta'
[0.973s] Level 1:colcon.colcon_core.package_identification:_identify(.) by extensions ['ros']
[0.973s] Level 1:colcon.colcon_core.package_identification:_identify(.) by extension 'ros'
[1.043s] Level 1:colcon.colcon_core.package_identification:_identify(.) by extensions ['cmake', 'python']
[1.043s] Level 1:colcon.colcon_core.package_identification:_identify(.) by extension 'cmake'
[1.043s] Level 1:colcon.colcon_core.package_identification:_identify(.) by extension 'python'
[1.043s] Level 1:colcon.colcon_core.package_identification:_identify(.) by extensions ['python_setup_py']
[1.043s] Level 1:colcon.colcon_core.package_identification:_identify(.) by extension 'python_setup_py'
[1.043s] Level 1:colcon.colcon_core.package_identification:_identify(build) by extensions ['ignore', 'ignore_ament_install']
[1.044s] Level 1:colcon.colcon_core.package_identification:_identify(build) by extension 'ignore'
[1.044s] Level 1:colcon.colcon_core.package_identification:_identify(build) ignored
[1.044s] Level 1:colcon.colcon_core.package_identification:_identify(install) by extensions ['ignore', 'ignore_ament_install']
[1.044s] Level 1:colcon.colcon_core.package_identification:_identify(install) by extension 'ignore'
[1.044s] Level 1:colcon.colcon_core.package_identification:_identify(install) ignored
[1.045s] Level 1:colcon.colcon_core.package_identification:_identify(log) by extensions ['ignore', 'ignore_ament_install']
[1.047s] Level 1:colcon.colcon_core.package_identification:_identify(log) by extension 'ignore'
[1.048s] Level 1:colcon.colcon_core.package_identification:_identify(log) ignored
[1.049s] Level 1:colcon.colcon_core.package_identification:_identify(src) by extensions ['ignore', 'ignore_ament_install']
[1.050s] Level 1:colcon.colcon_core.package_identification:_identify(src) by extension 'ignore'
[1.051s] Level 1:colcon.colcon_core.package_identification:_identify(src) by extension 'ignore_ament_install'
[1.051s] Level 1:colcon.colcon_core.package_identification:_identify(src) by extensions ['colcon_pkg']
[1.051s] Level 1:colcon.colcon_core.package_identification:_identify(src) by extension 'colcon_pkg'
[1.051s] Level 1:colcon.colcon_core.package_identification:_identify(src) by extensions ['colcon_meta']
[1.051s] Level 1:colcon.colcon_core.package_identification:_identify(src) by extension 'colcon_meta'
[1.052s] Level 1:colcon.colcon_core.package_identification:_identify(src) by extensions ['ros']
[1.052s] Level 1:colcon.colcon_core.package_identification:_identify(src) by extension 'ros'
[1.052s] Level 1:colcon.colcon_core.package_identification:_identify(src) by extensions ['cmake', 'python']
[1.052s] Level 1:colcon.colcon_core.package_identification:_identify(src) by extension 'cmake'
[1.052s] Level 1:colcon.colcon_core.package_identification:_identify(src) by extension 'python'
[1.052s] Level 1:colcon.colcon_core.package_identification:_identify(src) by extensions ['python_setup_py']
[1.052s] Level 1:colcon.colcon_core.package_identification:_identify(src) by extension 'python_setup_py'
[1.053s] Level 1:colcon.colcon_core.package_identification:_identify(src/FK) by extensions ['ignore', 'ignore_ament_install']
[1.053s] Level 1:colcon.colcon_core.package_identification:_identify(src/FK) by extension 'ignore'
[1.053s] Level 1:colcon.colcon_core.package_identification:_identify(src/FK) by extension 'ignore_ament_install'
[1.053s] Level 1:colcon.colcon_core.package_identification:_identify(src/FK) by extensions ['colcon_pkg']
[1.053s] Level 1:colcon.colcon_core.package_identification:_identify(src/FK) by extension 'colcon_pkg'
[1.053s] Level 1:colcon.colcon_core.package_identification:_identify(src/FK) by extensions ['colcon_meta']
[1.053s] Level 1:colcon.colcon_core.package_identification:_identify(src/FK) by extension 'colcon_meta'
[1.053s] Level 1:colcon.colcon_core.package_identification:_identify(src/FK) by extensions ['ros']
[1.053s] Level 1:colcon.colcon_core.package_identification:_identify(src/FK) by extension 'ros'
[1.060s] DEBUG:colcon.colcon_core.package_identification:Package 'src/FK' with type 'ros.ament_python' and name 'FK'
[1.060s] Level 1:colcon.colcon_core.package_identification:_identify(src/Foundation_Project) by extensions ['ignore', 'ignore_ament_install']
[1.060s] Level 1:colcon.colcon_core.package_identification:_identify(src/Foundation_Project) by extension 'ignore'
[1.060s] Level 1:colcon.colcon_core.package_identification:_identify(src/Foundation_Project) by extension 'ignore_ament_install'
[1.060s] Level 1:colcon.colcon_core.package_identification:_identify(src/Foundation_Project) by extensions ['colcon_pkg']
[1.060s] Level 1:colcon.colcon_core.package_identification:_identify(src/Foundation_Project) by extension 'colcon_pkg'
[1.060s] Level 1:colcon.colcon_core.package_identification:_identify(src/Foundation_Project) by extensions ['colcon_meta']
[1.060s] Level 1:colcon.colcon_core.package_identification:_identify(src/Foundation_Project) by extension 'colcon_meta'
[1.061s] Level 1:colcon.colcon_core.package_identification:_identify(src/Foundation_Project) by extensions ['ros']
[1.061s] Level 1:colcon.colcon_core.package_identification:_identify(src/Foundation_Project) by extension 'ros'
[1.061s] Level 1:colcon.colcon_core.package_identification:_identify(src/Foundation_Project) by extensions ['cmake', 'python']
[1.061s] Level 1:colcon.colcon_core.package_identification:_identify(src/Foundation_Project) by extension 'cmake'
[1.061s] Level 1:colcon.colcon_core.package_identification:_identify(src/Foundation_Project) by extension 'python'
[1.062s] Level 1:colcon.colcon_core.package_identification:_identify(src/Foundation_Project) by extensions ['python_setup_py']
[1.062s] Level 1:colcon.colcon_core.package_identification:_identify(src/Foundation_Project) by extension 'python_setup_py'
[1.064s] Level 1:colcon.colcon_core.package_identification:_identify(src/Foundation_Project/ikinterface) by extensions ['ignore', 'ignore_ament_install']
[1.065s] Level 1:colcon.colcon_core.package_identification:_identify(src/Foundation_Project/ikinterface) by extension 'ignore'
[1.066s] Level 1:colcon.colcon_core.package_identification:_identify(src/Foundation_Project/ikinterface) by extension 'ignore_ament_install'
[1.067s] Level 1:colcon.colcon_core.package_identification:_identify(src/Foundation_Project/ikinterface) by extensions ['colcon_pkg']
[1.067s] Level 1:colcon.colcon_core.package_identification:_identify(src/Foundation_Project/ikinterface) by extension 'colcon_pkg'
[1.067s] Level 1:colcon.colcon_core.package_identification:_identify(src/Foundation_Project/ikinterface) by extensions ['colcon_meta']
[1.067s] Level 1:colcon.colcon_core.package_identification:_identify(src/Foundation_Project/ikinterface) by extension 'colcon_meta'
[1.067s] Level 1:colcon.colcon_core.package_identification:_identify(src/Foundation_Project/ikinterface) by extensions ['ros']
[1.068s] Level 1:colcon.colcon_core.package_identification:_identify(src/Foundation_Project/ikinterface) by extension 'ros'
[1.069s] DEBUG:colcon.colcon_core.package_identification:Package 'src/Foundation_Project/ikinterface' with type 'ros.ament_cmake' and name 'ikinterface'
[1.070s] Level 1:colcon.colcon_core.package_identification:_identify(src/Foundation_Project/py_srvcli) by extensions ['ignore', 'ignore_ament_install']
[1.070s] Level 1:colcon.colcon_core.package_identification:_identify(src/Foundation_Project/py_srvcli) by extension 'ignore'
[1.070s] Level 1:colcon.colcon_core.package_identification:_identify(src/Foundation_Project/py_srvcli) by extension 'ignore_ament_install'
[1.071s] Level 1:colcon.colcon_core.package_identification:_identify(src/Foundation_Project/py_srvcli) by extensions ['colcon_pkg']
[1.071s] Level 1:colcon.colcon_core.package_identification:_identify(src/Foundation_Project/py_srvcli) by extension 'colcon_pkg'
[1.071s] Level 1:colcon.colcon_core.package_identification:_identify(src/Foundation_Project/py_srvcli) by extensions ['colcon_meta']
[1.072s] Level 1:colcon.colcon_core.package_identification:_identify(src/Foundation_Project/py_srvcli) by extension 'colcon_meta'
[1.072s] Level 1:colcon.colcon_core.package_identification:_identify(src/Foundation_Project/py_srvcli) by extensions ['ros']
[1.072s] Level 1:colcon.colcon_core.package_identification:_identify(src/Foundation_Project/py_srvcli) by extension 'ros'
[1.074s] DEBUG:colcon.colcon_core.package_identification:Package 'src/Foundation_Project/py_srvcli' with type 'ros.ament_python' and name 'py_srvcli'
[1.075s] Level 1:colcon.colcon_core.package_identification:_identify(src/build) by extensions ['ignore', 'ignore_ament_install']
[1.075s] Level 1:colcon.colcon_core.package_identification:_identify(src/build) by extension 'ignore'
[1.075s] Level 1:colcon.colcon_core.package_identification:_identify(src/build) ignored
[1.075s] Level 1:colcon.colcon_core.package_identification:_identify(src/install) by extensions ['ignore', 'ignore_ament_install']
[1.075s] Level 1:colcon.colcon_core.package_identification:_identify(src/install) by extension 'ignore'
[1.075s] Level 1:colcon.colcon_core.package_identification:_identify(src/install) ignored
[1.076s] Level 1:colcon.colcon_core.package_identification:_identify(src/log) by extensions ['ignore', 'ignore_ament_install']
[1.076s] Level 1:colcon.colcon_core.package_identification:_identify(src/log) by extension 'ignore'
[1.076s] Level 1:colcon.colcon_core.package_identification:_identify(src/log) ignored
[1.076s] Level 1:colcon.colcon_core.package_identification:_identify(src/rrbot_simulation_files) by extensions ['ignore', 'ignore_ament_install']
[1.078s] Level 1:colcon.colcon_core.package_identification:_identify(src/rrbot_simulation_files) by extension 'ignore'
[1.080s] Level 1:colcon.colcon_core.package_identification:_identify(src/rrbot_simulation_files) by extension 'ignore_ament_install'
[1.081s] Level 1:colcon.colcon_core.package_identification:_identify(src/rrbot_simulation_files) by extensions ['colcon_pkg']
[1.082s] Level 1:colcon.colcon_core.package_identification:_identify(src/rrbot_simulation_files) by extension 'colcon_pkg'
[1.083s] Level 1:colcon.colcon_core.package_identification:_identify(src/rrbot_simulation_files) by extensions ['colcon_meta']
[1.083s] Level 1:colcon.colcon_core.package_identification:_identify(src/rrbot_simulation_files) by extension 'colcon_meta'
[1.084s] Level 1:colcon.colcon_core.package_identification:_identify(src/rrbot_simulation_files) by extensions ['ros']
[1.084s] Level 1:colcon.colcon_core.package_identification:_identify(src/rrbot_simulation_files) by extension 'ros'
[1.084s] Level 1:colcon.colcon_core.package_identification:_identify(src/rrbot_simulation_files) by extensions ['cmake', 'python']
[1.084s] Level 1:colcon.colcon_core.package_identification:_identify(src/rrbot_simulation_files) by extension 'cmake'
[1.084s] Level 1:colcon.colcon_core.package_identification:_identify(src/rrbot_simulation_files) by extension 'python'
[1.084s] Level 1:colcon.colcon_core.package_identification:_identify(src/rrbot_simulation_files) by extensions ['python_setup_py']
[1.084s] Level 1:colcon.colcon_core.package_identification:_identify(src/rrbot_simulation_files) by extension 'python_setup_py'
[1.085s] Level 1:colcon.colcon_core.package_identification:_identify(src/rrbot_simulation_files/__MACOSX) by extensions ['ignore', 'ignore_ament_install']
[1.085s] Level 1:colcon.colcon_core.package_identification:_identify(src/rrbot_simulation_files/__MACOSX) by extension 'ignore'
[1.085s] Level 1:colcon.colcon_core.package_identification:_identify(src/rrbot_simulation_files/__MACOSX) by extension 'ignore_ament_install'
[1.085s] Level 1:colcon.colcon_core.package_identification:_identify(src/rrbot_simulation_files/__MACOSX) by extensions ['colcon_pkg']
[1.085s] Level 1:colcon.colcon_core.package_identification:_identify(src/rrbot_simulation_files/__MACOSX) by extension 'colcon_pkg'
[1.085s] Level 1:colcon.colcon_core.package_identification:_identify(src/rrbot_simulation_files/__MACOSX) by extensions ['colcon_meta']
[1.085s] Level 1:colcon.colcon_core.package_identification:_identify(src/rrbot_simulation_files/__MACOSX) by extension 'colcon_meta'
[1.086s] Level 1:colcon.colcon_core.package_identification:_identify(src/rrbot_simulation_files/__MACOSX) by extensions ['ros']
[1.086s] Level 1:colcon.colcon_core.package_identification:_identify(src/rrbot_simulation_files/__MACOSX) by extension 'ros'
[1.086s] Level 1:colcon.colcon_core.package_identification:_identify(src/rrbot_simulation_files/__MACOSX) by extensions ['cmake', 'python']
[1.086s] Level 1:colcon.colcon_core.package_identification:_identify(src/rrbot_simulation_files/__MACOSX) by extension 'cmake'
[1.086s] Level 1:colcon.colcon_core.package_identification:_identify(src/rrbot_simulation_files/__MACOSX) by extension 'python'
[1.087s] Level 1:colcon.colcon_core.package_identification:_identify(src/rrbot_simulation_files/__MACOSX) by extensions ['python_setup_py']
[1.087s] Level 1:colcon.colcon_core.package_identification:_identify(src/rrbot_simulation_files/__MACOSX) by extension 'python_setup_py'
[1.087s] Level 1:colcon.colcon_core.package_identification:_identify(src/rrbot_simulation_files/__MACOSX/rrbot_simulation_files) by extensions ['ignore', 'ignore_ament_install']
[1.088s] Level 1:colcon.colcon_core.package_identification:_identify(src/rrbot_simulation_files/__MACOSX/rrbot_simulation_files) by extension 'ignore'
[1.088s] Level 1:colcon.colcon_core.package_identification:_identify(src/rrbot_simulation_files/__MACOSX/rrbot_simulation_files) by extension 'ignore_ament_install'
[1.089s] Level 1:colcon.colcon_core.package_identification:_identify(src/rrbot_simulation_files/__MACOSX/rrbot_simulation_files) by extensions ['colcon_pkg']
[1.089s] Level 1:colcon.colcon_core.package_identification:_identify(src/rrbot_simulation_files/__MACOSX/rrbot_simulation_files) by extension 'colcon_pkg'
[1.089s] Level 1:colcon.colcon_core.package_identification:_identify(src/rrbot_simulation_files/__MACOSX/rrbot_simulation_files) by extensions ['colcon_meta']
[1.089s] Level 1:colcon.colcon_core.package_identification:_identify(src/rrbot_simulation_files/__MACOSX/rrbot_simulation_files) by extension 'colcon_meta'
[1.089s] Level 1:colcon.colcon_core.package_identification:_identify(src/rrbot_simulation_files/__MACOSX/rrbot_simulation_files) by extensions ['ros']
[1.089s] Level 1:colcon.colcon_core.package_identification:_identify(src/rrbot_simulation_files/__MACOSX/rrbot_simulation_files) by extension 'ros'
[1.089s] Level 1:colcon.colcon_core.package_identification:_identify(src/rrbot_simulation_files/__MACOSX/rrbot_simulation_files) by extensions ['cmake', 'python']
[1.089s] Level 1:colcon.colcon_core.package_identification:_identify(src/rrbot_simulation_files/__MACOSX/rrbot_simulation_files) by extension 'cmake'
[1.089s] Level 1:colcon.colcon_core.package_identification:_identify(src/rrbot_simulation_files/__MACOSX/rrbot_simulation_files) by extension 'python'
[1.089s] Level 1:colcon.colcon_core.package_identification:_identify(src/rrbot_simulation_files/__MACOSX/rrbot_simulation_files) by extensions ['python_setup_py']
[1.089s] Level 1:colcon.colcon_core.package_identification:_identify(src/rrbot_simulation_files/__MACOSX/rrbot_simulation_files) by extension 'python_setup_py'
[1.090s] Level 1:colcon.colcon_core.package_identification:_identify(src/rrbot_simulation_files/__MACOSX/rrbot_simulation_files/rrbot_description) by extensions ['ignore', 'ignore_ament_install']
[1.090s] Level 1:colcon.colcon_core.package_identification:_identify(src/rrbot_simulation_files/__MACOSX/rrbot_simulation_files/rrbot_description) by extension 'ignore'
[1.090s] Level 1:colcon.colcon_core.package_identification:_identify(src/rrbot_simulation_files/__MACOSX/rrbot_simulation_files/rrbot_description) by extension 'ignore_ament_install'
[1.090s] Level 1:colcon.colcon_core.package_identification:_identify(src/rrbot_simulation_files/__MACOSX/rrbot_simulation_files/rrbot_description) by extensions ['colcon_pkg']
[1.091s] Level 1:colcon.colcon_core.package_identification:_identify(src/rrbot_simulation_files/__MACOSX/rrbot_simulation_files/rrbot_description) by extension 'colcon_pkg'
[1.091s] Level 1:colcon.colcon_core.package_identification:_identify(src/rrbot_simulation_files/__MACOSX/rrbot_simulation_files/rrbot_description) by extensions ['colcon_meta']
[1.091s] Level 1:colcon.colcon_core.package_identification:_identify(src/rrbot_simulation_files/__MACOSX/rrbot_simulation_files/rrbot_description) by extension 'colcon_meta'
[1.091s] Level 1:colcon.colcon_core.package_identification:_identify(src/rrbot_simulation_files/__MACOSX/rrbot_simulation_files/rrbot_description) by extensions ['ros']
[1.091s] Level 1:colcon.colcon_core.package_identification:_identify(src/rrbot_simulation_files/__MACOSX/rrbot_simulation_files/rrbot_description) by extension 'ros'
[1.091s] Level 1:colcon.colcon_core.package_identification:_identify(src/rrbot_simulation_files/__MACOSX/rrbot_simulation_files/rrbot_description) by extensions ['cmake', 'python']
[1.092s] Level 1:colcon.colcon_core.package_identification:_identify(src/rrbot_simulation_files/__MACOSX/rrbot_simulation_files/rrbot_description) by extension 'cmake'
[1.092s] Level 1:colcon.colcon_core.package_identification:_identify(src/rrbot_simulation_files/__MACOSX/rrbot_simulation_files/rrbot_description) by extension 'python'
[1.092s] Level 1:colcon.colcon_core.package_identification:_identify(src/rrbot_simulation_files/__MACOSX/rrbot_simulation_files/rrbot_description) by extensions ['python_setup_py']
[1.092s] Level 1:colcon.colcon_core.package_identification:_identify(src/rrbot_simulation_files/__MACOSX/rrbot_simulation_files/rrbot_description) by extension 'python_setup_py'
[1.092s] Level 1:colcon.colcon_core.package_identification:_identify(src/rrbot_simulation_files/__MACOSX/rrbot_simulation_files/rrbot_description/config) by extensions ['ignore', 'ignore_ament_install']
[1.092s] Level 1:colcon.colcon_core.package_identification:_identify(src/rrbot_simulation_files/__MACOSX/rrbot_simulation_files/rrbot_description/config) by extension 'ignore'
[1.092s] Level 1:colcon.colcon_core.package_identification:_identify(src/rrbot_simulation_files/__MACOSX/rrbot_simulation_files/rrbot_description/config) by extension 'ignore_ament_install'
[1.093s] Level 1:colcon.colcon_core.package_identification:_identify(src/rrbot_simulation_files/__MACOSX/rrbot_simulation_files/rrbot_description/config) by extensions ['colcon_pkg']
[1.093s] Level 1:colcon.colcon_core.package_identification:_identify(src/rrbot_simulation_files/__MACOSX/rrbot_simulation_files/rrbot_description/config) by extension 'colcon_pkg'
[1.093s] Level 1:colcon.colcon_core.package_identification:_identify(src/rrbot_simulation_files/__MACOSX/rrbot_simulation_files/rrbot_description/config) by extensions ['colcon_meta']
[1.093s] Level 1:colcon.colcon_core.package_identification:_identify(src/rrbot_simulation_files/__MACOSX/rrbot_simulation_files/rrbot_description/config) by extension 'colcon_meta'
[1.093s] Level 1:colcon.colcon_core.package_identification:_identify(src/rrbot_simulation_files/__MACOSX/rrbot_simulation_files/rrbot_description/config) by extensions ['ros']
[1.094s] Level 1:colcon.colcon_core.package_identification:_identify(src/rrbot_simulation_files/__MACOSX/rrbot_simulation_files/rrbot_description/config) by extension 'ros'
[1.094s] Level 1:colcon.colcon_core.package_identification:_identify(src/rrbot_simulation_files/__MACOSX/rrbot_simulation_files/rrbot_description/config) by extensions ['cmake', 'python']
[1.095s] Level 1:colcon.colcon_core.package_identification:_identify(src/rrbot_simulation_files/__MACOSX/rrbot_simulation_files/rrbot_description/config) by extension 'cmake'
[1.095s] Level 1:colcon.colcon_core.package_identification:_identify(src/rrbot_simulation_files/__MACOSX/rrbot_simulation_files/rrbot_description/config) by extension 'python'
[1.096s] Level 1:colcon.colcon_core.package_identification:_identify(src/rrbot_simulation_files/__MACOSX/rrbot_simulation_files/rrbot_description/config) by extensions ['python_setup_py']
[1.097s] Level 1:colcon.colcon_core.package_identification:_identify(src/rrbot_simulation_files/__MACOSX/rrbot_simulation_files/rrbot_description/config) by extension 'python_setup_py'
[1.098s] Level 1:colcon.colcon_core.package_identification:_identify(src/rrbot_simulation_files/__MACOSX/rrbot_simulation_files/rrbot_description/env-hooks) by extensions ['ignore', 'ignore_ament_install']
[1.099s] Level 1:colcon.colcon_core.package_identification:_identify(src/rrbot_simulation_files/__MACOSX/rrbot_simulation_files/rrbot_description/env-hooks) by extension 'ignore'
[1.099s] Level 1:colcon.colcon_core.package_identification:_identify(src/rrbot_simulation_files/__MACOSX/rrbot_simulation_files/rrbot_description/env-hooks) by extension 'ignore_ament_install'
[1.099s] Level 1:colcon.colcon_core.package_identification:_identify(src/rrbot_simulation_files/__MACOSX/rrbot_simulation_files/rrbot_description/env-hooks) by extensions ['colcon_pkg']
[1.100s] Level 1:colcon.colcon_core.package_identification:_identify(src/rrbot_simulation_files/__MACOSX/rrbot_simulation_files/rrbot_description/env-hooks) by extension 'colcon_pkg'
[1.100s] Level 1:colcon.colcon_core.package_identification:_identify(src/rrbot_simulation_files/__MACOSX/rrbot_simulation_files/rrbot_description/env-hooks) by extensions ['colcon_meta']
[1.100s] Level 1:colcon.colcon_core.package_identification:_identify(src/rrbot_simulation_files/__MACOSX/rrbot_simulation_files/rrbot_description/env-hooks) by extension 'colcon_meta'
[1.100s] Level 1:colcon.colcon_core.package_identification:_identify(src/rrbot_simulation_files/__MACOSX/rrbot_simulation_files/rrbot_description/env-hooks) by extensions ['ros']
[1.100s] Level 1:colcon.colcon_core.package_identification:_identify(src/rrbot_simulation_files/__MACOSX/rrbot_simulation_files/rrbot_description/env-hooks) by extension 'ros'
[1.100s] Level 1:colcon.colcon_core.package_identification:_identify(src/rrbot_simulation_files/__MACOSX/rrbot_simulation_files/rrbot_description/env-hooks) by extensions ['cmake', 'python']
[1.100s] Level 1:colcon.colcon_core.package_identification:_identify(src/rrbot_simulation_files/__MACOSX/rrbot_simulation_files/rrbot_description/env-hooks) by extension 'cmake'
[1.100s] Level 1:colcon.colcon_core.package_identification:_identify(src/rrbot_simulation_files/__MACOSX/rrbot_simulation_files/rrbot_description/env-hooks) by extension 'python'
[1.101s] Level 1:colcon.colcon_core.package_identification:_identify(src/rrbot_simulation_files/__MACOSX/rrbot_simulation_files/rrbot_description/env-hooks) by extensions ['python_setup_py']
[1.101s] Level 1:colcon.colcon_core.package_identification:_identify(src/rrbot_simulation_files/__MACOSX/rrbot_simulation_files/rrbot_description/env-hooks) by extension 'python_setup_py'
[1.101s] Level 1:colcon.colcon_core.package_identification:_identify(src/rrbot_simulation_files/__MACOSX/rrbot_simulation_files/rrbot_description/gazebo) by extensions ['ignore', 'ignore_ament_install']
[1.101s] Level 1:colcon.colcon_core.package_identification:_identify(src/rrbot_simulation_files/__MACOSX/rrbot_simulation_files/rrbot_description/gazebo) by extension 'ignore'
[1.102s] Level 1:colcon.colcon_core.package_identification:_identify(src/rrbot_simulation_files/__MACOSX/rrbot_simulation_files/rrbot_description/gazebo) by extension 'ignore_ament_install'
[1.102s] Level 1:colcon.colcon_core.package_identification:_identify(src/rrbot_simulation_files/__MACOSX/rrbot_simulation_files/rrbot_description/gazebo) by extensions ['colcon_pkg']
[1.103s] Level 1:colcon.colcon_core.package_identification:_identify(src/rrbot_simulation_files/__MACOSX/rrbot_simulation_files/rrbot_description/gazebo) by extension 'colcon_pkg'
[1.103s] Level 1:colcon.colcon_core.package_identification:_identify(src/rrbot_simulation_files/__MACOSX/rrbot_simulation_files/rrbot_description/gazebo) by extensions ['colcon_meta']
[1.103s] Level 1:colcon.colcon_core.package_identification:_identify(src/rrbot_simulation_files/__MACOSX/rrbot_simulation_files/rrbot_description/gazebo) by extension 'colcon_meta'
[1.103s] Level 1:colcon.colcon_core.package_identification:_identify(src/rrbot_simulation_files/__MACOSX/rrbot_simulation_files/rrbot_description/gazebo) by extensions ['ros']
[1.103s] Level 1:colcon.colcon_core.package_identification:_identify(src/rrbot_simulation_files/__MACOSX/rrbot_simulation_files/rrbot_description/gazebo) by extension 'ros'
[1.103s] Level 1:colcon.colcon_core.package_identification:_identify(src/rrbot_simulation_files/__MACOSX/rrbot_simulation_files/rrbot_description/gazebo) by extensions ['cmake', 'python']
[1.104s] Level 1:colcon.colcon_core.package_identification:_identify(src/rrbot_simulation_files/__MACOSX/rrbot_simulation_files/rrbot_description/gazebo) by extension 'cmake'
[1.104s] Level 1:colcon.colcon_core.package_identification:_identify(src/rrbot_simulation_files/__MACOSX/rrbot_simulation_files/rrbot_description/gazebo) by extension 'python'
[1.104s] Level 1:colcon.colcon_core.package_identification:_identify(src/rrbot_simulation_files/__MACOSX/rrbot_simulation_files/rrbot_description/gazebo) by extensions ['python_setup_py']
[1.104s] Level 1:colcon.colcon_core.package_identification:_identify(src/rrbot_simulation_files/__MACOSX/rrbot_simulation_files/rrbot_description/gazebo) by extension 'python_setup_py'
[1.104s] Level 1:colcon.colcon_core.package_identification:_identify(src/rrbot_simulation_files/__MACOSX/rrbot_simulation_files/rrbot_description/launch) by extensions ['ignore', 'ignore_ament_install']
[1.104s] Level 1:colcon.colcon_core.package_identification:_identify(src/rrbot_simulation_files/__MACOSX/rrbot_simulation_files/rrbot_description/launch) by extension 'ignore'
[1.104s] Level 1:colcon.colcon_core.package_identification:_identify(src/rrbot_simulation_files/__MACOSX/rrbot_simulation_files/rrbot_description/launch) by extension 'ignore_ament_install'
[1.104s] Level 1:colcon.colcon_core.package_identification:_identify(src/rrbot_simulation_files/__MACOSX/rrbot_simulation_files/rrbot_description/launch) by extensions ['colcon_pkg']
[1.104s] Level 1:colcon.colcon_core.package_identification:_identify(src/rrbot_simulation_files/__MACOSX/rrbot_simulation_files/rrbot_description/launch) by extension 'colcon_pkg'
[1.105s] Level 1:colcon.colcon_core.package_identification:_identify(src/rrbot_simulation_files/__MACOSX/rrbot_simulation_files/rrbot_description/launch) by extensions ['colcon_meta']
[1.105s] Level 1:colcon.colcon_core.package_identification:_identify(src/rrbot_simulation_files/__MACOSX/rrbot_simulation_files/rrbot_description/launch) by extension 'colcon_meta'
[1.105s] Level 1:colcon.colcon_core.package_identification:_identify(src/rrbot_simulation_files/__MACOSX/rrbot_simulation_files/rrbot_description/launch) by extensions ['ros']
[1.105s] Level 1:colcon.colcon_core.package_identification:_identify(src/rrbot_simulation_files/__MACOSX/rrbot_simulation_files/rrbot_description/launch) by extension 'ros'
[1.105s] Level 1:colcon.colcon_core.package_identification:_identify(src/rrbot_simulation_files/__MACOSX/rrbot_simulation_files/rrbot_description/launch) by extensions ['cmake', 'python']
[1.105s] Level 1:colcon.colcon_core.package_identification:_identify(src/rrbot_simulation_files/__MACOSX/rrbot_simulation_files/rrbot_description/launch) by extension 'cmake'
[1.105s] Level 1:colcon.colcon_core.package_identification:_identify(src/rrbot_simulation_files/__MACOSX/rrbot_simulation_files/rrbot_description/launch) by extension 'python'
[1.105s] Level 1:colcon.colcon_core.package_identification:_identify(src/rrbot_simulation_files/__MACOSX/rrbot_simulation_files/rrbot_description/launch) by extensions ['python_setup_py']
[1.105s] Level 1:colcon.colcon_core.package_identification:_identify(src/rrbot_simulation_files/__MACOSX/rrbot_simulation_files/rrbot_description/launch) by extension 'python_setup_py'
[1.106s] Level 1:colcon.colcon_core.package_identification:_identify(src/rrbot_simulation_files/__MACOSX/rrbot_simulation_files/rrbot_description/meshes) by extensions ['ignore', 'ignore_ament_install']
[1.106s] Level 1:colcon.colcon_core.package_identification:_identify(src/rrbot_simulation_files/__MACOSX/rrbot_simulation_files/rrbot_description/meshes) by extension 'ignore'
[1.106s] Level 1:colcon.colcon_core.package_identification:_identify(src/rrbot_simulation_files/__MACOSX/rrbot_simulation_files/rrbot_description/meshes) by extension 'ignore_ament_install'
[1.106s] Level 1:colcon.colcon_core.package_identification:_identify(src/rrbot_simulation_files/__MACOSX/rrbot_simulation_files/rrbot_description/meshes) by extensions ['colcon_pkg']
[1.106s] Level 1:colcon.colcon_core.package_identification:_identify(src/rrbot_simulation_files/__MACOSX/rrbot_simulation_files/rrbot_description/meshes) by extension 'colcon_pkg'
[1.106s] Level 1:colcon.colcon_core.package_identification:_identify(src/rrbot_simulation_files/__MACOSX/rrbot_simulation_files/rrbot_description/meshes) by extensions ['colcon_meta']
[1.106s] Level 1:colcon.colcon_core.package_identification:_identify(src/rrbot_simulation_files/__MACOSX/rrbot_simulation_files/rrbot_description/meshes) by extension 'colcon_meta'
[1.106s] Level 1:colcon.colcon_core.package_identification:_identify(src/rrbot_simulation_files/__MACOSX/rrbot_simulation_files/rrbot_description/meshes) by extensions ['ros']
[1.106s] Level 1:colcon.colcon_core.package_identification:_identify(src/rrbot_simulation_files/__MACOSX/rrbot_simulation_files/rrbot_description/meshes) by extension 'ros'
[1.106s] Level 1:colcon.colcon_core.package_identification:_identify(src/rrbot_simulation_files/__MACOSX/rrbot_simulation_files/rrbot_description/meshes) by extensions ['cmake', 'python']
[1.107s] Level 1:colcon.colcon_core.package_identification:_identify(src/rrbot_simulation_files/__MACOSX/rrbot_simulation_files/rrbot_description/meshes) by extension 'cmake'
[1.107s] Level 1:colcon.colcon_core.package_identification:_identify(src/rrbot_simulation_files/__MACOSX/rrbot_simulation_files/rrbot_description/meshes) by extension 'python'
[1.107s] Level 1:colcon.colcon_core.package_identification:_identify(src/rrbot_simulation_files/__MACOSX/rrbot_simulation_files/rrbot_description/meshes) by extensions ['python_setup_py']
[1.107s] Level 1:colcon.colcon_core.package_identification:_identify(src/rrbot_simulation_files/__MACOSX/rrbot_simulation_files/rrbot_description/meshes) by extension 'python_setup_py'
[1.107s] Level 1:colcon.colcon_core.package_identification:_identify(src/rrbot_simulation_files/__MACOSX/rrbot_simulation_files/rrbot_description/ros2_control) by extensions ['ignore', 'ignore_ament_install']
[1.107s] Level 1:colcon.colcon_core.package_identification:_identify(src/rrbot_simulation_files/__MACOSX/rrbot_simulation_files/rrbot_description/ros2_control) by extension 'ignore'
[1.107s] Level 1:colcon.colcon_core.package_identification:_identify(src/rrbot_simulation_files/__MACOSX/rrbot_simulation_files/rrbot_description/ros2_control) by extension 'ignore_ament_install'
[1.107s] Level 1:colcon.colcon_core.package_identification:_identify(src/rrbot_simulation_files/__MACOSX/rrbot_simulation_files/rrbot_description/ros2_control) by extensions ['colcon_pkg']
[1.107s] Level 1:colcon.colcon_core.package_identification:_identify(src/rrbot_simulation_files/__MACOSX/rrbot_simulation_files/rrbot_description/ros2_control) by extension 'colcon_pkg'
[1.107s] Level 1:colcon.colcon_core.package_identification:_identify(src/rrbot_simulation_files/__MACOSX/rrbot_simulation_files/rrbot_description/ros2_control) by extensions ['colcon_meta']
[1.107s] Level 1:colcon.colcon_core.package_identification:_identify(src/rrbot_simulation_files/__MACOSX/rrbot_simulation_files/rrbot_description/ros2_control) by extension 'colcon_meta'
[1.108s] Level 1:colcon.colcon_core.package_identification:_identify(src/rrbot_simulation_files/__MACOSX/rrbot_simulation_files/rrbot_description/ros2_control) by extensions ['ros']
[1.108s] Level 1:colcon.colcon_core.package_identification:_identify(src/rrbot_simulation_files/__MACOSX/rrbot_simulation_files/rrbot_description/ros2_control) by extension 'ros'
[1.108s] Level 1:colcon.colcon_core.package_identification:_identify(src/rrbot_simulation_files/__MACOSX/rrbot_simulation_files/rrbot_description/ros2_control) by extensions ['cmake', 'python']
[1.108s] Level 1:colcon.colcon_core.package_identification:_identify(src/rrbot_simulation_files/__MACOSX/rrbot_simulation_files/rrbot_description/ros2_control) by extension 'cmake'
[1.109s] Level 1:colcon.colcon_core.package_identification:_identify(src/rrbot_simulation_files/__MACOSX/rrbot_simulation_files/rrbot_description/ros2_control) by extension 'python'
[1.110s] Level 1:colcon.colcon_core.package_identification:_identify(src/rrbot_simulation_files/__MACOSX/rrbot_simulation_files/rrbot_description/ros2_control) by extensions ['python_setup_py']
[1.110s] Level 1:colcon.colcon_core.package_identification:_identify(src/rrbot_simulation_files/__MACOSX/rrbot_simulation_files/rrbot_description/ros2_control) by extension 'python_setup_py'
[1.111s] Level 1:colcon.colcon_core.package_identification:_identify(src/rrbot_simulation_files/__MACOSX/rrbot_simulation_files/rrbot_description/urdf) by extensions ['ignore', 'ignore_ament_install']
[1.112s] Level 1:colcon.colcon_core.package_identification:_identify(src/rrbot_simulation_files/__MACOSX/rrbot_simulation_files/rrbot_description/urdf) by extension 'ignore'
[1.113s] Level 1:colcon.colcon_core.package_identification:_identify(src/rrbot_simulation_files/__MACOSX/rrbot_simulation_files/rrbot_description/urdf) by extension 'ignore_ament_install'
[1.114s] Level 1:colcon.colcon_core.package_identification:_identify(src/rrbot_simulation_files/__MACOSX/rrbot_simulation_files/rrbot_description/urdf) by extensions ['colcon_pkg']
[1.114s] Level 1:colcon.colcon_core.package_identification:_identify(src/rrbot_simulation_files/__MACOSX/rrbot_simulation_files/rrbot_description/urdf) by extension 'colcon_pkg'
[1.114s] Level 1:colcon.colcon_core.package_identification:_identify(src/rrbot_simulation_files/__MACOSX/rrbot_simulation_files/rrbot_description/urdf) by extensions ['colcon_meta']
[1.114s] Level 1:colcon.colcon_core.package_identification:_identify(src/rrbot_simulation_files/__MACOSX/rrbot_simulation_files/rrbot_description/urdf) by extension 'colcon_meta'
[1.115s] Level 1:colcon.colcon_core.package_identification:_identify(src/rrbot_simulation_files/__MACOSX/rrbot_simulation_files/rrbot_description/urdf) by extensions ['ros']
[1.115s] Level 1:colcon.colcon_core.package_identification:_identify(src/rrbot_simulation_files/__MACOSX/rrbot_simulation_files/rrbot_description/urdf) by extension 'ros'
[1.115s] Level 1:colcon.colcon_core.package_identification:_identify(src/rrbot_simulation_files/__MACOSX/rrbot_simulation_files/rrbot_description/urdf) by extensions ['cmake', 'python']
[1.115s] Level 1:colcon.colcon_core.package_identification:_identify(src/rrbot_simulation_files/__MACOSX/rrbot_simulation_files/rrbot_description/urdf) by extension 'cmake'
[1.115s] Level 1:colcon.colcon_core.package_identification:_identify(src/rrbot_simulation_files/__MACOSX/rrbot_simulation_files/rrbot_description/urdf) by extension 'python'
[1.115s] Level 1:colcon.colcon_core.package_identification:_identify(src/rrbot_simulation_files/__MACOSX/rrbot_simulation_files/rrbot_description/urdf) by extensions ['python_setup_py']
[1.115s] Level 1:colcon.colcon_core.package_identification:_identify(src/rrbot_simulation_files/__MACOSX/rrbot_simulation_files/rrbot_description/urdf) by extension 'python_setup_py'
[1.115s] Level 1:colcon.colcon_core.package_identification:_identify(src/rrbot_simulation_files/__MACOSX/rrbot_simulation_files/rrbot_gazebo) by extensions ['ignore', 'ignore_ament_install']
[1.116s] Level 1:colcon.colcon_core.package_identification:_identify(src/rrbot_simulation_files/__MACOSX/rrbot_simulation_files/rrbot_gazebo) by extension 'ignore'
[1.116s] Level 1:colcon.colcon_core.package_identification:_identify(src/rrbot_simulation_files/__MACOSX/rrbot_simulation_files/rrbot_gazebo) by extension 'ignore_ament_install'
[1.116s] Level 1:colcon.colcon_core.package_identification:_identify(src/rrbot_simulation_files/__MACOSX/rrbot_simulation_files/rrbot_gazebo) by extensions ['colcon_pkg']
[1.116s] Level 1:colcon.colcon_core.package_identification:_identify(src/rrbot_simulation_files/__MACOSX/rrbot_simulation_files/rrbot_gazebo) by extension 'colcon_pkg'
[1.116s] Level 1:colcon.colcon_core.package_identification:_identify(src/rrbot_simulation_files/__MACOSX/rrbot_simulation_files/rrbot_gazebo) by extensions ['colcon_meta']
[1.117s] Level 1:colcon.colcon_core.package_identification:_identify(src/rrbot_simulation_files/__MACOSX/rrbot_simulation_files/rrbot_gazebo) by extension 'colcon_meta'
[1.117s] Level 1:colcon.colcon_core.package_identification:_identify(src/rrbot_simulation_files/__MACOSX/rrbot_simulation_files/rrbot_gazebo) by extensions ['ros']
[1.117s] Level 1:colcon.colcon_core.package_identification:_identify(src/rrbot_simulation_files/__MACOSX/rrbot_simulation_files/rrbot_gazebo) by extension 'ros'
[1.117s] Level 1:colcon.colcon_core.package_identification:_identify(src/rrbot_simulation_files/__MACOSX/rrbot_simulation_files/rrbot_gazebo) by extensions ['cmake', 'python']
[1.118s] Level 1:colcon.colcon_core.package_identification:_identify(src/rrbot_simulation_files/__MACOSX/rrbot_simulation_files/rrbot_gazebo) by extension 'cmake'
[1.118s] Level 1:colcon.colcon_core.package_identification:_identify(src/rrbot_simulation_files/__MACOSX/rrbot_simulation_files/rrbot_gazebo) by extension 'python'
[1.118s] Level 1:colcon.colcon_core.package_identification:_identify(src/rrbot_simulation_files/__MACOSX/rrbot_simulation_files/rrbot_gazebo) by extensions ['python_setup_py']
[1.118s] Level 1:colcon.colcon_core.package_identification:_identify(src/rrbot_simulation_files/__MACOSX/rrbot_simulation_files/rrbot_gazebo) by extension 'python_setup_py'
[1.119s] Level 1:colcon.colcon_core.package_identification:_identify(src/rrbot_simulation_files/__MACOSX/rrbot_simulation_files/rrbot_gazebo/config) by extensions ['ignore', 'ignore_ament_install']
[1.119s] Level 1:colcon.colcon_core.package_identification:_identify(src/rrbot_simulation_files/__MACOSX/rrbot_simulation_files/rrbot_gazebo/config) by extension 'ignore'
[1.119s] Level 1:colcon.colcon_core.package_identification:_identify(src/rrbot_simulation_files/__MACOSX/rrbot_simulation_files/rrbot_gazebo/config) by extension 'ignore_ament_install'
[1.119s] Level 1:colcon.colcon_core.package_identification:_identify(src/rrbot_simulation_files/__MACOSX/rrbot_simulation_files/rrbot_gazebo/config) by extensions ['colcon_pkg']
[1.119s] Level 1:colcon.colcon_core.package_identification:_identify(src/rrbot_simulation_files/__MACOSX/rrbot_simulation_files/rrbot_gazebo/config) by extension 'colcon_pkg'
[1.119s] Level 1:colcon.colcon_core.package_identification:_identify(src/rrbot_simulation_files/__MACOSX/rrbot_simulation_files/rrbot_gazebo/config) by extensions ['colcon_meta']
[1.119s] Level 1:colcon.colcon_core.package_identification:_identify(src/rrbot_simulation_files/__MACOSX/rrbot_simulation_files/rrbot_gazebo/config) by extension 'colcon_meta'
[1.119s] Level 1:colcon.colcon_core.package_identification:_identify(src/rrbot_simulation_files/__MACOSX/rrbot_simulation_files/rrbot_gazebo/config) by extensions ['ros']
[1.119s] Level 1:colcon.colcon_core.package_identification:_identify(src/rrbot_simulation_files/__MACOSX/rrbot_simulation_files/rrbot_gazebo/config) by extension 'ros'
[1.120s] Level 1:colcon.colcon_core.package_identification:_identify(src/rrbot_simulation_files/__MACOSX/rrbot_simulation_files/rrbot_gazebo/config) by extensions ['cmake', 'python']
[1.120s] Level 1:colcon.colcon_core.package_identification:_identify(src/rrbot_simulation_files/__MACOSX/rrbot_simulation_files/rrbot_gazebo/config) by extension 'cmake'
[1.120s] Level 1:colcon.colcon_core.package_identification:_identify(src/rrbot_simulation_files/__MACOSX/rrbot_simulation_files/rrbot_gazebo/config) by extension 'python'
[1.120s] Level 1:colcon.colcon_core.package_identification:_identify(src/rrbot_simulation_files/__MACOSX/rrbot_simulation_files/rrbot_gazebo/config) by extensions ['python_setup_py']
[1.120s] Level 1:colcon.colcon_core.package_identification:_identify(src/rrbot_simulation_files/__MACOSX/rrbot_simulation_files/rrbot_gazebo/config) by extension 'python_setup_py'
[1.120s] Level 1:colcon.colcon_core.package_identification:_identify(src/rrbot_simulation_files/__MACOSX/rrbot_simulation_files/rrbot_gazebo/launch) by extensions ['ignore', 'ignore_ament_install']
[1.120s] Level 1:colcon.colcon_core.package_identification:_identify(src/rrbot_simulation_files/__MACOSX/rrbot_simulation_files/rrbot_gazebo/launch) by extension 'ignore'
[1.121s] Level 1:colcon.colcon_core.package_identification:_identify(src/rrbot_simulation_files/__MACOSX/rrbot_simulation_files/rrbot_gazebo/launch) by extension 'ignore_ament_install'
[1.121s] Level 1:colcon.colcon_core.package_identification:_identify(src/rrbot_simulation_files/__MACOSX/rrbot_simulation_files/rrbot_gazebo/launch) by extensions ['colcon_pkg']
[1.121s] Level 1:colcon.colcon_core.package_identification:_identify(src/rrbot_simulation_files/__MACOSX/rrbot_simulation_files/rrbot_gazebo/launch) by extension 'colcon_pkg'
[1.121s] Level 1:colcon.colcon_core.package_identification:_identify(src/rrbot_simulation_files/__MACOSX/rrbot_simulation_files/rrbot_gazebo/launch) by extensions ['colcon_meta']
[1.121s] Level 1:colcon.colcon_core.package_identification:_identify(src/rrbot_simulation_files/__MACOSX/rrbot_simulation_files/rrbot_gazebo/launch) by extension 'colcon_meta'
[1.121s] Level 1:colcon.colcon_core.package_identification:_identify(src/rrbot_simulation_files/__MACOSX/rrbot_simulation_files/rrbot_gazebo/launch) by extensions ['ros']
[1.121s] Level 1:colcon.colcon_core.package_identification:_identify(src/rrbot_simulation_files/__MACOSX/rrbot_simulation_files/rrbot_gazebo/launch) by extension 'ros'
[1.121s] Level 1:colcon.colcon_core.package_identification:_identify(src/rrbot_simulation_files/__MACOSX/rrbot_simulation_files/rrbot_gazebo/launch) by extensions ['cmake', 'python']
[1.121s] Level 1:colcon.colcon_core.package_identification:_identify(src/rrbot_simulation_files/__MACOSX/rrbot_simulation_files/rrbot_gazebo/launch) by extension 'cmake'
[1.121s] Level 1:colcon.colcon_core.package_identification:_identify(src/rrbot_simulation_files/__MACOSX/rrbot_simulation_files/rrbot_gazebo/launch) by extension 'python'
[1.121s] Level 1:colcon.colcon_core.package_identification:_identify(src/rrbot_simulation_files/__MACOSX/rrbot_simulation_files/rrbot_gazebo/launch) by extensions ['python_setup_py']
[1.121s] Level 1:colcon.colcon_core.package_identification:_identify(src/rrbot_simulation_files/__MACOSX/rrbot_simulation_files/rrbot_gazebo/launch) by extension 'python_setup_py'
[1.122s] Level 1:colcon.colcon_core.package_identification:_identify(src/rrbot_simulation_files/__MACOSX/rrbot_simulation_files/rrbot_gazebo/src) by extensions ['ignore', 'ignore_ament_install']
[1.122s] Level 1:colcon.colcon_core.package_identification:_identify(src/rrbot_simulation_files/__MACOSX/rrbot_simulation_files/rrbot_gazebo/src) by extension 'ignore'
[1.122s] Level 1:colcon.colcon_core.package_identification:_identify(src/rrbot_simulation_files/__MACOSX/rrbot_simulation_files/rrbot_gazebo/src) by extension 'ignore_ament_install'
[1.122s] Level 1:colcon.colcon_core.package_identification:_identify(src/rrbot_simulation_files/__MACOSX/rrbot_simulation_files/rrbot_gazebo/src) by extensions ['colcon_pkg']
[1.122s] Level 1:colcon.colcon_core.package_identification:_identify(src/rrbot_simulation_files/__MACOSX/rrbot_simulation_files/rrbot_gazebo/src) by extension 'colcon_pkg'
[1.122s] Level 1:colcon.colcon_core.package_identification:_identify(src/rrbot_simulation_files/__MACOSX/rrbot_simulation_files/rrbot_gazebo/src) by extensions ['colcon_meta']
[1.122s] Level 1:colcon.colcon_core.package_identification:_identify(src/rrbot_simulation_files/__MACOSX/rrbot_simulation_files/rrbot_gazebo/src) by extension 'colcon_meta'
[1.122s] Level 1:colcon.colcon_core.package_identification:_identify(src/rrbot_simulation_files/__MACOSX/rrbot_simulation_files/rrbot_gazebo/src) by extensions ['ros']
[1.122s] Level 1:colcon.colcon_core.package_identification:_identify(src/rrbot_simulation_files/__MACOSX/rrbot_simulation_files/rrbot_gazebo/src) by extension 'ros'
[1.122s] Level 1:colcon.colcon_core.package_identification:_identify(src/rrbot_simulation_files/__MACOSX/rrbot_simulation_files/rrbot_gazebo/src) by extensions ['cmake', 'python']
[1.122s] Level 1:colcon.colcon_core.package_identification:_identify(src/rrbot_simulation_files/__MACOSX/rrbot_simulation_files/rrbot_gazebo/src) by extension 'cmake'
[1.122s] Level 1:colcon.colcon_core.package_identification:_identify(src/rrbot_simulation_files/__MACOSX/rrbot_simulation_files/rrbot_gazebo/src) by extension 'python'
[1.123s] Level 1:colcon.colcon_core.package_identification:_identify(src/rrbot_simulation_files/__MACOSX/rrbot_simulation_files/rrbot_gazebo/src) by extensions ['python_setup_py']
[1.123s] Level 1:colcon.colcon_core.package_identification:_identify(src/rrbot_simulation_files/__MACOSX/rrbot_simulation_files/rrbot_gazebo/src) by extension 'python_setup_py'
[1.123s] Level 1:colcon.colcon_core.package_identification:_identify(src/rrbot_simulation_files/__MACOSX/rrbot_simulation_files/rrbot_gazebo/worlds) by extensions ['ignore', 'ignore_ament_install']
[1.123s] Level 1:colcon.colcon_core.package_identification:_identify(src/rrbot_simulation_files/__MACOSX/rrbot_simulation_files/rrbot_gazebo/worlds) by extension 'ignore'
[1.123s] Level 1:colcon.colcon_core.package_identification:_identify(src/rrbot_simulation_files/__MACOSX/rrbot_simulation_files/rrbot_gazebo/worlds) by extension 'ignore_ament_install'
[1.123s] Level 1:colcon.colcon_core.package_identification:_identify(src/rrbot_simulation_files/__MACOSX/rrbot_simulation_files/rrbot_gazebo/worlds) by extensions ['colcon_pkg']
[1.123s] Level 1:colcon.colcon_core.package_identification:_identify(src/rrbot_simulation_files/__MACOSX/rrbot_simulation_files/rrbot_gazebo/worlds) by extension 'colcon_pkg'
[1.123s] Level 1:colcon.colcon_core.package_identification:_identify(src/rrbot_simulation_files/__MACOSX/rrbot_simulation_files/rrbot_gazebo/worlds) by extensions ['colcon_meta']
[1.123s] Level 1:colcon.colcon_core.package_identification:_identify(src/rrbot_simulation_files/__MACOSX/rrbot_simulation_files/rrbot_gazebo/worlds) by extension 'colcon_meta'
[1.124s] Level 1:colcon.colcon_core.package_identification:_identify(src/rrbot_simulation_files/__MACOSX/rrbot_simulation_files/rrbot_gazebo/worlds) by extensions ['ros']
[1.124s] Level 1:colcon.colcon_core.package_identification:_identify(src/rrbot_simulation_files/__MACOSX/rrbot_simulation_files/rrbot_gazebo/worlds) by extension 'ros'
[1.124s] Level 1:colcon.colcon_core.package_identification:_identify(src/rrbot_simulation_files/__MACOSX/rrbot_simulation_files/rrbot_gazebo/worlds) by extensions ['cmake', 'python']
[1.125s] Level 1:colcon.colcon_core.package_identification:_identify(src/rrbot_simulation_files/__MACOSX/rrbot_simulation_files/rrbot_gazebo/worlds) by extension 'cmake'
[1.125s] Level 1:colcon.colcon_core.package_identification:_identify(src/rrbot_simulation_files/__MACOSX/rrbot_simulation_files/rrbot_gazebo/worlds) by extension 'python'
[1.126s] Level 1:colcon.colcon_core.package_identification:_identify(src/rrbot_simulation_files/__MACOSX/rrbot_simulation_files/rrbot_gazebo/worlds) by extensions ['python_setup_py']
[1.126s] Level 1:colcon.colcon_core.package_identification:_identify(src/rrbot_simulation_files/__MACOSX/rrbot_simulation_files/rrbot_gazebo/worlds) by extension 'python_setup_py'
[1.128s] Level 1:colcon.colcon_core.package_identification:_identify(src/rrbot_simulation_files/rrbot_simulation_files) by extensions ['ignore', 'ignore_ament_install']
[1.128s] Level 1:colcon.colcon_core.package_identification:_identify(src/rrbot_simulation_files/rrbot_simulation_files) by extension 'ignore'
[1.129s] Level 1:colcon.colcon_core.package_identification:_identify(src/rrbot_simulation_files/rrbot_simulation_files) by extension 'ignore_ament_install'
[1.129s] Level 1:colcon.colcon_core.package_identification:_identify(src/rrbot_simulation_files/rrbot_simulation_files) by extensions ['colcon_pkg']
[1.130s] Level 1:colcon.colcon_core.package_identification:_identify(src/rrbot_simulation_files/rrbot_simulation_files) by extension 'colcon_pkg'
[1.130s] Level 1:colcon.colcon_core.package_identification:_identify(src/rrbot_simulation_files/rrbot_simulation_files) by extensions ['colcon_meta']
[1.130s] Level 1:colcon.colcon_core.package_identification:_identify(src/rrbot_simulation_files/rrbot_simulation_files) by extension 'colcon_meta'
[1.130s] Level 1:colcon.colcon_core.package_identification:_identify(src/rrbot_simulation_files/rrbot_simulation_files) by extensions ['ros']
[1.130s] Level 1:colcon.colcon_core.package_identification:_identify(src/rrbot_simulation_files/rrbot_simulation_files) by extension 'ros'
[1.130s] Level 1:colcon.colcon_core.package_identification:_identify(src/rrbot_simulation_files/rrbot_simulation_files) by extensions ['cmake', 'python']
[1.131s] Level 1:colcon.colcon_core.package_identification:_identify(src/rrbot_simulation_files/rrbot_simulation_files) by extension 'cmake'
[1.131s] Level 1:colcon.colcon_core.package_identification:_identify(src/rrbot_simulation_files/rrbot_simulation_files) by extension 'python'
[1.131s] Level 1:colcon.colcon_core.package_identification:_identify(src/rrbot_simulation_files/rrbot_simulation_files) by extensions ['python_setup_py']
[1.131s] Level 1:colcon.colcon_core.package_identification:_identify(src/rrbot_simulation_files/rrbot_simulation_files) by extension 'python_setup_py'
[1.131s] Level 1:colcon.colcon_core.package_identification:_identify(src/rrbot_simulation_files/rrbot_simulation_files/rrbot_description) by extensions ['ignore', 'ignore_ament_install']
[1.131s] Level 1:colcon.colcon_core.package_identification:_identify(src/rrbot_simulation_files/rrbot_simulation_files/rrbot_description) by extension 'ignore'
[1.131s] Level 1:colcon.colcon_core.package_identification:_identify(src/rrbot_simulation_files/rrbot_simulation_files/rrbot_description) by extension 'ignore_ament_install'
[1.132s] Level 1:colcon.colcon_core.package_identification:_identify(src/rrbot_simulation_files/rrbot_simulation_files/rrbot_description) by extensions ['colcon_pkg']
[1.132s] Level 1:colcon.colcon_core.package_identification:_identify(src/rrbot_simulation_files/rrbot_simulation_files/rrbot_description) by extension 'colcon_pkg'
[1.132s] Level 1:colcon.colcon_core.package_identification:_identify(src/rrbot_simulation_files/rrbot_simulation_files/rrbot_description) by extensions ['colcon_meta']
[1.132s] Level 1:colcon.colcon_core.package_identification:_identify(src/rrbot_simulation_files/rrbot_simulation_files/rrbot_description) by extension 'colcon_meta'
[1.132s] Level 1:colcon.colcon_core.package_identification:_identify(src/rrbot_simulation_files/rrbot_simulation_files/rrbot_description) by extensions ['ros']
[1.132s] Level 1:colcon.colcon_core.package_identification:_identify(src/rrbot_simulation_files/rrbot_simulation_files/rrbot_description) by extension 'ros'
[1.135s] DEBUG:colcon.colcon_core.package_identification:Package 'src/rrbot_simulation_files/rrbot_simulation_files/rrbot_description' with type 'ros.ament_cmake' and name 'rrbot_description'
[1.135s] Level 1:colcon.colcon_core.package_identification:_identify(src/rrbot_simulation_files/rrbot_simulation_files/rrbot_gazebo) by extensions ['ignore', 'ignore_ament_install']
[1.135s] Level 1:colcon.colcon_core.package_identification:_identify(src/rrbot_simulation_files/rrbot_simulation_files/rrbot_gazebo) by extension 'ignore'
[1.135s] Level 1:colcon.colcon_core.package_identification:_identify(src/rrbot_simulation_files/rrbot_simulation_files/rrbot_gazebo) by extension 'ignore_ament_install'
[1.135s] Level 1:colcon.colcon_core.package_identification:_identify(src/rrbot_simulation_files/rrbot_simulation_files/rrbot_gazebo) by extensions ['colcon_pkg']
[1.136s] Level 1:colcon.colcon_core.package_identification:_identify(src/rrbot_simulation_files/rrbot_simulation_files/rrbot_gazebo) by extension 'colcon_pkg'
[1.136s] Level 1:colcon.colcon_core.package_identification:_identify(src/rrbot_simulation_files/rrbot_simulation_files/rrbot_gazebo) by extensions ['colcon_meta']
[1.136s] Level 1:colcon.colcon_core.package_identification:_identify(src/rrbot_simulation_files/rrbot_simulation_files/rrbot_gazebo) by extension 'colcon_meta'
[1.136s] Level 1:colcon.colcon_core.package_identification:_identify(src/rrbot_simulation_files/rrbot_simulation_files/rrbot_gazebo) by extensions ['ros']
[1.136s] Level 1:colcon.colcon_core.package_identification:_identify(src/rrbot_simulation_files/rrbot_simulation_files/rrbot_gazebo) by extension 'ros'
[1.137s] DEBUG:colcon.colcon_core.package_identification:Package 'src/rrbot_simulation_files/rrbot_simulation_files/rrbot_gazebo' with type 'ros.ament_cmake' and name 'rrbot_gazebo'
[1.137s] Level 1:colcon.colcon_core.package_discovery:discover_packages(recursive) using defaults
[1.137s] Level 1:colcon.colcon_core.package_discovery:discover_packages(ignore) discover
[1.137s] Level 1:colcon.colcon_core.package_discovery:discover_packages(ignore) using defaults
[1.137s] Level 1:colcon.colcon_core.package_discovery:discover_packages(path) discover
[1.138s] Level 1:colcon.colcon_core.package_discovery:discover_packages(path) using defaults
[1.211s] INFO:colcon.colcon_core.package_selection:Skipping not selected package 'FK' in 'src/FK'
[1.211s] INFO:colcon.colcon_core.package_selection:Skipping not selected package 'ikinterface' in 'src/Foundation_Project/ikinterface'
[1.211s] INFO:colcon.colcon_core.package_selection:Skipping not selected package 'rrbot_description' in 'src/rrbot_simulation_files/rrbot_simulation_files/rrbot_description'
[1.211s] INFO:colcon.colcon_core.package_selection:Skipping not selected package 'rrbot_gazebo' in 'src/rrbot_simulation_files/rrbot_simulation_files/rrbot_gazebo'
[1.213s] Level 1:colcon.colcon_core.package_discovery:discover_packages(prefix_path) check parameters
[1.213s] Level 1:colcon.colcon_core.package_discovery:discover_packages(prefix_path) discover
[1.219s] DEBUG:colcon.colcon_installed_package_information.package_discovery:Found 5 installed packages in /home/aadesh/catkin_ws/install
[1.225s] DEBUG:colcon.colcon_installed_package_information.package_discovery:Found 305 installed packages in /opt/ros/humble
[1.228s] Level 1:colcon.colcon_core.package_discovery:discover_packages(prefix_path) using defaults
[1.404s] Level 5:colcon.colcon_core.verb:set package 'py_srvcli' build argument 'cmake_args' from command line to 'None'
[1.404s] Level 5:colcon.colcon_core.verb:set package 'py_srvcli' build argument 'cmake_target' from command line to 'None'
[1.405s] Level 5:colcon.colcon_core.verb:set package 'py_srvcli' build argument 'cmake_target_skip_unavailable' from command line to 'False'
[1.405s] Level 5:colcon.colcon_core.verb:set package 'py_srvcli' build argument 'cmake_clean_cache' from command line to 'False'
[1.405s] Level 5:colcon.colcon_core.verb:set package 'py_srvcli' build argument 'cmake_clean_first' from command line to 'False'
[1.405s] Level 5:colcon.colcon_core.verb:set package 'py_srvcli' build argument 'cmake_force_configure' from command line to 'False'
[1.405s] Level 5:colcon.colcon_core.verb:set package 'py_srvcli' build argument 'ament_cmake_args' from command line to 'None'
[1.405s] Level 5:colcon.colcon_core.verb:set package 'py_srvcli' build argument 'catkin_cmake_args' from command line to 'None'
[1.406s] Level 5:colcon.colcon_core.verb:set package 'py_srvcli' build argument 'catkin_skip_building_tests' from command line to 'False'
[1.406s] DEBUG:colcon.colcon_core.verb:Building package 'py_srvcli' with the following arguments: {'ament_cmake_args': None, 'build_base': '/home/aadesh/catkin_ws/build/py_srvcli', 'catkin_cmake_args': None, 'catkin_skip_building_tests': False, 'cmake_args': None, 'cmake_clean_cache': False, 'cmake_clean_first': False, 'cmake_force_configure': False, 'cmake_target': None, 'cmake_target_skip_unavailable': False, 'install_base': '/home/aadesh/catkin_ws/install/py_srvcli', 'merge_install': False, 'path': '/home/aadesh/catkin_ws/src/Foundation_Project/py_srvcli', 'symlink_install': False, 'test_result_base': None}
[1.407s] INFO:colcon.colcon_core.executor:Executing jobs using 'parallel' executor
[1.419s] DEBUG:colcon.colcon_parallel_executor.executor.parallel:run_until_complete
[1.420s] INFO:colcon.colcon_ros.task.ament_python.build:Building ROS package in '/home/aadesh/catkin_ws/src/Foundation_Project/py_srvcli' with build type 'ament_python'
[1.420s] Level 1:colcon.colcon_core.shell:create_environment_hook('py_srvcli', 'ament_prefix_path')
[1.435s] INFO:colcon.colcon_core.plugin_system:Skipping extension 'colcon_core.shell.bat': Not used on non-Windows systems
[1.436s] INFO:colcon.colcon_core.shell:Creating environment hook '/home/aadesh/catkin_ws/install/py_srvcli/share/py_srvcli/hook/ament_prefix_path.ps1'
[1.437s] INFO:colcon.colcon_core.shell:Creating environment descriptor '/home/aadesh/catkin_ws/install/py_srvcli/share/py_srvcli/hook/ament_prefix_path.dsv'
[1.439s] INFO:colcon.colcon_core.shell:Creating environment hook '/home/aadesh/catkin_ws/install/py_srvcli/share/py_srvcli/hook/ament_prefix_path.sh'
[1.443s] INFO:colcon.colcon_core.shell:Skip shell extension 'powershell' for command environment: Not usable outside of PowerShell
[1.443s] DEBUG:colcon.colcon_core.shell:Skip shell extension 'dsv' for command environment
[2.274s] INFO:colcon.colcon_core.task.python.build:Building Python package in '/home/aadesh/catkin_ws/src/Foundation_Project/py_srvcli'
[2.277s] INFO:colcon.colcon_core.shell:Skip shell extension 'powershell' for command environment: Not usable outside of PowerShell
[2.277s] DEBUG:colcon.colcon_core.shell:Skip shell extension 'dsv' for command environment
[3.584s] DEBUG:colcon.colcon_core.event_handler.log_command:Invoking command in '/home/aadesh/catkin_ws/src/Foundation_Project/py_srvcli': PYTHONPATH=/home/aadesh/catkin_ws/install/py_srvcli/lib/python3.10/site-packages:${PYTHONPATH} /usr/bin/python3 setup.py egg_info --egg-base ../../../build/py_srvcli build --build-base /home/aadesh/catkin_ws/build/py_srvcli/build install --prefix /home/aadesh/catkin_ws/install/py_srvcli --record /home/aadesh/catkin_ws/build/py_srvcli/install.log --single-version-externally-managed
[4.673s] DEBUG:colcon.colcon_core.event_handler.log_command:Invoked command in '/home/aadesh/catkin_ws/src/Foundation_Project/py_srvcli' returned '0': PYTHONPATH=/home/aadesh/catkin_ws/install/py_srvcli/lib/python3.10/site-packages:${PYTHONPATH} /usr/bin/python3 setup.py egg_info --egg-base ../../../build/py_srvcli build --build-base /home/aadesh/catkin_ws/build/py_srvcli/build install --prefix /home/aadesh/catkin_ws/install/py_srvcli --record /home/aadesh/catkin_ws/build/py_srvcli/install.log --single-version-externally-managed
[4.690s] Level 1:colcon.colcon_core.environment:checking '/home/aadesh/catkin_ws/install/py_srvcli' for CMake module files
[4.691s] Level 1:colcon.colcon_core.environment:checking '/home/aadesh/catkin_ws/install/py_srvcli' for CMake config files
[4.692s] Level 1:colcon.colcon_core.environment:checking '/home/aadesh/catkin_ws/install/py_srvcli/lib'
[4.694s] Level 1:colcon.colcon_core.environment:checking '/home/aadesh/catkin_ws/install/py_srvcli/bin'
[4.694s] Level 1:colcon.colcon_core.environment:checking '/home/aadesh/catkin_ws/install/py_srvcli/lib/pkgconfig/py_srvcli.pc'
[4.695s] Level 1:colcon.colcon_core.environment:checking '/home/aadesh/catkin_ws/install/py_srvcli/lib/python3.10/site-packages'
[4.697s] Level 1:colcon.colcon_core.shell:create_environment_hook('py_srvcli', 'pythonpath')
[4.703s] INFO:colcon.colcon_core.shell:Creating environment hook '/home/aadesh/catkin_ws/install/py_srvcli/share/py_srvcli/hook/pythonpath.ps1'
[4.705s] INFO:colcon.colcon_core.shell:Creating environment descriptor '/home/aadesh/catkin_ws/install/py_srvcli/share/py_srvcli/hook/pythonpath.dsv'
[4.706s] INFO:colcon.colcon_core.shell:Creating environment hook '/home/aadesh/catkin_ws/install/py_srvcli/share/py_srvcli/hook/pythonpath.sh'
[4.708s] Level 1:colcon.colcon_core.environment:checking '/home/aadesh/catkin_ws/install/py_srvcli/bin'
[4.708s] Level 1:colcon.colcon_core.environment:create_environment_scripts_only(py_srvcli)
[4.717s] INFO:colcon.colcon_core.shell:Creating package script '/home/aadesh/catkin_ws/install/py_srvcli/share/py_srvcli/package.ps1'
[4.721s] INFO:colcon.colcon_core.shell:Creating package descriptor '/home/aadesh/catkin_ws/install/py_srvcli/share/py_srvcli/package.dsv'
[4.723s] INFO:colcon.colcon_core.shell:Creating package script '/home/aadesh/catkin_ws/install/py_srvcli/share/py_srvcli/package.sh'
[4.725s] INFO:colcon.colcon_core.shell:Creating package script '/home/aadesh/catkin_ws/install/py_srvcli/share/py_srvcli/package.bash'
[4.732s] INFO:colcon.colcon_core.shell:Creating package script '/home/aadesh/catkin_ws/install/py_srvcli/share/py_srvcli/package.zsh'
[4.735s] Level 1:colcon.colcon_core.environment:create_file_with_runtime_dependencies(/home/aadesh/catkin_ws/install/py_srvcli/share/colcon-core/packages/py_srvcli)
[4.736s] DEBUG:colcon.colcon_parallel_executor.executor.parallel:closing loop
[4.738s] DEBUG:colcon.colcon_parallel_executor.executor.parallel:loop closed
[4.738s] DEBUG:colcon.colcon_parallel_executor.executor.parallel:run_until_complete finished with '0'
[4.738s] DEBUG:colcon.colcon_core.event_reactor:joining thread
[4.765s] INFO:colcon.colcon_core.plugin_system:Skipping extension 'colcon_notification.desktop_notification.terminal_notifier': Not used on non-Darwin systems
[4.766s] INFO:colcon.colcon_core.plugin_system:Skipping extension 'colcon_notification.desktop_notification.win32': Not used on non-Windows systems
[4.766s] INFO:colcon.colcon_notification.desktop_notification:Sending desktop notification using 'notify2'
[4.799s] DEBUG:colcon.colcon_core.event_reactor:joined thread
[4.801s] INFO:colcon.colcon_core.shell:Creating prefix script '/home/aadesh/catkin_ws/install/local_setup.ps1'
[4.803s] INFO:colcon.colcon_core.shell:Creating prefix util module '/home/aadesh/catkin_ws/install/_local_setup_util_ps1.py'
[4.810s] INFO:colcon.colcon_core.shell:Creating prefix chain script '/home/aadesh/catkin_ws/install/setup.ps1'
[4.816s] INFO:colcon.colcon_core.shell:Creating prefix script '/home/aadesh/catkin_ws/install/local_setup.sh'
[4.818s] INFO:colcon.colcon_core.shell:Creating prefix util module '/home/aadesh/catkin_ws/install/_local_setup_util_sh.py'
[4.819s] INFO:colcon.colcon_core.shell:Creating prefix chain script '/home/aadesh/catkin_ws/install/setup.sh'
[4.827s] INFO:colcon.colcon_core.shell:Creating prefix script '/home/aadesh/catkin_ws/install/local_setup.bash'
[4.830s] INFO:colcon.colcon_core.shell:Creating prefix chain script '/home/aadesh/catkin_ws/install/setup.bash'
[4.836s] INFO:colcon.colcon_core.shell:Creating prefix script '/home/aadesh/catkin_ws/install/local_setup.zsh'
[4.837s] INFO:colcon.colcon_core.shell:Creating prefix chain script '/home/aadesh/catkin_ws/install/setup.zsh'
