[1.590s] Invoking command in '/home/aadesh/catkin_ws/src/Foundation_Project/py_srvcli': PYTHONPATH=/home/aadesh/catkin_ws/install/py_srvcli/lib/python3.10/site-packages:${PYTHONPATH} /usr/bin/python3 setup.py egg_info --egg-base ../../../build/py_srvcli build --build-base /home/aadesh/catkin_ws/build/py_srvcli/build install --prefix /home/aadesh/catkin_ws/install/py_srvcli --record /home/aadesh/catkin_ws/build/py_srvcli/install.log --single-version-externally-managed
[2.191s] running egg_info
[2.192s] writing ../../../build/py_srvcli/py_srvcli.egg-info/PKG-INFO
[2.192s] writing dependency_links to ../../../build/py_srvcli/py_srvcli.egg-info/dependency_links.txt
[2.192s] writing entry points to ../../../build/py_srvcli/py_srvcli.egg-info/entry_points.txt
[2.192s] writing requirements to ../../../build/py_srvcli/py_srvcli.egg-info/requires.txt
[2.192s] writing top-level names to ../../../build/py_srvcli/py_srvcli.egg-info/top_level.txt
[2.201s] reading manifest file '../../../build/py_srvcli/py_srvcli.egg-info/SOURCES.txt'
[2.203s] writing manifest file '../../../build/py_srvcli/py_srvcli.egg-info/SOURCES.txt'
[2.203s] running build
[2.203s] running build_py
[2.204s] copying py_srvcli/control_bitch.py -> /home/aadesh/catkin_ws/build/py_srvcli/build/lib/py_srvcli
[2.205s] running install
[2.205s] /usr/lib/python3/dist-packages/setuptools/command/install.py:34: SetuptoolsDeprecationWarning: setup.py install is deprecated. Use build and pip and other standards-based tools.
[2.206s]   warnings.warn(
[2.206s] running install_lib
[2.208s] copying /home/aadesh/catkin_ws/build/py_srvcli/build/lib/py_srvcli/control_bitch.py -> /home/aadesh/catkin_ws/install/py_srvcli/lib/python3.10/site-packages/py_srvcli
[2.208s] byte-compiling /home/aadesh/catkin_ws/install/py_srvcli/lib/python3.10/site-packages/py_srvcli/velocity_controller copy.py to velocity_controller copy.cpython-310.pyc
[2.209s] Sorry: TabError: inconsistent use of tabs and spaces in indentation (velocity_controller copy.py, line 50)
[2.209s] byte-compiling /home/aadesh/catkin_ws/install/py_srvcli/lib/python3.10/site-packages/py_srvcli/control_bitch.py to control_bitch.cpython-310.pyc
[2.210s] running install_data
[2.212s]   File "/home/aadesh/catkin_ws/install/py_srvcli/lib/python3.10/site-packages/py_srvcli/control_bitch.py", line 85
[2.215s]     					[-(l3*cos(theta1 + theta2) + l2*cos(theta1))/(l2*l3*sin(theta2)), -(l3*sin(theta1 + theta2) + l2*sin(theta1))/(l2*l3*sin(theta2)),  0],[0,0, -1])]
[2.216s]     					                                                                                                                                                ^
[2.216s] SyntaxError: closing parenthesis ')' does not match opening parenthesis '[' on line 84
[2.217s] 
[2.217s] running install_egg_info
[2.219s] removing '/home/aadesh/catkin_ws/install/py_srvcli/lib/python3.10/site-packages/py_srvcli-0.0.0-py3.10.egg-info' (and everything under it)
[2.219s] Copying ../../../build/py_srvcli/py_srvcli.egg-info to /home/aadesh/catkin_ws/install/py_srvcli/lib/python3.10/site-packages/py_srvcli-0.0.0-py3.10.egg-info
[2.221s] running install_scripts
[2.282s] Installing control script to /home/aadesh/catkin_ws/install/py_srvcli/lib/py_srvcli
[2.283s] Installing listener script to /home/aadesh/catkin_ws/install/py_srvcli/lib/py_srvcli
[2.284s] Installing service script to /home/aadesh/catkin_ws/install/py_srvcli/lib/py_srvcli
[2.284s] Installing vel script to /home/aadesh/catkin_ws/install/py_srvcli/lib/py_srvcli
[2.285s] writing list of installed files to '/home/aadesh/catkin_ws/build/py_srvcli/install.log'
[2.366s] Invoked command in '/home/aadesh/catkin_ws/src/Foundation_Project/py_srvcli' returned '0': PYTHONPATH=/home/aadesh/catkin_ws/install/py_srvcli/lib/python3.10/site-packages:${PYTHONPATH} /usr/bin/python3 setup.py egg_info --egg-base ../../../build/py_srvcli build --build-base /home/aadesh/catkin_ws/build/py_srvcli/build install --prefix /home/aadesh/catkin_ws/install/py_srvcli --record /home/aadesh/catkin_ws/build/py_srvcli/install.log --single-version-externally-managed
