[0.812s] Invoking command in '/home/aadesh/catkin_ws/src/Foundation_Project/py_srvcli': PYTHONPATH=/home/aadesh/catkin_ws/install/py_srvcli/lib/python3.10/site-packages:${PYTHONPATH} /usr/bin/python3 setup.py egg_info --egg-base ../../../build/py_srvcli build --build-base /home/aadesh/catkin_ws/build/py_srvcli/build install --prefix /home/aadesh/catkin_ws/install/py_srvcli --record /home/aadesh/catkin_ws/build/py_srvcli/install.log --single-version-externally-managed
[1.059s] running egg_info
[1.060s] writing ../../../build/py_srvcli/py_srvcli.egg-info/PKG-INFO
[1.075s] writing dependency_links to ../../../build/py_srvcli/py_srvcli.egg-info/dependency_links.txt
[1.075s] writing entry points to ../../../build/py_srvcli/py_srvcli.egg-info/entry_points.txt
[1.075s] writing requirements to ../../../build/py_srvcli/py_srvcli.egg-info/requires.txt
[1.075s] writing top-level names to ../../../build/py_srvcli/py_srvcli.egg-info/top_level.txt
[1.077s] reading manifest file '../../../build/py_srvcli/py_srvcli.egg-info/SOURCES.txt'
[1.100s] writing manifest file '../../../build/py_srvcli/py_srvcli.egg-info/SOURCES.txt'
[1.100s] running build
[1.100s] running build_py
[1.100s] copying py_srvcli/control_velocity.py -> /home/aadesh/catkin_ws/build/py_srvcli/build/lib/py_srvcli
[1.120s] running install
[1.121s] /usr/lib/python3/dist-packages/setuptools/command/install.py:34: SetuptoolsDeprecationWarning: setup.py install is deprecated. Use build and pip and other standards-based tools.
[1.121s]   warnings.warn(
[1.122s] running install_lib
[1.134s] copying /home/aadesh/catkin_ws/build/py_srvcli/build/lib/py_srvcli/control_velocity.py -> /home/aadesh/catkin_ws/install/py_srvcli/lib/python3.10/site-packages/py_srvcli
[1.137s] byte-compiling /home/aadesh/catkin_ws/install/py_srvcli/lib/python3.10/site-packages/py_srvcli/velocity_controller copy.py to velocity_controller copy.cpython-310.pyc
[1.138s] Sorry: TabError: inconsistent use of tabs and spaces in indentation (velocity_controller copy.py, line 50)
[1.143s] byte-compiling /home/aadesh/catkin_ws/install/py_srvcli/lib/python3.10/site-packages/py_srvcli/control_velocity.py to control_velocity.cpython-310.pyc
[1.152s] running install_data
[1.154s] running install_egg_info
[1.160s] removing '/home/aadesh/catkin_ws/install/py_srvcli/lib/python3.10/site-packages/py_srvcli-0.0.0-py3.10.egg-info' (and everything under it)
[1.170s] Copying ../../../build/py_srvcli/py_srvcli.egg-info to /home/aadesh/catkin_ws/install/py_srvcli/lib/python3.10/site-packages/py_srvcli-0.0.0-py3.10.egg-info
[1.174s] running install_scripts
[1.213s] Installing control script to /home/aadesh/catkin_ws/install/py_srvcli/lib/py_srvcli
[1.213s] Installing listener script to /home/aadesh/catkin_ws/install/py_srvcli/lib/py_srvcli
[1.213s] Installing service script to /home/aadesh/catkin_ws/install/py_srvcli/lib/py_srvcli
[1.213s] Installing vel script to /home/aadesh/catkin_ws/install/py_srvcli/lib/py_srvcli
[1.213s] writing list of installed files to '/home/aadesh/catkin_ws/build/py_srvcli/install.log'
[1.244s] Invoked command in '/home/aadesh/catkin_ws/src/Foundation_Project/py_srvcli' returned '0': PYTHONPATH=/home/aadesh/catkin_ws/install/py_srvcli/lib/python3.10/site-packages:${PYTHONPATH} /usr/bin/python3 setup.py egg_info --egg-base ../../../build/py_srvcli build --build-base /home/aadesh/catkin_ws/build/py_srvcli/build install --prefix /home/aadesh/catkin_ws/install/py_srvcli --record /home/aadesh/catkin_ws/build/py_srvcli/install.log --single-version-externally-managed
