[1.614s] Invoking command in '/home/asureshkumar/catkin_ws/src/FK': PYTHONPATH=/home/asureshkumar/catkin_ws/build/FK/prefix_override:/home/asureshkumar/catkin_ws/install/FK/lib/python3.10/site-packages:${PYTHONPATH} /usr/bin/python3 setup.py egg_info --egg-base ../../build/FK build --build-base /home/asureshkumar/catkin_ws/build/FK/build install --record /home/asureshkumar/catkin_ws/build/FK/install.log --single-version-externally-managed
[1.972s] running egg_info
[1.973s] writing ../../build/FK/FK.egg-info/PKG-INFO
[1.974s] writing dependency_links to ../../build/FK/FK.egg-info/dependency_links.txt
[1.974s] writing entry points to ../../build/FK/FK.egg-info/entry_points.txt
[1.974s] writing requirements to ../../build/FK/FK.egg-info/requires.txt
[1.974s] writing top-level names to ../../build/FK/FK.egg-info/top_level.txt
[1.977s] reading manifest file '../../build/FK/FK.egg-info/SOURCES.txt'
[1.978s] writing manifest file '../../build/FK/FK.egg-info/SOURCES.txt'
[1.978s] running build
[1.978s] running build_py
[1.978s] running install
[1.979s] /usr/lib/python3/dist-packages/setuptools/command/install.py:34: SetuptoolsDeprecationWarning: setup.py install is deprecated. Use build and pip and other standards-based tools.
[1.979s]   warnings.warn(
[1.979s] running install_lib
[1.982s] running install_data
[1.982s] running install_egg_info
[1.985s] removing '/home/asureshkumar/catkin_ws/install/FK/lib/python3.10/site-packages/FK-0.0.0-py3.10.egg-info' (and everything under it)
[1.985s] Copying ../../build/FK/FK.egg-info to /home/asureshkumar/catkin_ws/install/FK/lib/python3.10/site-packages/FK-0.0.0-py3.10.egg-info
[1.986s] running install_scripts
[2.013s] Installing listener script to /home/asureshkumar/catkin_ws/install/FK/lib/FK
[2.013s] writing list of installed files to '/home/asureshkumar/catkin_ws/build/FK/install.log'
[2.046s] Invoked command in '/home/asureshkumar/catkin_ws/src/FK' returned '0': PYTHONPATH=/home/asureshkumar/catkin_ws/build/FK/prefix_override:/home/asureshkumar/catkin_ws/install/FK/lib/python3.10/site-packages:${PYTHONPATH} /usr/bin/python3 setup.py egg_info --egg-base ../../build/FK build --build-base /home/asureshkumar/catkin_ws/build/FK/build install --record /home/asureshkumar/catkin_ws/build/FK/install.log --single-version-externally-managed
