[0.044s] Invoking command in '/home/asureshkumar/catkin_ws/build/rrbot_description': CMAKE_PREFIX_PATH=${CMAKE_PREFIX_PATH}:/home/asureshkumar/catkin_ws/install/py_srvcli:/home/asureshkumar/catkin_ws/install/FK:/opt/ros/humble /usr/bin/cmake --build /home/asureshkumar/catkin_ws/build/rrbot_description -- -j8 -l8
[0.342s] Invoked command in '/home/asureshkumar/catkin_ws/build/rrbot_description' returned '0': CMAKE_PREFIX_PATH=${CMAKE_PREFIX_PATH}:/home/asureshkumar/catkin_ws/install/py_srvcli:/home/asureshkumar/catkin_ws/install/FK:/opt/ros/humble /usr/bin/cmake --build /home/asureshkumar/catkin_ws/build/rrbot_description -- -j8 -l8
[0.708s] Invoking command in '/home/asureshkumar/catkin_ws/build/rrbot_description': CMAKE_PREFIX_PATH=${CMAKE_PREFIX_PATH}:/home/asureshkumar/catkin_ws/install/py_srvcli:/home/asureshkumar/catkin_ws/install/FK:/opt/ros/humble /usr/bin/cmake --install /home/asureshkumar/catkin_ws/build/rrbot_description
[0.716s] -- Install configuration: ""
[0.716s] -- Up-to-date: /home/asureshkumar/catkin_ws/install/rrbot_description/share/rrbot_description/config
[0.716s] -- Up-to-date: /home/asureshkumar/catkin_ws/install/rrbot_description/share/rrbot_description/config/rrbot.rviz
[0.717s] -- Up-to-date: /home/asureshkumar/catkin_ws/install/rrbot_description/share/rrbot_description/gazebo
[0.717s] -- Up-to-date: /home/asureshkumar/catkin_ws/install/rrbot_description/share/rrbot_description/gazebo/rrbot.materials.xacro
[0.717s] -- Up-to-date: /home/asureshkumar/catkin_ws/install/rrbot_description/share/rrbot_description/gazebo/rrbot.gazebo.xacro
[0.717s] -- Up-to-date: /home/asureshkumar/catkin_ws/install/rrbot_description/share/rrbot_description/meshes
[0.717s] -- Up-to-date: /home/asureshkumar/catkin_ws/install/rrbot_description/share/rrbot_description/meshes/hokuyo.dae
[0.718s] -- Up-to-date: /home/asureshkumar/catkin_ws/install/rrbot_description/share/rrbot_description/launch
[0.718s] -- Up-to-date: /home/asureshkumar/catkin_ws/install/rrbot_description/share/rrbot_description/launch/view_robot.launch.py
[0.718s] -- Up-to-date: /home/asureshkumar/catkin_ws/install/rrbot_description/share/rrbot_description/ros2_control
[0.718s] -- Up-to-date: /home/asureshkumar/catkin_ws/install/rrbot_description/share/rrbot_description/ros2_control/rrbot.ros2_control.xacro
[0.718s] -- Up-to-date: /home/asureshkumar/catkin_ws/install/rrbot_description/share/rrbot_description/urdf
[0.718s] -- Up-to-date: /home/asureshkumar/catkin_ws/install/rrbot_description/share/rrbot_description/urdf/rrbot_description.urdf.xacro
[0.719s] -- Up-to-date: /home/asureshkumar/catkin_ws/install/rrbot_description/share/rrbot_description/urdf/rrbot.urdf.xacro
[0.719s] -- Up-to-date: /home/asureshkumar/catkin_ws/install/rrbot_description/share/rrbot_description/environment/rrbot_description.dsv
[0.719s] -- Up-to-date: /home/asureshkumar/catkin_ws/install/rrbot_description/share/ament_index/resource_index/package_run_dependencies/rrbot_description
[0.719s] -- Up-to-date: /home/asureshkumar/catkin_ws/install/rrbot_description/share/ament_index/resource_index/parent_prefix_path/rrbot_description
[0.720s] -- Up-to-date: /home/asureshkumar/catkin_ws/install/rrbot_description/share/rrbot_description/environment/ament_prefix_path.sh
[0.720s] -- Up-to-date: /home/asureshkumar/catkin_ws/install/rrbot_description/share/rrbot_description/environment/ament_prefix_path.dsv
[0.722s] -- Up-to-date: /home/asureshkumar/catkin_ws/install/rrbot_description/share/rrbot_description/environment/path.sh
[0.722s] -- Up-to-date: /home/asureshkumar/catkin_ws/install/rrbot_description/share/rrbot_description/environment/path.dsv
[0.723s] -- Up-to-date: /home/asureshkumar/catkin_ws/install/rrbot_description/share/rrbot_description/local_setup.bash
[0.724s] -- Up-to-date: /home/asureshkumar/catkin_ws/install/rrbot_description/share/rrbot_description/local_setup.sh
[0.725s] -- Up-to-date: /home/asureshkumar/catkin_ws/install/rrbot_description/share/rrbot_description/local_setup.zsh
[0.726s] -- Up-to-date: /home/asureshkumar/catkin_ws/install/rrbot_description/share/rrbot_description/local_setup.dsv
[0.727s] -- Installing: /home/asureshkumar/catkin_ws/install/rrbot_description/share/rrbot_description/package.dsv
[0.727s] -- Up-to-date: /home/asureshkumar/catkin_ws/install/rrbot_description/share/ament_index/resource_index/packages/rrbot_description
[0.727s] -- Up-to-date: /home/asureshkumar/catkin_ws/install/rrbot_description/share/rrbot_description/cmake/rrbot_descriptionConfig.cmake
[0.728s] -- Up-to-date: /home/asureshkumar/catkin_ws/install/rrbot_description/share/rrbot_description/cmake/rrbot_descriptionConfig-version.cmake
[0.728s] -- Up-to-date: /home/asureshkumar/catkin_ws/install/rrbot_description/share/rrbot_description/package.xml
[0.729s] Invoked command in '/home/asureshkumar/catkin_ws/build/rrbot_description' returned '0': CMAKE_PREFIX_PATH=${CMAKE_PREFIX_PATH}:/home/asureshkumar/catkin_ws/install/py_srvcli:/home/asureshkumar/catkin_ws/install/FK:/opt/ros/humble /usr/bin/cmake --install /home/asureshkumar/catkin_ws/build/rrbot_description
