[4.330s] Invoking command in '/home/aadesh/catkin_ws/src/Foundation_Project/py_srvcli': PYTHONPATH=/home/aadesh/catkin_ws/install/py_srvcli/lib/python3.10/site-packages:${PYTHONPATH} /usr/bin/python3 setup.py egg_info --egg-base ../../../build/py_srvcli build --build-base /home/aadesh/catkin_ws/build/py_srvcli/build install --prefix /home/aadesh/catkin_ws/install/py_srvcli --record /home/aadesh/catkin_ws/build/py_srvcli/install.log --single-version-externally-managed
[6.299s] running egg_info
[6.309s] writing ../../../build/py_srvcli/py_srvcli.egg-info/PKG-INFO
[6.310s] writing dependency_links to ../../../build/py_srvcli/py_srvcli.egg-info/dependency_links.txt
[6.311s] writing entry points to ../../../build/py_srvcli/py_srvcli.egg-info/entry_points.txt
[6.311s] writing requirements to ../../../build/py_srvcli/py_srvcli.egg-info/requires.txt
[6.311s] writing top-level names to ../../../build/py_srvcli/py_srvcli.egg-info/top_level.txt
[6.327s] reading manifest file '../../../build/py_srvcli/py_srvcli.egg-info/SOURCES.txt'
[6.337s] writing manifest file '../../../build/py_srvcli/py_srvcli.egg-info/SOURCES.txt'
[6.339s] running build
[6.340s] running build_py
[6.340s] copying py_srvcli/control_bitch.py -> /home/aadesh/catkin_ws/build/py_srvcli/build/lib/py_srvcli
[6.343s] running install
[6.344s] /usr/lib/python3/dist-packages/setuptools/command/install.py:34: SetuptoolsDeprecationWarning: setup.py install is deprecated. Use build and pip and other standards-based tools.
[6.344s]   warnings.warn(
[6.344s] running install_lib
[6.356s] copying /home/aadesh/catkin_ws/build/py_srvcli/build/lib/py_srvcli/control_bitch.py -> /home/aadesh/catkin_ws/install/py_srvcli/lib/python3.10/site-packages/py_srvcli
[6.360s] byte-compiling /home/aadesh/catkin_ws/install/py_srvcli/lib/python3.10/site-packages/py_srvcli/velocity_controller copy.py to velocity_controller copy.cpython-310.pyc
[6.361s] Sorry: TabError: inconsistent use of tabs and spaces in indentation (velocity_controller copy.py, line 50)
[6.363s] byte-compiling /home/aadesh/catkin_ws/install/py_srvcli/lib/python3.10/site-packages/py_srvcli/control_bitch.py to control_bitch.cpython-310.pyc
[6.376s] running install_data
[6.382s] running install_egg_info
[6.392s] removing '/home/aadesh/catkin_ws/install/py_srvcli/lib/python3.10/site-packages/py_srvcli-0.0.0-py3.10.egg-info' (and everything under it)
[6.393s] Copying ../../../build/py_srvcli/py_srvcli.egg-info to /home/aadesh/catkin_ws/install/py_srvcli/lib/python3.10/site-packages/py_srvcli-0.0.0-py3.10.egg-info
[6.405s] running install_scripts
[6.551s] Installing control script to /home/aadesh/catkin_ws/install/py_srvcli/lib/py_srvcli
[6.551s] Installing listener script to /home/aadesh/catkin_ws/install/py_srvcli/lib/py_srvcli
[6.553s] Installing service script to /home/aadesh/catkin_ws/install/py_srvcli/lib/py_srvcli
[6.555s] Installing vel script to /home/aadesh/catkin_ws/install/py_srvcli/lib/py_srvcli
[6.559s] writing list of installed files to '/home/aadesh/catkin_ws/build/py_srvcli/install.log'
[6.822s] Invoked command in '/home/aadesh/catkin_ws/src/Foundation_Project/py_srvcli' returned '0': PYTHONPATH=/home/aadesh/catkin_ws/install/py_srvcli/lib/python3.10/site-packages:${PYTHONPATH} /usr/bin/python3 setup.py egg_info --egg-base ../../../build/py_srvcli build --build-base /home/aadesh/catkin_ws/build/py_srvcli/build install --prefix /home/aadesh/catkin_ws/install/py_srvcli --record /home/aadesh/catkin_ws/build/py_srvcli/install.log --single-version-externally-managed
