[1.742s] Invoking command in '/home/asureshkumar/catkin_ws/src/Foundation_Project/py_srvcli': PYTHONPATH=/home/asureshkumar/catkin_ws/build/py_srvcli/prefix_override:/home/asureshkumar/catkin_ws/install/py_srvcli/lib/python3.10/site-packages:${PYTHONPATH} /usr/bin/python3 setup.py egg_info --egg-base ../../../build/py_srvcli build --build-base /home/asureshkumar/catkin_ws/build/py_srvcli/build install --record /home/asureshkumar/catkin_ws/build/py_srvcli/install.log --single-version-externally-managed
[2.096s] running egg_info
[2.097s] writing ../../../build/py_srvcli/py_srvcli.egg-info/PKG-INFO
[2.097s] writing dependency_links to ../../../build/py_srvcli/py_srvcli.egg-info/dependency_links.txt
[2.098s] writing entry points to ../../../build/py_srvcli/py_srvcli.egg-info/entry_points.txt
[2.098s] writing requirements to ../../../build/py_srvcli/py_srvcli.egg-info/requires.txt
[2.098s] writing top-level names to ../../../build/py_srvcli/py_srvcli.egg-info/top_level.txt
[2.101s] reading manifest file '../../../build/py_srvcli/py_srvcli.egg-info/SOURCES.txt'
[2.102s] writing manifest file '../../../build/py_srvcli/py_srvcli.egg-info/SOURCES.txt'
[2.102s] running build
[2.102s] running build_py
[2.103s] copying py_srvcli/control_bitch.py -> /home/asureshkumar/catkin_ws/build/py_srvcli/build/lib/py_srvcli
[2.103s] running install
[2.104s] /usr/lib/python3/dist-packages/setuptools/command/install.py:34: SetuptoolsDeprecationWarning: setup.py install is deprecated. Use build and pip and other standards-based tools.
[2.104s]   warnings.warn(
[2.104s] running install_lib
[2.106s] copying /home/asureshkumar/catkin_ws/build/py_srvcli/build/lib/py_srvcli/control_bitch.py -> /home/asureshkumar/catkin_ws/install/py_srvcli/lib/python3.10/site-packages/py_srvcli
[2.107s] byte-compiling /home/asureshkumar/catkin_ws/install/py_srvcli/lib/python3.10/site-packages/py_srvcli/control_bitch.py to control_bitch.cpython-310.pyc
[2.108s] Sorry: TabError: inconsistent use of tabs and spaces in indentation (control_bitch.py, line 50)
[2.108s] byte-compiling /home/asureshkumar/catkin_ws/install/py_srvcli/lib/python3.10/site-packages/py_srvcli/velocity_controller copy.py to velocity_controller copy.cpython-310.pyc
[2.108s] Sorry: TabError: inconsistent use of tabs and spaces in indentation (velocity_controller copy.py, line 50)
[2.108s] running install_data
[2.109s] running install_egg_info
[2.112s] removing '/home/asureshkumar/catkin_ws/install/py_srvcli/lib/python3.10/site-packages/py_srvcli-0.0.0-py3.10.egg-info' (and everything under it)
[2.113s] Copying ../../../build/py_srvcli/py_srvcli.egg-info to /home/asureshkumar/catkin_ws/install/py_srvcli/lib/python3.10/site-packages/py_srvcli-0.0.0-py3.10.egg-info
[2.114s] running install_scripts
[2.147s] Installing control script to /home/asureshkumar/catkin_ws/install/py_srvcli/lib/py_srvcli
[2.147s] Installing listener script to /home/asureshkumar/catkin_ws/install/py_srvcli/lib/py_srvcli
[2.147s] Installing service script to /home/asureshkumar/catkin_ws/install/py_srvcli/lib/py_srvcli
[2.148s] Installing vel script to /home/asureshkumar/catkin_ws/install/py_srvcli/lib/py_srvcli
[2.148s] writing list of installed files to '/home/asureshkumar/catkin_ws/build/py_srvcli/install.log'
[2.211s] Invoked command in '/home/asureshkumar/catkin_ws/src/Foundation_Project/py_srvcli' returned '0': PYTHONPATH=/home/asureshkumar/catkin_ws/build/py_srvcli/prefix_override:/home/asureshkumar/catkin_ws/install/py_srvcli/lib/python3.10/site-packages:${PYTHONPATH} /usr/bin/python3 setup.py egg_info --egg-base ../../../build/py_srvcli build --build-base /home/asureshkumar/catkin_ws/build/py_srvcli/build install --record /home/asureshkumar/catkin_ws/build/py_srvcli/install.log --single-version-externally-managed
