[1.650s] Invoking command in '/home/asureshkumar/catkin_ws/src/FK': PYTHONPATH=/home/asureshkumar/catkin_ws/build/FK/prefix_override:/home/asureshkumar/catkin_ws/install/FK/lib/python3.10/site-packages:${PYTHONPATH} /usr/bin/python3 setup.py egg_info --egg-base ../../build/FK build --build-base /home/asureshkumar/catkin_ws/build/FK/build install --record /home/asureshkumar/catkin_ws/build/FK/install.log --single-version-externally-managed
[2.031s] running egg_info
[2.033s] writing ../../build/FK/FK.egg-info/PKG-INFO
[2.033s] writing dependency_links to ../../build/FK/FK.egg-info/dependency_links.txt
[2.033s] writing entry points to ../../build/FK/FK.egg-info/entry_points.txt
[2.034s] writing requirements to ../../build/FK/FK.egg-info/requires.txt
[2.034s] writing top-level names to ../../build/FK/FK.egg-info/top_level.txt
[2.037s] reading manifest file '../../build/FK/FK.egg-info/SOURCES.txt'
[2.038s] writing manifest file '../../build/FK/FK.egg-info/SOURCES.txt'
[2.039s] running build
[2.039s] running build_py
[2.039s] running install
[2.039s] /usr/lib/python3/dist-packages/setuptools/command/install.py:34: SetuptoolsDeprecationWarning: setup.py install is deprecated. Use build and pip and other standards-based tools.
[2.039s]   warnings.warn(
[2.040s] running install_lib
[2.042s] running install_data
[2.043s] running install_egg_info
[2.045s] removing '/home/asureshkumar/catkin_ws/install/FK/lib/python3.10/site-packages/FK-0.0.0-py3.10.egg-info' (and everything under it)
[2.046s] Copying ../../build/FK/FK.egg-info to /home/asureshkumar/catkin_ws/install/FK/lib/python3.10/site-packages/FK-0.0.0-py3.10.egg-info
[2.047s] running install_scripts
[2.084s] Installing listener script to /home/asureshkumar/catkin_ws/install/FK/lib/FK
[2.084s] writing list of installed files to '/home/asureshkumar/catkin_ws/build/FK/install.log'
[2.137s] Invoked command in '/home/asureshkumar/catkin_ws/src/FK' returned '0': PYTHONPATH=/home/asureshkumar/catkin_ws/build/FK/prefix_override:/home/asureshkumar/catkin_ws/install/FK/lib/python3.10/site-packages:${PYTHONPATH} /usr/bin/python3 setup.py egg_info --egg-base ../../build/FK build --build-base /home/asureshkumar/catkin_ws/build/FK/build install --record /home/asureshkumar/catkin_ws/build/FK/install.log --single-version-externally-managed
