[0.350s] Invoking command in '/home/asureshkumar/catkin_ws/build/ikinterface': CMAKE_PREFIX_PATH=${CMAKE_PREFIX_PATH}:/home/asureshkumar/catkin_ws/install/py_srvcli:/home/asureshkumar/catkin_ws/install/FK:/opt/ros/humble /usr/bin/cmake --build /home/asureshkumar/catkin_ws/build/ikinterface -- -j8 -l8
[0.377s] -- Found ament_cmake: 1.3.3 (/opt/ros/humble/share/ament_cmake/cmake)
[0.619s] -- Found rosidl_default_generators: 1.2.0 (/opt/ros/humble/share/rosidl_default_generators/cmake)
[0.622s] -- Using all available rosidl_typesupport_c: rosidl_typesupport_fastrtps_c;rosidl_typesupport_introspection_c
[0.625s] -- Found rosidl_adapter: 3.1.4 (/opt/ros/humble/share/rosidl_adapter/cmake)
[0.663s] -- Using all available rosidl_typesupport_cpp: rosidl_typesupport_fastrtps_cpp;rosidl_typesupport_introspection_cpp
[1.127s] -- Found ament_cmake_ros: 0.10.0 (/opt/ros/humble/share/ament_cmake_ros/cmake)
[1.445s] -- Using all available rosidl_typesupport_c: rosidl_typesupport_fastrtps_c;rosidl_typesupport_introspection_c
[1.838s] -- Using all available rosidl_typesupport_cpp: rosidl_typesupport_fastrtps_cpp;rosidl_typesupport_introspection_cpp
[1.865s] -- Found python_cmake_module: 0.10.0 (/opt/ros/humble/share/python_cmake_module/cmake)
[1.892s] -- Using PYTHON_EXECUTABLE: /usr/bin/python3
[1.892s] -- Using PYTHON_INCLUDE_DIRS: /usr/include/python3.10
[1.892s] -- Using PYTHON_LIBRARIES: /usr/lib/x86_64-linux-gnu/libpython3.10.so
[2.050s] [31mCMake Error at /opt/ros/humble/share/rosidl_cmake/cmake/rosidl_generate_interfaces.cmake:213 (add_custom_target):
[2.050s]   add_custom_target cannot create target "ikinterface" because another target
[2.050s]   with the same name already exists.  The existing target is a custom target
[2.050s]   created in source directory
[2.051s]   "/home/asureshkumar/catkin_ws/src/Foundation_Project/ikinterface".  See
[2.051s]   documentation for policy CMP0002 for more details.
[2.051s] Call Stack (most recent call first):
[2.051s]   CMakeLists.txt:12 (rosidl_generate_interfaces)
[2.051s] 
[2.051s] [0m
[2.051s] -- Found ament_lint_auto: 0.12.4 (/opt/ros/humble/share/ament_lint_auto/cmake)
[2.063s] -- Added test 'lint_cmake' to check CMake code style
[2.065s] -- Added test 'xmllint' to check XML markup files
[2.067s] -- Configuring incomplete, errors occurred!
[2.067s] See also "/home/asureshkumar/catkin_ws/build/ikinterface/CMakeFiles/CMakeOutput.log".
[2.073s] gmake: *** [Makefile:747: cmake_check_build_system] Error 1
[2.075s] Invoked command in '/home/asureshkumar/catkin_ws/build/ikinterface' returned '2': CMAKE_PREFIX_PATH=${CMAKE_PREFIX_PATH}:/home/asureshkumar/catkin_ws/install/py_srvcli:/home/asureshkumar/catkin_ws/install/FK:/opt/ros/humble /usr/bin/cmake --build /home/asureshkumar/catkin_ws/build/ikinterface -- -j8 -l8
