[0.456s] Invoking command in '/home/asureshkumar/catkin_ws/build/ikinterface': CMAKE_PREFIX_PATH=${CMAKE_PREFIX_PATH}:/opt/ros/humble:/home/asureshkumar/catkin_ws/install/py_srvcli:/home/asureshkumar/catkin_ws/install/FK /usr/bin/cmake --build /home/asureshkumar/catkin_ws/build/ikinterface -- -j8 -l8
[0.535s] [  5%] Built target ikinterface__cpp
[0.536s] [ 12%] Built target ikinterface__rosidl_generator_c
[0.560s] [ 12%] Built target ament_cmake_python_copy_ikinterface
[0.581s] [ 23%] Built target ikinterface__rosidl_typesupport_c
[0.581s] [ 33%] Built target ikinterface__rosidl_typesupport_introspection_c
[0.597s] [ 43%] Built target ikinterface__rosidl_typesupport_fastrtps_cpp
[0.599s] [ 53%] Built target ikinterface__rosidl_typesupport_cpp
[0.603s] [ 66%] Built target ikinterface__rosidl_typesupport_introspection_cpp
[0.603s] [ 74%] Built target ikinterface__rosidl_typesupport_fastrtps_c
[0.636s] [ 74%] Built target ikinterface
[0.669s] [ 76%] Built target ikinterface__py
[0.706s] [ 84%] Built target ikinterface__rosidl_generator_py
[0.744s] [ 89%] Built target ikinterface__rosidl_typesupport_fastrtps_c__pyext
[0.746s] [ 94%] Built target ikinterface__rosidl_typesupport_introspection_c__pyext
[0.753s] [100%] Built target ikinterface__rosidl_typesupport_c__pyext
[1.026s] running egg_info
[1.026s] writing ikinterface.egg-info/PKG-INFO
[1.028s] writing dependency_links to ikinterface.egg-info/dependency_links.txt
[1.028s] writing top-level names to ikinterface.egg-info/top_level.txt
[1.031s] reading manifest file 'ikinterface.egg-info/SOURCES.txt'
[1.032s] writing manifest file 'ikinterface.egg-info/SOURCES.txt'
[1.086s] [100%] Built target ament_cmake_python_build_ikinterface_egg
[1.111s] Invoked command in '/home/asureshkumar/catkin_ws/build/ikinterface' returned '0': CMAKE_PREFIX_PATH=${CMAKE_PREFIX_PATH}:/opt/ros/humble:/home/asureshkumar/catkin_ws/install/py_srvcli:/home/asureshkumar/catkin_ws/install/FK /usr/bin/cmake --build /home/asureshkumar/catkin_ws/build/ikinterface -- -j8 -l8
[1.262s] Invoking command in '/home/asureshkumar/catkin_ws/build/ikinterface': CMAKE_PREFIX_PATH=${CMAKE_PREFIX_PATH}:/opt/ros/humble:/home/asureshkumar/catkin_ws/install/py_srvcli:/home/asureshkumar/catkin_ws/install/FK /usr/bin/cmake --install /home/asureshkumar/catkin_ws/build/ikinterface
[1.277s] -- Install configuration: ""
[1.278s] -- Up-to-date: /home/asureshkumar/catkin_ws/install/ikinterface/share/ament_index/resource_index/rosidl_interfaces/ikinterface
[1.278s] -- Up-to-date: /home/asureshkumar/catkin_ws/install/ikinterface/include/ikinterface/ikinterface
[1.278s] -- Up-to-date: /home/asureshkumar/catkin_ws/install/ikinterface/include/ikinterface/ikinterface/srv
[1.279s] -- Up-to-date: /home/asureshkumar/catkin_ws/install/ikinterface/include/ikinterface/ikinterface/srv/fvel.h
[1.280s] -- Up-to-date: /home/asureshkumar/catkin_ws/install/ikinterface/include/ikinterface/ikinterface/srv/detail
[1.280s] -- Up-to-date: /home/asureshkumar/catkin_ws/install/ikinterface/include/ikinterface/ikinterface/srv/detail/fvel__functions.h
[1.281s] -- Up-to-date: /home/asureshkumar/catkin_ws/install/ikinterface/include/ikinterface/ikinterface/srv/detail/ref__struct.h
[1.281s] -- Up-to-date: /home/asureshkumar/catkin_ws/install/ikinterface/include/ikinterface/ikinterface/srv/detail/ref__functions.h
[1.281s] -- Up-to-date: /home/asureshkumar/catkin_ws/install/ikinterface/include/ikinterface/ikinterface/srv/detail/fvel__functions.c
[1.282s] -- Up-to-date: /home/asureshkumar/catkin_ws/install/ikinterface/include/ikinterface/ikinterface/srv/detail/ivel__functions.h
[1.282s] -- Up-to-date: /home/asureshkumar/catkin_ws/install/ikinterface/include/ikinterface/ikinterface/srv/detail/ivel__type_support.h
[1.282s] -- Up-to-date: /home/asureshkumar/catkin_ws/install/ikinterface/include/ikinterface/ikinterface/srv/detail/ivel__struct.h
[1.282s] -- Up-to-date: /home/asureshkumar/catkin_ws/install/ikinterface/include/ikinterface/ikinterface/srv/detail/ivel__functions.c
[1.282s] -- Up-to-date: /home/asureshkumar/catkin_ws/install/ikinterface/include/ikinterface/ikinterface/srv/detail/ref__type_support.h
[1.283s] -- Up-to-date: /home/asureshkumar/catkin_ws/install/ikinterface/include/ikinterface/ikinterface/srv/detail/ref__functions.c
[1.283s] -- Up-to-date: /home/asureshkumar/catkin_ws/install/ikinterface/include/ikinterface/ikinterface/srv/detail/fvel__struct.h
[1.283s] -- Up-to-date: /home/asureshkumar/catkin_ws/install/ikinterface/include/ikinterface/ikinterface/srv/detail/fvel__type_support.h
[1.284s] -- Up-to-date: /home/asureshkumar/catkin_ws/install/ikinterface/include/ikinterface/ikinterface/srv/ivel.h
[1.285s] -- Up-to-date: /home/asureshkumar/catkin_ws/install/ikinterface/include/ikinterface/ikinterface/srv/ref.h
[1.285s] -- Up-to-date: /home/asureshkumar/catkin_ws/install/ikinterface/include/ikinterface/ikinterface/msg
[1.285s] -- Up-to-date: /home/asureshkumar/catkin_ws/install/ikinterface/include/ikinterface/ikinterface/msg/rosidl_generator_c__visibility_control.h
[1.285s] -- Up-to-date: /home/asureshkumar/catkin_ws/install/ikinterface/share/ikinterface/environment/library_path.sh
[1.285s] -- Up-to-date: /home/asureshkumar/catkin_ws/install/ikinterface/share/ikinterface/environment/library_path.dsv
[1.286s] -- Up-to-date: /home/asureshkumar/catkin_ws/install/ikinterface/lib/libikinterface__rosidl_generator_c.so
[1.288s] -- Up-to-date: /home/asureshkumar/catkin_ws/install/ikinterface/include/ikinterface/ikinterface
[1.289s] -- Up-to-date: /home/asureshkumar/catkin_ws/install/ikinterface/include/ikinterface/ikinterface/srv
[1.290s] -- Up-to-date: /home/asureshkumar/catkin_ws/install/ikinterface/include/ikinterface/ikinterface/srv/detail
[1.291s] -- Up-to-date: /home/asureshkumar/catkin_ws/install/ikinterface/include/ikinterface/ikinterface/srv/detail/ref__rosidl_typesupport_fastrtps_c.h
[1.291s] -- Up-to-date: /home/asureshkumar/catkin_ws/install/ikinterface/include/ikinterface/ikinterface/srv/detail/fvel__rosidl_typesupport_fastrtps_c.h
[1.291s] -- Up-to-date: /home/asureshkumar/catkin_ws/install/ikinterface/include/ikinterface/ikinterface/srv/detail/ivel__rosidl_typesupport_fastrtps_c.h
[1.291s] -- Up-to-date: /home/asureshkumar/catkin_ws/install/ikinterface/include/ikinterface/ikinterface/msg
[1.291s] -- Up-to-date: /home/asureshkumar/catkin_ws/install/ikinterface/include/ikinterface/ikinterface/msg/rosidl_typesupport_fastrtps_c__visibility_control.h
[1.292s] -- Up-to-date: /home/asureshkumar/catkin_ws/install/ikinterface/lib/libikinterface__rosidl_typesupport_fastrtps_c.so
[1.292s] -- Up-to-date: /home/asureshkumar/catkin_ws/install/ikinterface/include/ikinterface/ikinterface
[1.292s] -- Up-to-date: /home/asureshkumar/catkin_ws/install/ikinterface/include/ikinterface/ikinterface/srv
[1.292s] -- Up-to-date: /home/asureshkumar/catkin_ws/install/ikinterface/include/ikinterface/ikinterface/srv/detail
[1.292s] -- Up-to-date: /home/asureshkumar/catkin_ws/install/ikinterface/include/ikinterface/ikinterface/srv/detail/ref__type_support.c
[1.293s] -- Up-to-date: /home/asureshkumar/catkin_ws/install/ikinterface/include/ikinterface/ikinterface/srv/detail/fvel__rosidl_typesupport_introspection_c.h
[1.293s] -- Up-to-date: /home/asureshkumar/catkin_ws/install/ikinterface/include/ikinterface/ikinterface/srv/detail/ref__rosidl_typesupport_introspection_c.h
[1.293s] -- Up-to-date: /home/asureshkumar/catkin_ws/install/ikinterface/include/ikinterface/ikinterface/srv/detail/fvel__type_support.c
[1.293s] -- Up-to-date: /home/asureshkumar/catkin_ws/install/ikinterface/include/ikinterface/ikinterface/srv/detail/ivel__rosidl_typesupport_introspection_c.h
[1.293s] -- Up-to-date: /home/asureshkumar/catkin_ws/install/ikinterface/include/ikinterface/ikinterface/srv/detail/ivel__type_support.c
[1.293s] -- Up-to-date: /home/asureshkumar/catkin_ws/install/ikinterface/include/ikinterface/ikinterface/msg
[1.294s] -- Up-to-date: /home/asureshkumar/catkin_ws/install/ikinterface/include/ikinterface/ikinterface/msg/rosidl_typesupport_introspection_c__visibility_control.h
[1.294s] -- Up-to-date: /home/asureshkumar/catkin_ws/install/ikinterface/lib/libikinterface__rosidl_typesupport_introspection_c.so
[1.294s] -- Up-to-date: /home/asureshkumar/catkin_ws/install/ikinterface/lib/libikinterface__rosidl_typesupport_c.so
[1.294s] -- Up-to-date: /home/asureshkumar/catkin_ws/install/ikinterface/include/ikinterface/ikinterface
[1.294s] -- Up-to-date: /home/asureshkumar/catkin_ws/install/ikinterface/include/ikinterface/ikinterface/srv
[1.295s] -- Up-to-date: /home/asureshkumar/catkin_ws/install/ikinterface/include/ikinterface/ikinterface/srv/ivel.hpp
[1.295s] -- Up-to-date: /home/asureshkumar/catkin_ws/install/ikinterface/include/ikinterface/ikinterface/srv/detail
[1.295s] -- Up-to-date: /home/asureshkumar/catkin_ws/install/ikinterface/include/ikinterface/ikinterface/srv/detail/fvel__traits.hpp
[1.295s] -- Up-to-date: /home/asureshkumar/catkin_ws/install/ikinterface/include/ikinterface/ikinterface/srv/detail/ref__traits.hpp
[1.295s] -- Up-to-date: /home/asureshkumar/catkin_ws/install/ikinterface/include/ikinterface/ikinterface/srv/detail/ref__struct.hpp
[1.295s] -- Up-to-date: /home/asureshkumar/catkin_ws/install/ikinterface/include/ikinterface/ikinterface/srv/detail/ivel__builder.hpp
[1.296s] -- Up-to-date: /home/asureshkumar/catkin_ws/install/ikinterface/include/ikinterface/ikinterface/srv/detail/fvel__struct.hpp
[1.296s] -- Up-to-date: /home/asureshkumar/catkin_ws/install/ikinterface/include/ikinterface/ikinterface/srv/detail/fvel__builder.hpp
[1.296s] -- Up-to-date: /home/asureshkumar/catkin_ws/install/ikinterface/include/ikinterface/ikinterface/srv/detail/ivel__struct.hpp
[1.296s] -- Up-to-date: /home/asureshkumar/catkin_ws/install/ikinterface/include/ikinterface/ikinterface/srv/detail/ivel__traits.hpp
[1.297s] -- Up-to-date: /home/asureshkumar/catkin_ws/install/ikinterface/include/ikinterface/ikinterface/srv/detail/ref__builder.hpp
[1.297s] -- Up-to-date: /home/asureshkumar/catkin_ws/install/ikinterface/include/ikinterface/ikinterface/srv/ref.hpp
[1.297s] -- Up-to-date: /home/asureshkumar/catkin_ws/install/ikinterface/include/ikinterface/ikinterface/srv/fvel.hpp
[1.297s] -- Up-to-date: /home/asureshkumar/catkin_ws/install/ikinterface/include/ikinterface/ikinterface
[1.297s] -- Up-to-date: /home/asureshkumar/catkin_ws/install/ikinterface/include/ikinterface/ikinterface/srv
[1.298s] -- Up-to-date: /home/asureshkumar/catkin_ws/install/ikinterface/include/ikinterface/ikinterface/srv/detail
[1.298s] -- Up-to-date: /home/asureshkumar/catkin_ws/install/ikinterface/include/ikinterface/ikinterface/srv/detail/ref__rosidl_typesupport_fastrtps_cpp.hpp
[1.298s] -- Up-to-date: /home/asureshkumar/catkin_ws/install/ikinterface/include/ikinterface/ikinterface/srv/detail/fvel__rosidl_typesupport_fastrtps_cpp.hpp
[1.298s] -- Up-to-date: /home/asureshkumar/catkin_ws/install/ikinterface/include/ikinterface/ikinterface/srv/detail/dds_fastrtps
[1.298s] -- Up-to-date: /home/asureshkumar/catkin_ws/install/ikinterface/include/ikinterface/ikinterface/srv/detail/ivel__rosidl_typesupport_fastrtps_cpp.hpp
[1.298s] -- Up-to-date: /home/asureshkumar/catkin_ws/install/ikinterface/include/ikinterface/ikinterface/msg
[1.299s] -- Up-to-date: /home/asureshkumar/catkin_ws/install/ikinterface/include/ikinterface/ikinterface/msg/rosidl_typesupport_fastrtps_cpp__visibility_control.h
[1.299s] -- Up-to-date: /home/asureshkumar/catkin_ws/install/ikinterface/lib/libikinterface__rosidl_typesupport_fastrtps_cpp.so
[1.299s] -- Up-to-date: /home/asureshkumar/catkin_ws/install/ikinterface/include/ikinterface/ikinterface
[1.299s] -- Up-to-date: /home/asureshkumar/catkin_ws/install/ikinterface/include/ikinterface/ikinterface/srv
[1.299s] -- Up-to-date: /home/asureshkumar/catkin_ws/install/ikinterface/include/ikinterface/ikinterface/srv/detail
[1.300s] -- Up-to-date: /home/asureshkumar/catkin_ws/install/ikinterface/include/ikinterface/ikinterface/srv/detail/ivel__rosidl_typesupport_introspection_cpp.hpp
[1.300s] -- Up-to-date: /home/asureshkumar/catkin_ws/install/ikinterface/include/ikinterface/ikinterface/srv/detail/ivel__type_support.cpp
[1.300s] -- Up-to-date: /home/asureshkumar/catkin_ws/install/ikinterface/include/ikinterface/ikinterface/srv/detail/fvel__rosidl_typesupport_introspection_cpp.hpp
[1.300s] -- Up-to-date: /home/asureshkumar/catkin_ws/install/ikinterface/include/ikinterface/ikinterface/srv/detail/ref__type_support.cpp
[1.300s] -- Up-to-date: /home/asureshkumar/catkin_ws/install/ikinterface/include/ikinterface/ikinterface/srv/detail/fvel__type_support.cpp
[1.300s] -- Up-to-date: /home/asureshkumar/catkin_ws/install/ikinterface/include/ikinterface/ikinterface/srv/detail/ref__rosidl_typesupport_introspection_cpp.hpp
[1.301s] -- Up-to-date: /home/asureshkumar/catkin_ws/install/ikinterface/lib/libikinterface__rosidl_typesupport_introspection_cpp.so
[1.301s] -- Up-to-date: /home/asureshkumar/catkin_ws/install/ikinterface/lib/libikinterface__rosidl_typesupport_cpp.so
[1.301s] -- Up-to-date: /home/asureshkumar/catkin_ws/install/ikinterface/share/ikinterface/environment/pythonpath.sh
[1.301s] -- Up-to-date: /home/asureshkumar/catkin_ws/install/ikinterface/share/ikinterface/environment/pythonpath.dsv
[1.301s] -- Up-to-date: /home/asureshkumar/catkin_ws/install/ikinterface/local/lib/python3.10/dist-packages/ikinterface-0.0.0-py3.10.egg-info
[1.303s] -- Installing: /home/asureshkumar/catkin_ws/install/ikinterface/local/lib/python3.10/dist-packages/ikinterface-0.0.0-py3.10.egg-info/top_level.txt
[1.303s] -- Installing: /home/asureshkumar/catkin_ws/install/ikinterface/local/lib/python3.10/dist-packages/ikinterface-0.0.0-py3.10.egg-info/SOURCES.txt
[1.304s] -- Installing: /home/asureshkumar/catkin_ws/install/ikinterface/local/lib/python3.10/dist-packages/ikinterface-0.0.0-py3.10.egg-info/PKG-INFO
[1.304s] -- Installing: /home/asureshkumar/catkin_ws/install/ikinterface/local/lib/python3.10/dist-packages/ikinterface-0.0.0-py3.10.egg-info/dependency_links.txt
[1.304s] -- Up-to-date: /home/asureshkumar/catkin_ws/install/ikinterface/local/lib/python3.10/dist-packages/ikinterface
[1.305s] -- Up-to-date: /home/asureshkumar/catkin_ws/install/ikinterface/local/lib/python3.10/dist-packages/ikinterface/__init__.py
[1.305s] -- Up-to-date: /home/asureshkumar/catkin_ws/install/ikinterface/local/lib/python3.10/dist-packages/ikinterface/_ikinterface_s.ep.rosidl_typesupport_c.c
[1.306s] -- Up-to-date: /home/asureshkumar/catkin_ws/install/ikinterface/local/lib/python3.10/dist-packages/ikinterface/_ikinterface_s.ep.rosidl_typesupport_introspection_c.c
[1.306s] -- Up-to-date: /home/asureshkumar/catkin_ws/install/ikinterface/local/lib/python3.10/dist-packages/ikinterface/srv
[1.306s] -- Up-to-date: /home/asureshkumar/catkin_ws/install/ikinterface/local/lib/python3.10/dist-packages/ikinterface/srv/_ivel.py
[1.306s] -- Up-to-date: /home/asureshkumar/catkin_ws/install/ikinterface/local/lib/python3.10/dist-packages/ikinterface/srv/__init__.py
[1.306s] -- Up-to-date: /home/asureshkumar/catkin_ws/install/ikinterface/local/lib/python3.10/dist-packages/ikinterface/srv/_ref_s.c
[1.307s] -- Up-to-date: /home/asureshkumar/catkin_ws/install/ikinterface/local/lib/python3.10/dist-packages/ikinterface/srv/_fvel_s.c
[1.307s] -- Up-to-date: /home/asureshkumar/catkin_ws/install/ikinterface/local/lib/python3.10/dist-packages/ikinterface/srv/_fvel.py
[1.307s] -- Up-to-date: /home/asureshkumar/catkin_ws/install/ikinterface/local/lib/python3.10/dist-packages/ikinterface/srv/_ref.py
[1.307s] -- Up-to-date: /home/asureshkumar/catkin_ws/install/ikinterface/local/lib/python3.10/dist-packages/ikinterface/srv/_ivel_s.c
[1.307s] -- Up-to-date: /home/asureshkumar/catkin_ws/install/ikinterface/local/lib/python3.10/dist-packages/ikinterface/ikinterface_s__rosidl_typesupport_c.cpython-310-x86_64-linux-gnu.so
[1.309s] -- Up-to-date: /home/asureshkumar/catkin_ws/install/ikinterface/local/lib/python3.10/dist-packages/ikinterface/ikinterface_s__rosidl_typesupport_fastrtps_c.cpython-310-x86_64-linux-gnu.so
[1.309s] -- Up-to-date: /home/asureshkumar/catkin_ws/install/ikinterface/local/lib/python3.10/dist-packages/ikinterface/_ikinterface_s.ep.rosidl_typesupport_fastrtps_c.c
[1.309s] -- Up-to-date: /home/asureshkumar/catkin_ws/install/ikinterface/local/lib/python3.10/dist-packages/ikinterface/libikinterface__rosidl_generator_py.so
[1.310s] -- Up-to-date: /home/asureshkumar/catkin_ws/install/ikinterface/local/lib/python3.10/dist-packages/ikinterface/ikinterface_s__rosidl_typesupport_introspection_c.cpython-310-x86_64-linux-gnu.so
[1.351s] Listing '/home/asureshkumar/catkin_ws/install/ikinterface/local/lib/python3.10/dist-packages/ikinterface'...
[1.351s] Listing '/home/asureshkumar/catkin_ws/install/ikinterface/local/lib/python3.10/dist-packages/ikinterface/srv'...
[1.361s] -- Up-to-date: /home/asureshkumar/catkin_ws/install/ikinterface/local/lib/python3.10/dist-packages/ikinterface/ikinterface_s__rosidl_typesupport_fastrtps_c.cpython-310-x86_64-linux-gnu.so
[1.362s] -- Up-to-date: /home/asureshkumar/catkin_ws/install/ikinterface/local/lib/python3.10/dist-packages/ikinterface/ikinterface_s__rosidl_typesupport_introspection_c.cpython-310-x86_64-linux-gnu.so
[1.363s] -- Up-to-date: /home/asureshkumar/catkin_ws/install/ikinterface/local/lib/python3.10/dist-packages/ikinterface/ikinterface_s__rosidl_typesupport_c.cpython-310-x86_64-linux-gnu.so
[1.364s] -- Up-to-date: /home/asureshkumar/catkin_ws/install/ikinterface/lib/libikinterface__rosidl_generator_py.so
[1.364s] -- Up-to-date: /home/asureshkumar/catkin_ws/install/ikinterface/share/ikinterface/srv/Fvel.idl
[1.364s] -- Up-to-date: /home/asureshkumar/catkin_ws/install/ikinterface/share/ikinterface/srv/Ivel.idl
[1.364s] -- Up-to-date: /home/asureshkumar/catkin_ws/install/ikinterface/share/ikinterface/srv/Fvel.srv
[1.365s] -- Up-to-date: /home/asureshkumar/catkin_ws/install/ikinterface/share/ikinterface/srv/Fvel_Request.msg
[1.365s] -- Up-to-date: /home/asureshkumar/catkin_ws/install/ikinterface/share/ikinterface/srv/Fvel_Response.msg
[1.365s] -- Up-to-date: /home/asureshkumar/catkin_ws/install/ikinterface/share/ikinterface/srv/Ivel.srv
[1.366s] -- Up-to-date: /home/asureshkumar/catkin_ws/install/ikinterface/share/ikinterface/srv/Ivel_Request.msg
[1.366s] -- Up-to-date: /home/asureshkumar/catkin_ws/install/ikinterface/share/ikinterface/srv/Ivel_Response.msg
[1.367s] -- Up-to-date: /home/asureshkumar/catkin_ws/install/ikinterface/share/ament_index/resource_index/package_run_dependencies/ikinterface
[1.367s] -- Up-to-date: /home/asureshkumar/catkin_ws/install/ikinterface/share/ament_index/resource_index/parent_prefix_path/ikinterface
[1.368s] -- Up-to-date: /home/asureshkumar/catkin_ws/install/ikinterface/share/ikinterface/environment/ament_prefix_path.sh
[1.369s] -- Up-to-date: /home/asureshkumar/catkin_ws/install/ikinterface/share/ikinterface/environment/ament_prefix_path.dsv
[1.369s] -- Up-to-date: /home/asureshkumar/catkin_ws/install/ikinterface/share/ikinterface/environment/path.sh
[1.370s] -- Up-to-date: /home/asureshkumar/catkin_ws/install/ikinterface/share/ikinterface/environment/path.dsv
[1.370s] -- Up-to-date: /home/asureshkumar/catkin_ws/install/ikinterface/share/ikinterface/local_setup.bash
[1.370s] -- Up-to-date: /home/asureshkumar/catkin_ws/install/ikinterface/share/ikinterface/local_setup.sh
[1.371s] -- Up-to-date: /home/asureshkumar/catkin_ws/install/ikinterface/share/ikinterface/local_setup.zsh
[1.371s] -- Up-to-date: /home/asureshkumar/catkin_ws/install/ikinterface/share/ikinterface/local_setup.dsv
[1.371s] -- Installing: /home/asureshkumar/catkin_ws/install/ikinterface/share/ikinterface/package.dsv
[1.371s] -- Up-to-date: /home/asureshkumar/catkin_ws/install/ikinterface/share/ament_index/resource_index/packages/ikinterface
[1.371s] -- Up-to-date: /home/asureshkumar/catkin_ws/install/ikinterface/share/ikinterface/cmake/export_ikinterface__rosidl_generator_cExport.cmake
[1.372s] -- Up-to-date: /home/asureshkumar/catkin_ws/install/ikinterface/share/ikinterface/cmake/export_ikinterface__rosidl_generator_cExport-noconfig.cmake
[1.372s] -- Up-to-date: /home/asureshkumar/catkin_ws/install/ikinterface/share/ikinterface/cmake/export_ikinterface__rosidl_typesupport_fastrtps_cExport.cmake
[1.372s] -- Up-to-date: /home/asureshkumar/catkin_ws/install/ikinterface/share/ikinterface/cmake/export_ikinterface__rosidl_typesupport_fastrtps_cExport-noconfig.cmake
[1.372s] -- Up-to-date: /home/asureshkumar/catkin_ws/install/ikinterface/share/ikinterface/cmake/ikinterface__rosidl_typesupport_introspection_cExport.cmake
[1.373s] -- Up-to-date: /home/asureshkumar/catkin_ws/install/ikinterface/share/ikinterface/cmake/ikinterface__rosidl_typesupport_introspection_cExport-noconfig.cmake
[1.373s] -- Up-to-date: /home/asureshkumar/catkin_ws/install/ikinterface/share/ikinterface/cmake/ikinterface__rosidl_typesupport_cExport.cmake
[1.373s] -- Up-to-date: /home/asureshkumar/catkin_ws/install/ikinterface/share/ikinterface/cmake/ikinterface__rosidl_typesupport_cExport-noconfig.cmake
[1.373s] -- Up-to-date: /home/asureshkumar/catkin_ws/install/ikinterface/share/ikinterface/cmake/export_ikinterface__rosidl_generator_cppExport.cmake
[1.374s] -- Up-to-date: /home/asureshkumar/catkin_ws/install/ikinterface/share/ikinterface/cmake/export_ikinterface__rosidl_typesupport_fastrtps_cppExport.cmake
[1.374s] -- Up-to-date: /home/asureshkumar/catkin_ws/install/ikinterface/share/ikinterface/cmake/export_ikinterface__rosidl_typesupport_fastrtps_cppExport-noconfig.cmake
[1.374s] -- Up-to-date: /home/asureshkumar/catkin_ws/install/ikinterface/share/ikinterface/cmake/ikinterface__rosidl_typesupport_introspection_cppExport.cmake
[1.374s] -- Up-to-date: /home/asureshkumar/catkin_ws/install/ikinterface/share/ikinterface/cmake/ikinterface__rosidl_typesupport_introspection_cppExport-noconfig.cmake
[1.374s] -- Up-to-date: /home/asureshkumar/catkin_ws/install/ikinterface/share/ikinterface/cmake/ikinterface__rosidl_typesupport_cppExport.cmake
[1.374s] -- Up-to-date: /home/asureshkumar/catkin_ws/install/ikinterface/share/ikinterface/cmake/ikinterface__rosidl_typesupport_cppExport-noconfig.cmake
[1.375s] -- Up-to-date: /home/asureshkumar/catkin_ws/install/ikinterface/share/ikinterface/cmake/export_ikinterface__rosidl_generator_pyExport.cmake
[1.375s] -- Up-to-date: /home/asureshkumar/catkin_ws/install/ikinterface/share/ikinterface/cmake/export_ikinterface__rosidl_generator_pyExport-noconfig.cmake
[1.375s] -- Up-to-date: /home/asureshkumar/catkin_ws/install/ikinterface/share/ikinterface/cmake/rosidl_cmake-extras.cmake
[1.381s] -- Up-to-date: /home/asureshkumar/catkin_ws/install/ikinterface/share/ikinterface/cmake/ament_cmake_export_include_directories-extras.cmake
[1.381s] -- Up-to-date: /home/asureshkumar/catkin_ws/install/ikinterface/share/ikinterface/cmake/ament_cmake_export_libraries-extras.cmake
[1.382s] -- Up-to-date: /home/asureshkumar/catkin_ws/install/ikinterface/share/ikinterface/cmake/ament_cmake_export_targets-extras.cmake
[1.382s] -- Up-to-date: /home/asureshkumar/catkin_ws/install/ikinterface/share/ikinterface/cmake/rosidl_cmake_export_typesupport_targets-extras.cmake
[1.383s] -- Up-to-date: /home/asureshkumar/catkin_ws/install/ikinterface/share/ikinterface/cmake/ament_cmake_export_dependencies-extras.cmake
[1.383s] -- Up-to-date: /home/asureshkumar/catkin_ws/install/ikinterface/share/ikinterface/cmake/rosidl_cmake_export_typesupport_libraries-extras.cmake
[1.383s] -- Up-to-date: /home/asureshkumar/catkin_ws/install/ikinterface/share/ikinterface/cmake/ikinterfaceConfig.cmake
[1.383s] -- Up-to-date: /home/asureshkumar/catkin_ws/install/ikinterface/share/ikinterface/cmake/ikinterfaceConfig-version.cmake
[1.384s] -- Up-to-date: /home/asureshkumar/catkin_ws/install/ikinterface/share/ikinterface/package.xml
[1.384s] Invoked command in '/home/asureshkumar/catkin_ws/build/ikinterface' returned '0': CMAKE_PREFIX_PATH=${CMAKE_PREFIX_PATH}:/opt/ros/humble:/home/asureshkumar/catkin_ws/install/py_srvcli:/home/asureshkumar/catkin_ws/install/FK /usr/bin/cmake --install /home/asureshkumar/catkin_ws/build/ikinterface
